|j|☆Lewlo
|j|☆TheParasectKing
|t:|1750875642
|gametype|doubles
|player|p1|Lewlo|gardenia|
|player|p2|TheParasectKing|acetrainer-gen4dp|
|teamsize|p1|6
|teamsize|p2|6
|gen|9
|tier|[Gen 9] VGC 2025 Reg I
|rated|Tournament battle
|rule|Species Clause: Limit one of each Pokémon
|rule|Item Clause: Limit 1 of each item
|raw|<div class="infobox"><details class="readmore" open><summary><strong>2 custom rules:</strong></summary> Force Open Team Sheets, !Open Team Sheets</details></div>
|clearpoke
|poke|p1|Kyogre, L50|
|poke|p1|Zamazenta-*, L50|
|poke|p1|Chien-Pao, L50|
|poke|p1|Landorus, L50, M|
|poke|p1|Roaring Moon, L50|
|poke|p1|Amoonguss, L50, M|
|poke|p2|Lunala, L50|
|poke|p2|Zamazenta-*, L50|
|poke|p2|Flutter Mane, L50|
|poke|p2|Urshifu-*, L50, M|
|poke|p2|Incineroar, L50, M|
|poke|p2|Rillaboom, L50, M|
|teampreview|4
|showteam|p1|Kyogre||AssaultVest|Drizzle|IceBeam,HydroPump,OriginPulse,WaterSpout||||||50|,,,,,Grass]Zamazenta-Crowned||RustedShield|DauntlessShield|behemothbash,BodyPress,WideGuard,Protect||||||50|,,,,,Dragon]Chien-Pao||FocusSash|SwordofRuin|IceSpinner,SuckerPunch,Crunch,Protect||||||50|,,,,,Ghost]Landorus||LifeOrb|SheerForce|EarthPower,SandsearStorm,SludgeBomb,Protect|||M|||50|,,,,,Water]Roaring Moon||BoosterEnergy|Protosynthesis|Acrobatics,KnockOff,Tailwind,Protect||||||50|,,,,,Flying]Amoonguss||RockyHelmet|Regenerator|RagePowder,PollenPuff,Spore,ClearSmog|||M|||50|,,,,,Water
|showteam|p2|Lunala||PowerHerb|ShadowShield|MoongeistBeam,MeteorBeam,Moonblast,WideGuard||||||50|,,,,,Water]Zamazenta-Crowned||RustedShield|DauntlessShield|BodyPress,HeavySlam,WideGuard,Protect||||||50|,,,,,Dragon]Flutter Mane||BoosterEnergy|Protosynthesis|Moonblast,ShadowBall,IcyWind,Protect||||||50|,,,,,Normal]Urshifu-Rapid-Strike||FocusSash|UnseenFist|SurgingStrikes,CloseCombat,Taunt,Protect|||M|||50|,,,,,Stellar]Incineroar||AssaultVest|Intimidate|FakeOut,FlareBlitz,KnockOff,Uturn|||M|||50|,,,,,Bug]Rillaboom||MiracleSeed|GrassySurge|FakeOut,GrassyGlide,WoodHammer,Uturn|||M|||50|,,,,,Grass
|inactive|Battle timer is ON: inactive players will automatically lose when time's up. (requested by TheParasectKing)
|inactive|Lewlo also wants the timer to be on.
|c|☆Lewlo|glhf
|c|☆TheParasectKing|glhf!
|inactive|Lewlo has 60 seconds left.
|inactive|TheParasectKing has 60 seconds left.
|
|t:|1750875695
|start
|switch|p1a: Roaring Moon|Roaring Moon, L50|100/100
|switch|p1b: Landorus|Landorus, L50, M|100/100
|switch|p2a: Zamazenta|Zamazenta-Crowned, L50|100/100
|switch|p2b: Urshifu|Urshifu-Rapid-Strike, L50, M|100/100
|-ability|p2a: Zamazenta|Dauntless Shield|boost
|-boost|p2a: Zamazenta|def|1
|-enditem|p1a: Roaring Moon|Booster Energy
|-activate|p1a: Roaring Moon|ability: Protosynthesis|[fromitem]
|-start|p1a: Roaring Moon|protosynthesisspe
|turn|1
|inactive|Lewlo has 30 seconds left.
|
|t:|1750875721
|move|p1a: Roaring Moon|Acrobatics|p2b: Urshifu
|-supereffective|p2b: Urshifu
|-damage|p2b: Urshifu|25/100
|move|p2a: Zamazenta|Body Press|p1b: Landorus
|-resisted|p1b: Landorus
|-damage|p1b: Landorus|58/100
|move|p1b: Landorus|Sandsear Storm|p2a: Zamazenta|[spread] p2a,p2b
|-supereffective|p2a: Zamazenta
|-damage|p2a: Zamazenta|16/100
|-damage|p2b: Urshifu|0 fnt
|faint|p2b: Urshifu
|
|upkeep
|
|t:|1750875730
|switch|p2b: Lunala|Lunala, L50|100/100
|turn|2
|inactive|TheParasectKing has 30 seconds left.
|
|t:|1750875757
|-terastallize|p2b: Lunala|Water
|move|p2a: Zamazenta|Wide Guard|p2a: Zamazenta
|-singleturn|p2a: Zamazenta|Wide Guard
|move|p1a: Roaring Moon|Knock Off|p2b: Lunala
|-damage|p2b: Lunala|78/100
|-enditem|p2b: Lunala|Power Herb|[from] move: Knock Off|[of] p1a: Roaring Moon
|move|p1b: Landorus|Earth Power|p2a: Zamazenta
|-supereffective|p2a: Zamazenta
|-damage|p2a: Zamazenta|0 fnt
|faint|p2a: Zamazenta
|move|p2b: Lunala|Meteor Beam||[still]
|-prepare|p2b: Lunala|Meteor Beam
|-boost|p2b: Lunala|spa|1
|
|upkeep
|
|t:|1750875762
|switch|p2a: Rillaboom|Rillaboom, L50, M|100/100
|-fieldstart|move: Grassy Terrain|[from] ability: Grassy Surge|[of] p2a: Rillaboom
|turn|3
|j| Hy3llo
|
|t:|1750875771
|move|p1a: Roaring Moon|Protect|p1a: Roaring Moon
|-singleturn|p1a: Roaring Moon|Protect
|move|p1b: Landorus|Protect|p1b: Landorus
|-singleturn|p1b: Landorus|Protect
|move|p2a: Rillaboom|Fake Out|p1b: Landorus
|-activate|p1b: Landorus|move: Protect
|move|p2b: Lunala|Meteor Beam|p1a: Roaring Moon|[from] lockedmove
|-activate|p1a: Roaring Moon|move: Protect
|
|-heal|p2b: Lunala|84/100|[from] Grassy Terrain
|upkeep
|turn|4
|j| SnorlaxPikachu1
|
|t:|1750875795
|move|p1a: Roaring Moon|Acrobatics|p2a: Rillaboom
|-supereffective|p2a: Rillaboom
|-crit|p2a: Rillaboom
|-damage|p2a: Rillaboom|0 fnt
|faint|p2a: Rillaboom
|move|p1b: Landorus|Earth Power|p2b: Lunala
|-damage|p2b: Lunala|30/100
|move|p2b: Lunala|Moongeist Beam|p1a: Roaring Moon
|-resisted|p1a: Roaring Moon
|-damage|p1a: Roaring Moon|61/100
|
|-heal|p1a: Roaring Moon|67/100|[from] Grassy Terrain
|-heal|p2b: Lunala|36/100|[from] Grassy Terrain
|upkeep
|turn|5
|-message|TheParasectKing forfeited.
|
|win|Lewlo
|n|☆Lewlo|lewlo
|n|☆TheParasectKing|theparasectking
|n| Hy3llo|hy3llo
|n| SnorlaxPikachu1|snorlaxpikachu1
|l|☆TheParasectKing
|player|p2|
