|j|☆trick room4
|j|☆roy'tjeb
|t:|1750753383
|gametype|doubles
|player|p1|trick room4|fisherman-gen4|1322
|player|p2|roy'tjeb|1|1307
|teamsize|p1|6
|teamsize|p2|6
|gen|9
|tier|[Gen 9] VGC 2025 Reg I
|rated|
|rule|Species Clause: Limit one of each Pokémon
|rule|Item Clause: Limit 1 of each item
|clearpoke
|poke|p1|Calyrex-Ice, L50|
|poke|p1|Miraidon, L50|
|poke|p1|Volcarona, L50, F|
|poke|p1|Grimmsnarl, L50, M|
|poke|p1|Iron Hands, L50|
|poke|p1|Urshifu-*, L50, F|
|poke|p2|Calyrex-Shadow, L50|
|poke|p2|Bruxish, L50, M|
|poke|p2|Indeedee-F, L50, F|
|poke|p2|Tornadus, L50, M|
|poke|p2|Zamazenta-*, L50|
|poke|p2|Ursaluna-Bloodmoon, L50, M|
|teampreview|4
|inactive|Battle timer is ON: inactive players will automatically lose when time's up. (requested by trick room4)
|
|t:|1750753410
|start
|switch|p1a: Calyrex|Calyrex-Ice, L50|100/100
|switch|p1b: Iron Hands|Iron Hands, L50|100/100
|switch|p2a: Calyrex|Calyrex-Shadow, L50|100/100
|switch|p2b: Bruxish|Bruxish, L50, M|100/100
|-ability|p2a: Calyrex|As One
|-ability|p2a: Calyrex|Unnerve
|-ability|p1a: Calyrex|As One
|-ability|p1a: Calyrex|Unnerve
|turn|1
|
|t:|1750753428
|-terastallize|p2a: Calyrex|Fire
|-terastallize|p1b: Iron Hands|Dark
|move|p1a: Calyrex|Protect|p1a: Calyrex
|-singleturn|p1a: Calyrex|Protect
|move|p2b: Bruxish|Flip Turn|p2a: Calyrex
|-supereffective|p2a: Calyrex
|-damage|p2a: Calyrex|49/100
|-enditem|p2a: Calyrex|Weakness Policy
|-boost|p2a: Calyrex|atk|2|[from] item: Weakness Policy
|-boost|p2a: Calyrex|spa|2|[from] item: Weakness Policy
|
|t:|1750753437
|switch|p2b: Indeedee|Indeedee-F, L50, F|100/100|[from] Flip Turn
|-fieldstart|move: Psychic Terrain|[from] ability: Psychic Surge|[of] p2b: Indeedee
|move|p2a: Calyrex|Expanding Force|p1b: Iron Hands|[spread] 
|-activate|p1a: Calyrex|move: Protect
|-immune|p1b: Iron Hands
|move|p1b: Iron Hands|Tera Blast|p2a: Calyrex|[anim] Tera Blast Dark
|-damage|p2a: Calyrex|0 fnt
|faint|p2a: Calyrex
|
|upkeep
|-message|roy'tjeb forfeited.
|
|win|trick room4
|raw|trick room4's rating: 1322 &rarr; <strong>1341</strong><br />(+19 for winning)
|raw|roy&apos;tjeb's rating: 1307 &rarr; <strong>1288</strong><br />(-19 for losing)
|l|☆roy'tjeb
|player|p2|
