|j|☆sule23
|j|☆GroovyDuwve
|t:|1750750138
|gametype|doubles
|player|p1|sule23|hiker|1302
|player|p2|GroovyDuwve|170|1243
|teamsize|p1|6
|teamsize|p2|6
|gen|9
|tier|[Gen 9] VGC 2025 Reg I
|rated|
|rule|Species Clause: Limit one of each Pokémon
|rule|Item Clause: Limit 1 of each item
|clearpoke
|poke|p1|Calyrex-Shadow, L50|
|poke|p1|Incineroar, L50, M|
|poke|p1|Raging Bolt, L50|
|poke|p1|Zamazenta-*, L50|
|poke|p1|Rillaboom, L50, M|
|poke|p1|Chien-Pao, L50|
|poke|p2|Bellossom, L50, F|
|poke|p2|Koraidon, L50|
|poke|p2|Calyrex-Shadow, L50|
|poke|p2|Moltres-Galar, L50|
|poke|p2|Clefairy, L50, F|
|poke|p2|Chien-Pao, L50|
|teampreview|4
|inactive|Battle timer is ON: inactive players will automatically lose when time's up. (requested by sule23)
|inactive|sule23 has 60 seconds left.
|inactive|sule23 has 30 seconds left.
|
|t:|1750750209
|start
|switch|p1a: Black Beard|Calyrex-Shadow, L50|100/100
|switch|p1b: Aokiji|Chien-Pao, L50|100/100
|switch|p2a: Bellossom|Bellossom, L50, F|100/100
|switch|p2b: Chien-Pao|Chien-Pao, L50|100/100
|-ability|p1a: Black Beard|As One
|-ability|p1a: Black Beard|Unnerve
|-ability|p1b: Aokiji|Sword of Ruin
|-ability|p2b: Chien-Pao|Sword of Ruin
|turn|1
|inactive|GroovyDuwve has 30 seconds left.
|
|t:|1750750235
|-terastallize|p2a: Bellossom|Water
|move|p1a: Black Beard|Protect|p1a: Black Beard
|-singleturn|p1a: Black Beard|Protect
|move|p1b: Aokiji|Ice Spinner|p2a: Bellossom
|-resisted|p2a: Bellossom
|-crit|p2a: Bellossom
|-damage|p2a: Bellossom|60/100
|move|p2b: Chien-Pao|Sacred Sword|p1b: Aokiji
|-supereffective|p1b: Aokiji
|-enditem|p1b: Aokiji|Focus Sash
|-damage|p1b: Aokiji|1/100
|move|p2a: Bellossom|Dazzling Gleam|p1a: Black Beard|[spread] p1b
|-activate|p1a: Black Beard|move: Protect
|-supereffective|p1b: Aokiji
|-damage|p1b: Aokiji|0 fnt
|faint|p1b: Aokiji
|
|upkeep
|inactive|sule23 has 30 seconds left.
|
|t:|1750750262
|switch|p1b: Kizaru|Raging Bolt, L50|100/100
|turn|2
|
|t:|1750750271
|-terastallize|p1a: Black Beard|Dark
|move|p2b: Chien-Pao|Sucker Punch|p1a: Black Beard
|-resisted|p1a: Black Beard
|-damage|p1a: Black Beard|80/100
|move|p1b: Kizaru|Thunderclap||[still]
|-fail|p1b: Kizaru
|move|p1a: Black Beard|Astral Barrage|p2b: Chien-Pao|[spread] p2a,p2b
|-resisted|p2b: Chien-Pao
|-crit|p2b: Chien-Pao
|-damage|p2a: Bellossom|0 fnt
|-damage|p2b: Chien-Pao|6/100
|faint|p2a: Bellossom
|-ability|p1a: Black Beard|Grim Neigh|boost
|-boost|p1a: Black Beard|spa|1
|-damage|p1a: Black Beard|70/100|[from] item: Life Orb
|
|upkeep
|
|t:|1750750283
|switch|p2a: Koraidon|Koraidon, L50|100/100
|-weather|SunnyDay|[from] ability: Orichalcum Pulse|[of] p2a: Koraidon
|-activate|p1b: Kizaru|ability: Protosynthesis
|-start|p1b: Kizaru|protosynthesisspa
|-activate|p2a: Koraidon|Orichalcum Pulse|[source]
|turn|3
|
|t:|1750750303
|move|p2b: Chien-Pao|Sucker Punch|p1b: Kizaru
|-damage|p1b: Kizaru|61/100
|move|p1b: Kizaru|Thunderclap|p2a: Koraidon
|-resisted|p2a: Koraidon
|-damage|p2a: Koraidon|68/100
|move|p1a: Black Beard|Astral Barrage|p2b: Chien-Pao|[spread] p2a,p2b
|-resisted|p2b: Chien-Pao
|-damage|p2a: Koraidon|0 fnt
|-damage|p2b: Chien-Pao|0 fnt
|faint|p2a: Koraidon
|faint|p2b: Chien-Pao
|-ability|p1a: Black Beard|Grim Neigh|boost
|-boost|p1a: Black Beard|spa|2
|-damage|p1a: Black Beard|61/100|[from] item: Life Orb
|
|-weather|SunnyDay|[upkeep]
|upkeep
|-message|GroovyDuwve forfeited.
|
|win|sule23
|raw|sule23's rating: 1302 &rarr; <strong>1319</strong><br />(+17 for winning)
|raw|GroovyDuwve's rating: 1243 &rarr; <strong>1222</strong><br />(-21 for losing)
|l|☆GroovyDuwve
|player|p2|
|l|☆sule23
|player|p1|
