|j|☆mewoneeee
|j|☆zexal325
|t:|1750860068
|gametype|doubles
|player|p1|mewoneeee|smasher|1423
|player|p2|zexal325|266|1345
|teamsize|p1|6
|teamsize|p2|6
|gen|9
|tier|[Gen 9] VGC 2025 Reg I
|rated|
|rule|Species Clause: Limit one of each Pokémon
|rule|Item Clause: Limit 1 of each item
|clearpoke
|poke|p1|Kyogre, L50|
|poke|p1|Miraidon, L50|
|poke|p1|Iron Treads, L50|
|poke|p1|Tornadus, L50, M|
|poke|p1|Brute Bonnet, L50|
|poke|p1|Iron Hands, L50|
|poke|p2|Calyrex-Ice, L50|
|poke|p2|Incineroar, L50, M|
|poke|p2|Rillaboom, L50, M|
|poke|p2|Amoonguss, L50, M|
|poke|p2|Kyogre, L50|
|poke|p2|Raichu, L50, F|
|teampreview|4
|
|t:|1750860092
|start
|switch|p1a: Miraidon|Miraidon, L50|100/100
|switch|p1b: Iron Treads|Iron Treads, L50|100/100
|switch|p2a: Kyogre|Kyogre, L50|100/100
|switch|p2b: Rillaboom|Rillaboom, L50, M|100/100
|-weather|RainDance|[from] ability: Drizzle|[of] p2a: Kyogre
|-fieldstart|move: Electric Terrain|[from] ability: Hadron Engine|[of] p1a: Miraidon
|-activate|p1b: Iron Treads|ability: Quark Drive
|-start|p1b: Iron Treads|quarkdrivespe
|-fieldstart|move: Grassy Terrain|[from] ability: Grassy Surge|[of] p2b: Rillaboom
|-end|p1b: Iron Treads|Quark Drive
|turn|1
|
|t:|1750860122
|switch|p2b: Raichu|Raichu, L50, F|100/100
|-terastallize|p1a: Miraidon|Ghost
|move|p2a: Kyogre|Water Spout|p1b: Iron Treads|[spread] p1a,p1b
|-supereffective|p1b: Iron Treads
|-damage|p1a: Miraidon|8/100
|-damage|p1b: Iron Treads|0 fnt
|faint|p1b: Iron Treads
|-end|p1b: Iron Treads|Quark Drive|[silent]
|move|p1a: Miraidon|Volt Switch|p2b: Raichu
|-activate|p2b: Raichu|ability: Lightning Rod
|-ability|p2b: Raichu|Lightning Rod|boost
|-boost|p2b: Raichu|spa|1
|
|-weather|RainDance|[upkeep]
|-heal|p1a: Miraidon|15/100|[from] Grassy Terrain
|upkeep
|
|t:|1750860138
|switch|p1b: Iron Hands|Iron Hands, L50, shiny|100/100
|turn|2
|
|t:|1750860151
|switch|p1a: Kyogre|Kyogre, L50|100/100
|move|p2b: Raichu|Fake Out|p1b: Iron Hands
|-damage|p1b: Iron Hands|96/100
|move|p2a: Kyogre|Water Spout|p1a: Kyogre|[spread] p1a,p1b
|-resisted|p1a: Kyogre
|-damage|p1a: Kyogre|69/100
|-damage|p1b: Iron Hands|38/100
|cant|p1b: Iron Hands|flinch
|
|-weather|RainDance|[upkeep]
|-heal|p1a: Kyogre|75/100|[from] Grassy Terrain
|-heal|p1b: Iron Hands|44/100|[from] Grassy Terrain
|upkeep
|turn|3
|
|t:|1750860166
|move|p2a: Kyogre|Water Spout|p1a: Kyogre|[spread] p1a,p1b
|-resisted|p1a: Kyogre
|-damage|p1a: Kyogre|43/100
|-damage|p1b: Iron Hands|0 fnt
|faint|p1b: Iron Hands
|-end|p1b: Iron Hands|Quark Drive|[silent]
|move|p2b: Raichu|Volt Switch|p1a: Kyogre
|-supereffective|p1a: Kyogre
|-damage|p1a: Kyogre|0 fnt
|faint|p1a: Kyogre
|-message|mewoneeee forfeited.
|
|win|zexal325
|raw|mewoneeee's rating: 1423 &rarr; <strong>1399</strong><br />(-24 for losing)
|raw|zexal325's rating: 1345 &rarr; <strong>1369</strong><br />(+24 for winning)
|l|☆mewoneeee
|player|p1|
