|j|☆khe7marak
|j|☆Nihilego2105
|t:|1750826616
|gametype|doubles
|player|p1|khe7marak|169|1578
|player|p2|Nihilego2105|102|1574
|teamsize|p1|6
|teamsize|p2|6
|gen|9
|tier|[Gen 9] VGC 2025 Reg I
|rated|
|rule|Species Clause: Limit one of each Pokémon
|rule|Item Clause: Limit 1 of each item
|clearpoke
|poke|p1|Calyrex-Shadow, L50|
|poke|p1|Zamazenta-*, L50|
|poke|p1|Smeargle, L50, F|
|poke|p1|Rillaboom, L50, F|
|poke|p1|Raging Bolt, L50|
|poke|p1|Tornadus, L50, M|
|poke|p2|Miraidon, L50|
|poke|p2|Groudon, L50|
|poke|p2|Volcarona, L50, M|
|poke|p2|Incineroar, L50, M|
|poke|p2|Amoonguss, L50, F|
|poke|p2|Grimmsnarl, L50, M|
|teampreview|4
|inactive|Battle timer is ON: inactive players will automatically lose when time's up. (requested by khe7marak)
|
|t:|1750826680
|start
|switch|p1a: Calyrex|Calyrex-Shadow, L50|100/100
|switch|p1b: Tornadus|Tornadus, L50, M|100/100
|switch|p2a: Grimmsnarl|Grimmsnarl, L50, M|100/100
|switch|p2b: Miraidon|Miraidon, L50|100/100
|-ability|p1a: Calyrex|As One
|-ability|p1a: Calyrex|Unnerve
|-fieldstart|move: Electric Terrain|[from] ability: Hadron Engine|[of] p2b: Miraidon
|turn|1
|inactive|khe7marak has 30 seconds left.
|inactive|Nihilego2105 has 30 seconds left.
|inactive|Nihilego2105 has 20 seconds left.
|inactive|Nihilego2105 has 15 seconds left.
|
|t:|1750826724
|switch|p1b: Rillaboom|Rillaboom, L50, F|100/100
|-fieldstart|move: Grassy Terrain|[from] ability: Grassy Surge|[of] p1b: Rillaboom
|move|p2a: Grimmsnarl|Light Screen|p2a: Grimmsnarl
|-sidestart|p2: Nihilego2105|move: Light Screen
|move|p2b: Miraidon|Discharge|p1b: Rillaboom|[spread] p2a,p1a,p1b
|-resisted|p1b: Rillaboom
|-damage|p2a: Grimmsnarl|77/100
|-damage|p1a: Calyrex|70/100
|-damage|p1b: Rillaboom|90/100
|-status|p2a: Grimmsnarl|par
|move|p1a: Calyrex|Nasty Plot|p1a: Calyrex
|-boost|p1a: Calyrex|spa|2
|
|-heal|p1a: Calyrex|76/100|[from] Grassy Terrain
|-heal|p1b: Rillaboom|96/100|[from] Grassy Terrain
|-heal|p2a: Grimmsnarl|83/100 par|[from] Grassy Terrain
|upkeep
|turn|2
|inactive|Nihilego2105 has 30 seconds left.
|
|t:|1750826752
|switch|p2b: Groudon|Groudon, L50|100/100
|-weather|SunnyDay|[from] ability: Drought|[of] p2b: Groudon
|move|p1b: Rillaboom|Fake Out|p2a: Grimmsnarl
|-damage|p2a: Grimmsnarl|70/100 par
|cant|p2a: Grimmsnarl|flinch
|move|p1a: Calyrex|Astral Barrage|p2a: Grimmsnarl|[spread] p2a,p2b
|-resisted|p2a: Grimmsnarl
|-damage|p2a: Grimmsnarl|26/100 par
|-damage|p2b: Groudon|24/100
|-damage|p1a: Calyrex|66/100|[from] item: Life Orb
|
|-weather|SunnyDay|[upkeep]
|-heal|p1a: Calyrex|73/100|[from] Grassy Terrain
|-heal|p2b: Groudon|29/100|[from] Grassy Terrain
|-heal|p1b: Rillaboom|100/100|[from] Grassy Terrain
|-heal|p2a: Grimmsnarl|32/100 par|[from] Grassy Terrain
|upkeep
|turn|3
|inactive|Nihilego2105 has 30 seconds left.
|inactive|Nihilego2105 has 20 seconds left.
|inactive|khe7marak has 30 seconds left.
|inactive|Nihilego2105 has 15 seconds left.
|inactive|Nihilego2105 has 10 seconds left.
|inactive|Nihilego2105 has 5 seconds left.
|
|t:|1750826806
|switch|p1b: Tornadus|Tornadus, L50, M|100/100
|-terastallize|p1a: Calyrex|Dark
|move|p2a: Grimmsnarl|Thunder Wave|p1a: Calyrex
|-hint|Since gen 7, Dark is immune to Prankster moves.
|-immune|p1a: Calyrex
|move|p1a: Calyrex|Astral Barrage|p2b: Groudon|[spread] p2a,p2b
|-resisted|p2a: Grimmsnarl
|-damage|p2a: Grimmsnarl|0 fnt
|-damage|p2b: Groudon|0 fnt
|faint|p2a: Grimmsnarl
|faint|p2b: Groudon
|-ability|p1a: Calyrex|Grim Neigh|boost
|-boost|p1a: Calyrex|spa|2
|-damage|p1a: Calyrex|63/100|[from] item: Life Orb
|
|-weather|SunnyDay|[upkeep]
|-heal|p1a: Calyrex|69/100|[from] Grassy Terrain
|upkeep
|
|t:|1750826814
|switch|p2b: Volcarona|Volcarona, L50, M|100/100
|switch|p2a: Miraidon|Miraidon, L50|100/100
|-fieldstart|move: Electric Terrain|[from] ability: Hadron Engine|[of] p2a: Miraidon
|-enditem|p2b: Volcarona|Electric Seed
|-boost|p2b: Volcarona|def|1|[from] item: Electric Seed
|turn|4
|-message|Nihilego2105 forfeited.
|
|win|khe7marak
|raw|khe7marak's rating: 1578 &rarr; <strong>1598</strong><br />(+20 for winning)
|raw|Nihilego2105's rating: 1574 &rarr; <strong>1554</strong><br />(-20 for losing)
|l|☆Nihilego2105
|player|p2|
|l|☆khe7marak
|player|p1|
