|j|‽Archexkk_Agameru
|j|☆natsuki aoya
|t:|1750729173
|gametype|doubles
|player|p1|Archexkk_Agameru|guitarist|1193
|player|p2|natsuki aoya|2|1214
|teamsize|p1|6
|teamsize|p2|6
|gen|9
|tier|[Gen 9] VGC 2025 Reg I
|rated|
|rule|Species Clause: Limit one of each Pokémon
|rule|Item Clause: Limit 1 of each item
|clearpoke
|poke|p1|Miraidon, L50|
|poke|p1|Calyrex-Shadow, L50|
|poke|p1|Alcremie, L50, F|
|poke|p1|Incineroar, L50, M|
|poke|p1|Whimsicott, L50, M|
|poke|p1|Rillaboom, L50, M|
|poke|p2|Calyrex-Ice, L50|
|poke|p2|Kyogre, L50|
|poke|p2|Whimsicott, L50, F|
|poke|p2|Tsareena, L50, F|
|poke|p2|Raging Bolt, L50|
|poke|p2|Swampert, L50, M|
|teampreview|4
|inactive|Battle timer is ON: inactive players will automatically lose when time's up. (requested by Archexkk_Agameru)
|inactive|natsuki aoya has 60 seconds left.
|
|t:|1750729207
|start
|switch|p1a: Miraidon|Miraidon, L50|100/100
|switch|p1b: Whimsicott|Whimsicott, L50, M, shiny|100/100
|switch|p2a: Tsareena|Tsareena, L50, F|100/100
|switch|p2b: Whimsicott|Whimsicott, L50, F|100/100
|-fieldstart|move: Electric Terrain|[from] ability: Hadron Engine|[of] p1a: Miraidon
|turn|1
|
|t:|1750729222
|move|p1b: Whimsicott|Fake Tears||[still]
|cant|p2a: Tsareena|ability: Queenly Majesty|Fake Tears|[of] p1b: Whimsicott
|move|p1a: Miraidon|Electro Drift|p2a: Tsareena
|-resisted|p2a: Tsareena
|-damage|p2a: Tsareena|58/100
|move|p2a: Tsareena|Triple Axel|p1b: Whimsicott
|-supereffective|p1b: Whimsicott
|-damage|p1b: Whimsicott|78/100
|-supereffective|p1b: Whimsicott
|-damage|p1b: Whimsicott|29/100
|-supereffective|p1b: Whimsicott
|-damage|p1b: Whimsicott|0 fnt
|faint|p1b: Whimsicott
|-hitcount|p1: Whimsicott|3
|move|p2b: Whimsicott|Trick Room|p2b: Whimsicott
|-fieldstart|move: Trick Room|[of] p2b: Whimsicott
|
|upkeep
|inactive|Archexkk_Agameru has 30 seconds left.
|inactive|Archexkk_Agameru has 20 seconds left.
|inactive|Archexkk_Agameru has 15 seconds left.
|inactive|Archexkk_Agameru has 10 seconds left.
|
|t:|1750729269
|switch|p1b: Calyrex|Calyrex-Shadow, L50|100/100
|-ability|p1b: Calyrex|As One
|-ability|p1b: Calyrex|Unnerve
|turn|2
|
|t:|1750729282
|move|p2b: Whimsicott|Misty Terrain|p2b: Whimsicott
|-fieldstart|move: Misty Terrain
|move|p2a: Tsareena|Triple Axel|p1a: Miraidon
|-supereffective|p1a: Miraidon
|-damage|p1a: Miraidon|84/100
|-supereffective|p1a: Miraidon
|-damage|p1a: Miraidon|51/100
|-supereffective|p1a: Miraidon
|-damage|p1a: Miraidon|6/100
|-hitcount|p1a: Miraidon|3
|move|p1a: Miraidon|Electro Drift|p2a: Tsareena
|-resisted|p2a: Tsareena
|-damage|p2a: Tsareena|30/100
|move|p1b: Calyrex|Astral Barrage|p2a: Tsareena|[spread] p2a,p2b
|-crit|p2b: Whimsicott
|-damage|p2a: Tsareena|0 fnt
|-enditem|p2b: Whimsicott|Focus Sash
|-damage|p2b: Whimsicott|1/100
|faint|p2a: Tsareena
|-ability|p1b: Calyrex|Grim Neigh|boost
|-boost|p1b: Calyrex|spa|1
|
|upkeep
|
|t:|1750729299
|switch|p2a: Calyrex|Calyrex-Ice, L50|100/100
|-ability|p2a: Calyrex|As One
|-ability|p2a: Calyrex|Unnerve
|turn|3
|inactive|natsuki aoya has 30 seconds left.
|
|t:|1750729332
|-terastallize|p2a: Calyrex|Grass
|move|p2b: Whimsicott|Encore|p1b: Calyrex
|-start|p1b: Calyrex|Encore
|move|p2a: Calyrex|Glacial Lance|p1a: Miraidon|[spread] p1a,p1b
|-supereffective|p1a: Miraidon
|-damage|p1a: Miraidon|0 fnt
|-damage|p1b: Calyrex|31/100
|faint|p1a: Miraidon
|-ability|p2a: Calyrex|Chilling Neigh|boost
|-boost|p2a: Calyrex|atk|1
|move|p1b: Calyrex|Astral Barrage|p2b: Whimsicott|[spread] p2a,p2b
|-damage|p2a: Calyrex|9/100
|-damage|p2b: Whimsicott|0 fnt
|faint|p2b: Whimsicott
|-ability|p1b: Calyrex|Grim Neigh|boost
|-boost|p1b: Calyrex|spa|1
|
|upkeep
|
|t:|1750729345
|switch|p2b: Kyogre|Kyogre, L50|100/100
|switch|p1a: Alcremie|Alcremie, L50, F, shiny|100/100
|-weather|RainDance|[from] ability: Drizzle|[of] p2b: Kyogre
|turn|4
|
|t:|1750729368
|-terastallize|p1b: Calyrex|Fighting
|move|p2a: Calyrex|Glacial Lance|p1a: Alcremie|[spread] p1a,p1b
|-crit|p1b: Calyrex
|-enditem|p1a: Alcremie|Focus Sash
|-damage|p1a: Alcremie|1/100
|-damage|p1b: Calyrex|0 fnt
|faint|p1b: Calyrex
|-ability|p2a: Calyrex|Chilling Neigh|boost
|-boost|p2a: Calyrex|atk|1
|move|p1a: Alcremie|Decorate|p1: Calyrex|[notarget]
|-fail|p1a: Alcremie
|move|p2b: Kyogre|Water Spout|p1a: Alcremie
|-damage|p1a: Alcremie|0 fnt
|faint|p1a: Alcremie
|
|win|natsuki aoya
|raw|Archexkk_Agameru's rating: 1193 &rarr; <strong>1170</strong><br />(-23 for losing)
|raw|natsuki aoya's rating: 1214 &rarr; <strong>1237</strong><br />(+23 for winning)
|l|‽Archexkk_Agameru
|player|p1|
