|j|☆Blakkstorm
|j|☆Jailson_Mendes26
|t:|1750710110
|gametype|doubles
|player|p1|Blakkstorm|1|1204
|player|p2|Jailson_Mendes26|brycenman|1216
|teamsize|p1|6
|teamsize|p2|6
|gen|9
|tier|[Gen 9] VGC 2025 Reg I
|rated|
|rule|Species Clause: Limit one of each Pokémon
|rule|Item Clause: Limit 1 of each item
|clearpoke
|poke|p1|Kyogre, L50|
|poke|p1|Calyrex-Ice, L50|
|poke|p1|Tornadus, L50, M|
|poke|p1|Ting-Lu, L50|
|poke|p1|Rillaboom, L50, F|
|poke|p1|Farigiraf, L50, M|
|poke|p2|Ogerpon-Wellspring, L50, F|
|poke|p2|Miraidon, L50|
|poke|p2|Ninetales-Alola, L50, M|
|poke|p2|Incineroar, L50, F|
|poke|p2|Annihilape, L50, F|
|poke|p2|Dragonite, L50, F|
|teampreview|4
|inactive|Battle timer is ON: inactive players will automatically lose when time's up. (requested by Blakkstorm)
|inactive|Jailson_Mendes26 also wants the timer to be on.
|inactive|Jailson_Mendes26 has 60 seconds left.
|
|t:|1750710152
|start
|switch|p1a: Farigiraf|Farigiraf, L50, M|100/100
|switch|p1b: Kyogre|Kyogre, L50|100/100
|switch|p2a: Incineroar|Incineroar, L50, F|100/100
|switch|p2b: Miraidon|Miraidon, L50|100/100
|-weather|RainDance|[from] ability: Drizzle|[of] p1b: Kyogre
|-fieldstart|move: Electric Terrain|[from] ability: Hadron Engine|[of] p2b: Miraidon
|-ability|p2a: Incineroar|Intimidate|boost
|-unboost|p1a: Farigiraf|atk|1
|-unboost|p1b: Kyogre|atk|1
|turn|1
|
|t:|1750710175
|switch|p2a: Ninetales|Ninetales-Alola, L50, M|100/100
|-weather|Snowscape|[from] ability: Snow Warning|[of] p2a: Ninetales
|move|p1a: Farigiraf|Helping Hand|p1b: Kyogre
|-singleturn|p1b: Kyogre|Helping Hand|[of] p1a: Farigiraf
|move|p1b: Kyogre|Water Spout|p2b: Miraidon|[spread] p2a,p2b
|-resisted|p2b: Miraidon
|-damage|p2a: Ninetales|1/100
|-damage|p2b: Miraidon|61/100
|move|p2b: Miraidon|Electro Drift|p1a: Farigiraf
|-damage|p1a: Farigiraf|0 fnt
|-damage|p2b: Miraidon|44/100|[from] item: Rocky Helmet|[of] p1a: Farigiraf
|faint|p1a: Farigiraf
|
|-weather|Snowscape|[upkeep]
|upkeep
|
|t:|1750710190
|switch|p1a: Rillaboom|Rillaboom, L50, F|100/100
|-fieldstart|move: Grassy Terrain|[from] ability: Grassy Surge|[of] p1a: Rillaboom
|turn|2
|
|t:|1750710202
|move|p1a: Rillaboom|Fake Out|p2b: Miraidon
|-damage|p2b: Miraidon|31/100
|move|p1b: Kyogre|Water Spout|p2b: Miraidon|[spread] p2a,p2b
|-resisted|p2b: Miraidon
|-damage|p2a: Ninetales|0 fnt
|-damage|p2b: Miraidon|6/100
|faint|p2a: Ninetales
|cant|p2b: Miraidon|flinch
|
|-weather|Snowscape|[upkeep]
|-heal|p2b: Miraidon|11/100|[from] Grassy Terrain
|upkeep
|
|t:|1750710209
|switch|p2a: Incineroar|Incineroar, L50, F|100/100
|-ability|p2a: Incineroar|Intimidate|boost
|-unboost|p1a: Rillaboom|atk|1
|-unboost|p1b: Kyogre|atk|1
|turn|3
|
|t:|1750710223
|move|p2a: Incineroar|Fake Out|p1a: Rillaboom
|-damage|p1a: Rillaboom|86/100
|cant|p1a: Rillaboom|flinch
|move|p1b: Kyogre|Water Spout|p2b: Miraidon|[spread] p2a,p2b
|-supereffective|p2a: Incineroar
|-resisted|p2b: Miraidon
|-damage|p2a: Incineroar|0 fnt
|-damage|p2b: Miraidon|0 fnt
|faint|p2a: Incineroar
|faint|p2b: Miraidon
|
|-weather|Snowscape|[upkeep]
|-heal|p1a: Rillaboom|92/100|[from] Grassy Terrain
|upkeep
|-message|Jailson_Mendes26 forfeited.
|
|win|Blakkstorm
|raw|Blakkstorm's rating: 1204 &rarr; <strong>1230</strong><br />(+26 for winning)
|raw|Jailson_Mendes26's rating: 1216 &rarr; <strong>1190</strong><br />(-26 for losing)
|l|☆Jailson_Mendes26
|player|p2|
