|j|☆bodeylee
|j|☆shockhornet
|t:|1750730774
|gametype|doubles
|player|p1|bodeylee|169|1080
|player|p2|shockhornet|1|1162
|teamsize|p1|6
|teamsize|p2|6
|gen|9
|tier|[Gen 9] VGC 2025 Reg I
|rated|
|rule|Species Clause: Limit one of each Pokémon
|rule|Item Clause: Limit 1 of each item
|clearpoke
|poke|p1|Rampardos, L50, F|
|poke|p1|Hippowdon, L50, F|
|poke|p1|Tyranitar, L50, M|
|poke|p1|Carbink, L50|
|poke|p1|Necrozma-Dusk-Mane, L50|
|poke|p1|Eternatus, L50|
|poke|p2|Kyogre, L50|
|poke|p2|Calyrex-Shadow, L50|
|poke|p2|Incineroar, L50, M|
|poke|p2|Rillaboom, L50, F|
|poke|p2|Urshifu-*, L50, M|
|poke|p2|Roaring Moon, L50|
|teampreview|4
|
|t:|1750730808
|start
|switch|p1a: Hippowdon|Hippowdon, L50, F|100/100
|switch|p1b: Carbink|Carbink, L50|100/100
|switch|p2a: Incineroar|Incineroar, L50, M|100/100
|switch|p2b: Urshifu|Urshifu-Rapid-Strike, L50, M|100/100
|-ability|p2a: Incineroar|Intimidate|boost
|-unboost|p1a: Hippowdon|atk|1
|-unboost|p1b: Carbink|atk|1
|-weather|Sandstorm|[from] ability: Sand Stream|[of] p1a: Hippowdon
|turn|1
|
|t:|1750730832
|-terastallize|p2b: Urshifu|Ghost
|move|p2b: Urshifu|Surging Strikes|p1b: Carbink
|-supereffective|p1b: Carbink
|-crit|p1b: Carbink
|-damage|p1b: Carbink|69/100
|-supereffective|p1b: Carbink
|-crit|p1b: Carbink
|-damage|p1b: Carbink|30/100
|-supereffective|p1b: Carbink
|-crit|p1b: Carbink
|-damage|p1b: Carbink|0 fnt
|faint|p1b: Carbink
|-hitcount|p1: Carbink|3
|move|p2a: Incineroar|Will-O-Wisp|p1a: Hippowdon|[miss]
|-miss|p2a: Incineroar|p1a: Hippowdon
|move|p1a: Hippowdon|Yawn|p2b: Urshifu
|-start|p2b: Urshifu|move: Yawn|[of] p1a: Hippowdon
|
|-weather|Sandstorm|[upkeep]
|-damage|p2b: Urshifu|94/100|[from] Sandstorm
|upkeep
|
|t:|1750730851
|switch|p1b: Necrozma|Necrozma-Dusk-Mane, L50|100/100
|turn|2
|
|t:|1750730863
|switch|p2b: Kyogre|Kyogre, L50|100/100
|-weather|RainDance|[from] ability: Drizzle|[of] p2b: Kyogre
|move|p2a: Incineroar|Will-O-Wisp|p1b: Necrozma|[miss]
|-miss|p2a: Incineroar|p1b: Necrozma
|move|p1a: Hippowdon|Fissure|p2a: Incineroar|[miss]
|-miss|p1a: Hippowdon|p2a: Incineroar
|move|p1b: Necrozma|Trick Room|p1b: Necrozma
|-fieldstart|move: Trick Room|[of] p1b: Necrozma
|
|-weather|RainDance|[upkeep]
|upkeep
|turn|3
|
|t:|1750730894
|move|p1a: Hippowdon|Protect|p1a: Hippowdon
|-singleturn|p1a: Hippowdon|Protect
|move|p2b: Kyogre|Protect|p2b: Kyogre
|-singleturn|p2b: Kyogre|Protect
|move|p2a: Incineroar|Will-O-Wisp|p1b: Necrozma
|-status|p1b: Necrozma|brn
|move|p1b: Necrozma|Earthquake|p2a: Incineroar|[spread] p2a
|-activate|p1a: Hippowdon|move: Protect
|-activate|p2b: Kyogre|move: Protect
|-supereffective|p2a: Incineroar
|-damage|p2a: Incineroar|76/100
|
|-weather|RainDance|[upkeep]
|-damage|p1b: Necrozma|95/100 brn|[from] brn
|upkeep
|turn|4
|-message|bodeylee forfeited.
|
|win|shockhornet
|raw|bodeylee's rating: 1080 &rarr; <strong>1063</strong><br />(-17 for losing)
|raw|shockhornet's rating: 1162 &rarr; <strong>1181</strong><br />(+19 for winning)
|l|☆bodeylee
|player|p1|
|l|☆shockhornet
|player|p2|
