|j|☆huyutime
|j|☆luoxuedacongming
|t:|1750841827
|gametype|doubles
|player|p1|huyutime|bugcatcher-gen4dp|1486
|player|p2|luoxuedacongming|dawn|1482
|teamsize|p1|6
|teamsize|p2|6
|gen|9
|tier|[Gen 9] VGC 2025 Reg I
|rated|
|rule|Species Clause: Limit one of each Pokémon
|rule|Item Clause: Limit 1 of each item
|clearpoke
|poke|p1|Lunala, L50|
|poke|p1|Miraidon, L50|
|poke|p1|Incineroar, L50, F|
|poke|p1|Ursaluna, L50, M|
|poke|p1|Urshifu-*, L50, M|
|poke|p1|Chesnaught, L50, F|
|poke|p2|Calyrex-Shadow, L50|
|poke|p2|Kyogre, L50|
|poke|p2|Whimsicott, L50, F|
|poke|p2|Amoonguss, L50, F|
|poke|p2|Maushold-Four, L50|
|poke|p2|Indeedee-F, L50, F|
|teampreview|4
|
|t:|1750841884
|start
|switch|p1a: Lunala|Lunala, L50|100/100
|switch|p1b: Miraidon|Miraidon, L50|100/100
|switch|p2a: Calyrex|Calyrex-Shadow, L50|100/100
|switch|p2b: Maushold|Maushold-Four, L50|100/100
|-ability|p2a: Calyrex|As One
|-ability|p2a: Calyrex|Unnerve
|-fieldstart|move: Electric Terrain|[from] ability: Hadron Engine|[of] p1b: Miraidon
|-enditem|p1a: Lunala|Electric Seed
|-boost|p1a: Lunala|def|1|[from] item: Electric Seed
|turn|1
|
|t:|1750841907
|-terastallize|p2a: Calyrex|Ghost
|-terastallize|p1a: Lunala|Fairy
|move|p2b: Maushold|Feint|p1b: Miraidon
|-damage|p1b: Miraidon|85/100
|move|p1b: Miraidon|Snarl|p2a: Calyrex|[spread] p2a,p2b
|-supereffective|p2a: Calyrex
|-damage|p2a: Calyrex|58/100
|-damage|p2b: Maushold|65/100
|-unboost|p2a: Calyrex|spa|1
|-unboost|p2b: Maushold|spa|1
|move|p2a: Calyrex|Astral Barrage|p1b: Miraidon|[spread] p1a,p1b
|-damage|p1a: Lunala|85/100
|-damage|p1b: Miraidon|46/100
|move|p1a: Lunala|Moonblast|p2a: Calyrex
|-damage|p2a: Calyrex|0 fnt
|faint|p2a: Calyrex
|
|upkeep
|
|t:|1750841927
|switch|p2a: Kyogre|Kyogre, L50|100/100
|-weather|RainDance|[from] ability: Drizzle|[of] p2a: Kyogre
|turn|2
|
|t:|1750841961
|switch|p1b: Urshifu|Urshifu-Rapid-Strike, L50, M|100/100
|move|p2b: Maushold|Feint|p1b: Urshifu
|-damage|p1b: Urshifu|85/100
|move|p2a: Kyogre|Water Spout|p1b: Urshifu|[spread] p1a,p1b
|-resisted|p1b: Urshifu
|-damage|p1a: Lunala|18/100
|-damage|p1b: Urshifu|17/100
|move|p1a: Lunala|Moonblast|p2b: Maushold
|-damage|p2b: Maushold|0 fnt
|faint|p2b: Maushold
|
|-weather|RainDance|[upkeep]
|upkeep
|
|t:|1750841976
|switch|p2b: Indeedee|Indeedee-F, L50, F|100/100
|-fieldstart|move: Psychic Terrain|[from] ability: Psychic Surge|[of] p2b: Indeedee
|turn|3
|
|t:|1750841987
|move|p2b: Indeedee|Helping Hand|p2a: Kyogre
|-singleturn|p2a: Kyogre|Helping Hand|[of] p2b: Indeedee
|move|p1a: Lunala|Wide Guard|p1a: Lunala
|-singleturn|p1a: Lunala|Wide Guard
|move|p2a: Kyogre|Water Spout|p1a: Lunala|[spread] 
|-activate|p1a: Lunala|move: Wide Guard
|-activate|p1b: Urshifu|move: Wide Guard
|move|p1b: Urshifu|U-turn|p2a: Kyogre
|-damage|p2a: Kyogre|56/100
|-message|luoxuedacongming forfeited.
|
|win|huyutime
|raw|huyutime's rating: 1486 &rarr; <strong>1506</strong><br />(+20 for winning)
|raw|luoxuedacongming's rating: 1482 &rarr; <strong>1462</strong><br />(-20 for losing)
|l|☆luoxuedacongming
|player|p2|
|l|☆huyutime
|player|p1|
