|j|☆TheParasectKing
|j|☆KheaVGC
|t:|1750821247
|gametype|doubles
|player|p1|TheParasectKing|acetrainer-gen4dp|1365
|player|p2|KheaVGC|1|1354
|teamsize|p1|6
|teamsize|p2|6
|gen|9
|tier|[Gen 9] VGC 2025 Reg I
|rated|
|rule|Species Clause: Limit one of each Pokémon
|rule|Item Clause: Limit 1 of each item
|clearpoke
|poke|p1|Miraidon, L50|
|poke|p1|Calyrex-Shadow, L50|
|poke|p1|Dondozo, L50, F|
|poke|p1|Tatsugiri, L50, M|
|poke|p1|Golduck, L50, M|
|poke|p1|Ogerpon-Hearthflame, L50, F|
|poke|p2|Miraidon, L50|
|poke|p2|Ho-Oh, L50|
|poke|p2|Farigiraf, L50, F|
|poke|p2|Iron Hands, L50|
|poke|p2|Urshifu-*, L50, F|
|poke|p2|Iron Treads, L50|
|teampreview|4
|inactive|Battle timer is ON: inactive players will automatically lose when time's up. (requested by TheParasectKing)
|
|t:|1750821266
|start
|switch|p1a: Golduck|Golduck, L50, M|100/100
|switch|p1b: Miraidon|Miraidon, L50|100/100
|switch|p2a: Miraidon|Miraidon, L50|100/100
|switch|p2b: Iron Treads|Iron Treads, L50|100/100
|-ability|p1a: Golduck|Cloud Nine
|-fieldstart|move: Electric Terrain|[from] ability: Hadron Engine|[of] p1b: Miraidon
|-activate|p2b: Iron Treads|ability: Quark Drive
|-start|p2b: Iron Treads|quarkdrivespe
|-activate|p2a: Miraidon|ability: Hadron Engine
|turn|1
|
|t:|1750821277
|switch|p1b: Dondozo|Dondozo, L50, F|100/100
|move|p2b: Iron Treads|High Horsepower|p1b: Dondozo
|-damage|p1b: Dondozo|67/100
|-damage|p2b: Iron Treads|91/100|[from] item: Life Orb
|move|p1a: Golduck|Simple Beam|p1b: Dondozo
|-endability|p1b: Dondozo|Oblivious|[from] move: Simple Beam
|-ability|p1b: Dondozo|Simple|[from] move: Simple Beam
|move|p2a: Miraidon|Volt Switch|p1a: Golduck
|-supereffective|p1a: Golduck
|-damage|p1a: Golduck|0 fnt
|faint|p1a: Golduck
|
|t:|1750821288
|switch|p2a: Urshifu|Urshifu, L50, F|100/100|[from] Volt Switch
|
|-heal|p1b: Dondozo|73/100|[from] item: Leftovers
|upkeep
|
|t:|1750821291
|switch|p1a: Tatsiguru|Tatsugiri, L50, M|100/100
|-activate|p1a: Tatsiguru|ability: Commander|[of] p1b: Dondozo
|-boost|p1b: Dondozo|atk|4
|-boost|p1b: Dondozo|spa|4
|-boost|p1b: Dondozo|spe|4
|-boost|p1b: Dondozo|def|4
|-boost|p1b: Dondozo|spd|4
|turn|2
|
|t:|1750821299
|-terastallize|p2a: Urshifu|Stellar
|move|p2b: Iron Treads|Knock Off|p1b: Dondozo
|-damage|p1b: Dondozo|65/100
|-enditem|p1b: Dondozo|Leftovers|[from] move: Knock Off|[of] p2b: Iron Treads
|-damage|p2b: Iron Treads|82/100|[from] item: Life Orb
|move|p1b: Dondozo|Earthquake|p2b: Iron Treads|[spread] p2a,p2b
|-miss|p1b: Dondozo|p1a: Tatsiguru
|-supereffective|p2b: Iron Treads
|-damage|p2a: Urshifu|46/100
|-damage|p2b: Iron Treads|0 fnt
|faint|p2b: Iron Treads
|-end|p2b: Iron Treads|Quark Drive|[silent]
|move|p2a: Urshifu|Wicked Blow|p1b: Dondozo
|-crit|p1b: Dondozo
|-damage|p1b: Dondozo|10/100
|
|upkeep
|
|t:|1750821314
|switch|p2b: Miraidon|Miraidon, L50|100/100
|-activate|p2b: Miraidon|ability: Hadron Engine
|turn|3
|
|t:|1750821323
|move|p2a: Urshifu|Sucker Punch|p1b: Dondozo
|-damage|p1b: Dondozo|1/100
|move|p1b: Dondozo|Earthquake|p2a: Urshifu|[spread] p2a,p2b
|-miss|p1b: Dondozo|p1a: Tatsiguru
|-supereffective|p2b: Miraidon
|-crit|p2b: Miraidon
|-damage|p2a: Urshifu|0 fnt
|-damage|p2b: Miraidon|0 fnt
|faint|p2a: Urshifu
|faint|p2b: Miraidon
|
|upkeep
|
|t:|1750821327
|switch|p2b: Iron Hands|Iron Hands, L50|100/100
|-activate|p2b: Iron Hands|ability: Quark Drive
|-start|p2b: Iron Hands|quarkdriveatk
|turn|4
|-message|KheaVGC forfeited.
|
|win|TheParasectKing
|raw|TheParasectKing's rating: 1365 &rarr; <strong>1384</strong><br />(+19 for winning)
|raw|KheaVGC's rating: 1354 &rarr; <strong>1335</strong><br />(-19 for losing)
|l|☆KheaVGC
|player|p2|
|l|☆TheParasectKing
|player|p1|
