|j|☆Desmondstrat35d
|j|☆Burner 193
|t:|1750811977
|gametype|doubles
|player|p1|Desmondstrat35d|cynthia-gen4|1000
|player|p2|Burner 193|265|1000
|teamsize|p1|6
|teamsize|p2|6
|gen|9
|tier|[Gen 9] VGC 2025 Reg I
|rated|
|rule|Species Clause: Limit one of each Pokémon
|rule|Item Clause: Limit 1 of each item
|clearpoke
|poke|p1|Armarouge, L50, F|
|poke|p1|Ceruledge, L50, F|
|poke|p1|Meowscarada, L50, M|
|poke|p1|Cloyster, L50, M|
|poke|p1|Gastrodon, L50, F|
|poke|p1|Tornadus-Therian, L50, M|
|poke|p2|Miraidon, L50|
|poke|p2|Calyrex-Shadow, L50|
|poke|p2|Raichu-Alola, L50, F|
|poke|p2|Ogerpon-Hearthflame, L50, F|
|poke|p2|Indeedee-F, L50, F|
|poke|p2|Iron Leaves, L50|
|teampreview|4
|inactive|Battle timer is ON: inactive players will automatically lose when time's up. (requested by Burner 193)
|inactive|Desmondstrat35d has 60 seconds left.
|l|☆Burner 193
|inactive|Burner 193 disconnected and has a minute to reconnect!
|player|p2|
|inactive|Desmondstrat35d has 30 seconds left.
|inactive|Desmondstrat35d has 20 seconds left.
|inactive|Desmondstrat35d has 15 seconds left.
|inactive|Desmondstrat35d has 10 seconds left.
|inactive|Desmondstrat35d has 5 seconds left.
|
|t:|1750812107
|start
|switch|p1a: Armarouge|Armarouge, L50, F|100/100
|switch|p1b: Ceruledge|Ceruledge, L50, F|100/100
|switch|p2a: Indeedee|Indeedee-F, L50, F|100/100
|switch|p2b: Calyrex|Calyrex-Shadow, L50|100/100
|-ability|p2b: Calyrex|As One
|-ability|p2b: Calyrex|Unnerve
|-fieldstart|move: Psychic Terrain|[from] ability: Psychic Surge|[of] p2a: Indeedee
|turn|1
|inactive|Desmondstrat35d has 30 seconds left.
|inactive|Burner 193 has 30 seconds left.
|inactive|Desmondstrat35d has 20 seconds left.
|inactive|Burner 193 has 20 seconds left.
|inactive|Desmondstrat35d has 15 seconds left.
|inactive|Burner 193 has 15 seconds left.
|inactive|Desmondstrat35d has 10 seconds left.
|inactive|Burner 193 has 10 seconds left.
|inactive|Desmondstrat35d has 5 seconds left.
|inactive|Burner 193 has 5 seconds left.
|-message|Burner 193 lost due to inactivity.
|
|win|Desmondstrat35d
|raw|Desmondstrat35d's rating: 1000 &rarr; <strong>1040</strong><br />(+40 for winning)
|raw|Burner 193's rating: 1000 &rarr; <strong>1000</strong><br />(+0 for losing)
