|j|☆Kingsilverwing13
|j|☆Caioaca
|t:|1750819420
|gametype|doubles
|player|p1|Kingsilverwing13|169|1088
|player|p2|Caioaca|265|1019
|teamsize|p1|6
|teamsize|p2|6
|gen|9
|tier|[Gen 9] VGC 2025 Reg I
|rated|
|rule|Species Clause: Limit one of each Pokémon
|rule|Item Clause: Limit 1 of each item
|clearpoke
|poke|p1|Incineroar, L50, M|
|poke|p1|Grimmsnarl, L50, M|
|poke|p1|Miraidon, L50|
|poke|p1|Calyrex-Ice, L50|
|poke|p1|Urshifu-*, L50, F|
|poke|p1|Ogerpon-Hearthflame, L50, F|
|poke|p2|Ho-Oh, L50|
|poke|p2|Rillaboom, L50, F|
|poke|p2|Calyrex-Shadow, L50|
|poke|p2|Amoonguss, L50, M|
|poke|p2|Urshifu-*, L50, M|
|poke|p2|Cresselia, L50, F|
|teampreview|4
|
|t:|1750819453
|start
|switch|p1a: Incineroar|Incineroar, L50, M, shiny|100/100
|switch|p1b: Calyrex|Calyrex-Ice, L50|100/100
|switch|p2a: Cresselia|Cresselia, L50, F|100/100
|switch|p2b: Calyrex|Calyrex-Shadow, L50|100/100
|-ability|p2b: Calyrex|As One
|-ability|p2b: Calyrex|Unnerve
|-ability|p1b: Calyrex|As One
|-ability|p1b: Calyrex|Unnerve
|-ability|p1a: Incineroar|Intimidate|boost
|-unboost|p2a: Cresselia|atk|1
|-unboost|p2b: Calyrex|atk|1
|turn|1
|
|t:|1750819486
|move|p1b: Calyrex|Protect|p1b: Calyrex
|-singleturn|p1b: Calyrex|Protect
|move|p2b: Calyrex|Astral Barrage|p1b: Calyrex|[spread] p1a
|-activate|p1b: Calyrex|move: Protect
|-resisted|p1a: Incineroar
|-damage|p1a: Incineroar|76/100
|move|p1a: Incineroar|Knock Off|p2b: Calyrex
|-supereffective|p2b: Calyrex
|-enditem|p2b: Calyrex|Focus Sash
|-damage|p2b: Calyrex|1/100
|move|p2a: Cresselia|Trick Room|p2a: Cresselia
|-fieldstart|move: Trick Room|[of] p2a: Cresselia
|
|upkeep
|turn|2
|-message|Caioaca forfeited.
|
|win|Kingsilverwing13
|raw|Kingsilverwing13's rating: 1088 &rarr; <strong>1110</strong><br />(+22 for winning)
|raw|Caioaca's rating: 1019 &rarr; <strong>1009</strong><br />(-10 for losing)
|l|☆Caioaca
|player|p2|
