|j|☆CRVGPedro12
|j|☆jj2435
|t:|1750881803
|gametype|doubles
|player|p1|CRVGPedro12|hilbert|1064
|player|p2|jj2435|cynthia-gen4|1109
|teamsize|p1|6
|teamsize|p2|6
|gen|9
|tier|[Gen 9] VGC 2025 Reg I
|rated|
|rule|Species Clause: Limit one of each Pokémon
|rule|Item Clause: Limit 1 of each item
|clearpoke
|poke|p1|Incineroar, L50, F|
|poke|p1|Calyrex-Shadow, L50|
|poke|p1|Ogerpon-Cornerstone, L50, F|
|poke|p1|Chi-Yu, L50|
|poke|p1|Amoonguss, L50, M|
|poke|p1|Urshifu-*, L50, M|
|poke|p2|Iron Thorns, L50|
|poke|p2|Klefki, L50, F|
|poke|p2|Iron Treads, L50|
|poke|p2|Rotom-Wash, L50|
|poke|p2|Kilowattrel, L50, M|
|poke|p2|Kingambit, L50, F|
|teampreview|4
|
|t:|1750881846
|start
|switch|p1a: Incineroar|Incineroar, L50, F|100/100
|switch|p1b: Ogerpon|Ogerpon-Cornerstone, L50, F|100/100
|switch|p2a: Klefki|Klefki, L50, F|100/100
|switch|p2b: Iron Thorns|Iron Thorns, L50|100/100
|-ability|p1a: Incineroar|Intimidate|boost
|-unboost|p2a: Klefki|atk|1
|-unboost|p2b: Iron Thorns|atk|1
|turn|1
|
|t:|1750881879
|move|p2b: Iron Thorns|Protect|p2b: Iron Thorns
|-singleturn|p2b: Iron Thorns|Protect
|move|p2a: Klefki|Thunder Wave|p1b: Ogerpon|[miss]
|-miss|p2a: Klefki|p1b: Ogerpon
|move|p1b: Ogerpon|Stomping Tantrum|p2b: Iron Thorns
|-activate|p2b: Iron Thorns|move: Protect
|move|p1a: Incineroar|Flare Blitz|p2a: Klefki
|-supereffective|p2a: Klefki
|-crit|p2a: Klefki
|-damage|p2a: Klefki|0 fnt
|faint|p2a: Klefki
|-damage|p1a: Incineroar|69/100|[from] Recoil
|
|upkeep
|-message|jj2435 forfeited.
|
|win|CRVGPedro12
|raw|CRVGPedro12's rating: 1064 &rarr; <strong>1098</strong><br />(+34 for winning)
|raw|jj2435's rating: 1109 &rarr; <strong>1081</strong><br />(-28 for losing)
|l|☆jj2435
|player|p2|
|l|☆CRVGPedro12
|player|p1|
