|j|☆marcxhenry
|j|☆seemeier
|t:|1750743182
|gametype|doubles
|player|p1|marcxhenry|plasmagrunt-gen5bw|1691
|player|p2|seemeier|265|1739
|teamsize|p1|6
|teamsize|p2|6
|gen|9
|tier|[Gen 9] VGC 2025 Reg I
|rated|
|rule|Species Clause: Limit one of each Pokémon
|rule|Item Clause: Limit 1 of each item
|clearpoke
|poke|p1|Calyrex-Shadow, L50|
|poke|p1|Urshifu-*, L50, M|
|poke|p1|Tsareena, L50, F|
|poke|p1|Roaring Moon, L50|
|poke|p1|Kyogre, L50|
|poke|p1|Kingambit, L50, M|
|poke|p2|Scizor, L50, F|
|poke|p2|Roaring Moon, L50|
|poke|p2|Okidogi, L50, M|
|poke|p2|Indeedee-F, L50, F|
|poke|p2|Lunala, L50|
|poke|p2|Kyurem-Black, L50|
|teampreview|4
|inactive|Battle timer is ON: inactive players will automatically lose when time's up. (requested by seemeier)
|inactive|marcxhenry has 60 seconds left.
|inactive|seemeier has 60 seconds left.
|
|t:|1750743241
|start
|switch|p1a: Shi-Fu|Urshifu-Rapid-Strike, L50, M|100/100
|switch|p1b: Tirpitz|Kyogre, L50, shiny|100/100
|switch|p2a: Indeedee|Indeedee-F, L50, F|100/100
|switch|p2b: Lunala|Lunala, L50|100/100
|-weather|RainDance|[from] ability: Drizzle|[of] p1b: Tirpitz
|-fieldstart|move: Psychic Terrain|[from] ability: Psychic Surge|[of] p2a: Indeedee
|-enditem|p2a: Indeedee|Psychic Seed
|-boost|p2a: Indeedee|spd|1|[from] item: Psychic Seed
|turn|1
|inactive|marcxhenry has 30 seconds left.
|
|t:|1750743267
|-terastallize|p1a: Shi-Fu|Water
|-terastallize|p2b: Lunala|Water
|move|p2a: Indeedee|Follow Me|p2a: Indeedee
|-singleturn|p2a: Indeedee|move: Follow Me
|move|p1a: Shi-Fu|Surging Strikes|p2a: Indeedee
|-crit|p2a: Indeedee
|-damage|p2a: Indeedee|59/100
|-crit|p2a: Indeedee
|-damage|p2a: Indeedee|18/100
|-crit|p2a: Indeedee
|-damage|p2a: Indeedee|0 fnt
|faint|p2a: Indeedee
|-hitcount|p2: Indeedee|3
|move|p1b: Tirpitz|Water Spout|p2b: Lunala
|-resisted|p2b: Lunala
|-crit|p2b: Lunala
|-damage|p2b: Lunala|45/100
|move|p2b: Lunala|Trick Room|p2b: Lunala
|-fieldstart|move: Trick Room|[of] p2b: Lunala
|
|-weather|RainDance|[upkeep]
|upkeep
|
|t:|1750743284
|switch|p2a: Kyurem|Kyurem-Black, L50|100/100
|-ability|p2a: Kyurem|Teravolt
|turn|2
|
|t:|1750743294
|switch|p1b: Hitmonshe|Tsareena, L50, F, shiny|100/100
|move|p2a: Kyurem|Fusion Bolt|p1a: Shi-Fu
|-supereffective|p1a: Shi-Fu
|-damage|p1a: Shi-Fu|0 fnt
|faint|p1a: Shi-Fu
|move|p2b: Lunala|Expanding Force|p1b: Hitmonshe
|-crit|p1b: Hitmonshe
|-damage|p1b: Hitmonshe|0 fnt
|faint|p1b: Hitmonshe
|
|-weather|RainDance|[upkeep]
|upkeep
|
|t:|1750743304
|switch|p1b: Kaiser Karl|Calyrex-Shadow, L50|100/100
|switch|p1a: Tirpitz|Kyogre, L50, shiny|100/100
|-ability|p1b: Kaiser Karl|As One
|-ability|p1b: Kaiser Karl|Unnerve
|turn|3
|
|t:|1750743316
|move|p2a: Kyurem|Fusion Bolt|p1a: Tirpitz
|-supereffective|p1a: Tirpitz
|-damage|p1a: Tirpitz|0 fnt
|faint|p1a: Tirpitz
|move|p2b: Lunala|Moongeist Beam|p1b: Kaiser Karl
|-supereffective|p1b: Kaiser Karl
|-enditem|p1b: Kaiser Karl|Focus Sash
|-damage|p1b: Kaiser Karl|1/100
|move|p1b: Kaiser Karl|Trick Room|p1b: Kaiser Karl
|-fieldend|move: Trick Room
|
|-weather|RainDance|[upkeep]
|upkeep
|turn|4
|
|t:|1750743337
|move|p1b: Kaiser Karl|Astral Barrage|p2a: Kyurem|[spread] p2a,p2b
|-damage|p2a: Kyurem|51/100
|-damage|p2b: Lunala|6/100
|move|p2b: Lunala|Moongeist Beam|p1b: Kaiser Karl
|-supereffective|p1b: Kaiser Karl
|-damage|p1b: Kaiser Karl|0 fnt
|faint|p1b: Kaiser Karl
|
|win|seemeier
|raw|marcxhenry's rating: 1691 &rarr; <strong>1674</strong><br />(-17 for losing)
|raw|seemeier's rating: 1739 &rarr; <strong>1756</strong><br />(+17 for winning)
|l|☆marcxhenry
|player|p1|
|l|☆seemeier
|player|p2|
