|j|☆Allhailhippo
|j|☆AxeP91
|t:|1750719772
|gametype|doubles
|player|p1|Allhailhippo|101|1528
|player|p2|AxeP91|169|1444
|teamsize|p1|6
|teamsize|p2|6
|gen|9
|tier|[Gen 9] VGC 2025 Reg I
|rated|
|rule|Species Clause: Limit one of each Pokémon
|rule|Item Clause: Limit 1 of each item
|clearpoke
|poke|p1|Necrozma-Dusk-Mane, L50|
|poke|p1|Calyrex-Ice, L50|
|poke|p1|Farigiraf, L50, M|
|poke|p1|Tornadus, L50, M|
|poke|p1|Flutter Mane, L50|
|poke|p1|Ursaluna, L50, M|
|poke|p2|Calyrex-Shadow, L50|
|poke|p2|Zamazenta-*, L50|
|poke|p2|Volcarona, L50, M|
|poke|p2|Whimsicott, L50, M|
|poke|p2|Urshifu-*, L50, F|
|poke|p2|Incineroar, L50, F|
|teampreview|4
|inactive|Battle timer is ON: inactive players will automatically lose when time's up. (requested by Allhailhippo)
Allhailhippo has agreed to open team sheets.
|inactive|AxeP91 has 60 seconds left.
|
|t:|1750719816
|start
|switch|p1a: Calyrex|Calyrex-Ice, L50|100/100
|switch|p1b: Farigiraf|Farigiraf, L50, M|100/100
|switch|p2a: Urshifu|Urshifu-Rapid-Strike, L50, F|100/100
|switch|p2b: Incineroar|Incineroar, L50, F|100/100
|-ability|p1a: Calyrex|As One
|-ability|p1a: Calyrex|Unnerve
|-ability|p2b: Incineroar|Intimidate|boost
|-unboost|p1a: Calyrex|atk|1
|-unboost|p1b: Farigiraf|atk|1
|turn|1
|inactive|Allhailhippo has 30 seconds left.
|
|t:|1750719842
|move|p2a: Urshifu|Surging Strikes|p1b: Farigiraf
|-crit|p1b: Farigiraf
|-damage|p1b: Farigiraf|76/100
|-crit|p1b: Farigiraf
|-damage|p1b: Farigiraf|50/100
|-crit|p1b: Farigiraf
|-damage|p1b: Farigiraf|24/100
|-hitcount|p1b: Farigiraf|3
|move|p1a: Calyrex|Seed Bomb|p2a: Urshifu
|-supereffective|p2a: Urshifu
|-damage|p2a: Urshifu|50/100
|move|p2b: Incineroar|Knock Off|p1b: Farigiraf
|-supereffective|p1b: Farigiraf
|-damage|p1b: Farigiraf|0 fnt
|-enditem|p1b: Farigiraf|Mental Herb|[from] move: Knock Off|[of] p2b: Incineroar
|faint|p1b: Farigiraf
|
|upkeep
|
|t:|1750719855
|switch|p1b: Necrozma|Necrozma-Dusk-Mane, L50|100/100
|turn|2
|
|t:|1750719878
|-terastallize|p1b: Necrozma|Dark
|move|p2a: Urshifu|Surging Strikes|p1b: Necrozma
|-crit|p1b: Necrozma
|-damage|p1b: Necrozma|78/100
|-crit|p1b: Necrozma
|-damage|p1b: Necrozma|54/100
|-crit|p1b: Necrozma
|-damage|p1b: Necrozma|29/100
|-hitcount|p1b: Necrozma|3
|move|p1a: Calyrex|Seed Bomb|p2a: Urshifu
|-supereffective|p2a: Urshifu
|-damage|p2a: Urshifu|0 fnt
|faint|p2a: Urshifu
|-ability|p1a: Calyrex|Chilling Neigh|boost
|-boost|p1a: Calyrex|atk|1
|move|p2b: Incineroar|Flare Blitz|p1b: Necrozma
|-damage|p1b: Necrozma|0 fnt
|faint|p1b: Necrozma
|-damage|p2b: Incineroar|90/100|[from] Recoil
|
|upkeep
|inactive|AxeP91 has 30 seconds left.
|
|t:|1750719905
|switch|p2a: Calyrex|Calyrex-Shadow, L50|100/100
|switch|p1b: Ursaluna|Ursaluna, L50, M|100/100
|-ability|p2a: Calyrex|As One
|-ability|p2a: Calyrex|Unnerve
|turn|3
|
|t:|1750719922
|move|p2a: Calyrex|Astral Barrage|p1a: Calyrex|[spread] p1a
|-immune|p1b: Ursaluna
|-supereffective|p1a: Calyrex
|-damage|p1a: Calyrex|31/100
|-damage|p2a: Calyrex|91/100|[from] item: Life Orb
|move|p1a: Calyrex|Glacial Lance|p2b: Incineroar|[spread] p2a,p2b
|-resisted|p2b: Incineroar
|-damage|p2a: Calyrex|15/100
|-damage|p2b: Incineroar|65/100
|move|p1b: Ursaluna|Shadow Claw|p2a: Calyrex
|-supereffective|p2a: Calyrex
|-damage|p2a: Calyrex|0 fnt
|faint|p2a: Calyrex
|move|p2b: Incineroar|Knock Off|p1a: Calyrex
|-supereffective|p1a: Calyrex
|-damage|p1a: Calyrex|0 fnt
|-enditem|p1a: Calyrex|Assault Vest|[from] move: Knock Off|[of] p2b: Incineroar
|faint|p1a: Calyrex
|
|-status|p1b: Ursaluna|brn|[from] item: Flame Orb
|upkeep
|-message|Allhailhippo forfeited.
|
|win|AxeP91
|raw|Allhailhippo's rating: 1528 &rarr; <strong>1503</strong><br />(-25 for losing)
|raw|AxeP91's rating: 1444 &rarr; <strong>1469</strong><br />(+25 for winning)
|l|☆Allhailhippo
|player|p1|
|l|☆AxeP91
|player|p2|
