|j|☆danuwu
|j|☆Redhoundoom
|t:|1750711470
|gametype|doubles
|player|p1|danuwu|liko|1267
|player|p2|Redhoundoom|1|1357
|teamsize|p1|6
|teamsize|p2|6
|gen|9
|tier|[Gen 9] VGC 2025 Reg I
|rated|
|rule|Species Clause: Limit one of each Pokémon
|rule|Item Clause: Limit 1 of each item
|clearpoke
|poke|p1|Whimsicott, L50, F|
|poke|p1|Urshifu-*, L50, M|
|poke|p1|Kyogre, L50|
|poke|p1|Miraidon, L50|
|poke|p1|Incineroar, L50, M|
|poke|p1|Garganacl, L50, M|
|poke|p2|Garganacl, L50, M|
|poke|p2|Ogerpon-Cornerstone, L50, F|
|poke|p2|Zamazenta-*, L50|
|poke|p2|Calyrex-Shadow, L50|
|poke|p2|Baxcalibur, L50, M|
|poke|p2|Tauros-Paldea-Aqua, L50, M|
|teampreview|4
|inactive|Battle timer is ON: inactive players will automatically lose when time's up. (requested by Redhoundoom)
|inactive|danuwu also wants the timer to be on.
|inactive|danuwu has 60 seconds left.
|
|t:|1750711511
|start
|switch|p1a: Urshifu|Urshifu-Rapid-Strike, L50, M|100/100
|switch|p1b: Kyogre|Kyogre, L50|100/100
|switch|p2a: Zamazenta|Zamazenta-Crowned, L50|100/100
|switch|p2b: Calyrex|Calyrex-Shadow, L50|100/100
|-ability|p2b: Calyrex|As One
|-ability|p2b: Calyrex|Unnerve
|-ability|p2a: Zamazenta|Dauntless Shield|boost
|-boost|p2a: Zamazenta|def|1
|-weather|RainDance|[from] ability: Drizzle|[of] p1b: Kyogre
|turn|1
|inactive|Redhoundoom has 30 seconds left.
|inactive|Redhoundoom has 20 seconds left.
|
|t:|1750711549
|switch|p2b: Tauros|Tauros-Paldea-Aqua, L50, M|100/100
|-ability|p2b: Tauros|Intimidate|boost
|-unboost|p1a: Urshifu|atk|1
|-unboost|p1b: Kyogre|atk|1
|-terastallize|p2a: Zamazenta|Grass
|move|p1a: Urshifu|Surging Strikes|p2b: Tauros
|-resisted|p2b: Tauros
|-crit|p2b: Tauros
|-damage|p2b: Tauros|88/100
|-resisted|p2b: Tauros
|-crit|p2b: Tauros
|-damage|p2b: Tauros|75/100
|-resisted|p2b: Tauros
|-crit|p2b: Tauros
|-damage|p2b: Tauros|62/100
|-hitcount|p2b: Tauros|3
|move|p2a: Zamazenta|Body Press|p1a: Urshifu
|-damage|p1a: Urshifu|24/100
|move|p1b: Kyogre|Water Spout|p2a: Zamazenta|[spread] p2a,p2b
|-resisted|p2a: Zamazenta
|-resisted|p2b: Tauros
|-damage|p2a: Zamazenta|70/100
|-damage|p2b: Tauros|0 fnt
|faint|p2b: Tauros
|
|-weather|RainDance|[upkeep]
|upkeep
|
|t:|1750711570
|switch|p2b: Ogerpon|Ogerpon-Cornerstone, L50, F|100/100
|turn|2
|inactive|Redhoundoom has 30 seconds left.
|
|t:|1750711597
|switch|p1a: Whimsicott|Whimsicott, L50, F|100/100
|move|p1b: Kyogre|Protect|p1b: Kyogre
|-singleturn|p1b: Kyogre|Protect
|move|p2b: Ogerpon|Ivy Cudgel|p1a: Whimsicott|[anim] Ivy Cudgel Rock
|-damage|p1a: Whimsicott|51/100
|move|p2a: Zamazenta|Body Press|p1b: Kyogre
|-activate|p1b: Kyogre|move: Protect
|
|-weather|RainDance|[upkeep]
|upkeep
|turn|3
|inactive|danuwu has 30 seconds left.
|inactive|Redhoundoom has 30 seconds left.
|
|t:|1750711631
|move|p2a: Zamazenta|Wide Guard|p2a: Zamazenta
|-singleturn|p2a: Zamazenta|Wide Guard
|move|p1a: Whimsicott|Tailwind|p1a: Whimsicott
|-sidestart|p1: danuwu|move: Tailwind
|move|p1b: Kyogre|Ice Beam|p2a: Zamazenta
|-supereffective|p2a: Zamazenta
|-damage|p2a: Zamazenta|26/100
|move|p2b: Ogerpon|Wood Hammer|p1b: Kyogre
|-supereffective|p1b: Kyogre
|-damage|p1b: Kyogre|0 fnt
|faint|p1b: Kyogre
|-damage|p2b: Ogerpon|57/100|[from] Recoil
|
|-weather|RainDance|[upkeep]
|upkeep
|
|t:|1750711643
|switch|p1b: Urshifu|Urshifu-Rapid-Strike, L50, M|24/100
|turn|4
|
|t:|1750711666
|move|p1a: Whimsicott|Encore|p2a: Zamazenta
|-start|p2a: Zamazenta|Encore
|move|p1b: Urshifu|Surging Strikes|p2b: Ogerpon
|-crit|p2b: Ogerpon
|-damage|p2b: Ogerpon|12/100
|-crit|p2b: Ogerpon
|-damage|p2b: Ogerpon|0 fnt
|faint|p2b: Ogerpon
|-hitcount|p2: Ogerpon|2
|move|p2a: Zamazenta|Wide Guard||[still]
|-fail|p2a: Zamazenta
|
|-weather|RainDance|[upkeep]
|upkeep
|-message|Redhoundoom forfeited.
|
|win|danuwu
|raw|danuwu's rating: 1267 &rarr; <strong>1298</strong><br />(+31 for winning)
|raw|Redhoundoom's rating: 1357 &rarr; <strong>1332</strong><br />(-25 for losing)
|l|☆Redhoundoom
|player|p2|
|l|☆danuwu
|player|p1|
