|j|☆monstermixmuffin
|j|☆Typhon1175
|html|<table width="100%"><tr><td align="left">monstermixmuffin</td><td align="right">Typhon1175</tr><tr><td align="left"><i class="fa fa-circle-o"></i> <i class="fa fa-circle-o"></i> </td><td align="right"><i class="fa fa-circle-o"></i> <i class="fa fa-circle-o"></i> </tr></table>
|uhtml|bestof|<h2><strong>Game 1</strong> of <a href="/game-bestof3-gen9vgc2025regi-2391672566">a best-of-3</a></h2>
|t:|1750882223
|gametype|doubles
|player|p1|monstermixmuffin|hanbei-conquest|
|player|p2|Typhon1175|caitlin-masters|
|teamsize|p1|6
|teamsize|p2|6
|gen|9
|tier|[Gen 9] VGC 2025 Reg I
|rule|Species Clause: Limit one of each Pokémon
|rule|Item Clause: Limit 1 of each item
|rule|Terastal Clause: You cannot Terastallize
|raw|<div class="infobox"><details class="readmore"><summary><strong>51 custom rules:</strong></summary> Terastal Clause, -All Pokemon, +Unobtainable, +Past, !!Min Source Gen = 1, bestof=3, -ND Uber, -ND AG, -ND OU, -ND UUBL, -ND UU, -ND RUBL, -ND RU, -ND NFE, -ND LC, +Tyranitar-Base, +Masquerain, +Electrode-Base, +Arctozolt, +Honchkrow, +Mienshao, +Simisage, +Luvdisc, +Quaquaval, +Toedscruel, +Grapploct, +Slowking-Base, +Smeargle, +Tangrowth, +Furfrou, +Rabsca, +Drakloak, +Mimikyu-Base, +Uxie, +Primeape, +Purugly, +Orbeetle, +Glimmora, +Klawf, +Archeops, +Espeon, +Arbok, +Dugtrio-Alola, +Slowking-Galar, +Ditto, +Bruxish, +Escavalier, +Simipour, +Calyrex-Base, +Lunatone, -Tyranitarite</details></div>
|clearpoke
|poke|p1|Escavalier, L50, M|
|poke|p1|Glimmora, L50, F|
|poke|p1|Dugtrio-Alola, L50, F|
|poke|p1|Espeon, L50, M|
|poke|p1|Tangrowth, L50, F|
|poke|p1|Tyranitar, L50, M|
|poke|p2|Masquerain, L50, M|
|poke|p2|Tyranitar, L50, F|
|poke|p2|Dugtrio-Alola, L50, F|
|poke|p2|Glimmora, L50, F|
|poke|p2|Mienshao, L50, F|
|poke|p2|Tangrowth, L50, M|
|teampreview|4
Typhon1175 has agreed to open team sheets.
|c|☆Typhon1175|glhf
|c|☆monstermixmuffin|u2
monstermixmuffin has agreed to open team sheets.
|showteam|p1|Escavalier||ClearAmulet|Overcoat|Taunt,Megahorn,IronHead,CloseCombat|||M|||50|]Glimmora||PowerHerb|ToxicDebris|MeteorBeam,SludgeBomb,EarthPower,SpikyShield|||F|||50|]Dugtrio-Alola||LifeOrb|SandForce|RockSlide,Protect,IronHead,HighHorsepower|||F|||50|]Espeon||ChoiceSpecs|MagicBounce|Psychic,AlluringVoice,Trick,ShadowBall|||M|||50|]Tangrowth||EjectPack|Regenerator|GigaDrain,KnockOff,RagePowder,SleepPowder|||F|||50|]Tyranitar||FocusSash|SandStream|Taunt,RockSlide,Crunch,LowKick|||M|||50|
|showteam|p2|Masquerain||FocusSash|Intimidate|Tailwind,BugBuzz,Hurricane,Protect|||M|||50|]Tyranitar||AirBalloon|SandStream|KnockOff,DragonDance,RockSlide,Protect|||F|||50|]Dugtrio-Alola||ClearAmulet|SandForce|Earthquake,RockSlide,IronHead,Protect|||F|||50|]Glimmora||PowerHerb|ToxicDebris|SludgeWave,MeteorBeam,EarthPower,EnergyBall|||F|||50|]Mienshao||LifeOrb|InnerFocus|FakeOut,TripleAxel,CloseCombat,WideGuard|||F|||50|]Tangrowth||SitrusBerry|Regenerator|RagePowder,GigaDrain,StunSpore,KnockOff|||M|||50|
|
|t:|1750882332
|start
|switch|p1a: Mob|Espeon, L50, M, shiny|100/100
|switch|p1b: Sailor Neptune|Tangrowth, L50, F, shiny|100/100
|switch|p2a: Tangrowth|Tangrowth, L50, M|100/100
|switch|p2b: Kiokru Shinomiya|Dugtrio-Alola, L50, F|100/100
|turn|1
|j| RetroDude42YT
|
|t:|1750882492
|move|p2a: Tangrowth|Rage Powder|p2a: Tangrowth
|-singleturn|p2a: Tangrowth|move: Rage Powder
|move|p1a: Mob|Shadow Ball|p2a: Tangrowth
|-damage|p2a: Tangrowth|42/100
|-enditem|p2a: Tangrowth|Sitrus Berry|[eat]
|-heal|p2a: Tangrowth|66/100|[from] item: Sitrus Berry
|move|p2b: Kiokru Shinomiya|Earthquake|p1a: Mob|[spread] p2a,p1a,p1b
|-resisted|p2a: Tangrowth
|-crit|p1a: Mob
|-resisted|p1b: Sailor Neptune
|-damage|p2a: Tangrowth|58/100
|-damage|p1a: Mob|4/100
|-damage|p1b: Sailor Neptune|92/100
|move|p1b: Sailor Neptune|Giga Drain|p2b: Kiokru Shinomiya
|-damage|p2b: Kiokru Shinomiya|40/100
|-heal|p1b: Sailor Neptune|100/100|[from] drain|[of] p2b: Kiokru Shinomiya
|
|upkeep
|turn|2
|
|t:|1750882552
|move|p2a: Tangrowth|Rage Powder|p2a: Tangrowth
|-singleturn|p2a: Tangrowth|move: Rage Powder
|move|p1a: Mob|Shadow Ball|p2a: Tangrowth
|-damage|p2a: Tangrowth|0 fnt
|faint|p2a: Tangrowth
|move|p2b: Kiokru Shinomiya|Rock Slide|p1a: Mob|[spread] p1a,p1b
|-damage|p1a: Mob|0 fnt
|-damage|p1b: Sailor Neptune|92/100
|faint|p1a: Mob
|cant|p1b: Sailor Neptune|flinch
|
|upkeep
|
|t:|1750882566
|switch|p1a: TPPG|Dugtrio-Alola, L50, F|100/100
|switch|p2a: Glimmora|Glimmora, L50, F|100/100
|turn|3
|c|☆Typhon1175|I may have forgotten that grass types are immune to rage powder rip
|
|t:|1750882591
|move|p2b: Kiokru Shinomiya|Protect|p2b: Kiokru Shinomiya
|-singleturn|p2b: Kiokru Shinomiya|Protect
|move|p1a: TPPG|Protect|p1a: TPPG
|-singleturn|p1a: TPPG|Protect
|move|p2a: Glimmora|Sludge Wave|p1b: Sailor Neptune|[spread] p1b
|-activate|p2b: Kiokru Shinomiya|move: Protect
|-activate|p1a: TPPG|move: Protect
|-supereffective|p1b: Sailor Neptune
|-damage|p1b: Sailor Neptune|0 fnt
|faint|p1b: Sailor Neptune
|
|upkeep
|
|t:|1750882593
|switch|p1b: Geeta|Glimmora, L50, F|100/100
|turn|4
|
|t:|1750882618
|move|p2b: Kiokru Shinomiya|Earthquake|p1a: TPPG|[spread] p2a,p1a,p1b
|-supereffective|p2a: Glimmora
|-supereffective|p1a: TPPG
|-supereffective|p1b: Geeta
|-damage|p2a: Glimmora|0 fnt
|-damage|p1a: TPPG|0 fnt
|-damage|p1b: Geeta|0 fnt
|-activate|p2a: Glimmora|ability: Toxic Debris
|-sidestart|p1: monstermixmuffin|move: Toxic Spikes
|-activate|p1b: Geeta|ability: Toxic Debris
|-sidestart|p2: Typhon1175|move: Toxic Spikes
|faint|p2a: Glimmora
|faint|p1a: TPPG
|faint|p1b: Geeta
|
|win|Typhon1175
||monstermixmuffin is ready for game 2.
|inactive|Typhon1175 has 30 seconds to confirm battle start!
||Typhon1175 is ready for game 2.
|uhtml|next|Next: <a href="/battle-gen9vgc2025regi-2391676212"><strong>Game 2 of 3</strong></a>
