|j|☆Fagiolo bruciato
|j|☆Poppledinger
|t:|1750777726
|gametype|doubles
|player|p1|Fagiolo bruciato|n|1284
|player|p2|Poppledinger|hiker-gen4|1349
|teamsize|p1|6
|teamsize|p2|6
|gen|9
|tier|[Gen 9] VGC 2025 Reg I
|rated|
|rule|Species Clause: Limit one of each Pokémon
|rule|Item Clause: Limit 1 of each item
|clearpoke
|poke|p1|Incineroar, L50, M|
|poke|p1|Gholdengo, L50|
|poke|p1|Grimmsnarl, L50, M|
|poke|p1|Lunala, L50|
|poke|p1|Indeedee-F, L50, F|
|poke|p1|Calyrex-Ice, L50|
|poke|p2|Calyrex-Ice, L50|
|poke|p2|Miraidon, L50|
|poke|p2|Grimmsnarl, L50, M|
|poke|p2|Incineroar, L50, F|
|poke|p2|Farigiraf, L50, F|
|poke|p2|Iron Hands, L50|
|teampreview|4
|
|t:|1750777768
|start
|switch|p1a: Grimmsnarl|Grimmsnarl, L50, M|100/100
|switch|p1b: Gholdengo|Gholdengo, L50|100/100
|switch|p2a: Miraidon|Miraidon, L50|100/100
|switch|p2b: Incineroar|Incineroar, L50, F|100/100
|-fieldstart|move: Electric Terrain|[from] ability: Hadron Engine|[of] p2a: Miraidon
|-ability|p2b: Incineroar|Intimidate|boost
|-unboost|p1a: Grimmsnarl|atk|1
|-unboost|p1b: Gholdengo|atk|1
|turn|1
|
|t:|1750777802
|move|p1a: Grimmsnarl|Light Screen|p1a: Grimmsnarl
|-sidestart|p1: Fagiolo bruciato|move: Light Screen
|move|p2a: Miraidon|Electro Drift|p1b: Gholdengo
|-damage|p1b: Gholdengo|14/100
|move|p1b: Gholdengo|Nasty Plot|p1b: Gholdengo
|-boost|p1b: Gholdengo|spa|2
|move|p2b: Incineroar|Parting Shot|p1b: Gholdengo
|-immune|p1b: Gholdengo|[from] ability: Good as Gold
|
|upkeep
|turn|2
|
|t:|1750777830
|switch|p1a: Indeedee|Indeedee-F, L50, F|100/100
|-fieldstart|move: Psychic Terrain|[from] ability: Psychic Surge|[of] p1a: Indeedee
|-terastallize|p2a: Miraidon|Fairy
|move|p1b: Gholdengo|Protect|p1b: Gholdengo
|-singleturn|p1b: Gholdengo|Protect
|move|p2a: Miraidon|Electro Drift|p1b: Gholdengo
|-activate|p1b: Gholdengo|move: Protect
|move|p2b: Incineroar|Parting Shot|p1a: Indeedee
|-unboost|p1a: Indeedee|atk|1
|-unboost|p1a: Indeedee|spa|1
|
|t:|1750777846
|switch|p2b: Farigiraf|Farigiraf, L50, F|100/100|[from] Parting Shot
|
|upkeep
|turn|3
|
|t:|1750777857
|move|p1a: Indeedee|Follow Me|p1a: Indeedee
|-singleturn|p1a: Indeedee|move: Follow Me
|move|p2a: Miraidon|Electro Drift|p1a: Indeedee
|-crit|p1a: Indeedee
|-damage|p1a: Indeedee|0 fnt
|-damage|p2a: Miraidon|84/100|[from] item: Rocky Helmet|[of] p1a: Indeedee
|faint|p1a: Indeedee
|move|p1b: Gholdengo|Make It Rain|p2a: Miraidon|[spread] p2a,p2b
|-supereffective|p2a: Miraidon
|-damage|p2a: Miraidon|0 fnt
|-damage|p2b: Farigiraf|11/100
|-unboost|p1b: Gholdengo|spa|1
|faint|p2a: Miraidon
|-damage|p1b: Gholdengo|4/100|[from] item: Life Orb
|move|p2b: Farigiraf|Trick Room|p2b: Farigiraf
|-fieldstart|move: Trick Room|[of] p2b: Farigiraf
|
|upkeep
|
|t:|1750777870
|switch|p1a: Lunala|Lunala, L50|100/100
|switch|p2a: Calyrex|Calyrex-Ice, L50|100/100
|-ability|p2a: Calyrex|As One
|-ability|p2a: Calyrex|Unnerve
|turn|4
|
|t:|1750777887
|move|p1a: Lunala|Wide Guard|p1a: Lunala
|-singleturn|p1a: Lunala|Wide Guard
|move|p2a: Calyrex|Leech Seed|p1a: Lunala
|-start|p1a: Lunala|move: Leech Seed
|move|p2b: Farigiraf|Dazzling Gleam|p1b: Gholdengo|[spread] 
|-activate|p1a: Lunala|move: Wide Guard
|-activate|p1b: Gholdengo|move: Wide Guard
|move|p1b: Gholdengo|Make It Rain|p2a: Calyrex|[spread] p2a,p2b
|-supereffective|p2a: Calyrex
|-damage|p2a: Calyrex|0 fnt
|-damage|p2b: Farigiraf|0 fnt
|-unboost|p1b: Gholdengo|spa|1
|faint|p2a: Calyrex
|faint|p2b: Farigiraf
|-damage|p1b: Gholdengo|0 fnt|[from] item: Life Orb
|faint|p1b: Gholdengo
|
|upkeep
|-message|Poppledinger forfeited.
|
|win|Fagiolo bruciato
|raw|Fagiolo bruciato's rating: 1284 &rarr; <strong>1314</strong><br />(+30 for winning)
|raw|Poppledinger's rating: 1349 &rarr; <strong>1325</strong><br />(-24 for losing)
|l|☆Poppledinger
|player|p2|
|l|☆Fagiolo bruciato
|player|p1|
