|j|☆stony_manchez
|j|☆sgcactus
|t:|1750743283
|gametype|doubles
|player|p1|stony_manchez|102|1199
|player|p2|sgcactus|170|1208
|teamsize|p1|6
|teamsize|p2|6
|gen|9
|tier|[Gen 9] VGC 2025 Reg I
|rated|
|rule|Species Clause: Limit one of each Pokémon
|rule|Item Clause: Limit 1 of each item
|clearpoke
|poke|p1|Zacian-*, L50|
|poke|p1|Reshiram, L50|
|poke|p1|Landorus-Therian, L50, M|
|poke|p1|Sableye, L50, M|
|poke|p1|Urshifu-*, L50, F|
|poke|p1|Farigiraf, L50, F|
|poke|p2|Raging Bolt, L50|
|poke|p2|Gouging Fire, L50|
|poke|p2|Walking Wake, L50|
|poke|p2|Calyrex-Shadow, L50|
|poke|p2|Kyogre, L50|
|poke|p2|Archaludon, L50, F|
|teampreview|4
|l|☆sgcactus
|player|p2|
|j|☆sgcactus
|player|p2|sgcactus|170|
|inactive|Battle timer is ON: inactive players will automatically lose when time's up. (requested by sgcactus)
|
|t:|1750743347
|start
|switch|p1a: Farigiraf|Farigiraf, L50, F|100/100
|switch|p1b: Landorus|Landorus-Therian, L50, M|100/100
|switch|p2a: Calyrex|Calyrex-Shadow, L50|100/100
|switch|p2b: Kyogre|Kyogre, L50|100/100
|-ability|p2a: Calyrex|As One
|-ability|p2a: Calyrex|Unnerve
|-ability|p1b: Landorus|Intimidate|boost
|-unboost|p2a: Calyrex|atk|1
|-unboost|p2b: Kyogre|atk|1
|-weather|RainDance|[from] ability: Drizzle|[of] p2b: Kyogre
|turn|1
|inactive|stony_manchez has 30 seconds left.
|inactive|sgcactus has 30 seconds left.
|inactive|stony_manchez has 20 seconds left.
|inactive|stony_manchez has 15 seconds left.
|inactive|stony_manchez has 10 seconds left.
|
|t:|1750743392
|-terastallize|p1a: Farigiraf|Water
|move|p1b: Landorus|U-turn|p2a: Calyrex
|-damage|p2a: Calyrex|69/100
|
|t:|1750743398
|switch|p1b: Reshiram|Reshiram, L50|100/100|[from] U-turn
|-ability|p1b: Reshiram|Turboblaze
|move|p2a: Calyrex|Psyshock|p1a: Farigiraf
|-damage|p1a: Farigiraf|58/100
|move|p2b: Kyogre|Water Spout|p1a: Farigiraf|[spread] p1a,p1b
|-resisted|p1a: Farigiraf
|-damage|p1a: Farigiraf|10/100
|-damage|p1b: Reshiram|50/100
|move|p1a: Farigiraf|Trick Room|p1a: Farigiraf
|-fieldstart|move: Trick Room|[of] p1a: Farigiraf
|
|-weather|RainDance|[upkeep]
|upkeep
|turn|2
|inactive|stony_manchez has 30 seconds left.
|inactive|stony_manchez has 20 seconds left.
|
|t:|1750743437
|move|p2a: Calyrex|Protect|p2a: Calyrex
|-singleturn|p2a: Calyrex|Protect
|move|p1a: Farigiraf|Psychic|p2b: Kyogre
|-damage|p2b: Kyogre|78/100
|move|p2b: Kyogre|Water Spout|p1a: Farigiraf|[spread] p1a,p1b
|-resisted|p1a: Farigiraf
|-damage|p1a: Farigiraf|0 fnt
|-damage|p1b: Reshiram|8/100
|faint|p1a: Farigiraf
|move|p1b: Reshiram|Draco Meteor|p2b: Kyogre
|-damage|p2b: Kyogre|26/100
|-unboost|p1b: Reshiram|spa|2
|
|-weather|RainDance|[upkeep]
|-heal|p2b: Kyogre|32/100|[from] item: Leftovers
|upkeep
|
|t:|1750743451
|switch|p1a: Urshifu|Urshifu-Rapid-Strike, L50, F|100/100
|turn|3
|
|t:|1750743469
|switch|p2a: Raging Bolt|Raging Bolt, L50|100/100
|move|p2b: Kyogre|Ice Beam|p1b: Reshiram
|-damage|p1b: Reshiram|0 fnt
|faint|p1b: Reshiram
|move|p1a: Urshifu|Surging Strikes|p2b: Kyogre
|-resisted|p2b: Kyogre
|-crit|p2b: Kyogre
|-damage|p2b: Kyogre|8/100
|-resisted|p2b: Kyogre
|-crit|p2b: Kyogre
|-damage|p2b: Kyogre|0 fnt
|faint|p2b: Kyogre
|-hitcount|p2: Kyogre|2
|
|-weather|RainDance|[upkeep]
|upkeep
|
|t:|1750743485
|switch|p2b: Walking Wake|Walking Wake, L50|100/100
|switch|p1b: Landorus|Landorus-Therian, L50, M|100/100
|-ability|p1b: Landorus|Intimidate|boost
|-unboost|p2a: Raging Bolt|atk|1
|-unboost|p2b: Walking Wake|atk|1
|turn|4
|
|t:|1750743507
|move|p2a: Raging Bolt|Thunderclap|p1a: Urshifu
|-supereffective|p1a: Urshifu
|-damage|p1a: Urshifu|0 fnt
|faint|p1a: Urshifu
|move|p2b: Walking Wake|Hydro Steam|p1b: Landorus
|-supereffective|p1b: Landorus
|-damage|p1b: Landorus|0 fnt
|faint|p1b: Landorus
|
|win|sgcactus
|raw|stony_manchez's rating: 1199 &rarr; <strong>1175</strong><br />(-24 for losing)
|raw|sgcactus's rating: 1208 &rarr; <strong>1232</strong><br />(+24 for winning)
|l|☆stony_manchez
|player|p1|
|l|☆sgcactus
|player|p2|
