|j|☆natsuki aoya
|j|☆BRdilas
|t:|1750817905
|gametype|doubles
|player|p1|natsuki aoya|erika|1335
|player|p2|BRdilas|266|1335
|teamsize|p1|6
|teamsize|p2|6
|gen|9
|tier|[Gen 9] VGC 2025 Reg I
|rated|
|rule|Species Clause: Limit one of each Pokémon
|rule|Item Clause: Limit 1 of each item
|clearpoke
|poke|p1|Calyrex-Ice, L50|
|poke|p1|Kyogre, L50|
|poke|p1|Whimsicott, L50, F|
|poke|p1|Tsareena, L50, F|
|poke|p1|Raging Bolt, L50|
|poke|p1|Swampert, L50, M|
|poke|p2|Chi-Yu, L50|
|poke|p2|Whimsicott, L50, F|
|poke|p2|Amoonguss, L50, F|
|poke|p2|Ursaluna, L50, M|
|poke|p2|Calyrex-Shadow, L50|
|poke|p2|Zamazenta-*, L50|
|teampreview|4
|inactive|Battle timer is ON: inactive players will automatically lose when time's up. (requested by BRdilas)
|j| HolyMane
|inactive|natsuki aoya has 60 seconds left.
|inactive|BRdilas has 60 seconds left.
|l| HolyMane
|inactive|BRdilas has 30 seconds left.
|
|t:|1750817974
|start
|switch|p1a: Whimsicott|Whimsicott, L50, F|100/100
|switch|p1b: Calyrex|Calyrex-Ice, L50|100/100
|switch|p2a: Amoonguss|Amoonguss, L50, F|100/100
|switch|p2b: Calyrex|Calyrex-Shadow, L50|100/100
|-ability|p2b: Calyrex|As One
|-ability|p2b: Calyrex|Unnerve
|-ability|p1b: Calyrex|As One
|-ability|p1b: Calyrex|Unnerve
|turn|1
|
|t:|1750817993
|-terastallize|p1b: Calyrex|Grass
|-terastallize|p2a: Amoonguss|Fire
|move|p2b: Calyrex|Astral Barrage|p1a: Whimsicott|[spread] p1a,p1b
|-damage|p1a: Whimsicott|41/100
|-damage|p1b: Calyrex|58/100
|move|p1b: Calyrex|Glacial Lance|p2b: Calyrex|[spread] p2a,p2b
|-resisted|p2a: Amoonguss
|-crit|p2b: Calyrex
|-damage|p2a: Amoonguss|60/100
|-enditem|p2b: Calyrex|Focus Sash
|-damage|p2b: Calyrex|1/100
|move|p2a: Amoonguss|Spore|p1b: Calyrex
|-immune|p1b: Calyrex
|move|p1a: Whimsicott|Trick Room|p1a: Whimsicott
|-fieldstart|move: Trick Room|[of] p1a: Whimsicott
|
|upkeep
|turn|2
|inactive|BRdilas has 30 seconds left.
|
|t:|1750818027
|switch|p2a: Zamazenta|Zamazenta-Crowned, L50|100/100
|-ability|p2a: Zamazenta|Dauntless Shield|boost
|-boost|p2a: Zamazenta|def|1
|move|p2b: Calyrex|Protect|p2b: Calyrex
|-singleturn|p2b: Calyrex|Protect
|move|p1a: Whimsicott|Encore||[still]
|-fail|p1a: Whimsicott
|move|p1b: Calyrex|Glacial Lance|p2b: Calyrex|[spread] p2a
|-activate|p2b: Calyrex|move: Protect
|-resisted|p2a: Zamazenta
|-crit|p2a: Zamazenta
|-damage|p2a: Zamazenta|61/100
|
|upkeep
|turn|3
|
|t:|1750818047
|move|p2b: Calyrex|Protect||[still]
|-fail|p2b: Calyrex
|move|p1a: Whimsicott|Encore|p2b: Calyrex
|-start|p2b: Calyrex|Encore
|move|p1b: Calyrex|High Horsepower|p2a: Zamazenta
|-supereffective|p2a: Zamazenta
|-damage|p2a: Zamazenta|22/100
|move|p2a: Zamazenta|Body Press|p1a: Whimsicott
|-resisted|p1a: Whimsicott
|-damage|p1a: Whimsicott|12/100
|
|upkeep
|turn|4
|
|t:|1750818068
|switch|p1a: Kyogre|Kyogre, L50|100/100
|-weather|RainDance|[from] ability: Drizzle|[of] p1a: Kyogre
|switch|p2a: Amoonguss|Amoonguss, L50, F, tera:Fire|60/100
|move|p2b: Calyrex|Protect|p2b: Calyrex
|-singleturn|p2b: Calyrex|Protect
|move|p1b: Calyrex|High Horsepower|p2a: Amoonguss
|-supereffective|p2a: Amoonguss
|-damage|p2a: Amoonguss|0 fnt
|-damage|p1b: Calyrex|42/100|[from] item: Rocky Helmet|[of] p2a: Amoonguss
|faint|p2a: Amoonguss
|-ability|p1b: Calyrex|Chilling Neigh|boost
|-boost|p1b: Calyrex|atk|1
|
|-weather|RainDance|[upkeep]
|upkeep
|-message|BRdilas forfeited.
|
|win|natsuki aoya
|raw|natsuki aoya's rating: 1335 &rarr; <strong>1355</strong><br />(+20 for winning)
|raw|BRdilas's rating: 1335 &rarr; <strong>1315</strong><br />(-20 for losing)
|l|☆BRdilas
|player|p2|
