|j|☆badatthis123
|j|☆MengMengZi
|t:|1750830503
|gametype|doubles
|player|p1|badatthis123|wattson|1324
|player|p2|MengMengZi|n|1319
|teamsize|p1|6
|teamsize|p2|6
|gen|9
|tier|[Gen 9] VGC 2025 Reg I
|rated|
|rule|Species Clause: Limit one of each Pokémon
|rule|Item Clause: Limit 1 of each item
|clearpoke
|poke|p1|Ho-Oh, L50|
|poke|p1|Groudon, L50|
|poke|p1|Walking Wake, L50|
|poke|p1|Raging Bolt, L50|
|poke|p1|Kingambit, L50, F|
|poke|p1|Incineroar, L50, M|
|poke|p2|Ho-Oh, L50|
|poke|p2|Koraidon, L50|
|poke|p2|Flutter Mane, L50|
|poke|p2|Walking Wake, L50|
|poke|p2|Venusaur, L50, F|
|poke|p2|Snorlax, L50, M|
|teampreview|4
|inactive|Battle timer is ON: inactive players will automatically lose when time's up. (requested by badatthis123)
|inactive|badatthis123 has 60 seconds left.
|inactive|MengMengZi has 60 seconds left.
|inactive|badatthis123 has 30 seconds left.
|inactive|badatthis123 has 20 seconds left.
|inactive|badatthis123 has 15 seconds left.
|inactive|badatthis123 has 10 seconds left.
|inactive|badatthis123 has 5 seconds left.
|
|t:|1750830590
|start
|switch|p1a: Incineroar|Incineroar, L50, M|100/100
|switch|p1b: Walking Wake|Walking Wake, L50|100/100
|switch|p2a: Ho-Oh|Ho-Oh, L50, shiny|100/100
|switch|p2b: Koraidon|Koraidon, L50|100/100
|-weather|SunnyDay|[from] ability: Orichalcum Pulse|[of] p2b: Koraidon
|-activate|p1b: Walking Wake|ability: Protosynthesis
|-start|p1b: Walking Wake|protosynthesisspe
|-activate|p2b: Koraidon|Orichalcum Pulse|[source]
|-ability|p1a: Incineroar|Intimidate|boost
|-unboost|p2a: Ho-Oh|atk|1
|-unboost|p2b: Koraidon|atk|1
|turn|1
|
|t:|1750830607
|switch|p2b: Venusaur|Venusaur, L50, F, shiny|100/100
|switch|p1a: Ho-Oh|Ho-Oh, L50|100/100
|move|p1b: Walking Wake|Hydro Steam|p2a: Ho-Oh
|-supereffective|p2a: Ho-Oh
|-damage|p2a: Ho-Oh|29/100
|-damage|p1b: Walking Wake|91/100|[from] item: Life Orb
|move|p2a: Ho-Oh|Tailwind|p2a: Ho-Oh
|-sidestart|p2: MengMengZi|move: Tailwind
|
|-weather|SunnyDay|[upkeep]
|upkeep
|turn|2
|inactive|badatthis123 has 30 seconds left.
|
|t:|1750830639
|switch|p2a: Koraidon|Koraidon, L50|100/100
|-activate|p2a: Koraidon|ability: Orichalcum Pulse
|move|p2b: Venusaur|Sleep Powder|p1a: Ho-Oh
|-status|p1a: Ho-Oh|slp|[from] move: Sleep Powder
|move|p1b: Walking Wake|Flamethrower|p2b: Venusaur
|-supereffective|p2b: Venusaur
|-damage|p2b: Venusaur|0 fnt
|faint|p2b: Venusaur
|-damage|p1b: Walking Wake|81/100|[from] item: Life Orb
|cant|p1a: Ho-Oh|slp
|
|-weather|SunnyDay|[upkeep]
|upkeep
|-message|MengMengZi forfeited.
|
|win|badatthis123
|raw|badatthis123's rating: 1324 &rarr; <strong>1344</strong><br />(+20 for winning)
|raw|MengMengZi's rating: 1319 &rarr; <strong>1299</strong><br />(-20 for losing)
|l|☆MengMengZi
|player|p2|
|l|☆badatthis123
|player|p1|
