|j|☆Stonexe
|j|☆maodawang
|t:|1750832125
|gametype|doubles
|player|p1|Stonexe|266|1194
|player|p2|maodawang|169|1297
|teamsize|p1|6
|teamsize|p2|6
|gen|9
|tier|[Gen 9] VGC 2025 Reg I
|rated|
|rule|Species Clause: Limit one of each Pokémon
|rule|Item Clause: Limit 1 of each item
|clearpoke
|poke|p1|Grafaiai, L50, M|
|poke|p1|Miraidon, L50|
|poke|p1|Calyrex-Ice, L50|
|poke|p1|Ogerpon-Wellspring, L50, F|
|poke|p1|Entei, L50|
|poke|p1|Iron Jugulis, L50|
|poke|p2|Incineroar, L50, F|
|poke|p2|Urshifu-*, L50, M|
|poke|p2|Sinistcha-Masterpiece, L50|
|poke|p2|Ting-Lu, L50|
|poke|p2|Dialga-Origin, L50|
|poke|p2|Ho-Oh, L50|
|teampreview|4
|inactive|Battle timer is ON: inactive players will automatically lose when time's up. (requested by maodawang)
|inactive|Stonexe also wants the timer to be on.
|
|t:|1750832143
|start
|switch|p1a: Miraidon|Miraidon, L50|100/100
|switch|p1b: AnalTouch|Grafaiai, L50, M|100/100
|switch|p2a: Incineroar|Incineroar, L50, F|100/100
|switch|p2b: Ho-Oh|Ho-Oh, L50|100/100
|-fieldstart|move: Electric Terrain|[from] ability: Hadron Engine|[of] p1a: Miraidon
|-enditem|p1b: AnalTouch|Electric Seed
|-boost|p1b: AnalTouch|def|1|[from] item: Electric Seed
|-ability|p2a: Incineroar|Intimidate|boost
|-unboost|p1a: Miraidon|atk|1
|-unboost|p1b: AnalTouch|atk|1
|turn|1
|
|t:|1750832159
|move|p2a: Incineroar|Fake Out|p1a: Miraidon
|-damage|p1a: Miraidon|90/100
|move|p1b: AnalTouch|Knock Off|p2a: Incineroar
|-resisted|p2a: Incineroar
|-damage|p2a: Incineroar|95/100
|-enditem|p2a: Incineroar|Safety Goggles|[from] move: Knock Off|[of] p1b: AnalTouch
|move|p1a: Miraidon|Electro Drift|p2b: Ho-Oh
|-supereffective|p2b: Ho-Oh
|-damage|p2b: Ho-Oh|0 fnt
|faint|p2b: Ho-Oh
|
|upkeep
|-message|maodawang forfeited.
|
|win|Stonexe
|raw|Stonexe's rating: 1194 &rarr; <strong>1226</strong><br />(+32 for winning)
|raw|maodawang's rating: 1297 &rarr; <strong>1265</strong><br />(-32 for losing)
|l|☆maodawang
|player|p2|
|l|☆Stonexe
|player|p1|
