|j|☆BtheMan
|j|☆relearningvgcbr
|t:|1750877469
|gametype|doubles
|player|p1|BtheMan|fisherman-gen4|1454
|player|p2|relearningvgcbr|266|1423
|teamsize|p1|6
|teamsize|p2|6
|gen|9
|tier|[Gen 9] VGC 2025 Reg I
|rated|
|rule|Species Clause: Limit one of each Pokémon
|rule|Item Clause: Limit 1 of each item
|clearpoke
|poke|p1|Weezing-Galar, L50, F|
|poke|p1|Calyrex-Shadow, L50|
|poke|p1|Chi-Yu, L50|
|poke|p1|Koraidon, L50|
|poke|p1|Brute Bonnet, L50|
|poke|p1|Raging Bolt, L50|
|poke|p2|Flutter Mane, L50|
|poke|p2|Chi-Yu, L50|
|poke|p2|Koraidon, L50|
|poke|p2|Murkrow, L50, M|
|poke|p2|Amoonguss, L50, M|
|poke|p2|Ursaluna, L50, F|
|teampreview|4
|inactive|Battle timer is ON: inactive players will automatically lose when time's up. (requested by BtheMan)
BtheMan has agreed to open team sheets.
|l|☆relearningvgcbr
|inactive|relearningvgcbr disconnected and has a minute to reconnect!
|player|p2|
|inactive|BtheMan has 60 seconds left.
|j|☆relearningvgcbr
|inactive|relearningvgcbr reconnected and has 60 seconds left.
|player|p2|relearningvgcbr|266|
|
|t:|1750877524
|start
|switch|p1a: Calyrex|Calyrex-Shadow, L50|100/100
|switch|p1b: Raging Bolt|Raging Bolt, L50|100/100
|switch|p2a: Amoonguss|Amoonguss, L50, M|100/100
|switch|p2b: Chi-Yu|Chi-Yu, L50|100/100
|-ability|p1a: Calyrex|As One
|-ability|p1a: Calyrex|Unnerve
|-ability|p2b: Chi-Yu|Beads of Ruin
|turn|1
|
|t:|1750877542
|move|p1a: Calyrex|Protect|p1a: Calyrex
|-singleturn|p1a: Calyrex|Protect
|move|p2b: Chi-Yu|Snarl|p1b: Raging Bolt|[spread] p1b
|-activate|p1a: Calyrex|move: Protect
|-damage|p1b: Raging Bolt|82/100
|-unboost|p1b: Raging Bolt|spa|1
|move|p1b: Raging Bolt|Electroweb|p2b: Chi-Yu|[spread] p2a,p2b
|-resisted|p2a: Amoonguss
|-damage|p2a: Amoonguss|91/100
|-damage|p2b: Chi-Yu|81/100
|-unboost|p2a: Amoonguss|spe|1
|-unboost|p2b: Chi-Yu|spe|1
|move|p2a: Amoonguss|Spore|p1a: Calyrex
|-activate|p1a: Calyrex|move: Protect
|
|upkeep
|turn|2
|inactive|BtheMan has 30 seconds left.
|
|t:|1750877568
|move|p1b: Raging Bolt|Thunderclap|p2b: Chi-Yu
|-damage|p2b: Chi-Yu|49/100
|move|p1a: Calyrex|Psychic|p2a: Amoonguss
|-supereffective|p2a: Amoonguss
|-crit|p2a: Amoonguss
|-damage|p2a: Amoonguss|0 fnt
|faint|p2a: Amoonguss
|-ability|p1a: Calyrex|Grim Neigh|boost
|-boost|p1a: Calyrex|spa|1
|move|p2b: Chi-Yu|Snarl|p1a: Calyrex|[spread] p1a,p1b
|-supereffective|p1a: Calyrex
|-enditem|p1a: Calyrex|Focus Sash
|-damage|p1a: Calyrex|1/100
|-damage|p1b: Raging Bolt|64/100
|-unboost|p1a: Calyrex|spa|1
|-unboost|p1b: Raging Bolt|spa|1
|
|upkeep
|
|t:|1750877583
|switch|p2a: Flutter Mane|Flutter Mane, L50|100/100
|turn|3
|
|t:|1750877592
|switch|p2b: Koraidon|Koraidon, L50|100/100
|-weather|SunnyDay|[from] ability: Orichalcum Pulse|[of] p2b: Koraidon
|-activate|p2a: Flutter Mane|ability: Protosynthesis
|-start|p2a: Flutter Mane|protosynthesisspe
|-activate|p1b: Raging Bolt|ability: Protosynthesis
|-start|p1b: Raging Bolt|protosynthesisdef
|-activate|p2b: Koraidon|Orichalcum Pulse|[source]
|-terastallize|p2a: Flutter Mane|Fairy
|move|p1b: Raging Bolt|Thunderclap|p2a: Flutter Mane
|-damage|p2a: Flutter Mane|79/100
|move|p2a: Flutter Mane|Dazzling Gleam|p1b: Raging Bolt|[spread] p1a,p1b
|-supereffective|p1b: Raging Bolt
|-damage|p1a: Calyrex|0 fnt
|-damage|p1b: Raging Bolt|0 fnt
|faint|p1a: Calyrex
|faint|p1b: Raging Bolt
|-end|p1b: Raging Bolt|Protosynthesis|[silent]
|
|-weather|SunnyDay|[upkeep]
|upkeep
|
|t:|1750877604
|switch|p1a: Koraidon|Koraidon, L50|100/100
|switch|p1b: Brute Bonnet|Brute Bonnet, L50|100/100
|-activate|p1a: Koraidon|ability: Orichalcum Pulse
|-activate|p1b: Brute Bonnet|ability: Protosynthesis
|-start|p1b: Brute Bonnet|protosynthesisdef
|turn|4
|
|t:|1750877620
|-terastallize|p1a: Koraidon|Fire
|move|p2a: Flutter Mane|Dazzling Gleam|p1b: Brute Bonnet|[spread] p1a,p1b
|-resisted|p1a: Koraidon
|-supereffective|p1b: Brute Bonnet
|-damage|p1a: Koraidon|74/100
|-damage|p1b: Brute Bonnet|0 fnt
|faint|p1b: Brute Bonnet
|-end|p1b: Brute Bonnet|Protosynthesis|[silent]
|move|p2b: Koraidon|Outrage|p1a: Koraidon
|-damage|p1a: Koraidon|0 fnt
|faint|p1a: Koraidon
|-damage|p2b: Koraidon|91/100|[from] item: Life Orb
|
|win|relearningvgcbr
|raw|BtheMan's rating: 1454 &rarr; <strong>1432</strong><br />(-22 for losing)
|raw|relearningvgcbr's rating: 1423 &rarr; <strong>1445</strong><br />(+22 for winning)
|l|☆BtheMan
|player|p1|
