|j|☆goonlet
|j|☆hurryuploser
|t:|1750826025
|gametype|doubles
|player|p1|goonlet|1|1084
|player|p2|hurryuploser|shadowtriad|1026
|teamsize|p1|6
|teamsize|p2|6
|gen|9
|tier|[Gen 9] VGC 2025 Reg I
|rated|
|rule|Species Clause: Limit one of each Pokémon
|rule|Item Clause: Limit 1 of each item
|clearpoke
|poke|p1|Ursaluna, L50, F|
|poke|p1|Regieleki, L50|
|poke|p1|Zamazenta-*, L50|
|poke|p1|Rayquaza, L50|
|poke|p1|Tropius, L50, M|
|poke|p1|Kleavor, L50, F|
|poke|p2|Groudon, L50|
|poke|p2|Raging Bolt, L50|
|poke|p2|Flutter Mane, L50|
|poke|p2|Clefairy, L50, M|
|poke|p2|Incineroar, L50, F|
|poke|p2|Tornadus, L50, M|
|teampreview|4
|
|t:|1750826035
|start
|switch|p1a: Kleavor|Kleavor, L50, F|100/100
|switch|p1b: Tropius|Tropius, L50, M|100/100
|switch|p2a: Groudon|Groudon, L50|100/100
|switch|p2b: Clefairy|Clefairy, L50, M, shiny|100/100
|-weather|SunnyDay|[from] ability: Drought|[of] p2a: Groudon
|turn|1
|
|t:|1750826059
|-terastallize|p1a: Kleavor|Bug
|move|p2b: Clefairy|Helping Hand|p2a: Groudon
|-singleturn|p2a: Groudon|Helping Hand|[of] p2b: Clefairy
|move|p1b: Tropius|Wide Guard|p1b: Tropius
|-singleturn|p1b: Tropius|Wide Guard
|move|p2a: Groudon|Eruption|p1a: Kleavor|[spread] 
|-activate|p1a: Kleavor|move: Wide Guard
|-activate|p1b: Tropius|move: Wide Guard
|move|p1a: Kleavor|Fury Cutter|p2a: Groudon
|-damage|p2a: Groudon|59/100
|
|-weather|SunnyDay|[upkeep]
|upkeep
|turn|2
|
|t:|1750826079
|move|p2b: Clefairy|Follow Me|p2b: Clefairy
|-singleturn|p2b: Clefairy|move: Follow Me
|move|p2a: Groudon|High Horsepower|p1a: Kleavor
|-resisted|p1a: Kleavor
|-damage|p1a: Kleavor|67/100
|move|p1a: Kleavor|Fury Cutter|p2b: Clefairy
|-resisted|p2b: Clefairy
|-damage|p2b: Clefairy|12/100
|move|p1b: Tropius|Leaf Storm|p2b: Clefairy
|-damage|p2b: Clefairy|0 fnt
|-unboost|p1b: Tropius|spa|2
|faint|p2b: Clefairy
|
|-weather|SunnyDay|[upkeep]
|upkeep
|
|t:|1750826088
|switch|p2b: Tornadus|Tornadus, L50, M|100/100
|turn|3
|
|t:|1750826096
|move|p1b: Tropius|Wide Guard|p1b: Tropius
|-singleturn|p1b: Tropius|Wide Guard
|move|p2b: Tornadus|Tailwind|p2b: Tornadus
|-sidestart|p2: hurryuploser|move: Tailwind
|move|p2a: Groudon|Eruption|p1a: Kleavor|[spread] 
|-activate|p1a: Kleavor|move: Wide Guard
|-activate|p1b: Tropius|move: Wide Guard
|move|p1a: Kleavor|Fury Cutter|p2a: Groudon
|-damage|p2a: Groudon|0 fnt
|faint|p2a: Groudon
|
|-weather|SunnyDay|[upkeep]
|upkeep
|
|t:|1750826103
|switch|p2a: Raging Bolt|Raging Bolt, L50|100/100
|-activate|p2a: Raging Bolt|ability: Protosynthesis
|-start|p2a: Raging Bolt|protosynthesisspa
|turn|4
|-message|hurryuploser forfeited.
|
|win|goonlet
|raw|goonlet's rating: 1084 &rarr; <strong>1107</strong><br />(+23 for winning)
|raw|hurryuploser's rating: 1026 &rarr; <strong>1014</strong><br />(-12 for losing)
|l|☆hurryuploser
|player|p2|
