|j|☆alethor
|j|☆xmasonpalmerx
|t:|1750715791
|gametype|doubles
|player|p1|alethor|gambler|1140
|player|p2|xmasonpalmerx|nate|1052
|teamsize|p1|6
|teamsize|p2|6
|gen|9
|tier|[Gen 9] VGC 2025 Reg I
|rated|
|rule|Species Clause: Limit one of each Pokémon
|rule|Item Clause: Limit 1 of each item
|clearpoke
|poke|p1|Incineroar, L50, F|
|poke|p1|Calyrex-Shadow, L50|
|poke|p1|Flutter Mane, L50|
|poke|p1|Clefable, L50, M|
|poke|p1|Ambipom, L50, F|
|poke|p1|Sneasler, L50, M|
|poke|p2|Annihilape, L50, M|
|poke|p2|Maushold, L50|
|poke|p2|Lucario, L50, M|
|poke|p2|Reshiram, L50|
|poke|p2|Mamoswine, L50, F|
|poke|p2|Amoonguss, L50, F|
|teampreview|4
|inactive|Battle timer is ON: inactive players will automatically lose when time's up. (requested by alethor)
|
|t:|1750715816
|start
|switch|p1a: Calyrex|Calyrex-Shadow, L50|100/100
|switch|p1b: Flutter Mane|Flutter Mane, L50|100/100
|switch|p2a: Annihilape|Annihilape, L50, M|100/100
|switch|p2b: Reshiram|Reshiram, L50|100/100
|-ability|p1a: Calyrex|As One
|-ability|p1a: Calyrex|Unnerve
|-ability|p2b: Reshiram|Turboblaze
|-enditem|p1b: Flutter Mane|Booster Energy
|-activate|p1b: Flutter Mane|ability: Protosynthesis|[fromitem]
|-start|p1b: Flutter Mane|protosynthesisspe
|turn|1
|inactive|xmasonpalmerx has 30 seconds left.
|inactive|xmasonpalmerx has 20 seconds left.
|inactive|xmasonpalmerx has 15 seconds left.
|inactive|xmasonpalmerx has 10 seconds left.
|inactive|xmasonpalmerx has 5 seconds left.
|
|t:|1750715869
|-terastallize|p1a: Calyrex|Ghost
|move|p1b: Flutter Mane|Icy Wind|p2b: Reshiram|[spread] p2a,p2b
|-damage|p2a: Annihilape|87/100
|-damage|p2b: Reshiram|87/100
|-unboost|p2a: Annihilape|spe|1
|-ability|p2a: Annihilape|Defiant|boost
|-boost|p2a: Annihilape|atk|2
|-unboost|p2b: Reshiram|spe|1
|move|p1a: Calyrex|Astral Barrage|p2a: Annihilape|[spread] p2a,p2b
|-supereffective|p2a: Annihilape
|-damage|p2a: Annihilape|0 fnt
|-damage|p2b: Reshiram|0 fnt
|faint|p2a: Annihilape
|faint|p2b: Reshiram
|-ability|p1a: Calyrex|Grim Neigh|boost
|-boost|p1a: Calyrex|spa|2
|
|upkeep
|
|t:|1750715887
|switch|p2b: Mamoswine|Mamoswine, L50, F|100/100
|switch|p2a: Maushold|Maushold, L50|100/100
|turn|2
|inactive|xmasonpalmerx has 30 seconds left.
|
|t:|1750715913
|move|p1b: Flutter Mane|Moonblast|p2a: Maushold
|-damage|p2a: Maushold|40/100
|move|p1a: Calyrex|Astral Barrage|p2b: Mamoswine|[spread] p2b
|-immune|p2a: Maushold
|-damage|p2b: Mamoswine|0 fnt
|faint|p2b: Mamoswine
|-ability|p1a: Calyrex|Grim Neigh|boost
|-boost|p1a: Calyrex|spa|1
|move|p2a: Maushold|Beat Up|p1a: Calyrex
|-supereffective|p1a: Calyrex
|-damage|p1a: Calyrex|95/100
|-hitcount|p1a: Calyrex|1
|
|upkeep
|turn|3
|-message|xmasonpalmerx forfeited.
|
|win|alethor
|raw|alethor's rating: 1140 &rarr; <strong>1159</strong><br />(+19 for winning)
|raw|xmasonpalmerx's rating: 1052 &rarr; <strong>1039</strong><br />(-13 for losing)
|l|☆xmasonpalmerx
|player|p2|
