|j|‽Reeynee
|j|☆anfora34
|t:|1750781675
|gametype|doubles
|player|p1|Reeynee|rosa|1337
|player|p2|anfora34|lucas|1371
|teamsize|p1|6
|teamsize|p2|6
|gen|9
|tier|[Gen 9] VGC 2025 Reg I
|rated|
|rule|Species Clause: Limit one of each Pokémon
|rule|Item Clause: Limit 1 of each item
|clearpoke
|poke|p1|Reshiram, L50|
|poke|p1|Whimsicott, L50, F|
|poke|p1|Calyrex-Ice, L50|
|poke|p1|Farigiraf, L50, M|
|poke|p1|Rillaboom, L50, F|
|poke|p1|Flutter Mane, L50|
|poke|p2|Indeedee-F, L50, F|
|poke|p2|Calyrex-Ice, L50|
|poke|p2|Torkoal, L50, F|
|poke|p2|Zamazenta-*, L50|
|poke|p2|Ogerpon-Cornerstone, L50, F|
|poke|p2|Urshifu-*, L50, F|
|teampreview|4
|inactive|Battle timer is ON: inactive players will automatically lose when time's up. (requested by Reeynee)
Reeynee rejected open team sheets.
|
|t:|1750781723
|start
|switch|p1a: Reshiram|Reshiram, L50, shiny|100/100
|switch|p1b: Whimsicott|Whimsicott, L50, F, shiny|100/100
|switch|p2a: Indeedee|Indeedee-F, L50, F|100/100
|switch|p2b: Calyrex|Calyrex-Ice, L50|100/100
|-ability|p2b: Calyrex|As One
|-ability|p2b: Calyrex|Unnerve
|-fieldstart|move: Psychic Terrain|[from] ability: Psychic Surge|[of] p2a: Indeedee
|-ability|p1a: Reshiram|Turboblaze
|turn|1
|inactive|Reeynee has 30 seconds left.
|
|t:|1750781749
|move|p2a: Indeedee|Follow Me|p2a: Indeedee
|-singleturn|p2a: Indeedee|move: Follow Me
|move|p1b: Whimsicott|Sunny Day|p1b: Whimsicott
|-weather|SunnyDay
|move|p1a: Reshiram|Heat Wave|p2a: Indeedee|[spread] p2a,p2b
|-supereffective|p2b: Calyrex
|-damage|p2a: Indeedee|8/100
|-damage|p2b: Calyrex|0 fnt
|-status|p2a: Indeedee|brn
|faint|p2b: Calyrex
|-damage|p1a: Reshiram|91/100|[from] item: Life Orb
|
|-weather|SunnyDay|[upkeep]
|-damage|p2a: Indeedee|2/100 brn|[from] brn
|upkeep
|
|t:|1750781762
|switch|p2b: Torkoal|Torkoal, L50, F|100/100
|turn|2
|
|t:|1750781779
|move|p2a: Indeedee|Follow Me|p2a: Indeedee
|-singleturn|p2a: Indeedee|move: Follow Me
|move|p1b: Whimsicott|Moonblast|p2a: Indeedee
|-damage|p2a: Indeedee|0 fnt
|faint|p2a: Indeedee
|move|p1a: Reshiram|Blue Flare|p2b: Torkoal
|-resisted|p2b: Torkoal
|-damage|p2b: Torkoal|0 fnt
|faint|p2b: Torkoal
|-damage|p1a: Reshiram|81/100|[from] item: Life Orb
|
|-weather|SunnyDay|[upkeep]
|upkeep
|
|t:|1750781785
|switch|p2b: Zamazenta|Zamazenta-Crowned, L50|100/100
|-ability|p2b: Zamazenta|Dauntless Shield|boost
|-boost|p2b: Zamazenta|def|1
|turn|3
|
|t:|1750781798
|move|p1b: Whimsicott|Tailwind|p1b: Whimsicott
|-sidestart|p1: Reeynee|move: Tailwind
|move|p1a: Reshiram|Blue Flare|p2b: Zamazenta
|-supereffective|p2b: Zamazenta
|-damage|p2b: Zamazenta|0 fnt
|faint|p2b: Zamazenta
|-damage|p1a: Reshiram|71/100|[from] item: Life Orb
|
|win|Reeynee
|raw|Reeynee's rating: 1337 &rarr; <strong>1359</strong><br />(+22 for winning)
|raw|anfora34's rating: 1371 &rarr; <strong>1349</strong><br />(-22 for losing)
|l|☆anfora34
|player|p2|
