|j|☆Moosewii7
|j|☆i❤娜禄forever
|t:|1750857897
|gametype|doubles
|player|p1|Moosewii7|2|1532
|player|p2|i❤娜禄forever|youngcouple|1574
|teamsize|p1|6
|teamsize|p2|6
|gen|9
|tier|[Gen 9] VGC 2025 Reg I
|rated|
|rule|Species Clause: Limit one of each Pokémon
|rule|Item Clause: Limit 1 of each item
|clearpoke
|poke|p1|Calyrex-Shadow, L50|
|poke|p1|Indeedee-F, L50, F|
|poke|p1|Kyogre, L50|
|poke|p1|Maushold-Four, L50|
|poke|p1|Regieleki, L50|
|poke|p1|Oranguru, L50, F|
|poke|p2|Koraidon, L50|
|poke|p2|Miraidon, L50|
|poke|p2|Whimsicott, L50, M|
|poke|p2|Ditto, L50|
|poke|p2|Raging Bolt, L50|
|poke|p2|Flutter Mane, L50|
|teampreview|4
|
|t:|1750857909
|start
|switch|p1a: Regieleki|Regieleki, L50|100/100
|switch|p1b: Maushold|Maushold-Four, L50|100/100
|switch|p2a: Miraidon|Miraidon, L50|100/100
|switch|p2b: Whimsicott|Whimsicott, L50, M|100/100
|-fieldstart|move: Electric Terrain|[from] ability: Hadron Engine|[of] p2a: Miraidon
|turn|1
|
|t:|1750857937
|move|p2b: Whimsicott|Tailwind|p2b: Whimsicott
|-sidestart|p2: i❤娜禄forever|move: Tailwind
|move|p2a: Miraidon|Dazzling Gleam|p1b: Maushold|[spread] p1a,p1b
|-damage|p1a: Regieleki|42/100
|-damage|p1b: Maushold|56/100
|move|p1a: Regieleki|Electroweb|p2b: Whimsicott|[spread] p2a,p2b
|-resisted|p2a: Miraidon
|-resisted|p2b: Whimsicott
|-damage|p2a: Miraidon|94/100
|-damage|p2b: Whimsicott|51/100
|-unboost|p2a: Miraidon|spe|1
|-unboost|p2b: Whimsicott|spe|1
|move|p1b: Maushold|Population Bomb|p2a: Miraidon
|-damage|p2a: Miraidon|84/100
|-damage|p2a: Miraidon|75/100
|-damage|p2a: Miraidon|64/100
|-damage|p2a: Miraidon|54/100
|-damage|p2a: Miraidon|43/100
|-damage|p2a: Miraidon|33/100
|-damage|p2a: Miraidon|24/100
|-damage|p2a: Miraidon|13/100
|-damage|p2a: Miraidon|3/100
|-damage|p2a: Miraidon|0 fnt
|faint|p2a: Miraidon
|-hitcount|p2: Miraidon|10
|
|upkeep
|
|t:|1750857951
|switch|p2a: Koraidon|Koraidon, L50|100/100
|-weather|SunnyDay|[from] ability: Orichalcum Pulse|[of] p2a: Koraidon
|-activate|p2a: Koraidon|Orichalcum Pulse|[source]
|turn|2
|l|☆i❤娜禄forever
|player|p2|
|
|t:|1750857989
|-terastallize|p1b: Maushold|Ghost
|move|p2a: Koraidon|Collision Course|p1b: Maushold
|-immune|p1b: Maushold
|move|p1a: Regieleki|Electroweb|p2b: Whimsicott|[spread] p2a,p2b
|-resisted|p2a: Koraidon
|-resisted|p2b: Whimsicott
|-damage|p2a: Koraidon|78/100
|-damage|p2b: Whimsicott|0 fnt
|-unboost|p2a: Koraidon|spe|1
|faint|p2b: Whimsicott
|move|p1b: Maushold|Population Bomb|p2a: Koraidon
|-damage|p2a: Koraidon|68/100
|-damage|p2a: Koraidon|58/100
|-damage|p2a: Koraidon|48/100
|-damage|p2a: Koraidon|39/100
|-damage|p2a: Koraidon|30/100
|-damage|p2a: Koraidon|19/100
|-damage|p2a: Koraidon|10/100
|-damage|p2a: Koraidon|1/100
|-damage|p2a: Koraidon|0 fnt
|faint|p2a: Koraidon
|-hitcount|p2: Koraidon|9
|
|-weather|SunnyDay|[upkeep]
|upkeep
|inactive|Battle timer is ON: inactive players will automatically lose when time's up. (requested by Moosewii7)
|inactive|i❤娜禄forever has 30 seconds to reconnect!
|inactive|i❤娜禄forever has 20 seconds to reconnect!
|inactive|i❤娜禄forever has 15 seconds to reconnect!
|inactive|i❤娜禄forever has 10 seconds to reconnect!
|inactive|i❤娜禄forever has 5 seconds to reconnect!
|j|☆i❤娜禄forever
|inactive|i❤娜禄forever reconnected and has 35 seconds left.
|player|p2|i❤娜禄forever|youngcouple|
|inactive|i❤娜禄forever has 30 seconds left.
|n|☆i❤娜禄forever|iforever
|inactive|i❤娜禄forever has 20 seconds left.
|inactive|i❤娜禄forever has 15 seconds left.
|
|t:|1750858117
|switch|p2b: Ditto|Ditto, L50|100/100
|-transform|p2b: Ditto|p1a: Regieleki|[from] ability: Imposter
|turn|3
|l|☆Moosewii7
|inactive|Moosewii7 disconnected and has a minute to reconnect!
|player|p1|
|j|☆Moosewii7
|inactive|Moosewii7 reconnected and has 50 seconds left.
|player|p1|Moosewii7|2|
|inactive|Moosewii7 has 30 seconds left.
|inactive|Moosewii7 has 20 seconds left.
|
|t:|1750858157
|move|p1b: Maushold|Protect|p1b: Maushold
|-singleturn|p1b: Maushold|Protect
|move|p2b: Ditto|Electroweb|p1b: Maushold|[spread] p1a
|-activate|p1b: Maushold|move: Protect
|-resisted|p1a: Regieleki
|-damage|p1a: Regieleki|10/100
|-unboost|p1a: Regieleki|spe|1
|move|p1a: Regieleki|Electroweb|p2b: Ditto
|-resisted|p2b: Ditto
|-damage|p2b: Ditto|39/100
|-unboost|p2b: Ditto|spe|1
|
|-weather|SunnyDay|[upkeep]
|upkeep
|turn|4
|inactive|Moosewii7 has 30 seconds left.
|
|t:|1750858190
|move|p2b: Ditto|Electroweb|p1a: Regieleki|[spread] p1b
|-miss|p2b: Ditto|p1a: Regieleki
|-damage|p1b: Maushold|10/100
|-unboost|p1b: Maushold|spe|1
|move|p1a: Regieleki|Electroweb|p2b: Ditto
|-resisted|p2b: Ditto
|-damage|p2b: Ditto|0 fnt
|faint|p2b: Ditto
|
|win|Moosewii7
|raw|Moosewii7's rating: 1532 &rarr; <strong>1554</strong><br />(+22 for winning)
|raw|i❤娜禄forever's rating: 1574 &rarr; <strong>1552</strong><br />(-22 for losing)
|l|☆i❤娜禄forever
|player|p2|
|l|☆Moosewii7
|player|p1|
