|j|☆chardoub
|j|☆Swiftstorm
|t:|1750854145
|gametype|doubles
|player|p1|chardoub|265|1296
|player|p2|Swiftstorm|1|1364
|teamsize|p1|6
|teamsize|p2|6
|gen|9
|tier|[Gen 9] VGC 2025 Reg I
|rated|
|rule|Species Clause: Limit one of each Pokémon
|rule|Item Clause: Limit 1 of each item
|clearpoke
|poke|p1|Calyrex-Shadow, L50|
|poke|p1|Koraidon, L50|
|poke|p1|Whimsicott, L50, M|
|poke|p1|Urshifu-*, L50, F|
|poke|p1|Iron Treads, L50|
|poke|p1|Raging Bolt, L50|
|poke|p2|Zamazenta-*, L50|
|poke|p2|Eternatus, L50|
|poke|p2|Raichu, L50, M|
|poke|p2|Weavile, L50, F|
|poke|p2|Politoed, L50, M|
|poke|p2|Great Tusk, L50|
|teampreview|4
|inactive|Battle timer is ON: inactive players will automatically lose when time's up. (requested by chardoub)
|
|t:|1750854175
|start
|switch|p1a: Whimsicott|Whimsicott, L50, M|100/100
|switch|p1b: Calyrex|Calyrex-Shadow, L50|100/100
|switch|p2a: Zamazenta|Zamazenta-Crowned, L50|100/100
|switch|p2b: Great Tusk|Great Tusk, L50|100/100
|-ability|p1b: Calyrex|As One
|-ability|p1b: Calyrex|Unnerve
|-ability|p2a: Zamazenta|Dauntless Shield|boost
|-boost|p2a: Zamazenta|def|1
|turn|1
|inactive|chardoub has 30 seconds left.
|
|t:|1750854200
|move|p1b: Calyrex|Nasty Plot|p1b: Calyrex
|-boost|p1b: Calyrex|spa|2
|move|p1a: Whimsicott|Moonblast|p2b: Great Tusk
|-supereffective|p2b: Great Tusk
|-damage|p2b: Great Tusk|43/100
|move|p2a: Zamazenta|Iron Defense|p2a: Zamazenta
|-boost|p2a: Zamazenta|def|2
|move|p2b: Great Tusk|Knock Off|p1b: Calyrex
|-supereffective|p1b: Calyrex
|-enditem|p1b: Calyrex|Focus Sash
|-damage|p1b: Calyrex|1/100
|
|upkeep
|turn|2
|
|t:|1750854225
|-end|p2b: Great Tusk|Protosynthesis|[silent]
|switch|p2b: Eternatus|Eternatus, L50|100/100
|-ability|p2b: Eternatus|Pressure
|-terastallize|p1b: Calyrex|Fighting
|move|p2a: Zamazenta|Wide Guard|p2a: Zamazenta
|-singleturn|p2a: Zamazenta|Wide Guard
|move|p1b: Calyrex|Tera Blast|p2a: Zamazenta|[anim] Tera Blast Fighting
|-supereffective|p2a: Zamazenta
|-damage|p2a: Zamazenta|0 fnt
|faint|p2a: Zamazenta
|-ability|p1b: Calyrex|Grim Neigh|boost
|-boost|p1b: Calyrex|spa|1
|move|p1a: Whimsicott|Moonblast|p2b: Eternatus
|-damage|p2b: Eternatus|79/100
|
|upkeep
|-message|Swiftstorm forfeited.
|
|win|chardoub
|raw|chardoub's rating: 1296 &rarr; <strong>1326</strong><br />(+30 for winning)
|raw|Swiftstorm's rating: 1364 &rarr; <strong>1340</strong><br />(-24 for losing)
|l|☆Swiftstorm
|player|p2|
|l|☆chardoub
|player|p1|
