|j|☆Adanmagoku
|j|☆juzmar7
|t:|1750781297
|gametype|doubles
|player|p1|Adanmagoku|102|1054
|player|p2|juzmar7|265|1067
|teamsize|p1|6
|teamsize|p2|6
|gen|9
|tier|[Gen 9] VGC 2025 Reg I
|rated|
|rule|Species Clause: Limit one of each Pokémon
|rule|Item Clause: Limit 1 of each item
|clearpoke
|poke|p1|Koraidon, L50|
|poke|p1|Raging Bolt, L50|
|poke|p1|Incineroar, L50, F|
|poke|p1|Calyrex-Shadow, L50|
|poke|p1|Whimsicott, L50, F|
|poke|p1|Sableye, L50, M|
|poke|p2|Smeargle, L50, F|
|poke|p2|Miraidon, L50|
|poke|p2|Calyrex-Ice, L50|
|poke|p2|Blissey, L50, F|
|poke|p2|Whimsicott, L50, F|
|poke|p2|Annihilape, L50, M|
|teampreview|4
|
|t:|1750781319
|start
|switch|p1a: Koraidon|Koraidon, L50|100/100
|switch|p1b: Whimsicott|Whimsicott, L50, F|100/100
|switch|p2a: Annihilape|Annihilape, L50, M|100/100
|switch|p2b: Smeargle|Smeargle, L50, F|100/100
|-weather|SunnyDay|[from] ability: Orichalcum Pulse|[of] p1a: Koraidon
|-activate|p1a: Koraidon|Orichalcum Pulse|[source]
|turn|1
|
|t:|1750781346
|-terastallize|p1a: Koraidon|Fire
|move|p1b: Whimsicott|Tailwind|p1b: Whimsicott
|-sidestart|p1: Adanmagoku|move: Tailwind
|move|p1a: Koraidon|Flare Blitz|p2a: Annihilape
|-damage|p2a: Annihilape|0 fnt
|faint|p2a: Annihilape
|-damage|p1a: Koraidon|59/100|[from] Recoil
|-damage|p1a: Koraidon|50/100|[from] item: Life Orb
|move|p2b: Smeargle|Trick Room|p2b: Smeargle
|-fieldstart|move: Trick Room|[of] p2b: Smeargle
|
|-weather|SunnyDay|[upkeep]
|upkeep
|
|t:|1750781358
|switch|p2a: Calyrex|Calyrex-Ice, L50|100/100
|-ability|p2a: Calyrex|As One
|-ability|p2a: Calyrex|Unnerve
|turn|2
|
|t:|1750781381
|switch|p1b: Incineroar|Incineroar, L50, F|100/100
|-ability|p1b: Incineroar|Intimidate|boost
|-unboost|p2a: Calyrex|atk|1
|-unboost|p2b: Smeargle|atk|1
|-terastallize|p2a: Calyrex|Water
|move|p1a: Koraidon|Protect|p1a: Koraidon
|-singleturn|p1a: Koraidon|Protect
|move|p2b: Smeargle|Fake Out||[still]
|-hint|Fake Out only works on your first turn out.
|-fail|p2b: Smeargle
|move|p2a: Calyrex|Glacial Lance|p1a: Koraidon|[spread] p1b
|-activate|p1a: Koraidon|move: Protect
|-resisted|p1b: Incineroar
|-damage|p1b: Incineroar|86/100
|
|-weather|SunnyDay|[upkeep]
|upkeep
|turn|3
|l|☆Adanmagoku
|player|p1|
|j|☆Adanmagoku
|player|p1|Adanmagoku|102|
|
|t:|1750781426
|switch|p1a: Whimsicott|Whimsicott, L50, F|100/100
|move|p2a: Calyrex|Protect|p2a: Calyrex
|-singleturn|p2a: Calyrex|Protect
|move|p1b: Incineroar|Fake Out|p2a: Calyrex
|-activate|p2a: Calyrex|move: Protect
|move|p2b: Smeargle|Final Gambit|p1a: Whimsicott
|-damage|p1a: Whimsicott|3/100
|faint|p2b: Smeargle
|
|-weather|SunnyDay|[upkeep]
|upkeep
|
|t:|1750781437
|switch|p2b: Blissey|Blissey, L50, F|100/100
|turn|4
|
|t:|1750781460
|move|p2b: Blissey|Copycat|p2b: Blissey
|move|p2b: Blissey|Final Gambit|p1a: Whimsicott|[from] move: Copycat
|-damage|p1a: Whimsicott|0 fnt
|faint|p2b: Blissey
|faint|p1a: Whimsicott
|move|p2a: Calyrex|Glacial Lance|p1b: Incineroar
|-resisted|p1b: Incineroar
|-damage|p1b: Incineroar|65/100
|move|p1b: Incineroar|Knock Off|p2a: Calyrex
|-damage|p2a: Calyrex|79/100
|-enditem|p2a: Calyrex|Leftovers|[from] move: Knock Off|[of] p1b: Incineroar
|
|-weather|SunnyDay|[upkeep]
|-sideend|p1: Adanmagoku|move: Tailwind
|upkeep
|-message|juzmar7 forfeited.
|
|win|Adanmagoku
|raw|Adanmagoku's rating: 1054 &rarr; <strong>1087</strong><br />(+33 for winning)
|raw|juzmar7's rating: 1067 &rarr; <strong>1046</strong><br />(-21 for losing)
|l|☆juzmar7
|player|p2|
|l|☆Adanmagoku
|player|p1|
