|j|☆Leacenh
|j|☆peachykeane
|t:|1750826550
|gametype|doubles
|player|p1|Leacenh|1|1386
|player|p2|peachykeane|cowgirl|1411
|teamsize|p1|6
|teamsize|p2|6
|gen|9
|tier|[Gen 9] VGC 2025 Reg I
|rated|
|rule|Species Clause: Limit one of each Pokémon
|rule|Item Clause: Limit 1 of each item
|clearpoke
|poke|p1|Calyrex-Shadow, L50|
|poke|p1|Zamazenta-*, L50|
|poke|p1|Incineroar, L50, M|
|poke|p1|Rillaboom, L50, F|
|poke|p1|Raging Bolt, L50|
|poke|p1|Whimsicott, L50, M|
|poke|p2|Zamazenta-*, L50|
|poke|p2|Calyrex-Shadow, L50|
|poke|p2|Tornadus, L50, M|
|poke|p2|Rillaboom, L50, F|
|poke|p2|Smeargle, L50, M|
|poke|p2|Raging Bolt, L50|
|teampreview|4
|
|t:|1750826607
|start
|switch|p1a: Calyrex|Calyrex-Shadow, L50|100/100
|switch|p1b: Zamazenta|Zamazenta-Crowned, L50|100/100
|switch|p2a: Smeargle|Smeargle, L50, M|100/100
|switch|p2b: Calyrex|Calyrex-Shadow, L50|100/100
|-ability|p1a: Calyrex|As One
|-ability|p1a: Calyrex|Unnerve
|-ability|p2b: Calyrex|As One
|-ability|p2b: Calyrex|Unnerve
|-ability|p1b: Zamazenta|Dauntless Shield|boost
|-boost|p1b: Zamazenta|def|1
|turn|1
|
|t:|1750826644
|-terastallize|p1a: Calyrex|Normal
|-terastallize|p2b: Calyrex|Dark
|move|p1a: Calyrex|Psychic|p2a: Smeargle
|-enditem|p2a: Smeargle|Focus Sash
|-damage|p2a: Smeargle|1/100
|move|p2b: Calyrex|Nasty Plot|p2b: Calyrex
|-boost|p2b: Calyrex|spa|2
|move|p1b: Zamazenta|Heavy Slam|p2a: Smeargle
|-damage|p2a: Smeargle|0 fnt
|faint|p2a: Smeargle
|
|upkeep
|
|t:|1750826666
|switch|p2a: Zamazenta|Zamazenta-Crowned, L50|100/100
|-ability|p2a: Zamazenta|Dauntless Shield|boost
|-boost|p2a: Zamazenta|def|1
|turn|2
|
|t:|1750826708
|switch|p1a: Whimsicott|Whimsicott, L50, M|100/100
|move|p2b: Calyrex|Psychic|p1a: Whimsicott
|-damage|p1a: Whimsicott|0 fnt
|faint|p1a: Whimsicott
|-ability|p2b: Calyrex|Grim Neigh|boost
|-boost|p2b: Calyrex|spa|1
|-damage|p2b: Calyrex|91/100|[from] item: Life Orb
|move|p2a: Zamazenta|Imprison|p2a: Zamazenta
|-start|p2a: Zamazenta|move: Imprison
|cant|p1b: Zamazenta|move: Imprison|Body Press
|
|upkeep
|
|t:|1750826727
|switch|p1a: Incineroar|Incineroar, L50, M|100/100
|-ability|p1a: Incineroar|Intimidate|boost
|-unboost|p2a: Zamazenta|atk|1
|-unboost|p2b: Calyrex|atk|1
|turn|3
|-message|Leacenh forfeited.
|
|win|peachykeane
|raw|Leacenh's rating: 1386 &rarr; <strong>1367</strong><br />(-19 for losing)
|raw|peachykeane's rating: 1411 &rarr; <strong>1430</strong><br />(+19 for winning)
|l|☆Leacenh
|player|p1|
|l|☆peachykeane
|player|p2|
