|j|☆7yka0n
|j|☆etherboy22
|t:|1750712973
|gametype|doubles
|player|p1|7yka0n|170|1197
|player|p2|etherboy22|266|1219
|teamsize|p1|6
|teamsize|p2|6
|gen|9
|tier|[Gen 9] VGC 2025 Reg I
|rated|
|rule|Species Clause: Limit one of each Pokémon
|rule|Item Clause: Limit 1 of each item
|clearpoke
|poke|p1|Indeedee-F, L50, F|
|poke|p1|Calyrex-Shadow, L50|
|poke|p1|Koraidon, L50|
|poke|p1|Porygon-Z, L50|
|poke|p1|Conkeldurr, L50, M|
|poke|p1|Gastrodon-East, L50, M|
|poke|p2|Incineroar, L50, F|
|poke|p2|Amoonguss, L50, M|
|poke|p2|Ursaluna, L50, M|
|poke|p2|Calyrex-Ice, L50|
|poke|p2|Lunala, L50|
|poke|p2|Indeedee-F, L50, F|
|teampreview|4
|
|t:|1750713013
|start
|switch|p1a: Koraidon|Koraidon, L50|100/100
|switch|p1b: Porygon-Z|Porygon-Z, L50|100/100
|switch|p2a: Incineroar|Incineroar, L50, F|100/100
|switch|p2b: Calyrex|Calyrex-Ice, L50|100/100
|-ability|p2b: Calyrex|As One
|-ability|p2b: Calyrex|Unnerve
|-weather|SunnyDay|[from] ability: Orichalcum Pulse|[of] p1a: Koraidon
|-activate|p1a: Koraidon|Orichalcum Pulse|[source]
|-ability|p2a: Incineroar|Intimidate|boost
|-unboost|p1a: Koraidon|atk|1
|-unboost|p1b: Porygon-Z|atk|1
|turn|1
|
|t:|1750713036
|-terastallize|p1b: Porygon-Z|Ground
|move|p2a: Incineroar|Fake Out|p1a: Koraidon
|-damage|p1a: Koraidon|91/100
|cant|p1a: Koraidon|flinch
|move|p1b: Porygon-Z|Tera Blast|p2b: Calyrex|[anim] Tera Blast Ground
|-damage|p2b: Calyrex|44/100
|-damage|p1b: Porygon-Z|91/100|[from] item: Life Orb
|move|p2b: Calyrex|Trick Room|p2b: Calyrex
|-fieldstart|move: Trick Room|[of] p2b: Calyrex
|
|-weather|SunnyDay|[upkeep]
|upkeep
|turn|2
|
|t:|1750713078
|move|p1b: Porygon-Z|Protect|p1b: Porygon-Z
|-singleturn|p1b: Porygon-Z|Protect
|move|p2b: Calyrex|Glacial Lance|p1a: Koraidon|[spread] p1a
|-activate|p1b: Porygon-Z|move: Protect
|-supereffective|p1a: Koraidon
|-damage|p1a: Koraidon|1/100
|move|p2a: Incineroar|Parting Shot|p1a: Koraidon
|-unboost|p1a: Koraidon|atk|1
|-unboost|p1a: Koraidon|spa|1
|
|t:|1750713091
|switch|p2a: Ursaluna|Ursaluna, L50, M|100/100|[from] Parting Shot
|move|p1a: Koraidon|Flare Blitz|p2b: Calyrex
|-supereffective|p2b: Calyrex
|-damage|p2b: Calyrex|0 fnt
|faint|p2b: Calyrex
|-damage|p1a: Koraidon|0 fnt|[from] Recoil
|faint|p1a: Koraidon
|
|-weather|SunnyDay|[upkeep]
|-status|p2a: Ursaluna|brn|[from] item: Flame Orb
|upkeep
|
|t:|1750713108
|switch|p2b: Lunala|Lunala, L50|100/100
|switch|p1a: Conkeldurr|Conkeldurr, L50, M|100/100
|turn|3
|
|t:|1750713134
|move|p2b: Lunala|Wide Guard|p2b: Lunala
|-singleturn|p2b: Lunala|Wide Guard
|move|p1a: Conkeldurr|Drain Punch|p2a: Ursaluna
|-supereffective|p2a: Ursaluna
|-damage|p2a: Ursaluna|35/100 brn
|move|p2a: Ursaluna|Facade|p1b: Porygon-Z
|-damage|p1b: Porygon-Z|0 fnt
|faint|p1b: Porygon-Z
|
|-weather|SunnyDay|[upkeep]
|-damage|p2a: Ursaluna|29/100 brn|[from] brn
|-status|p1a: Conkeldurr|brn|[from] item: Flame Orb
|upkeep
|
|t:|1750713146
|switch|p1b: Calyrex|Calyrex-Shadow, L50|100/100
|-ability|p1b: Calyrex|As One
|-ability|p1b: Calyrex|Unnerve
|turn|4
|
|t:|1750713161
|move|p1a: Conkeldurr|Drain Punch|p2a: Ursaluna
|-supereffective|p2a: Ursaluna
|-damage|p2a: Ursaluna|0 fnt
|faint|p2a: Ursaluna
|move|p2b: Lunala|Meteor Beam||[still]
|-prepare|p2b: Lunala|Meteor Beam
|-boost|p2b: Lunala|spa|1
|-enditem|p2b: Lunala|Power Herb
|-anim|p2b: Lunala|Meteor Beam|p1a: Conkeldurr
|-resisted|p1a: Conkeldurr
|-damage|p1a: Conkeldurr|64/100 brn
|move|p1b: Calyrex|Astral Barrage|p2b: Lunala
|-supereffective|p2b: Lunala
|-damage|p2b: Lunala|0 fnt
|faint|p2b: Lunala
|-ability|p1b: Calyrex|Grim Neigh|boost
|-boost|p1b: Calyrex|spa|1
|
|-weather|SunnyDay|[upkeep]
|-damage|p1a: Conkeldurr|58/100 brn|[from] brn
|upkeep
|-message|etherboy22 forfeited.
|
|win|7yka0n
|raw|7yka0n's rating: 1197 &rarr; <strong>1224</strong><br />(+27 for winning)
|raw|etherboy22's rating: 1219 &rarr; <strong>1192</strong><br />(-27 for losing)
|l|☆etherboy22
|player|p2|
|l|☆7yka0n
|player|p1|
