|j|☆jd8erh
|j|☆ggttmmhh
|t:|1750715304
|gametype|doubles
|player|p1|jd8erh|170|1732
|player|p2|ggttmmhh|102|1796
|teamsize|p1|6
|teamsize|p2|6
|gen|9
|tier|[Gen 9] VGC 2025 Reg I
|rated|
|rule|Species Clause: Limit one of each Pokémon
|rule|Item Clause: Limit 1 of each item
|clearpoke
|poke|p1|Miraidon, L50|
|poke|p1|Grimmsnarl, L50, M|
|poke|p1|Calyrex-Ice, L50|
|poke|p1|Incineroar, L50, F|
|poke|p1|Volcarona, L50, F|
|poke|p1|Urshifu-*, L50, M|
|poke|p2|Kyogre, L50|
|poke|p2|Calyrex-Ice, L50|
|poke|p2|Regieleki, L50|
|poke|p2|Ursaluna, L50, F|
|poke|p2|Amoonguss, L50, M|
|poke|p2|Incineroar, L50, M|
|teampreview|4
jd8erh has agreed to open team sheets.
|l|☆jd8erh
|player|p1|
|j|☆jd8erh
|player|p1|jd8erh|170|
|inactive|Battle timer is ON: inactive players will automatically lose when time's up. (requested by ggttmmhh)
|
|t:|1750715357
|start
|switch|p1a: Miraidon|Miraidon, L50|100/100
|switch|p1b: Incineroar|Incineroar, L50, F|100/100
|switch|p2a: Incineroar|Incineroar, L50, M|100/100
|switch|p2b: The Drizzler|Kyogre, L50|100/100
|-fieldstart|move: Electric Terrain|[from] ability: Hadron Engine|[of] p1a: Miraidon
|-weather|RainDance|[from] ability: Drizzle|[of] p2b: The Drizzler
|-ability|p1b: Incineroar|Intimidate|boost
|-unboost|p2a: Incineroar|atk|1
|-unboost|p2b: The Drizzler|atk|1
|-ability|p2a: Incineroar|Intimidate|boost
|-unboost|p1a: Miraidon|atk|1
|-unboost|p1b: Incineroar|atk|1
|turn|1
|inactive|ggttmmhh has 30 seconds left.
|inactive|ggttmmhh has 20 seconds left.
|
|t:|1750715395
|switch|p2a: Regieleki|Regieleki, L50, shiny|100/100
|move|p2b: The Drizzler|Protect|p2b: The Drizzler
|-singleturn|p2b: The Drizzler|Protect
|move|p1b: Incineroar|Fake Out|p2a: Regieleki
|-damage|p2a: Regieleki|88/100
|move|p1a: Miraidon|Draco Meteor|p2b: The Drizzler
|-activate|p2b: The Drizzler|move: Protect
|
|-weather|RainDance|[upkeep]
|upkeep
|turn|2
|
|t:|1750715409
|-terastallize|p1b: Incineroar|Bug
|move|p2a: Regieleki|Electroweb|p1b: Incineroar|[spread] p1a,p1b
|-resisted|p1a: Miraidon
|-damage|p1a: Miraidon|94/100
|-damage|p1b: Incineroar|82/100
|-unboost|p1a: Miraidon|spe|1
|-unboost|p1b: Incineroar|spe|1
|move|p2b: The Drizzler|Water Spout|p1a: Miraidon|[spread] p1a,p1b
|-resisted|p1a: Miraidon
|-damage|p1a: Miraidon|49/100
|-damage|p1b: Incineroar|10/100
|move|p1a: Miraidon|Draco Meteor|p2b: The Drizzler|[miss]
|-miss|p1a: Miraidon|p2b: The Drizzler
|move|p1b: Incineroar|U-turn|p2a: Regieleki
|-damage|p2a: Regieleki|51/100
|
|t:|1750715422
|switch|p1b: Urshifu|Urshifu-Rapid-Strike, L50, M|100/100|[from] U-turn
|
|-weather|RainDance|[upkeep]
|upkeep
|turn|3
|
|t:|1750715441
|switch|p1a: Incineroar|Incineroar, L50, F, tera:Bug|10/100
|-ability|p1a: Incineroar|Intimidate|boost
|-unboost|p2a: Regieleki|atk|1
|-unboost|p2b: The Drizzler|atk|1
|-terastallize|p2b: The Drizzler|Water
|move|p1b: Urshifu|Aqua Jet|p2a: Regieleki
|-damage|p2a: Regieleki|0 fnt
|faint|p2a: Regieleki
|move|p2b: The Drizzler|Water Spout|p1b: Urshifu|[spread] p1a,p1b
|-resisted|p1b: Urshifu
|-damage|p1a: Incineroar|0 fnt
|-damage|p1b: Urshifu|0 fnt
|faint|p1a: Incineroar
|faint|p1b: Urshifu
|
|-weather|RainDance|[upkeep]
|upkeep
|
|t:|1750715453
|switch|p2a: Incineroar|Incineroar, L50, M|100/100
|switch|p1b: Calyrex|Calyrex-Ice, L50|100/100
|switch|p1a: Miraidon|Miraidon, L50|49/100
|-ability|p1b: Calyrex|As One
|-ability|p1b: Calyrex|Unnerve
|-activate|p1a: Miraidon|ability: Hadron Engine
|-ability|p2a: Incineroar|Intimidate|boost
|-unboost|p1a: Miraidon|atk|1
|-unboost|p1b: Calyrex|atk|1
|turn|4
|
|t:|1750715458
|move|p2a: Incineroar|Fake Out|p1a: Miraidon
|-damage|p1a: Miraidon|41/100
|cant|p1a: Miraidon|flinch
|move|p2b: The Drizzler|Water Spout|p1a: Miraidon|[spread] p1a,p1b
|-resisted|p1a: Miraidon
|-damage|p1a: Miraidon|0 fnt
|-damage|p1b: Calyrex|0 fnt
|faint|p1a: Miraidon
|faint|p1b: Calyrex
|
|win|ggttmmhh
|raw|jd8erh's rating: 1732 &rarr; <strong>1716</strong><br />(-16 for losing)
|raw|ggttmmhh's rating: 1796 &rarr; <strong>1812</strong><br />(+16 for winning)
|l|☆jd8erh
|player|p1|
|l|☆ggttmmhh
|player|p2|
