|j|☆CadaverLuke
|j|☆r97
|t:|1750750355
|gametype|doubles
|player|p1|CadaverLuke|101|1297
|player|p2|r97|marshal|1322
|teamsize|p1|6
|teamsize|p2|6
|gen|9
|tier|[Gen 9] VGC 2025 Reg I
|rated|
|rule|Species Clause: Limit one of each Pokémon
|rule|Item Clause: Limit 1 of each item
|clearpoke
|poke|p1|Whimsicott, L50, M|
|poke|p1|Metagross, L50|
|poke|p1|Kyogre, L50|
|poke|p1|Indeedee-F, L50, F|
|poke|p1|Urshifu-*, L50, M|
|poke|p1|Grimmsnarl, L50, M|
|poke|p2|Miraidon, L50|
|poke|p2|Mewtwo, L50|
|poke|p2|Iron Treads, L50|
|poke|p2|Pelipper, L50, F|
|poke|p2|Ogerpon-Wellspring, L50, F|
|poke|p2|Incineroar, L50, F|
|teampreview|4
|
|t:|1750750385
|start
|switch|p1a: Whimsicott|Whimsicott, L50, M|100/100
|switch|p1b: Metagross|Metagross, L50|100/100
|switch|p2a: Iron Treads|Iron Treads, L50|100/100
|switch|p2b: Ogerpon|Ogerpon-Wellspring, L50, F|100/100
|turn|1
|inactive|Battle timer is ON: inactive players will automatically lose when time's up. (requested by CadaverLuke)
|
|t:|1750750400
|-terastallize|p1a: Whimsicott|Ghost
|move|p1a: Whimsicott|Tailwind|p1a: Whimsicott
|-sidestart|p1: CadaverLuke|move: Tailwind
|move|p1b: Metagross|Explosion|p2b: Ogerpon|[spread] p2a,p2b
|-immune|p1a: Whimsicott
|-resisted|p2a: Iron Treads
|-damage|p2a: Iron Treads|52/100
|-damage|p2b: Ogerpon|0 fnt
|faint|p1b: Metagross
|faint|p2b: Ogerpon
|move|p2a: Iron Treads|Iron Head|p1a: Whimsicott
|-damage|p1a: Whimsicott|31/100
|-enditem|p1a: Whimsicott|Eject Button
|-damage|p2a: Iron Treads|42/100|[from] item: Life Orb
|
|t:|1750750418
|switch|p1a: Kyogre|Kyogre, L50|100/100
|-weather|RainDance|[from] ability: Drizzle|[of] p1a: Kyogre
|
|-weather|RainDance|[upkeep]
|upkeep
|
|t:|1750750431
|switch|p2b: Miraidon|Miraidon, L50|100/100
|switch|p1b: Indeedee|Indeedee-F, L50, F|100/100
|-fieldstart|move: Electric Terrain|[from] ability: Hadron Engine|[of] p2b: Miraidon
|-activate|p2a: Iron Treads|ability: Quark Drive
|-start|p2a: Iron Treads|quarkdrivespe
|-fieldstart|move: Psychic Terrain|[from] ability: Psychic Surge|[of] p1b: Indeedee
|-end|p2a: Iron Treads|Quark Drive
|turn|2
|
|t:|1750750453
|move|p1b: Indeedee|Helping Hand|p1a: Kyogre
|-singleturn|p1a: Kyogre|Helping Hand|[of] p1b: Indeedee
|move|p2a: Iron Treads|Protect|p2a: Iron Treads
|-singleturn|p2a: Iron Treads|Protect
|move|p2b: Miraidon|Discharge|p1b: Indeedee|[spread] p1a,p1b
|-activate|p2a: Iron Treads|move: Protect
|-supereffective|p1a: Kyogre
|-damage|p1a: Kyogre|55/100
|-damage|p1b: Indeedee|68/100
|move|p1a: Kyogre|Water Spout|p2a: Iron Treads|[spread] p2b
|-activate|p2a: Iron Treads|move: Protect
|-resisted|p2b: Miraidon
|-damage|p2b: Miraidon|39/100
|
|-weather|RainDance|[upkeep]
|upkeep
|turn|3
|
|t:|1750750480
|-terastallize|p2b: Miraidon|Electric
|move|p1b: Indeedee|Follow Me|p1b: Indeedee
|-singleturn|p1b: Indeedee|move: Follow Me
|move|p2b: Miraidon|Discharge|p1a: Kyogre|[spread] p1a,p1b
|-immune|p2a: Iron Treads
|-supereffective|p1a: Kyogre
|-damage|p1a: Kyogre|0 fnt
|-damage|p1b: Indeedee|23/100
|faint|p1a: Kyogre
|move|p2a: Iron Treads|Rock Slide|p1b: Indeedee
|-damage|p1b: Indeedee|0 fnt
|faint|p1b: Indeedee
|-damage|p2a: Iron Treads|33/100|[from] item: Life Orb
|
|-weather|RainDance|[upkeep]
|upkeep
|
|t:|1750750496
|switch|p1a: Whimsicott|Whimsicott, L50, M, tera:Ghost|31/100
|turn|4
|
|t:|1750750506
|move|p1a: Whimsicott|Moonblast|p2b: Miraidon
|-damage|p2b: Miraidon|6/100
|move|p2b: Miraidon|Discharge|p1a: Whimsicott|[spread] p1a
|-immune|p2a: Iron Treads
|-damage|p1a: Whimsicott|0 fnt
|faint|p1a: Whimsicott
|
|win|r97
|raw|CadaverLuke's rating: 1297 &rarr; <strong>1274</strong><br />(-23 for losing)
|raw|r97's rating: 1322 &rarr; <strong>1341</strong><br />(+19 for winning)
|l|☆CadaverLuke
|player|p1|
|l|☆r97
|player|p2|
