|j|☆The_Kamaster1278
|j|☆LilligantFangirl
|t:|1750711058
|gametype|doubles
|player|p1|The_Kamaster1278|ingo|1307
|player|p2|LilligantFangirl|nurseryaide|1387
|teamsize|p1|6
|teamsize|p2|6
|gen|9
|tier|[Gen 9] VGC 2025 Reg I
|rated|
|rule|Species Clause: Limit one of each Pokémon
|rule|Item Clause: Limit 1 of each item
|clearpoke
|poke|p1|Kyurem-White, L50|
|poke|p1|Ninetales-Alola, L50, M|
|poke|p1|Chi-Yu, L50|
|poke|p1|Lunala, L50|
|poke|p1|Amoonguss, L50, M|
|poke|p1|Ogerpon-Wellspring, L50, F|
|poke|p2|Koraidon, L50|
|poke|p2|Lunala, L50|
|poke|p2|Scrafty, L50, M|
|poke|p2|Grimmsnarl, L50, M|
|poke|p2|Walking Wake, L50|
|poke|p2|Iron Hands, L50|
|teampreview|4
|inactive|Battle timer is ON: inactive players will automatically lose when time's up. (requested by LilligantFangirl)
|
|t:|1750711107
|start
|switch|p1a: Ninetales|Ninetales-Alola, L50, M|100/100
|switch|p1b: Ogerpon|Ogerpon-Wellspring, L50, F|100/100
|switch|p2a: Lunala|Lunala, L50|100/100
|switch|p2b: Scrafty|Scrafty, L50, M|100/100
|-weather|Snowscape|[from] ability: Snow Warning|[of] p1a: Ninetales
|-ability|p2b: Scrafty|Intimidate|boost
|-unboost|p1a: Ninetales|atk|1
|-unboost|p1b: Ogerpon|atk|1
|turn|1
|inactive|The_Kamaster1278 has 30 seconds left.
|
|t:|1750711136
|switch|p2b: Koraidon|Koraidon, L50|100/100
|-weather|SunnyDay|[from] ability: Orichalcum Pulse|[of] p2b: Koraidon
|-activate|p2b: Koraidon|Orichalcum Pulse|[source]
|move|p1a: Ninetales|Aurora Veil||[still]
|-fail|p1a: Ninetales
|move|p1b: Ogerpon|Ivy Cudgel|p2a: Lunala|[anim] Ivy Cudgel Water
|-damage|p2a: Lunala|93/100
|move|p2a: Lunala|Meteor Beam||[still]
|-prepare|p2a: Lunala|Meteor Beam
|-boost|p2a: Lunala|spa|1
|-enditem|p2a: Lunala|Power Herb
|-anim|p2a: Lunala|Meteor Beam|p1a: Ninetales
|-supereffective|p1a: Ninetales
|-damage|p1a: Ninetales|0 fnt
|faint|p1a: Ninetales
|
|-weather|SunnyDay|[upkeep]
|upkeep
|inactive|The_Kamaster1278 has 30 seconds left.
|
|t:|1750711167
|switch|p1a: Lunala|Lunala, L50|100/100
|turn|2
|inactive|The_Kamaster1278 has 30 seconds left.
|
|t:|1750711196
|-terastallize|p1b: Ogerpon|Water
|detailschange|p1b: Ogerpon|Ogerpon-Wellspring-Tera, L50, F, tera:Water
|-ability|p1b: Ogerpon|Embody Aspect (Wellspring)|boost
|-boost|p1b: Ogerpon|spd|1
|-terastallize|p2a: Lunala|Fairy
|move|p1b: Ogerpon|Follow Me|p1b: Ogerpon
|-singleturn|p1b: Ogerpon|move: Follow Me
|move|p2b: Koraidon|Flare Blitz|p1b: Ogerpon
|-resisted|p1b: Ogerpon
|-damage|p1b: Ogerpon|60/100
|-damage|p2b: Koraidon|86/100|[from] Recoil
|move|p2a: Lunala|Moongeist Beam|p1b: Ogerpon
|-damage|p1b: Ogerpon|3/100
|move|p1a: Lunala|Trick Room|p1a: Lunala
|-fieldstart|move: Trick Room|[of] p1a: Lunala
|
|-weather|SunnyDay|[upkeep]
|upkeep
|turn|3
|inactive|The_Kamaster1278 has 30 seconds left.
|inactive|The_Kamaster1278 has 20 seconds left.
|inactive|The_Kamaster1278 has 15 seconds left.
|
|t:|1750711237
|move|p1b: Ogerpon|Follow Me|p1b: Ogerpon
|-singleturn|p1b: Ogerpon|move: Follow Me
|move|p1a: Lunala|Meteor Beam||[still]
|-prepare|p1a: Lunala|Meteor Beam
|-boost|p1a: Lunala|spa|1
|-enditem|p1a: Lunala|Power Herb
|-anim|p1a: Lunala|Meteor Beam|p2a: Lunala
|-damage|p2a: Lunala|43/100
|move|p2b: Koraidon|Flame Charge|p1b: Ogerpon
|-resisted|p1b: Ogerpon
|-damage|p1b: Ogerpon|0 fnt
|-boost|p2b: Koraidon|spe|1
|faint|p1b: Ogerpon
|detailschange|p1: Ogerpon|Ogerpon-Wellspring, L50, F|[silent]
|move|p2a: Lunala|Trick Room|p2a: Lunala
|-fieldend|move: Trick Room
|
|-weather|SunnyDay|[upkeep]
|upkeep
|
|t:|1750711249
|switch|p1b: Kyurem|Kyurem-White, L50|100/100
|-ability|p1b: Kyurem|Turboblaze
|turn|4
|
|t:|1750711271
|move|p2b: Koraidon|Collision Course|p1b: Kyurem
|-supereffective|p1b: Kyurem
|-damage|p1b: Kyurem|0 fnt
|faint|p1b: Kyurem
|move|p2a: Lunala|Moongeist Beam|p1a: Lunala
|-supereffective|p1a: Lunala
|-damage|p1a: Lunala|0 fnt
|faint|p1a: Lunala
|
|win|LilligantFangirl
|raw|The_Kamaster1278's rating: 1307 &rarr; <strong>1292</strong><br />(-15 for losing)
|raw|LilligantFangirl's rating: 1387 &rarr; <strong>1402</strong><br />(+15 for winning)
|l|☆LilligantFangirl
|player|p2|
