|j|☆Plusmontr
|j|☆SquidBlue1
|t:|1750744644
|gametype|doubles
|player|p1|Plusmontr|lillie-masters2|1000
|player|p2|SquidBlue1|rosa|1000
|teamsize|p1|6
|teamsize|p2|6
|gen|9
|tier|[Gen 9] VGC 2025 Reg I
|rated|
|rule|Species Clause: Limit one of each Pokémon
|rule|Item Clause: Limit 1 of each item
|clearpoke
|poke|p1|Calyrex-Ice, L50|
|poke|p1|Miraidon, L50|
|poke|p1|Grimmsnarl, L50, M|
|poke|p1|Urshifu-*, L50, F|
|poke|p1|Incineroar, L50, M|
|poke|p1|Landorus, L50, M|
|poke|p2|Lunala, L50|
|poke|p2|Brute Bonnet, L50|
|poke|p2|Ursaluna, L50, F|
|poke|p2|Chi-Yu, L50|
|poke|p2|Flutter Mane, L50|
|poke|p2|Koraidon, L50|
|teampreview|4
|inactive|Battle timer is ON: inactive players will automatically lose when time's up. (requested by SquidBlue1)
Plusmontr rejected open team sheets.
|inactive|Plusmontr has 60 seconds left.
|
|t:|1750744698
|start
|switch|p1a: Grimmsnarl|Grimmsnarl, L50, M|100/100
|switch|p1b: Miraidon|Miraidon, L50|100/100
|switch|p2a: Flutter Mane|Flutter Mane, L50|100/100
|switch|p2b: Koraidon|Koraidon, L50|100/100
|-weather|SunnyDay|[from] ability: Orichalcum Pulse|[of] p2b: Koraidon
|-activate|p2a: Flutter Mane|ability: Protosynthesis
|-start|p2a: Flutter Mane|protosynthesisspe
|-activate|p2b: Koraidon|Orichalcum Pulse|[source]
|-fieldstart|move: Electric Terrain|[from] ability: Hadron Engine|[of] p1b: Miraidon
|turn|1
|inactive|Plusmontr has 30 seconds left.
|
|t:|1750744733
|-terastallize|p2b: Koraidon|Fire
|move|p1a: Grimmsnarl|Reflect|p1a: Grimmsnarl
|-sidestart|p1: Plusmontr|Reflect
|move|p2a: Flutter Mane|Moonblast|p1b: Miraidon
|-supereffective|p1b: Miraidon
|-damage|p1b: Miraidon|26/100
|move|p2b: Koraidon|Flare Blitz|p1b: Miraidon
|-resisted|p1b: Miraidon
|-damage|p1b: Miraidon|0 fnt
|faint|p1b: Miraidon
|-damage|p2b: Koraidon|91/100|[from] Recoil
|-damage|p2b: Koraidon|81/100|[from] item: Life Orb
|
|-weather|SunnyDay|[upkeep]
|upkeep
|-message|Plusmontr forfeited.
|
|win|SquidBlue1
|raw|Plusmontr's rating: 1000 &rarr; <strong>1000</strong><br />(+0 for losing)
|raw|SquidBlue1's rating: 1000 &rarr; <strong>1040</strong><br />(+40 for winning)
|l|☆Plusmontr
|player|p1|
