|j|☆Rammburglar
|j|☆kip_97
|t:|1750868392
|gametype|doubles
|player|p1|Rammburglar|266|1057
|player|p2|kip_97|grimsley|1071
|teamsize|p1|6
|teamsize|p2|6
|gen|9
|tier|[Gen 9] VGC 2025 Reg I
|rated|
|rule|Species Clause: Limit one of each Pokémon
|rule|Item Clause: Limit 1 of each item
|clearpoke
|poke|p1|Ariados, L50, F|
|poke|p1|Rampardos, L50, M|
|poke|p1|Iron Hands, L50|
|poke|p1|Incineroar, L50, M|
|poke|p1|Miraidon, L50|
|poke|p1|Calyrex-Ice, L50|
|poke|p2|Metagross, L50|
|poke|p2|Giratina, L50|
|poke|p2|Dialga-Origin, L50|
|poke|p2|Scream Tail, L50|
|poke|p2|Sinistcha-Masterpiece, L50|
|poke|p2|Ursaluna, L50, M|
|teampreview|4
|
|t:|1750868406
|start
|switch|p1a: Calyrex|Calyrex-Ice, L50|100/100
|switch|p1b: Incineroar|Incineroar, L50, M|100/100
|switch|p2a: Metagross|Metagross, L50|100/100
|switch|p2b: Dialga|Dialga-Origin, L50|100/100
|-ability|p1a: Calyrex|As One
|-ability|p1a: Calyrex|Unnerve
|-ability|p1b: Incineroar|Intimidate|boost
|-fail|p2a: Metagross|unboost|[from] ability: Clear Body|[of] p2a: Metagross
|-unboost|p2b: Dialga|atk|1
|turn|1
|
|t:|1750868452
|-terastallize|p2a: Metagross|Normal
|move|p1b: Incineroar|Fake Out|p2a: Metagross
|-crit|p2a: Metagross
|-damage|p2a: Metagross|86/100
|move|p2b: Dialga|Flash Cannon|p1a: Calyrex
|-supereffective|p1a: Calyrex
|-damage|p1a: Calyrex|36/100
|cant|p2a: Metagross|flinch
|move|p1a: Calyrex|Trick Room|p1a: Calyrex
|-fieldstart|move: Trick Room|[of] p1a: Calyrex
|
|upkeep
|turn|2
|l|☆kip_97
|player|p2|
|inactive|Battle timer is ON: inactive players will automatically lose when time's up. (requested by Rammburglar)
|j|☆kip_97
|inactive|kip_97 reconnected and has 70 seconds left.
|player|p2|kip_97|grimsley|
|inactive|kip_97 has 60 seconds left.
|
|t:|1750868510
|move|p2b: Dialga|Protect|p2b: Dialga
|-singleturn|p2b: Dialga|Protect
|move|p1a: Calyrex|Glacial Lance|p2b: Dialga|[spread] p2a
|-activate|p2b: Dialga|move: Protect
|-damage|p2a: Metagross|44/100
|move|p2a: Metagross|Explosion|p1b: Incineroar|[spread] p1a,p1b
|-activate|p2b: Dialga|move: Protect
|-damage|p1a: Calyrex|0 fnt
|-damage|p1b: Incineroar|0 fnt
|faint|p2a: Metagross
|faint|p1a: Calyrex
|faint|p1b: Incineroar
|
|upkeep
|
|t:|1750868524
|switch|p1a: Rampardos|Rampardos, L50, M|100/100
|switch|p2a: Scream Tail|Scream Tail, L50|100/100
|switch|p1b: Ariados|Ariados, L50, F|100/100
|-enditem|p2a: Scream Tail|Booster Energy
|-activate|p2a: Scream Tail|ability: Protosynthesis|[fromitem]
|-start|p2a: Scream Tail|protosynthesisspe
|turn|3
|inactive|Rammburglar has 30 seconds left.
|inactive|Rammburglar has 20 seconds left.
|inactive|Rammburglar has 15 seconds left.
|inactive|Rammburglar has 10 seconds left.
|
|t:|1750868571
|-terastallize|p1b: Ariados|Dragon
|move|p1a: Rampardos|Dragon Cheer|p1b: Ariados
|-start|p1b: Ariados|move: Dragon Cheer
|move|p1b: Ariados|Poison Jab|p2a: Scream Tail
|-supereffective|p2a: Scream Tail
|-crit|p2a: Scream Tail
|-damage|p2a: Scream Tail|0 fnt
|faint|p2a: Scream Tail
|-end|p2a: Scream Tail|Protosynthesis|[silent]
|move|p2b: Dialga|Flash Cannon|p1a: Rampardos
|-supereffective|p1a: Rampardos
|-damage|p1a: Rampardos|0 fnt
|faint|p1a: Rampardos
|
|upkeep
|l|☆kip_97
|inactive|kip_97 disconnected and has a minute to reconnect!
|player|p2|
|j|☆kip_97
|inactive|kip_97 reconnected and has 35 seconds left.
|player|p2|kip_97|grimsley|
|inactive|kip_97 has 30 seconds left.
|
|t:|1750868596
|switch|p2a: Giratina|Giratina, L50|100/100
|-ability|p2a: Giratina|Pressure
|turn|4
|
|t:|1750868612
|move|p1b: Ariados|Leech Life|p2a: Giratina
|-resisted|p2a: Giratina
|-crit|p2a: Giratina
|-damage|p2a: Giratina|81/100
|move|p2b: Dialga|Dragon Pulse|p1b: Ariados
|-supereffective|p1b: Ariados
|-damage|p1b: Ariados|0 fnt
|faint|p1b: Ariados
|
|win|kip_97
|raw|Rammburglar's rating: 1057 &rarr; <strong>1039</strong><br />(-18 for losing)
|raw|kip_97's rating: 1071 &rarr; <strong>1099</strong><br />(+28 for winning)
|l|☆kip_97
|player|p2|
|l|☆Rammburglar
|player|p1|
