|j|☆natsuki aoya
|j|☆daming20009
|t:|1750730203
|gametype|doubles
|player|p1|natsuki aoya|2|1306
|player|p2|daming20009|170|1336
|teamsize|p1|6
|teamsize|p2|6
|gen|9
|tier|[Gen 9] VGC 2025 Reg I
|rated|
|rule|Species Clause: Limit one of each Pokémon
|rule|Item Clause: Limit 1 of each item
|clearpoke
|poke|p1|Calyrex-Ice, L50|
|poke|p1|Kyogre, L50|
|poke|p1|Whimsicott, L50, F|
|poke|p1|Tsareena, L50, F|
|poke|p1|Raging Bolt, L50|
|poke|p1|Swampert, L50, M|
|poke|p2|Calyrex-Shadow, L50|
|poke|p2|Koraidon, L50|
|poke|p2|Weezing-Galar, L50, M|
|poke|p2|Chi-Yu, L50|
|poke|p2|Walking Wake, L50|
|poke|p2|Brute Bonnet, L50|
|teampreview|4
|inactive|Battle timer is ON: inactive players will automatically lose when time's up. (requested by natsuki aoya)
|
|t:|1750730229
|start
|switch|p1a: Tsareena|Tsareena, L50, F|100/100
|switch|p1b: Whimsicott|Whimsicott, L50, F|100/100
|switch|p2a: Weezing|Weezing-Galar, L50, M, shiny|100/100
|switch|p2b: Koraidon|Koraidon, L50|100/100
|-ability|p2a: Weezing|Neutralizing Gas
|-block|p2b: Koraidon|item: Ability Shield
|-weather|SunnyDay|[from] ability: Orichalcum Pulse|[of] p2b: Koraidon
|-activate|p2b: Koraidon|Orichalcum Pulse|[source]
|turn|1
|
|t:|1750730250
|switch|p1a: Kyogre|Kyogre, L50|100/100
|-terastallize|p2b: Koraidon|Fire
|move|p2b: Koraidon|Flare Blitz|p1b: Whimsicott
|-supereffective|p1b: Whimsicott
|-enditem|p1b: Whimsicott|Focus Sash
|-damage|p1b: Whimsicott|1/100
|-damage|p2b: Koraidon|74/100|[from] Recoil
|move|p2a: Weezing|Poison Gas|p1b: Whimsicott|[spread] p1a,p1b
|-status|p1a: Kyogre|psn
|-status|p1b: Whimsicott|psn
|move|p1b: Whimsicott|Trick Room|p1b: Whimsicott
|-fieldstart|move: Trick Room|[of] p1b: Whimsicott
|
|-weather|SunnyDay|[upkeep]
|-damage|p1a: Kyogre|88/100 psn|[from] psn
|-damage|p1b: Whimsicott|0 fnt|[from] psn
|faint|p1b: Whimsicott
|upkeep
|
|t:|1750730275
|switch|p1b: Calyrex|Calyrex-Ice, L50|100/100
|-ability|p1b: Calyrex|As One
|-ability|p1b: Calyrex|Unnerve
|turn|2
|
|t:|1750730297
|-terastallize|p1a: Kyogre|Water
|move|p2b: Koraidon|Protect|p2b: Koraidon
|-singleturn|p2b: Koraidon|Protect
|move|p1b: Calyrex|Glacial Lance|p2a: Weezing|[spread] p2a
|-activate|p2b: Koraidon|move: Protect
|-damage|p2a: Weezing|38/100
|move|p1a: Kyogre|Water Spout|p2b: Koraidon|[spread] p2a
|-activate|p2b: Koraidon|move: Protect
|-damage|p2a: Weezing|0 fnt
|faint|p2a: Weezing
|-end|p2a: Weezing|ability: Neutralizing Gas
|-weather|RainDance|[from] ability: Drizzle|[of] p1a: Kyogre
|
|-weather|RainDance|[upkeep]
|-damage|p1a: Kyogre|76/100 psn|[from] psn
|upkeep
|
|t:|1750730315
|switch|p2a: Brute Bonnet|Brute Bonnet, L50|100/100
|turn|3
|
|t:|1750730325
|move|p2a: Brute Bonnet|Sucker Punch|p1b: Calyrex
|-supereffective|p1b: Calyrex
|-damage|p1b: Calyrex|66/100
|move|p1b: Calyrex|Glacial Lance|p2a: Brute Bonnet|[spread] p2a,p2b
|-supereffective|p2a: Brute Bonnet
|-resisted|p2b: Koraidon
|-damage|p2a: Brute Bonnet|0 fnt
|-damage|p2b: Koraidon|44/100
|faint|p2a: Brute Bonnet
|-end|p2a: Brute Bonnet|Protosynthesis|[silent]
|-ability|p1b: Calyrex|Chilling Neigh|boost
|-boost|p1b: Calyrex|atk|1
|move|p1a: Kyogre|Water Spout|p2b: Koraidon
|-supereffective|p2b: Koraidon
|-damage|p2b: Koraidon|0 fnt
|faint|p2b: Koraidon
|
|-weather|RainDance|[upkeep]
|-damage|p1a: Kyogre|64/100 psn|[from] psn
|upkeep
|inactive|daming20009 has 30 seconds left.
|inactive|daming20009 has 20 seconds left.
|inactive|daming20009 has 15 seconds left.
|inactive|daming20009 has 10 seconds left.
|inactive|daming20009 has 5 seconds left.
|
|t:|1750730380
|switch|p2a: Calyrex|Calyrex-Shadow, L50|100/100
|-ability|p2a: Calyrex|As One
|-ability|p2a: Calyrex|Unnerve
|turn|4
|c|☆natsuki aoya|傻逼东西就会拖时间
|inactive|daming20009 has 30 seconds left.
|inactive|daming20009 has 20 seconds left.
|inactive|daming20009 has 15 seconds left.
|inactive|daming20009 has 10 seconds left.
|c|☆natsuki aoya|🤭🤭🤭🤭
|inactive|daming20009 has 5 seconds left.
|
|t:|1750730435
|move|p1b: Calyrex|Glacial Lance|p2a: Calyrex
|-damage|p2a: Calyrex|0 fnt
|faint|p2a: Calyrex
|
|win|natsuki aoya
|raw|natsuki aoya's rating: 1306 &rarr; <strong>1328</strong><br />(+22 for winning)
|raw|daming20009's rating: 1336 &rarr; <strong>1314</strong><br />(-22 for losing)
