|j|☆Indigo flask
|j|☆HappyW
|t:|1750823343
|gametype|doubles
|player|p1|Indigo flask|101|1280
|player|p2|HappyW|akari|1342
|teamsize|p1|4
|teamsize|p2|6
|gen|9
|tier|[Gen 9] VGC 2025 Reg I
|rated|
|rule|Species Clause: Limit one of each Pokémon
|rule|Item Clause: Limit 1 of each item
|clearpoke
|poke|p1|Smeargle, L50, F|
|poke|p1|Koraidon, L50|
|poke|p1|Terapagos, L50, M|
|poke|p1|Indeedee-F, L50, F|
|poke|p2|Zacian-*, L50|
|poke|p2|Miraidon, L50|
|poke|p2|Chien-Pao, L50|
|poke|p2|Ogerpon-Hearthflame, L50, F|
|poke|p2|Landorus, L50, M|
|poke|p2|Farigiraf, L50, F|
|teampreview|4
|inactive|Battle timer is ON: inactive players will automatically lose when time's up. (requested by HappyW)
|inactive|HappyW has 60 seconds left.
|
|t:|1750823378
|start
|switch|p1a: Smeargle|Smeargle, L50, F, shiny|100/100
|switch|p1b: Koraidon|Koraidon, L50|100/100
|switch|p2a: Ogerpon|Ogerpon-Hearthflame, L50, F|100/100
|switch|p2b: Chien-Pao|Chien-Pao, L50|100/100
|-weather|SunnyDay|[from] ability: Orichalcum Pulse|[of] p1b: Koraidon
|-activate|p1b: Koraidon|Orichalcum Pulse|[source]
|-ability|p2b: Chien-Pao|Sword of Ruin
|-ability|p2a: Ogerpon|Mold Breaker
|turn|1
|
|t:|1750823396
|-terastallize|p1b: Koraidon|Fire
|-terastallize|p2a: Ogerpon|Fire
|detailschange|p2a: Ogerpon|Ogerpon-Hearthflame-Tera, L50, F, tera:Fire
|-ability|p2a: Ogerpon|Embody Aspect (Hearthflame)|boost
|-boost|p2a: Ogerpon|atk|1
|move|p2b: Chien-Pao|Protect|p2b: Chien-Pao
|-singleturn|p2b: Chien-Pao|Protect
|move|p1a: Smeargle|Decorate|p1b: Koraidon
|-boost|p1b: Koraidon|atk|2
|-boost|p1b: Koraidon|spa|2
|move|p1b: Koraidon|Flame Charge|p2b: Chien-Pao
|-activate|p2b: Chien-Pao|move: Protect
|move|p2a: Ogerpon|Ivy Cudgel|p1b: Koraidon|[anim] Ivy Cudgel Fire
|-resisted|p1b: Koraidon
|-damage|p1b: Koraidon|0 fnt
|faint|p1b: Koraidon
|
|-weather|SunnyDay|[upkeep]
|-ability|p1a: Smeargle|Moody|boost
|-boost|p1a: Smeargle|def|2
|-unboost|p1a: Smeargle|spd|1
|upkeep
|inactive|Indigo flask has 30 seconds left.
|inactive|Indigo flask has 20 seconds left.
|inactive|Indigo flask has 15 seconds left.
|inactive|Indigo flask has 10 seconds left.
|c|☆Indigo flask|Wild
|inactive|Indigo flask has 5 seconds left.
|c|☆HappyW|damn
|
|t:|1750823451
|switch|p1b: Indeedee|Indeedee-F, L50, F|100/100
|-fieldstart|move: Psychic Terrain|[from] ability: Psychic Surge|[of] p1b: Indeedee
|-enditem|p1b: Indeedee|Psychic Seed
|-boost|p1b: Indeedee|spd|1|[from] item: Psychic Seed
|turn|2
|
|t:|1750823458
|switch|p2b: Miraidon|Miraidon, L50|100/100
|-fieldstart|move: Electric Terrain|[from] ability: Hadron Engine|[of] p2b: Miraidon
|move|p1a: Smeargle|Decorate|p1b: Indeedee
|-boost|p1b: Indeedee|atk|2
|-boost|p1b: Indeedee|spa|2
|move|p2a: Ogerpon|Ivy Cudgel|p1b: Indeedee|[anim] Ivy Cudgel Fire
|-damage|p1b: Indeedee|0 fnt
|faint|p1b: Indeedee
|
|-weather|SunnyDay|[upkeep]
|-ability|p1a: Smeargle|Moody|boost
|-boost|p1a: Smeargle|def|2
|-unboost|p1a: Smeargle|spa|1
|upkeep
|c|☆HappyW|sun boosted is crazy lol
|inactive|Indigo flask has 30 seconds left.
|inactive|Indigo flask has 20 seconds left.
|inactive|Indigo flask has 15 seconds left.
|
|t:|1750823500
|switch|p1b: Terapagos|Terapagos, L50, M|100/100
|-activate|p1b: Terapagos|ability: Tera Shift
|detailschange|p1b: Terapagos|Terapagos-Terastal, L50, M
|-heal|p1b: Terapagos|100/100|[silent]
|turn|3
|c|☆Indigo flask|And pao
|
|t:|1750823511
|switch|p2b: Chien-Pao|Chien-Pao, L50|100/100
|-ability|p2b: Chien-Pao|Sword of Ruin
|move|p1a: Smeargle|Decorate|p1b: Terapagos
|-boost|p1b: Terapagos|atk|2
|-boost|p1b: Terapagos|spa|2
|move|p2a: Ogerpon|Ivy Cudgel|p1b: Terapagos|[anim] Ivy Cudgel Fire
|-activate|p1b: Terapagos|ability: Tera Shell
|-resisted|p1b: Terapagos
|-damage|p1b: Terapagos|0 fnt
|faint|p1b: Terapagos
|
|-weather|SunnyDay|[upkeep]
|-ability|p1a: Smeargle|Moody|boost
|-boost|p1a: Smeargle|def|2
|-unboost|p1a: Smeargle|spd|1
|upkeep
|turn|4
|c|☆HappyW|what the fuk
|inactive|HappyW has 30 seconds left.
|
|t:|1750823539
|move|p1a: Smeargle|Decorate|p2a: Ogerpon
|-boost|p2a: Ogerpon|atk|2
|-boost|p2a: Ogerpon|spa|2
|move|p2b: Chien-Pao|Ruination|p1a: Smeargle
|-damage|p1a: Smeargle|50/100
|move|p2a: Ogerpon|Ivy Cudgel|p1a: Smeargle|[anim] Ivy Cudgel Fire
|-crit|p1a: Smeargle
|-damage|p1a: Smeargle|0 fnt
|faint|p1a: Smeargle
|
|win|HappyW
|raw|Indigo flask's rating: 1280 &rarr; <strong>1259</strong><br />(-21 for losing)
|raw|HappyW's rating: 1342 &rarr; <strong>1358</strong><br />(+16 for winning)
|c|☆Indigo flask|...
|l|☆Indigo flask
|player|p1|
|c|☆HappyW|well that’s good to keep in mind for later
|c|☆HappyW|ggs
