|j|☆It'sJustKen VGC
|j|☆superpowerpoke
|t:|1750727206
|gametype|doubles
|player|p1|It'sJustKen VGC|caitlin|1594
|player|p2|superpowerpoke|266|1643
|teamsize|p1|6
|teamsize|p2|6
|gen|9
|tier|[Gen 9] VGC 2025 Reg I
|rated|
|rule|Species Clause: Limit one of each Pokémon
|rule|Item Clause: Limit 1 of each item
|clearpoke
|poke|p1|Incineroar, L50, F|
|poke|p1|Urshifu-*, L50, F|
|poke|p1|Amoonguss, L50, M|
|poke|p1|Calyrex-Shadow, L50|
|poke|p1|Tornadus, L50, M|
|poke|p1|Terapagos, L50, M|
|poke|p2|Kyogre, L50|
|poke|p2|Calyrex-Ice, L50|
|poke|p2|Incineroar, L50, M|
|poke|p2|Iron Jugulis, L50|
|poke|p2|Raichu, L50, F|
|poke|p2|Gastrodon, L50, F|
|teampreview|4
|inactive|Battle timer is ON: inactive players will automatically lose when time's up. (requested by It'sJustKen VGC)
|inactive|superpowerpoke has 60 seconds left.
|
|t:|1750727257
|start
|switch|p1a: @Not Wolfe Glick|Incineroar, L50, F|100/100
|switch|p1b: Chicken Jockey|Calyrex-Shadow, L50|100/100
|switch|p2a: Iron Jugulis|Iron Jugulis, L50|100/100
|switch|p2b: Calyrex|Calyrex-Ice, L50|100/100
|-ability|p1b: Chicken Jockey|As One
|-ability|p1b: Chicken Jockey|Unnerve
|-ability|p2b: Calyrex|As One
|-ability|p2b: Calyrex|Unnerve
|-ability|p1a: @Not Wolfe Glick|Intimidate|boost
|-unboost|p2a: Iron Jugulis|atk|1
|-fail|p2b: Calyrex|unboost|[from] item: Clear Amulet|[of] p2b: Calyrex
|-enditem|p2a: Iron Jugulis|Booster Energy
|-activate|p2a: Iron Jugulis|ability: Quark Drive|[fromitem]
|-start|p2a: Iron Jugulis|quarkdrivespe
|turn|1
|inactive|It'sJustKen VGC has 30 seconds left.
|
|t:|1750727285
|switch|p1b: PTSD Mushroom|Amoonguss, L50, M|100/100
|switch|p1a: Steven He|Urshifu-Rapid-Strike, L50, F|100/100
|-terastallize|p2b: Calyrex|Fire
|move|p2a: Iron Jugulis|Snarl|p1b: PTSD Mushroom|[spread] p1a,p1b
|-resisted|p1a: Steven He
|-damage|p1a: Steven He|87/100
|-damage|p1b: PTSD Mushroom|85/100
|-unboost|p1a: Steven He|spa|1
|-unboost|p1b: PTSD Mushroom|spa|1
|move|p2b: Calyrex|Glacial Lance|p1b: PTSD Mushroom|[spread] p1a,p1b
|-resisted|p1a: Steven He
|-supereffective|p1b: PTSD Mushroom
|-damage|p1a: Steven He|57/100
|-damage|p1b: PTSD Mushroom|0 fnt
|faint|p1b: PTSD Mushroom
|-ability|p2b: Calyrex|Chilling Neigh|boost
|-boost|p2b: Calyrex|atk|1
|
|upkeep
|
|t:|1750727294
|switch|p1b: @Not Wolfe Glick|Incineroar, L50, F|100/100
|-ability|p1b: @Not Wolfe Glick|Intimidate|boost
|-unboost|p2a: Iron Jugulis|atk|1
|-fail|p2b: Calyrex|unboost|[from] item: Clear Amulet|[of] p2b: Calyrex
|turn|2
|
|t:|1750727312
|-end|p2a: Iron Jugulis|Quark Drive|[silent]
|switch|p2a: Gastrodon|Gastrodon, L50, F|100/100
|-terastallize|p1a: Steven He|Water
|move|p1b: @Not Wolfe Glick|Fake Out|p2a: Gastrodon
|-damage|p2a: Gastrodon|89/100
|move|p1a: Steven He|Surging Strikes|p2a: Gastrodon
|-ability|p2a: Gastrodon|Storm Drain|boost
|-boost|p2a: Gastrodon|spa|1
|move|p2b: Calyrex|High Horsepower|p1b: @Not Wolfe Glick
|-supereffective|p1b: @Not Wolfe Glick
|-damage|p1b: @Not Wolfe Glick|0 fnt
|faint|p1b: @Not Wolfe Glick
|-ability|p2b: Calyrex|Chilling Neigh|boost
|-boost|p2b: Calyrex|atk|1
|
|-heal|p2a: Gastrodon|95/100|[from] item: Leftovers
|upkeep
|-message|It'sJustKen VGC forfeited.
|
|win|superpowerpoke
|raw|It&apos;sJustKen VGC's rating: 1594 &rarr; <strong>1577</strong><br />(-17 for losing)
|raw|superpowerpoke's rating: 1643 &rarr; <strong>1660</strong><br />(+17 for winning)
|l|☆It'sJustKen VGC
|player|p1|
|l|☆superpowerpoke
|player|p2|
