|j|☆Jameson Murray
|j|☆HyperMelon
|t:|1750738979
|gametype|doubles
|player|p1|Jameson Murray|elesa|1532
|player|p2|HyperMelon|1|1581
|teamsize|p1|6
|teamsize|p2|6
|gen|9
|tier|[Gen 9] VGC 2025 Reg I
|rated|
|rule|Species Clause: Limit one of each Pokémon
|rule|Item Clause: Limit 1 of each item
|clearpoke
|poke|p1|Groudon, L50|
|poke|p1|Jumpluff, L50, F|
|poke|p1|Raging Bolt, L50|
|poke|p1|Flutter Mane, L50|
|poke|p1|Chi-Yu, L50|
|poke|p1|Calyrex-Ice, L50|
|poke|p2|Calyrex-Ice, L50|
|poke|p2|Groudon, L50|
|poke|p2|Murkrow, L50, F|
|poke|p2|Raging Bolt, L50|
|poke|p2|Incineroar, L50, F|
|poke|p2|Flutter Mane, L50|
|teampreview|4
|inactive|Battle timer is ON: inactive players will automatically lose when time's up. (requested by HyperMelon)
|inactive|Jameson Murray has 60 seconds left.
|inactive|HyperMelon has 60 seconds left.
|
|t:|1750739033
|start
|switch|p1a: Calyrex|Calyrex-Ice, L50|100/100
|switch|p1b: Groudon|Groudon, L50, shiny|100/100
|switch|p2a: Groudon|Groudon, L50|100/100
|switch|p2b: Murkrow|Murkrow, L50, F|100/100
|-ability|p1a: Calyrex|As One
|-ability|p1a: Calyrex|Unnerve
|-weather|SunnyDay|[from] ability: Drought|[of] p2a: Groudon
|turn|1
|inactive|HyperMelon has 30 seconds left.
|inactive|HyperMelon has 20 seconds left.
|inactive|HyperMelon has 15 seconds left.
|inactive|HyperMelon has 10 seconds left.
|
|t:|1750739079
|-terastallize|p2a: Groudon|Ground
|move|p2b: Murkrow|Screech|p1a: Calyrex
|-unboost|p1a: Calyrex|def|2
|move|p2a: Groudon|Precipice Blades|p1a: Calyrex|[spread] p1a
|-miss|p2a: Groudon|p1b: Groudon
|-damage|p1a: Calyrex|6/100
|-enditem|p1a: Calyrex|Sitrus Berry|[eat]
|-heal|p1a: Calyrex|30/100|[from] item: Sitrus Berry
|move|p1b: Groudon|Precipice Blades|p2a: Groudon|[spread] p2a
|-immune|p2b: Murkrow
|-damage|p2a: Groudon|61/100
|move|p1a: Calyrex|Glacial Lance|p2a: Groudon|[spread] p2a,p2b
|-supereffective|p2a: Groudon
|-supereffective|p2b: Murkrow
|-damage|p2a: Groudon|0 fnt
|-damage|p2b: Murkrow|0 fnt
|faint|p2a: Groudon
|faint|p2b: Murkrow
|-ability|p1a: Calyrex|Chilling Neigh|boost
|-boost|p1a: Calyrex|atk|2
|
|-weather|SunnyDay|[upkeep]
|upkeep
|
|t:|1750739093
|switch|p2a: Calyrex|Calyrex-Ice, L50|100/100
|switch|p2b: Flutter Mane|Flutter Mane, L50|100/100
|-ability|p2a: Calyrex|As One
|-ability|p2a: Calyrex|Unnerve
|-activate|p2b: Flutter Mane|ability: Protosynthesis
|-start|p2b: Flutter Mane|protosynthesisspe
|turn|2
|
|t:|1750739102
|switch|p1a: Flutter Mane|Flutter Mane, L50, shiny|100/100
|-activate|p1a: Flutter Mane|ability: Protosynthesis
|-start|p1a: Flutter Mane|protosynthesisspe
|-terastallize|p1b: Groudon|Fire
|move|p2b: Flutter Mane|Icy Wind|p1a: Flutter Mane|[spread] p1a,p1b
|-resisted|p1b: Groudon
|-damage|p1a: Flutter Mane|84/100
|-damage|p1b: Groudon|95/100
|-unboost|p1a: Flutter Mane|spe|1
|-unboost|p1b: Groudon|spe|1
|move|p2a: Calyrex|Glacial Lance|p1b: Groudon|[spread] p1a,p1b
|-resisted|p1b: Groudon
|-damage|p1a: Flutter Mane|0 fnt
|-damage|p1b: Groudon|78/100
|faint|p1a: Flutter Mane
|-end|p1a: Flutter Mane|Protosynthesis|[silent]
|-ability|p2a: Calyrex|Chilling Neigh|boost
|-boost|p2a: Calyrex|atk|1
|move|p1b: Groudon|Rock Slide|p2a: Calyrex|[spread] p2a,p2b
|-supereffective|p2a: Calyrex
|-damage|p2a: Calyrex|70/100
|-damage|p2b: Flutter Mane|52/100
|
|-weather|SunnyDay|[upkeep]
|upkeep
|
|t:|1750739121
|switch|p1a: Chi-Yu|Chi-Yu, L50|100/100
|-ability|p1a: Chi-Yu|Beads of Ruin
|turn|3
|inactive|HyperMelon has 30 seconds left.
|
|t:|1750739153
|switch|p1b: Calyrex|Calyrex-Ice, L50|30/100
|-ability|p1b: Calyrex|As One
|-ability|p1b: Calyrex|Unnerve
|move|p2b: Flutter Mane|Icy Wind|p1a: Chi-Yu|[spread] p1a,p1b
|-resisted|p1a: Chi-Yu
|-resisted|p1b: Calyrex
|-damage|p1a: Chi-Yu|92/100
|-damage|p1b: Calyrex|23/100
|-unboost|p1a: Chi-Yu|spe|1
|-unboost|p1b: Calyrex|spe|1
|move|p1a: Chi-Yu|Heat Wave|p2b: Flutter Mane|[spread] p2a,p2b
|-supereffective|p2a: Calyrex
|-damage|p2a: Calyrex|0 fnt
|-damage|p2b: Flutter Mane|0 fnt
|faint|p2a: Calyrex
|faint|p2b: Flutter Mane
|-end|p2b: Flutter Mane|Protosynthesis|[silent]
|
|win|Jameson Murray
|raw|Jameson Murray's rating: 1532 &rarr; <strong>1555</strong><br />(+23 for winning)
|raw|HyperMelon's rating: 1581 &rarr; <strong>1558</strong><br />(-23 for losing)
|l|☆HyperMelon
|player|p2|
|l|☆Jameson Murray
|player|p1|
