|j|☆Captain7378
|j|☆LowkeyLokei
|t:|1750859609
|gametype|doubles
|player|p1|Captain7378|chuck|1232
|player|p2|LowkeyLokei|dancer|1327
|teamsize|p1|6
|teamsize|p2|6
|gen|9
|tier|[Gen 9] VGC 2025 Reg I
|rated|
|rule|Species Clause: Limit one of each Pokémon
|rule|Item Clause: Limit 1 of each item
|clearpoke
|poke|p1|Calyrex-Shadow, L50|
|poke|p1|Incineroar, L50, F|
|poke|p1|Zamazenta-*, L50|
|poke|p1|Rillaboom, L50, F|
|poke|p1|Farigiraf, L50, M|
|poke|p1|Urshifu-*, L50, F|
|poke|p2|Thundurus-Therian, L50, M|
|poke|p2|Kyogre, L50|
|poke|p2|Zacian-*, L50|
|poke|p2|Whimsicott, L50, F|
|poke|p2|Chien-Pao, L50|
|poke|p2|Rillaboom, L50, F|
|teampreview|4
|inactive|Battle timer is ON: inactive players will automatically lose when time's up. (requested by Captain7378)
|
|t:|1750859667
|start
|switch|p1a: Zamazenta|Zamazenta-Crowned, L50|100/100
|switch|p1b: Calyrex|Calyrex-Shadow, L50|100/100
|switch|p2a: Whimsicott|Whimsicott, L50, F, shiny|100/100
|switch|p2b: Rillaboom|Rillaboom, L50, F|100/100
|-ability|p1b: Calyrex|As One
|-ability|p1b: Calyrex|Unnerve
|-ability|p1a: Zamazenta|Dauntless Shield|boost
|-boost|p1a: Zamazenta|def|1
|-fieldstart|move: Grassy Terrain|[from] ability: Grassy Surge|[of] p2b: Rillaboom
|turn|1
|
|t:|1750859683
|move|p1a: Zamazenta|Protect|p1a: Zamazenta
|-singleturn|p1a: Zamazenta|Protect
|move|p2b: Rillaboom|Fake Out|p2a: Whimsicott
|-damage|p2a: Whimsicott|88/100
|move|p2a: Whimsicott|Tailwind|p2a: Whimsicott
|-sidestart|p2: LowkeyLokei|move: Tailwind
|move|p1b: Calyrex|Astral Barrage|p2a: Whimsicott|[spread] p2a,p2b
|-damage|p2a: Whimsicott|0 fnt
|-damage|p2b: Rillaboom|8/100
|faint|p2a: Whimsicott
|-ability|p1b: Calyrex|Grim Neigh|boost
|-boost|p1b: Calyrex|spa|1
|-damage|p1b: Calyrex|91/100|[from] item: Life Orb
|
|-heal|p2b: Rillaboom|14/100|[from] Grassy Terrain
|-heal|p2b: Rillaboom|20/100|[from] item: Leftovers
|-heal|p1b: Calyrex|97/100|[from] Grassy Terrain
|upkeep
|
|t:|1750859702
|switch|p2a: Thundurus|Thundurus-Therian, L50, M|100/100
|turn|2
|inactive|Captain7378 has 30 seconds left.
|
|t:|1750859731
|switch|p1b: Incineroar|Incineroar, L50, F|100/100
|-ability|p1b: Incineroar|Intimidate|boost
|-unboost|p2a: Thundurus|atk|1
|-unboost|p2b: Rillaboom|atk|1
|-terastallize|p1a: Zamazenta|Dragon
|move|p2a: Thundurus|Wildbolt Storm|p1a: Zamazenta|[spread] p1a,p1b
|-resisted|p1a: Zamazenta
|-damage|p1a: Zamazenta|84/100
|-damage|p1b: Incineroar|56/100
|move|p2b: Rillaboom|Wood Hammer|p1b: Incineroar
|-resisted|p1b: Incineroar
|-damage|p1b: Incineroar|37/100
|-damage|p2b: Rillaboom|13/100|[from] Recoil
|move|p1a: Zamazenta|Body Press|p2b: Rillaboom
|-damage|p2b: Rillaboom|0 fnt
|faint|p2b: Rillaboom
|
|-heal|p1a: Zamazenta|91/100|[from] Grassy Terrain
|-heal|p1b: Incineroar|43/100|[from] Grassy Terrain
|upkeep
|
|t:|1750859749
|switch|p2b: Chien-Pao|Chien-Pao, L50|100/100
|-ability|p2b: Chien-Pao|Sword of Ruin
|turn|3
|inactive|Captain7378 has 30 seconds left.
|inactive|Captain7378 has 20 seconds left.
|
|t:|1750859787
|move|p1b: Incineroar|Fake Out|p2b: Chien-Pao
|-damage|p2b: Chien-Pao|85/100
|cant|p2b: Chien-Pao|flinch
|move|p2a: Thundurus|Wildbolt Storm|p1b: Incineroar|[spread] p1a,p1b
|-resisted|p1a: Zamazenta
|-crit|p1a: Zamazenta
|-crit|p1b: Incineroar
|-damage|p1a: Zamazenta|65/100
|-damage|p1b: Incineroar|0 fnt
|faint|p1b: Incineroar
|move|p1a: Zamazenta|Body Press|p2b: Chien-Pao
|-supereffective|p2b: Chien-Pao
|-damage|p2b: Chien-Pao|0 fnt
|faint|p2b: Chien-Pao
|
|-heal|p1a: Zamazenta|71/100|[from] Grassy Terrain
|upkeep
|
|t:|1750859801
|switch|p1b: Calyrex|Calyrex-Shadow, L50|97/100
|-ability|p1b: Calyrex|As One
|-ability|p1b: Calyrex|Unnerve
|turn|4
|-message|LowkeyLokei forfeited.
|
|win|Captain7378
|raw|Captain7378's rating: 1232 &rarr; <strong>1264</strong><br />(+32 for winning)
|raw|LowkeyLokei's rating: 1327 &rarr; <strong>1302</strong><br />(-25 for losing)
|l|☆Captain7378
|player|p1|
