|j|☆rourouaiai
|j|☆Awfulping
|t:|1750766632
|gametype|doubles
|player|p1|rourouaiai|caitlin|1489
|player|p2|Awfulping|1|1418
|teamsize|p1|6
|teamsize|p2|6
|gen|9
|tier|[Gen 9] VGC 2025 Reg I
|rated|
|rule|Species Clause: Limit one of each Pokémon
|rule|Item Clause: Limit 1 of each item
|clearpoke
|poke|p1|Indeedee-F, L50, F|
|poke|p1|Smeargle, L50, F|
|poke|p1|Urshifu-*, L50, F|
|poke|p1|Calyrex-Ice, L50|
|poke|p1|Lunala, L50|
|poke|p1|Torkoal, L50, F|
|poke|p2|Incineroar, L50, M|
|poke|p2|Urshifu-*, L50, M|
|poke|p2|Kyogre, L50|
|poke|p2|Iron Leaves, L50|
|poke|p2|Zacian-*, L50|
|poke|p2|Tornadus, L50, M|
|teampreview|4
|inactive|Battle timer is ON: inactive players will automatically lose when time's up. (requested by rourouaiai)
|inactive|rourouaiai has 60 seconds left.
|
|t:|1750766686
|start
|switch|p1a: Lunala|Lunala, L50|100/100
|switch|p1b: Smeargle|Smeargle, L50, F|100/100
|switch|p2a: Kyogre|Kyogre, L50, shiny|100/100
|switch|p2b: Iron Leaves|Iron Leaves, L50|100/100
|-weather|RainDance|[from] ability: Drizzle|[of] p2a: Kyogre
|turn|1
|inactive|rourouaiai has 30 seconds left.
|inactive|Awfulping has 30 seconds left.
|inactive|rourouaiai has 20 seconds left.
|inactive|Awfulping has 20 seconds left.
|inactive|Awfulping has 15 seconds left.
|inactive|Awfulping has 10 seconds left.
|inactive|Awfulping has 5 seconds left.
|
|t:|1750766742
|move|p2b: Iron Leaves|Helping Hand|p2a: Kyogre
|-singleturn|p2a: Kyogre|Helping Hand|[of] p2b: Iron Leaves
|move|p1b: Smeargle|Fake Out|p2a: Kyogre
|-damage|p2a: Kyogre|95/100
|cant|p2a: Kyogre|flinch
|move|p1a: Lunala|Trick Room|p1a: Lunala
|-fieldstart|move: Trick Room|[of] p1a: Lunala
|
|-weather|RainDance|[upkeep]
|-ability|p1b: Smeargle|Moody|boost
|-boost|p1b: Smeargle|atk|2
|-unboost|p1b: Smeargle|def|1
|upkeep
|turn|2
|-message|Awfulping forfeited.
|
|win|rourouaiai
|raw|rourouaiai's rating: 1489 &rarr; <strong>1505</strong><br />(+16 for winning)
|raw|Awfulping's rating: 1418 &rarr; <strong>1402</strong><br />(-16 for losing)
|l|☆Awfulping
|player|p2|
|l|☆rourouaiai
|player|p1|
