|j|☆frmx
|j|☆sustickets
|t:|1750864188
|gametype|doubles
|player|p1|frmx|102|1469
|player|p2|sustickets|2|1386
|teamsize|p1|6
|teamsize|p2|6
|gen|9
|tier|[Gen 9] VGC 2025 Reg I
|rated|
|rule|Species Clause: Limit one of each Pokémon
|rule|Item Clause: Limit 1 of each item
|clearpoke
|poke|p1|Kyogre, L50|
|poke|p1|Iron Jugulis, L50|
|poke|p1|Landorus, L50, M|
|poke|p1|Miraidon, L50|
|poke|p1|Raichu-Alola, L50, F|
|poke|p1|Farigiraf, L50, F|
|poke|p2|Terapagos, L50, M|
|poke|p2|Incineroar, L50, M|
|poke|p2|Miraidon, L50|
|poke|p2|Farigiraf, L50, F|
|poke|p2|Dragapult, L50, M|
|poke|p2|Rillaboom, L50, F|
|teampreview|4
|
|t:|1750864219
|start
|switch|p1a: Raichu|Raichu-Alola, L50, F|100/100
|switch|p1b: Miraidon|Miraidon, L50|100/100
|switch|p2a: Miraidon|Miraidon, L50|100/100
|switch|p2b: Dragapult|Dragapult, L50, M|100/100
|-fieldstart|move: Electric Terrain|[from] ability: Hadron Engine|[of] p2a: Miraidon
|-activate|p1b: Miraidon|ability: Hadron Engine
|turn|1
|
|t:|1750864254
|-terastallize|p1b: Miraidon|Fairy
|move|p1a: Raichu|Nuzzle|p2b: Dragapult
|-resisted|p2b: Dragapult
|-damage|p2b: Dragapult|95/100
|-status|p2b: Dragapult|par
|move|p2a: Miraidon|Electro Drift|p1b: Miraidon
|-damage|p1b: Miraidon|8/100
|move|p1b: Miraidon|Volt Switch|p2a: Miraidon
|-resisted|p2a: Miraidon
|-damage|p2a: Miraidon|81/100
|
|t:|1750864266
|switch|p1b: Iron Jugulis|Iron Jugulis, L50|100/100|[from] Volt Switch
|-activate|p1b: Iron Jugulis|ability: Quark Drive
|-start|p1b: Iron Jugulis|quarkdrivespe
|move|p2b: Dragapult|Draco Meteor|p1b: Iron Jugulis
|-damage|p1b: Iron Jugulis|30/100
|-unboost|p2b: Dragapult|spa|2
|
|upkeep
|turn|2
|
|t:|1750864294
|move|p1a: Raichu|Fake Tears|p2b: Dragapult
|-fail|p2b: Dragapult|unboost|[from] ability: Clear Body|[of] p2b: Dragapult
|move|p1b: Iron Jugulis|Snarl|p2b: Dragapult|[spread] p2a,p2b
|-supereffective|p2b: Dragapult
|-damage|p2a: Miraidon|64/100
|-damage|p2b: Dragapult|40/100 par
|-unboost|p2a: Miraidon|spa|1
|move|p2a: Miraidon|Electro Drift|p1b: Iron Jugulis
|-supereffective|p1b: Iron Jugulis
|-damage|p1b: Iron Jugulis|0 fnt
|faint|p1b: Iron Jugulis
|-end|p1b: Iron Jugulis|Quark Drive|[silent]
|move|p2b: Dragapult|Light Screen|p2b: Dragapult
|-sidestart|p2: sustickets|move: Light Screen
|
|upkeep
|-message|frmx forfeited.
|
|win|sustickets
|raw|frmx's rating: 1469 &rarr; <strong>1444</strong><br />(-25 for losing)
|raw|sustickets's rating: 1386 &rarr; <strong>1411</strong><br />(+25 for winning)
|l|☆frmx
|player|p1|
|l|☆sustickets
|player|p2|
