|j|☆knucklee
|j|☆midahh
|t:|1750859378
|gametype|doubles
|player|p1|knucklee|266|1208
|player|p2|midahh|pokekid|1146
|teamsize|p1|6
|teamsize|p2|6
|gen|9
|tier|[Gen 9] VGC 2025 Reg I
|rated|
|rule|Species Clause: Limit one of each Pokémon
|rule|Item Clause: Limit 1 of each item
|clearpoke
|poke|p1|Koraidon, L50|
|poke|p1|Scream Tail, L50|
|poke|p1|Gothitelle, L50, F|
|poke|p1|Incineroar, L50, F|
|poke|p1|Amoonguss, L50, M|
|poke|p1|Calyrex-Shadow, L50|
|poke|p2|Solgaleo, L50|
|poke|p2|Miraidon, L50|
|poke|p2|Farigiraf, L50, F|
|poke|p2|Volcarona, L50, F|
|poke|p2|Landorus-Therian, L50, M|
|poke|p2|Iron Valiant, L50|
|teampreview|4
midahh has agreed to open team sheets.
|inactive|Battle timer is ON: inactive players will automatically lose when time's up. (requested by midahh)
|inactive|knucklee has 60 seconds left.
|inactive|midahh has 60 seconds left.
|
|t:|1750859430
|start
|switch|p1a: Gothitelle|Gothitelle, L50, F|100/100
|switch|p1b: Scream Tail|Scream Tail, L50|100/100
|switch|p2a: Miraidon|Miraidon, L50|100/100
|switch|p2b: Landorus|Landorus-Therian, L50, M|100/100
|-fieldstart|move: Electric Terrain|[from] ability: Hadron Engine|[of] p2a: Miraidon
|-ability|p2b: Landorus|Intimidate|boost
|-unboost|p1a: Gothitelle|atk|1
|-unboost|p1b: Scream Tail|atk|1
|-enditem|p1b: Scream Tail|Booster Energy
|-activate|p1b: Scream Tail|ability: Protosynthesis|[fromitem]
|-start|p1b: Scream Tail|protosynthesisspe
|turn|1
|
|t:|1750859453
|move|p1a: Gothitelle|Fake Out|p2a: Miraidon
|-damage|p2a: Miraidon|98/100
|move|p1b: Scream Tail|Perish Song|p1b: Scream Tail
|-start|p1a: Gothitelle|perish3|[silent]
|-start|p1b: Scream Tail|perish3|[silent]
|-start|p2a: Miraidon|perish3|[silent]
|-start|p2b: Landorus|perish3|[silent]
|-fieldactivate|move: Perish Song
|move|p2a: Miraidon|Parabolic Charge|p1b: Scream Tail|[spread] p1a,p1b
|-immune|p2b: Landorus
|-damage|p1a: Gothitelle|62/100
|-heal|p2a: Miraidon|100/100|[from] drain|[of] p1a: Gothitelle
|-damage|p1b: Scream Tail|67/100
|move|p2b: Landorus|U-turn|p1a: Gothitelle
|-supereffective|p1a: Gothitelle
|-damage|p1a: Gothitelle|0 fnt
|faint|p1a: Gothitelle
|
|t:|1750859467
|switch|p2b: Solgaleo|Solgaleo, L50, shiny|100/100|[from] U-turn
|
|-start|p1b: Scream Tail|perish3
|-start|p2a: Miraidon|perish3
|upkeep
|-message|knucklee forfeited.
|
|win|midahh
|raw|knucklee's rating: 1208 &rarr; <strong>1179</strong><br />(-29 for losing)
|raw|midahh's rating: 1146 &rarr; <strong>1175</strong><br />(+29 for winning)
|l|☆knucklee
|player|p1|
