|j|☆Tommytheog
|j|☆Fenrir41204
|t:|1750747593
|gametype|doubles
|player|p1|Tommytheog|266|1088
|player|p2|Fenrir41204|102|1111
|teamsize|p1|6
|teamsize|p2|6
|gen|9
|tier|[Gen 9] VGC 2025 Reg I
|rated|
|rule|Species Clause: Limit one of each Pokémon
|rule|Item Clause: Limit 1 of each item
|clearpoke
|poke|p1|Koraidon, L50|
|poke|p1|Charizard, L50, M|
|poke|p1|Metagross, L50|
|poke|p1|Groudon, L50|
|poke|p1|Torkoal, L50, F|
|poke|p1|Flutter Mane, L50|
|poke|p2|Arcanine, L50, M|
|poke|p2|Kyogre, L50|
|poke|p2|Tornadus, L50, M|
|poke|p2|Flutter Mane, L50|
|poke|p2|Koraidon, L50|
|poke|p2|Sableye, L50, M|
|teampreview|4
|inactive|Battle timer is ON: inactive players will automatically lose when time's up. (requested by Fenrir41204)
Fenrir41204 rejected open team sheets.
|
|t:|1750747623
|start
|switch|p1a: Flutter Mane|Flutter Mane, L50|100/100
|switch|p1b: Metagross|Metagross, L50|100/100
|switch|p2a: Tornadus|Tornadus, L50, M, shiny|100/100
|switch|p2b: Arcanine|Arcanine, L50, M, shiny|100/100
|-ability|p2b: Arcanine|Intimidate|boost
|-unboost|p1a: Flutter Mane|atk|1
|-fail|p1b: Metagross|unboost|[from] ability: Clear Body|[of] p1b: Metagross
|turn|1
|
|t:|1750747641
|-terastallize|p1b: Metagross|Normal
|move|p2a: Tornadus|Sunny Day|p2a: Tornadus
|-weather|SunnyDay
|-activate|p1a: Flutter Mane|ability: Protosynthesis
|-start|p1a: Flutter Mane|protosynthesisspe
|move|p2b: Arcanine|Flare Blitz|p1b: Metagross
|-damage|p1b: Metagross|33/100
|-damage|p2b: Arcanine|81/100|[from] Recoil
|move|p1b: Metagross|Explosion|p2b: Arcanine|[spread] p2a,p2b
|-immune|p1a: Flutter Mane
|-enditem|p1b: Metagross|Normal Gem|[from] gem
|-damage|p2a: Tornadus|0 fnt
|-damage|p2b: Arcanine|0 fnt
|faint|p1b: Metagross
|faint|p2a: Tornadus
|faint|p2b: Arcanine
|move|p1a: Flutter Mane|Trick Room|p1a: Flutter Mane
|-fieldstart|move: Trick Room|[of] p1a: Flutter Mane
|
|-weather|SunnyDay|[upkeep]
|upkeep
|
|t:|1750747660
|switch|p1b: Charizard|Charizard, L50, M|100/100
|switch|p2b: Koraidon|Koraidon, L50|100/100
|switch|p2a: Kyogre|Kyogre, L50, shiny|100/100
|-activate|p2b: Koraidon|ability: Orichalcum Pulse
|-weather|RainDance|[from] ability: Drizzle|[of] p2a: Kyogre
|-end|p1a: Flutter Mane|Protosynthesis
|turn|2
|inactive|Tommytheog has 30 seconds left.
|
|t:|1750747689
|-terastallize|p2a: Kyogre|Water
|move|p2b: Koraidon|Protect|p2b: Koraidon
|-singleturn|p2b: Koraidon|Protect
|move|p1b: Charizard|Dragon Pulse|p2a: Kyogre
|-damage|p2a: Kyogre|70/100
|move|p2a: Kyogre|Origin Pulse|p1a: Flutter Mane|[spread] p1a,p1b
|-supereffective|p1b: Charizard
|-enditem|p1a: Flutter Mane|Focus Sash
|-damage|p1a: Flutter Mane|1/100
|-damage|p1b: Charizard|0 fnt
|faint|p1b: Charizard
|move|p1a: Flutter Mane|Trick Room|p1a: Flutter Mane
|-fieldend|move: Trick Room
|
|-weather|RainDance|[upkeep]
|upkeep
|
|t:|1750747701
|switch|p1b: Koraidon|Koraidon, L50|100/100
|-weather|SunnyDay|[from] ability: Orichalcum Pulse|[of] p1b: Koraidon
|-activate|p1a: Flutter Mane|ability: Protosynthesis
|-start|p1a: Flutter Mane|protosynthesisspe
|-activate|p1b: Koraidon|Orichalcum Pulse|[source]
|turn|3
|
|t:|1750747719
|move|p1a: Flutter Mane|Shadow Ball|p2a: Kyogre
|-damage|p2a: Kyogre|36/100
|move|p2a: Kyogre|Origin Pulse|p1b: Koraidon|[spread] p1a
|-miss|p2a: Kyogre|p1b: Koraidon
|-damage|p1a: Flutter Mane|0 fnt
|faint|p1a: Flutter Mane
|-end|p1a: Flutter Mane|Protosynthesis|[silent]
|move|p1b: Koraidon|Dragon Claw|p2b: Koraidon
|-supereffective|p2b: Koraidon
|-damage|p2b: Koraidon|0 fnt
|faint|p2b: Koraidon
|-damage|p1b: Koraidon|91/100|[from] item: Life Orb
|
|-weather|SunnyDay|[upkeep]
|upkeep
|turn|4
|
|t:|1750747735
|move|p2a: Kyogre|Origin Pulse|p1b: Koraidon
|-resisted|p1b: Koraidon
|-damage|p1b: Koraidon|70/100
|move|p1b: Koraidon|Close Combat|p2a: Kyogre
|-damage|p2a: Kyogre|0 fnt
|-unboost|p1b: Koraidon|def|1
|-unboost|p1b: Koraidon|spd|1
|faint|p2a: Kyogre
|-damage|p1b: Koraidon|61/100|[from] item: Life Orb
|
|win|Tommytheog
|raw|Tommytheog's rating: 1088 &rarr; <strong>1117</strong><br />(+29 for winning)
|raw|Fenrir41204's rating: 1111 &rarr; <strong>1084</strong><br />(-27 for losing)
|l|☆Fenrir41204
|player|p2|
|l|☆Tommytheog
|player|p1|
