|j|☆kingbananahammock
|j|☆PullinAPan
|t:|1750768906
|gametype|doubles
|player|p1|kingbananahammock|102|1188
|player|p2|PullinAPan|cheryl|1230
|teamsize|p1|6
|teamsize|p2|6
|gen|9
|tier|[Gen 9] VGC 2025 Reg I
|rated|
|rule|Species Clause: Limit one of each Pokémon
|rule|Item Clause: Limit 1 of each item
|clearpoke
|poke|p1|Kyogre, L50|
|poke|p1|Venomoth, L50, M|
|poke|p1|Rillaboom, L50, F|
|poke|p1|Zamazenta-*, L50|
|poke|p1|Rhydon, L50, M|
|poke|p1|Tornadus, L50, M|
|poke|p2|Koraidon, L50|
|poke|p2|Ho-Oh, L50|
|poke|p2|Flutter Mane, L50|
|poke|p2|Incineroar, L50, M|
|poke|p2|Walking Wake, L50|
|poke|p2|Grimmsnarl, L50, M|
|teampreview|4
PullinAPan has agreed to open team sheets.
|inactive|Battle timer is ON: inactive players will automatically lose when time's up. (requested by PullinAPan)
kingbananahammock has agreed to open team sheets.
|showteam|p1|Kyogre||MysticWater|Drizzle|Protect,OriginPulse,WaterSpout,HydroPump||||||50|,,,,,Water]Venomoth||FocusSash|TintedLens|AcidSpray,SkillSwap,RagePowder,Disable|||M|||50|,,,,,Ghost]Rillaboom||AssaultVest|GrassySurge|FakeOut,WoodHammer,Uturn,GrassyGlide|||F|||50|,,,,,Grass]Zamazenta-Crowned||RustedShield|DauntlessShield|Protect,WideGuard,behemothbash,BodyPress||||||50|,,,,,Grass]Rhydon||Eviolite|LightningRod|Protect,HighHorsepower,RockSlide,Crunch|||M|||50|,,,,,Water]Tornadus||CovertCloak|Prankster|Tailwind,RainDance,BleakwindStorm,Taunt|||M|||50|,,,,,Dark
|showteam|p2|Koraidon||LifeOrb|OrichalcumPulse|CloseCombat,FlareBlitz,FlameCharge,Protect||||||50|,,,,,Fire]Ho-Oh||ClearAmulet|Regenerator|SacredFire,BraveBird,Tailwind,Protect||||||50|,,,,,Ground]Flutter Mane||FocusSash|Protosynthesis|Moonblast,ShadowBall,IcyWind,Protect||||||50|,,,,,Normal]Incineroar||SafetyGoggles|Intimidate|FakeOut,KnockOff,FlareBlitz,PartingShot|||M|||50|,,,,,Bug]Walking Wake||ChoiceSpecs|Protosynthesis|WeatherBall,HydroSteam,DracoMeteor,Snarl||||||50|,,,,,Water]Grimmsnarl||LightClay|Prankster|LightScreen,ThunderWave,Reflect,SpiritBreak|||M|||50|,,,,,Ghost
|inactive|PullinAPan has 60 seconds left.
|inactive|PullinAPan has 30 seconds left.
|
|t:|1750768976
|start
|switch|p1a: Venomoth|Venomoth, L50, M|100/100
|switch|p1b: Rhydon|Rhydon, L50, M|100/100
|switch|p2a: Mofongo-oh|Ho-Oh, L50|100/100
|switch|p2b: Wolfe's WHAT???|Incineroar, L50, M|100/100
|-ability|p2b: Wolfe's WHAT???|Intimidate|boost
|-unboost|p1a: Venomoth|atk|1
|-unboost|p1b: Rhydon|atk|1
|turn|1
|inactive|kingbananahammock has 30 seconds left.
|inactive|kingbananahammock has 20 seconds left.
|inactive|kingbananahammock has 15 seconds left.
|
|t:|1750769016
|switch|p1a: Tornadus|Tornadus, L50, M|100/100
|move|p2b: Wolfe's WHAT???|Fake Out|p1b: Rhydon
|-resisted|p1b: Rhydon
|-damage|p1b: Rhydon|98/100
|move|p2a: Mofongo-oh|Brave Bird|p1a: Tornadus
|-damage|p1a: Tornadus|25/100
|-damage|p2a: Mofongo-oh|78/100|[from] Recoil
|cant|p1b: Rhydon|flinch
|
|upkeep
|turn|2
|
|t:|1750769038
|move|p2a: Mofongo-oh|Protect|p2a: Mofongo-oh
|-singleturn|p2a: Mofongo-oh|Protect
|move|p1a: Tornadus|Tailwind|p1a: Tornadus
|-sidestart|p1: kingbananahammock|move: Tailwind
|move|p1b: Rhydon|Rock Slide|p2a: Mofongo-oh|[spread] p2b
|-activate|p2a: Mofongo-oh|move: Protect
|-supereffective|p2b: Wolfe's WHAT???
|-damage|p2b: Wolfe's WHAT???|65/100
|cant|p2b: Wolfe's WHAT???|flinch
|
|upkeep
|turn|3
|
|t:|1750769060
|switch|p2a: Grimmsnarl|Grimmsnarl, L50, M|100/100
|move|p1a: Tornadus|Bleakwind Storm|p2a: Grimmsnarl|[spread] p2a,p2b
|-crit|p2a: Grimmsnarl
|-damage|p2a: Grimmsnarl|63/100
|-damage|p2b: Wolfe's WHAT???|39/100
|move|p1b: Rhydon|Rock Slide|p2a: Grimmsnarl|[spread] p2b
|-miss|p1b: Rhydon|p2a: Grimmsnarl
|-supereffective|p2b: Wolfe's WHAT???
|-damage|p2b: Wolfe's WHAT???|0 fnt
|faint|p2b: Wolfe's WHAT???
|
|upkeep
|
|t:|1750769072
|switch|p2b: Koraidon|Koraidon, L50|100/100
|-weather|SunnyDay|[from] ability: Orichalcum Pulse|[of] p2b: Koraidon
|-activate|p2b: Koraidon|Orichalcum Pulse|[source]
|turn|4
|
|t:|1750769086
|switch|p1b: Kyogre|Kyogre, L50|100/100
|-weather|RainDance|[from] ability: Drizzle|[of] p1b: Kyogre
|move|p2b: Koraidon|Protect|p2b: Koraidon
|-singleturn|p2b: Koraidon|Protect
|move|p2a: Grimmsnarl|Reflect|p2a: Grimmsnarl
|-sidestart|p2: PullinAPan|Reflect
|move|p1a: Tornadus|Bleakwind Storm|p2b: Koraidon|[spread] p2a
|-activate|p2b: Koraidon|move: Protect
|-damage|p2a: Grimmsnarl|40/100
|
|-weather|RainDance|[upkeep]
|upkeep
|turn|5
|
|t:|1750769106
|move|p2a: Grimmsnarl|Thunder Wave|p1b: Kyogre
|-status|p1b: Kyogre|par
|move|p1a: Tornadus|Bleakwind Storm|p2b: Koraidon|[spread] p2a,p2b
|-supereffective|p2b: Koraidon
|-damage|p2a: Grimmsnarl|17/100
|-damage|p2b: Koraidon|34/100
|-unboost|p2b: Koraidon|spe|1
|move|p1b: Kyogre|Water Spout|p2a: Grimmsnarl|[spread] p2a,p2b
|-crit|p2a: Grimmsnarl
|-resisted|p2b: Koraidon
|-damage|p2a: Grimmsnarl|0 fnt
|-damage|p2b: Koraidon|0 fnt
|faint|p2a: Grimmsnarl
|faint|p2b: Koraidon
|
|-weather|RainDance|[upkeep]
|-sideend|p1: kingbananahammock|move: Tailwind
|upkeep
|
|t:|1750769123
|switch|p2b: Mofongo-oh|Ho-Oh, L50|100/100
|turn|6
|inactive|PullinAPan has 30 seconds left.
|inactive|PullinAPan has 20 seconds left.
|inactive|PullinAPan has 15 seconds left.
|c|☆PullinAPan|damn the speed drop clutched ggs
|inactive|PullinAPan has 10 seconds left.
|-message|PullinAPan forfeited.
|
|win|kingbananahammock
|raw|kingbananahammock's rating: 1188 &rarr; <strong>1216</strong><br />(+28 for winning)
|raw|PullinAPan's rating: 1230 &rarr; <strong>1202</strong><br />(-28 for losing)
|l|☆PullinAPan
|player|p2|
|l|☆kingbananahammock
|player|p1|
