|j|☆joeyuey
|j|☆itzlenaluv
|t:|1750769960
|gametype|doubles
|player|p1|joeyuey|lucas|1053
|player|p2|itzlenaluv|1|1040
|teamsize|p1|6
|teamsize|p2|6
|gen|9
|tier|[Gen 9] VGC 2025 Reg I
|rated|
|rule|Species Clause: Limit one of each Pokémon
|rule|Item Clause: Limit 1 of each item
|clearpoke
|poke|p1|Amoonguss, L50, M|
|poke|p1|Incineroar, L50, M|
|poke|p1|Rillaboom, L50, F|
|poke|p1|Urshifu-*, L50, F|
|poke|p1|Calyrex-Shadow, L50|
|poke|p1|Zamazenta-*, L50|
|poke|p2|Ninetales-Alola, L50, F|
|poke|p2|Miraidon, L50|
|poke|p2|Kyurem-White, L50|
|poke|p2|Whimsicott, L50, M|
|poke|p2|Iron Hands, L50|
|poke|p2|Incineroar, L50, F|
|teampreview|4
|
|t:|1750769995
|start
|switch|p1a: Amoonguss|Amoonguss, L50, M, shiny|100/100
|switch|p1b: Zamazenta|Zamazenta-Crowned, L50|100/100
|switch|p2a: Whimsicott|Whimsicott, L50, M|100/100
|switch|p2b: Miraidon|Miraidon, L50|100/100
|-fieldstart|move: Electric Terrain|[from] ability: Hadron Engine|[of] p2b: Miraidon
|-ability|p1b: Zamazenta|Dauntless Shield|boost
|-boost|p1b: Zamazenta|def|1
|turn|1
|
|t:|1750770014
|move|p1a: Amoonguss|Protect|p1a: Amoonguss
|-singleturn|p1a: Amoonguss|Protect
|move|p2a: Whimsicott|Tailwind|p2a: Whimsicott
|-sidestart|p2: itzlenaluv|move: Tailwind
|move|p2b: Miraidon|Electro Drift|p1b: Zamazenta
|-damage|p1b: Zamazenta|0 fnt
|faint|p1b: Zamazenta
|
|upkeep
|
|t:|1750770023
|switch|p1b: Calyrex|Calyrex-Shadow, L50|100/100
|-ability|p1b: Calyrex|As One
|-ability|p1b: Calyrex|Unnerve
|turn|2
|
|t:|1750770030
|move|p1b: Calyrex|Protect|p1b: Calyrex
|-singleturn|p1b: Calyrex|Protect
|move|p2a: Whimsicott|Encore|p1a: Amoonguss
|-start|p1a: Amoonguss|Encore
|-enditem|p1a: Amoonguss|Mental Herb
|-end|p1a: Amoonguss|Encore
|move|p2b: Miraidon|Electro Drift|p1b: Calyrex
|-activate|p1b: Calyrex|move: Protect
|move|p1a: Amoonguss|Spore|p2b: Miraidon
|-activate|p2b: Miraidon|move: Electric Terrain
|
|upkeep
|turn|3
|j| Wenpachi
|-message|joeyuey forfeited.
|
|win|itzlenaluv
|raw|joeyuey's rating: 1053 &rarr; <strong>1034</strong><br />(-19 for losing)
|raw|itzlenaluv's rating: 1040 &rarr; <strong>1075</strong><br />(+35 for winning)
|l|☆joeyuey
|player|p1|
