|j|☆Honored1
|j|☆Auragami
|t:|1750829207
|gametype|doubles
|player|p1|Honored1|silver|
|player|p2|Auragami|burglar|
|teamsize|p1|6
|teamsize|p2|6
|gen|9
|tier|[Gen 9] VGC 2025 Reg I
|rule|Species Clause: Limit one of each Pokémon
|rule|Item Clause: Limit 1 of each item
|clearpoke
|poke|p1|Moltres-Galar, L50|
|poke|p1|Zamazenta-*, L50|
|poke|p1|Palafin, L50, M|
|poke|p1|Sinistcha, L50|
|poke|p1|Rillaboom, L50, F|
|poke|p1|Ting-Lu, L50|
|poke|p2|Whimsicott, L50, F|
|poke|p2|Ogerpon-Cornerstone, L50, F|
|poke|p2|Incineroar, L50, M|
|poke|p2|Miraidon, L50|
|poke|p2|Ursaluna-Bloodmoon, L50, M|
|poke|p2|Farigiraf, L50, M|
|teampreview|4
|
|t:|1750829235
|start
|switch|p1a: Zamazenta|Zamazenta-Crowned, L50|100/100
|switch|p1b: Moltres|Moltres-Galar, L50|100/100
|switch|p2a: Whimsicott|Whimsicott, L50, F|100/100
|switch|p2b: Miraidon|Miraidon, L50|100/100
|-fieldstart|move: Electric Terrain|[from] ability: Hadron Engine|[of] p2b: Miraidon
|-ability|p1a: Zamazenta|Dauntless Shield|boost
|-boost|p1a: Zamazenta|def|1
|turn|1
|
|t:|1750829261
|move|p2a: Whimsicott|Encore||[still]
|-fail|p2a: Whimsicott
|move|p2b: Miraidon|Discharge|p1b: Moltres|[spread] p2a,p1a,p1b
|-resisted|p2a: Whimsicott
|-supereffective|p1b: Moltres
|-damage|p2a: Whimsicott|25/100
|-damage|p1a: Zamazenta|37/100
|-damage|p1b: Moltres|0 fnt
|faint|p1b: Moltres
|move|p1a: Zamazenta|Body Press|p2b: Miraidon
|-damage|p2b: Miraidon|25/100
|
|upkeep
|
|t:|1750829275
|switch|p1b: Rillaboom|Rillaboom, L50, F|100/100
|-fieldstart|move: Grassy Terrain|[from] ability: Grassy Surge|[of] p1b: Rillaboom
|turn|2
|
|t:|1750829284
|-terastallize|p2b: Miraidon|Electric
|move|p2a: Whimsicott|Protect|p2a: Whimsicott
|-singleturn|p2a: Whimsicott|Protect
|move|p1a: Zamazenta|Protect|p1a: Zamazenta
|-singleturn|p1a: Zamazenta|Protect
|move|p1b: Rillaboom|Grassy Glide|p2b: Miraidon
|-damage|p2b: Miraidon|0 fnt
|faint|p2b: Miraidon
|
|-heal|p2a: Whimsicott|31/100|[from] Grassy Terrain
|-heal|p1a: Zamazenta|43/100|[from] Grassy Terrain
|upkeep
|
|t:|1750829299
|switch|p2b: Incineroar|Incineroar, L50, M|100/100
|-ability|p2b: Incineroar|Intimidate|boost
|-unboost|p1a: Zamazenta|atk|1
|-unboost|p1b: Rillaboom|atk|1
|turn|3
|
|t:|1750829318
|move|p2a: Whimsicott|Tailwind|p2a: Whimsicott
|-sidestart|p2: Auragami|move: Tailwind
|move|p1a: Zamazenta|Body Press|p2b: Incineroar
|-supereffective|p2b: Incineroar
|-damage|p2b: Incineroar|0 fnt
|faint|p2b: Incineroar
|move|p1b: Rillaboom|Knock Off|p2a: Whimsicott
|-resisted|p2a: Whimsicott
|-damage|p2a: Whimsicott|13/100
|-enditem|p2a: Whimsicott|Focus Sash|[from] move: Knock Off|[of] p1b: Rillaboom
|
|-heal|p2a: Whimsicott|19/100|[from] Grassy Terrain
|-heal|p1a: Zamazenta|49/100|[from] Grassy Terrain
|upkeep
|
|t:|1750829331
|switch|p2b: Ursaluna|Ursaluna-Bloodmoon, L50, M|100/100
|turn|4
|
|t:|1750829343
|-terastallize|p1b: Rillaboom|Grass
|move|p2a: Whimsicott|Moonblast|p1a: Zamazenta
|-damage|p1a: Zamazenta|23/100
|-unboost|p1a: Zamazenta|spa|1
|move|p2b: Ursaluna|Hyper Voice|p1b: Rillaboom|[spread] p1a,p1b
|-resisted|p1a: Zamazenta
|-damage|p1a: Zamazenta|6/100
|-damage|p1b: Rillaboom|38/100
|-damage|p2b: Ursaluna|91/100|[from] item: Life Orb
|move|p1a: Zamazenta|Body Press|p2b: Ursaluna
|-supereffective|p2b: Ursaluna
|-damage|p2b: Ursaluna|0 fnt
|faint|p2b: Ursaluna
|move|p1b: Rillaboom|Wood Hammer|p2a: Whimsicott
|-resisted|p2a: Whimsicott
|-damage|p2a: Whimsicott|0 fnt
|faint|p2a: Whimsicott
|-damage|p1b: Rillaboom|33/100|[from] Recoil
|
|win|Honored1
