|j|☆I be pokemoning
|j|☆jephre45
|t:|1750826450
|gametype|doubles
|player|p1|I be pokemoning|elesa|1340
|player|p2|jephre45|plasmagrunt|1399
|teamsize|p1|6
|teamsize|p2|6
|gen|9
|tier|[Gen 9] VGC 2025 Reg I
|rated|
|rule|Species Clause: Limit one of each Pokémon
|rule|Item Clause: Limit 1 of each item
|clearpoke
|poke|p1|Whimsicott, L50, M|
|poke|p1|Terrakion, L50|
|poke|p1|Kyogre, L50|
|poke|p1|Zamazenta-*, L50|
|poke|p1|Urshifu-*, L50, M|
|poke|p1|Raichu, L50, M|
|poke|p2|Koraidon, L50|
|poke|p2|Calyrex-Ice, L50|
|poke|p2|Flutter Mane, L50|
|poke|p2|Chi-Yu, L50|
|poke|p2|Brute Bonnet, L50|
|poke|p2|Annihilape, L50, M|
|teampreview|4
|
|t:|1750826469
|start
|switch|p1a: Whimsicott|Whimsicott, L50, M|100/100
|switch|p1b: Terrakion|Terrakion, L50|100/100
|switch|p2a: Chi-Yu|Chi-Yu, L50|100/100
|switch|p2b: Brute Bonnet|Brute Bonnet, L50|100/100
|-ability|p2a: Chi-Yu|Beads of Ruin
|turn|1
|
|t:|1750826510
|-terastallize|p2a: Chi-Yu|Ghost
|move|p2a: Chi-Yu|Heat Wave|p1a: Whimsicott|[spread] p1a,p1b
|-supereffective|p1a: Whimsicott
|-resisted|p1b: Terrakion
|-damage|p1a: Whimsicott|0 fnt
|-damage|p1b: Terrakion|72/100
|faint|p1a: Whimsicott
|move|p1b: Terrakion|Rock Slide|p2b: Brute Bonnet|[spread] p2a,p2b
|-damage|p2a: Chi-Yu|35/100
|-damage|p2b: Brute Bonnet|75/100
|-damage|p1b: Terrakion|62/100|[from] item: Life Orb
|move|p2b: Brute Bonnet|Spore|p1b: Terrakion
|-status|p1b: Terrakion|slp|[from] move: Spore
|
|upkeep
|
|t:|1750826526
|switch|p1a: Kyogre|Kyogre, L50|100/100
|-weather|RainDance|[from] ability: Drizzle|[of] p1a: Kyogre
|turn|2
|
|t:|1750826551
|switch|p2a: Koraidon|Koraidon, L50|100/100
|-weather|SunnyDay|[from] ability: Orichalcum Pulse|[of] p2a: Koraidon
|-activate|p2b: Brute Bonnet|ability: Protosynthesis
|-start|p2b: Brute Bonnet|protosynthesisdef
|-activate|p2a: Koraidon|Orichalcum Pulse|[source]
|switch|p1b: Zamazenta|Zamazenta-Crowned, L50|100/100
|-ability|p1b: Zamazenta|Dauntless Shield|boost
|-boost|p1b: Zamazenta|def|1
|-terastallize|p1a: Kyogre|Grass
|move|p1a: Kyogre|Water Spout|p2b: Brute Bonnet|[spread] p2a,p2b
|-resisted|p2a: Koraidon
|-resisted|p2b: Brute Bonnet
|-crit|p2b: Brute Bonnet
|-damage|p2a: Koraidon|83/100
|-damage|p2b: Brute Bonnet|56/100
|move|p2b: Brute Bonnet|Seed Bomb|p1a: Kyogre
|-resisted|p1a: Kyogre
|-damage|p1a: Kyogre|85/100
|
|-weather|SunnyDay|[upkeep]
|upkeep
|turn|3
|-message|I be pokemoning forfeited.
|
|win|jephre45
|raw|I be pokemoning's rating: 1340 &rarr; <strong>1323</strong><br />(-17 for losing)
|raw|jephre45's rating: 1399 &rarr; <strong>1416</strong><br />(+17 for winning)
|l|☆I be pokemoning
|player|p1|
|l|☆jephre45
|player|p2|
