|j|☆Adastran
|j|☆physicsguy
|t:|1750796131
|gametype|doubles
|player|p1|Adastran|2|1081
|player|p2|physicsguy|265|1136
|teamsize|p1|6
|teamsize|p2|6
|gen|9
|tier|[Gen 9] VGC 2025 Reg I
|rated|
|rule|Species Clause: Limit one of each Pokémon
|rule|Item Clause: Limit 1 of each item
|clearpoke
|poke|p1|Eternatus, L50|
|poke|p1|Zamazenta-*, L50|
|poke|p1|Incineroar, L50, M|
|poke|p1|Grimmsnarl, L50, M|
|poke|p1|Flutter Mane, L50|
|poke|p1|Amoonguss, L50, F|
|poke|p2|Flutter Mane, L50|
|poke|p2|Archaludon, L50, F|
|poke|p2|Kyogre, L50|
|poke|p2|Lunala, L50|
|poke|p2|Ogerpon, L50, F|
|poke|p2|Roaring Moon, L50|
|teampreview|4
|
|t:|1750796178
|start
|switch|p1a: Amoonguss|Amoonguss, L50, F|100/100
|switch|p1b: Eternatus|Eternatus, L50, shiny|100/100
|switch|p2a: Ogerpon|Ogerpon, L50, F|100/100
|switch|p2b: Lunala|Lunala, L50|100/100
|-ability|p1b: Eternatus|Pressure
|turn|1
|
|t:|1750796215
|move|p2a: Ogerpon|Ivy Cudgel|p1a: Amoonguss
|-resisted|p1a: Amoonguss
|-crit|p1a: Amoonguss
|-damage|p1a: Amoonguss|86/100
|move|p1b: Eternatus|Sludge Wave|p2b: Lunala|[spread] p1a,p2a,p2b
|-supereffective|p2a: Ogerpon
|-resisted|p2b: Lunala
|-damage|p1a: Amoonguss|39/100
|-damage|p2a: Ogerpon|0 fnt
|-damage|p2b: Lunala|89/100
|faint|p2a: Ogerpon
|-damage|p1b: Eternatus|91/100|[from] item: Life Orb
|move|p2b: Lunala|Meteor Beam||[still]
|-prepare|p2b: Lunala|Meteor Beam
|-boost|p2b: Lunala|spa|1
|-enditem|p2b: Lunala|Power Herb
|-anim|p2b: Lunala|Meteor Beam|p1a: Amoonguss
|-damage|p1a: Amoonguss|0 fnt
|faint|p1a: Amoonguss
|
|upkeep
|
|t:|1750796231
|switch|p2a: Flutter Mane|Flutter Mane, L50|100/100
|switch|p1a: Flutter Mane|Flutter Mane, L50|100/100
|-enditem|p2a: Flutter Mane|Booster Energy
|-activate|p2a: Flutter Mane|ability: Protosynthesis|[fromitem]
|-start|p2a: Flutter Mane|protosynthesisspe
|turn|2
|
|t:|1750796246
|move|p1b: Eternatus|Protect|p1b: Eternatus
|-singleturn|p1b: Eternatus|Protect
|move|p2b: Lunala|Wide Guard|p2b: Lunala
|-singleturn|p2b: Lunala|Wide Guard
|move|p2a: Flutter Mane|Icy Wind|p1b: Eternatus|[spread] p1a
|-activate|p1b: Eternatus|move: Protect
|-damage|p1a: Flutter Mane|86/100
|-unboost|p1a: Flutter Mane|spe|1
|move|p1a: Flutter Mane|Shadow Ball|p2b: Lunala
|-supereffective|p2b: Lunala
|-damage|p2b: Lunala|0 fnt
|faint|p2b: Lunala
|
|upkeep
|
|t:|1750796258
|switch|p2b: Roaring Moon|Roaring Moon, L50|100/100
|turn|3
|
|t:|1750796270
|-end|p1a: Flutter Mane|Protosynthesis|[silent]
|switch|p1a: Zamazenta|Zamazenta-Crowned, L50|100/100
|-ability|p1a: Zamazenta|Dauntless Shield|boost
|-boost|p1a: Zamazenta|def|1
|-terastallize|p2b: Roaring Moon|Steel
|-terastallize|p1b: Eternatus|Fairy
|move|p2a: Flutter Mane|Icy Wind|p1a: Zamazenta|[spread] p1a,p1b
|-resisted|p1a: Zamazenta
|-damage|p1a: Zamazenta|96/100
|-damage|p1b: Eternatus|80/100
|-unboost|p1a: Zamazenta|spe|1
|-unboost|p1b: Eternatus|spe|1
|move|p2b: Roaring Moon|Rock Slide|p1b: Eternatus|[spread] p1a
|-miss|p2b: Roaring Moon|p1b: Eternatus
|-resisted|p1a: Zamazenta
|-damage|p1a: Zamazenta|94/100
|move|p1b: Eternatus|Sludge Wave|p2a: Flutter Mane|[spread] p2a
|-immune|p1a: Zamazenta
|-immune|p2b: Roaring Moon
|-damage|p2a: Flutter Mane|47/100
|-damage|p1b: Eternatus|71/100|[from] item: Life Orb
|
|upkeep
|turn|4
|
|t:|1750796299
|move|p2a: Flutter Mane|Moonblast|p1b: Eternatus
|-damage|p1b: Eternatus|33/100
|-unboost|p1b: Eternatus|spa|1
|move|p2b: Roaring Moon|Brick Break|p1a: Zamazenta
|-supereffective|p1a: Zamazenta
|-damage|p1a: Zamazenta|72/100
|move|p1a: Zamazenta|Body Press|p2b: Roaring Moon
|-supereffective|p2b: Roaring Moon
|-damage|p2b: Roaring Moon|0 fnt
|faint|p2b: Roaring Moon
|-end|p2b: Roaring Moon|Protosynthesis|[silent]
|move|p1b: Eternatus|Sludge Wave|p2a: Flutter Mane|[spread] p2a
|-immune|p1a: Zamazenta
|-damage|p2a: Flutter Mane|10/100
|-status|p2a: Flutter Mane|psn
|-damage|p1b: Eternatus|23/100|[from] item: Life Orb
|
|-damage|p2a: Flutter Mane|0 fnt|[from] psn
|faint|p2a: Flutter Mane
|-end|p2a: Flutter Mane|Protosynthesis|[silent]
|
|win|Adastran
|raw|Adastran's rating: 1081 &rarr; <strong>1113</strong><br />(+32 for winning)
|raw|physicsguy's rating: 1136 &rarr; <strong>1107</strong><br />(-29 for losing)
|l|☆physicsguy
|player|p2|
