|j|☆Solidserpent001
|j|☆Daemon_Illusio
|t:|1750859403
|gametype|doubles
|player|p1|Solidserpent001|skier|1063
|player|p2|Daemon_Illusio|drayden|1089
|teamsize|p1|6
|teamsize|p2|6
|gen|9
|tier|[Gen 9] VGC 2025 Reg I
|rated|
|rule|Species Clause: Limit one of each Pokémon
|rule|Item Clause: Limit 1 of each item
|clearpoke
|poke|p1|Toxapex, L50, M|
|poke|p1|Tornadus, L50, M|
|poke|p1|Flutter Mane, L50|
|poke|p1|Eternatus, L50|
|poke|p1|Cinderace, L50, M|
|poke|p1|Zekrom, L50|
|poke|p2|Miraidon, L50|
|poke|p2|Koraidon, L50|
|poke|p2|Flutter Mane, L50|
|poke|p2|Incineroar, L50, F|
|poke|p2|Amoonguss, L50, M|
|poke|p2|Urshifu-*, L50, M|
|teampreview|4
|
|t:|1750859434
|start
|switch|p1a: Tornadus|Tornadus, L50, M|100/100
|switch|p1b: Eternatus|Eternatus, L50|100/100
|switch|p2a: Miraidon|Miraidon, L50|100/100
|switch|p2b: Koraidon|Koraidon, L50|100/100
|-weather|SunnyDay|[from] ability: Orichalcum Pulse|[of] p2b: Koraidon
|-activate|p2b: Koraidon|Orichalcum Pulse|[source]
|-fieldstart|move: Electric Terrain|[from] ability: Hadron Engine|[of] p2a: Miraidon
|-ability|p1b: Eternatus|Pressure
|turn|1
|
|t:|1750859466
|-terastallize|p2a: Miraidon|Fairy
|move|p1a: Tornadus|Tailwind|p1a: Tornadus
|-sidestart|p1: Solidserpent001|move: Tailwind
|move|p1b: Eternatus|Dynamax Cannon|p2b: Koraidon
|-supereffective|p2b: Koraidon
|-damage|p2b: Koraidon|0 fnt
|faint|p2b: Koraidon
|move|p2a: Miraidon|Electro Drift|p1a: Tornadus
|-supereffective|p1a: Tornadus
|-enditem|p1a: Tornadus|Focus Sash
|-damage|p1a: Tornadus|1/100
|
|-weather|SunnyDay|[upkeep]
|upkeep
|
|t:|1750859492
|switch|p2b: Flutter Mane|Flutter Mane, L50|100/100
|-activate|p2b: Flutter Mane|ability: Protosynthesis
|-start|p2b: Flutter Mane|protosynthesisspe
|turn|2
|
|t:|1750859527
|switch|p1b: Flutter Mane|Flutter Mane, L50|100/100
|-activate|p1b: Flutter Mane|ability: Protosynthesis
|-start|p1b: Flutter Mane|protosynthesisspa
|move|p1a: Tornadus|Bleakwind Storm|p2a: Miraidon|[spread] p2b
|-miss|p1a: Tornadus|p2a: Miraidon
|-damage|p2b: Flutter Mane|61/100
|move|p2b: Flutter Mane|Dazzling Gleam|p1a: Tornadus|[spread] p1a,p1b
|-damage|p1a: Tornadus|0 fnt
|-damage|p1b: Flutter Mane|68/100
|faint|p1a: Tornadus
|move|p2a: Miraidon|Electro Drift|p1b: Flutter Mane
|-damage|p1b: Flutter Mane|0 fnt
|faint|p1b: Flutter Mane
|-end|p1b: Flutter Mane|Protosynthesis|[silent]
|
|-weather|SunnyDay|[upkeep]
|upkeep
|
|t:|1750859546
|switch|p1b: Eternatus|Eternatus, L50|100/100
|switch|p1a: Cinderace|Cinderace, L50, M|100/100
|-ability|p1b: Eternatus|Pressure
|turn|3
|
|t:|1750859571
|-terastallize|p1b: Eternatus|Ground
|move|p1a: Cinderace|Pyro Ball|p2b: Flutter Mane
|-damage|p2b: Flutter Mane|0 fnt
|faint|p2b: Flutter Mane
|-end|p2b: Flutter Mane|Protosynthesis|[silent]
|move|p1b: Eternatus|Tera Blast|p2a: Miraidon|[anim] Tera Blast Ground
|-damage|p2a: Miraidon|36/100
|move|p2a: Miraidon|Electro Drift|p1b: Eternatus
|-immune|p1b: Eternatus
|
|-weather|SunnyDay|[upkeep]
|upkeep
|
|t:|1750859580
|switch|p2b: Urshifu|Urshifu, L50, M|100/100
|turn|4
|
|t:|1750859592
|move|p1a: Cinderace|Pyro Ball|p2a: Miraidon
|-damage|p2a: Miraidon|0 fnt
|faint|p2a: Miraidon
|move|p1b: Eternatus|Tera Blast|p2b: Urshifu|[anim] Tera Blast Ground
|-crit|p2b: Urshifu
|-damage|p2b: Urshifu|0 fnt
|faint|p2b: Urshifu
|
|win|Solidserpent001
|raw|Solidserpent001's rating: 1063 &rarr; <strong>1096</strong><br />(+33 for winning)
|raw|Daemon_Illusio's rating: 1089 &rarr; <strong>1064</strong><br />(-25 for losing)
|l|☆Daemon_Illusio
|player|p2|
|l|☆Solidserpent001
|player|p1|
