|j|☆gltlchhr
|j|☆SlowbroJosh2534
|t:|1750825847
|gametype|doubles
|player|p1|gltlchhr|266|1099
|player|p2|SlowbroJosh2534|cynthia-gen4|1077
|teamsize|p1|6
|teamsize|p2|6
|gen|9
|tier|[Gen 9] VGC 2025 Reg I
|rated|
|rule|Species Clause: Limit one of each Pokémon
|rule|Item Clause: Limit 1 of each item
|clearpoke
|poke|p1|Sableye, L50, F|
|poke|p1|Beartic, L50, M|
|poke|p1|Kyogre, L50|
|poke|p1|Archaludon, L50, M|
|poke|p1|Rayquaza, L50|
|poke|p1|Chien-Pao, L50|
|poke|p2|Zacian-*, L50|
|poke|p2|Miraidon, L50|
|poke|p2|Flutter Mane, L50|
|poke|p2|Urshifu-*, L50, F|
|poke|p2|Whimsicott, L50, M|
|poke|p2|Incineroar, L50, M|
|teampreview|4
|
|t:|1750825869
|start
|switch|p1a: Kyogre|Kyogre, L50|100/100
|switch|p1b: Beartic|Beartic, L50, M|100/100
|switch|p2a: Whimsicott|Whimsicott, L50, M|100/100
|switch|p2b: Miraidon|Miraidon, L50|100/100
|-fieldstart|move: Electric Terrain|[from] ability: Hadron Engine|[of] p2b: Miraidon
|-weather|RainDance|[from] ability: Drizzle|[of] p1a: Kyogre
|turn|1
|
|t:|1750825893
|switch|p1a: Archaludon|Archaludon, L50, M|100/100
|-terastallize|p2b: Miraidon|Fairy
|move|p1b: Beartic|Trailblaze|p2b: Miraidon
|-damage|p2b: Miraidon|84/100
|-boost|p1b: Beartic|spe|1
|move|p2b: Miraidon|Dazzling Gleam|p1b: Beartic|[spread] p1a,p1b
|-damage|p1a: Archaludon|0 fnt
|-damage|p1b: Beartic|45/100
|faint|p1a: Archaludon
|move|p2a: Whimsicott|Moonblast|p1b: Beartic
|-damage|p1b: Beartic|25/100
|
|-weather|RainDance|[upkeep]
|upkeep
|
|t:|1750825911
|switch|p1a: Chien-Pao|Chien-Pao, L50|100/100
|-ability|p1a: Chien-Pao|Sword of Ruin
|-enditem|p1a: Chien-Pao|Electric Seed
|-boost|p1a: Chien-Pao|def|1|[from] item: Electric Seed
|turn|2
|
|t:|1750825939
|switch|p2a: Urshifu|Urshifu, L50, F|100/100
|move|p1b: Beartic|X-Scissor|p2b: Miraidon
|-resisted|p2b: Miraidon
|-damage|p2b: Miraidon|64/100
|move|p1a: Chien-Pao|Swords Dance|p1a: Chien-Pao
|-boost|p1a: Chien-Pao|atk|2
|move|p2b: Miraidon|Dazzling Gleam|p1b: Beartic|[spread] p1a,p1b
|-supereffective|p1a: Chien-Pao
|-damage|p1a: Chien-Pao|0 fnt
|-damage|p1b: Beartic|0 fnt
|faint|p1a: Chien-Pao
|faint|p1b: Beartic
|
|-weather|RainDance|[upkeep]
|upkeep
|
|t:|1750825949
|switch|p1b: Kyogre|Kyogre, L50|100/100
|turn|3
|
|t:|1750825960
|switch|p2b: Whimsicott|Whimsicott, L50, M|100/100
|move|p2a: Urshifu|Wicked Blow|p1b: Kyogre
|-crit|p1b: Kyogre
|-damage|p1b: Kyogre|32/100
|move|p1b: Kyogre|Water Spout|p2a: Urshifu|[spread] p2a,p2b
|-resisted|p2b: Whimsicott
|-damage|p2a: Urshifu|21/100
|-damage|p2b: Whimsicott|72/100
|
|-weather|RainDance|[upkeep]
|upkeep
|turn|4
|-message|gltlchhr forfeited.
|
|win|SlowbroJosh2534
|raw|gltlchhr's rating: 1099 &rarr; <strong>1073</strong><br />(-26 for losing)
|raw|SlowbroJosh2534's rating: 1077 &rarr; <strong>1107</strong><br />(+30 for winning)
|l|☆gltlchhr
|player|p1|
|l|☆SlowbroJosh2534
|player|p2|
