|j|☆malimygirl
|j|☆bananahammuck
|t:|1750827904
|gametype|doubles
|player|p1|malimygirl|101|1282
|player|p2|bananahammuck|170|1357
|teamsize|p1|6
|teamsize|p2|6
|gen|9
|tier|[Gen 9] VGC 2025 Reg I
|rated|
|rule|Species Clause: Limit one of each Pokémon
|rule|Item Clause: Limit 1 of each item
|clearpoke
|poke|p1|Miraidon, L50|
|poke|p1|Lunala, L50|
|poke|p1|Incineroar, L50, F|
|poke|p1|Urshifu-*, L50, M|
|poke|p1|Whimsicott, L50, F|
|poke|p1|Ursaluna, L50, F|
|poke|p2|Kyurem-White, L50|
|poke|p2|Lunala, L50|
|poke|p2|Ninetales-Alola, L50, M|
|poke|p2|Tornadus, L50, M|
|poke|p2|Ursaluna, L50, M|
|poke|p2|Urshifu-*, L50, M|
|teampreview|4
|inactive|Battle timer is ON: inactive players will automatically lose when time's up. (requested by malimygirl)
|inactive|malimygirl has 480 seconds left.
|
|t:|1750827976
|start
|switch|p1a: Lunala|Lunala, L50, shiny|100/100
|switch|p1b: Incineroar|Incineroar, L50, F|100/100
|switch|p2a: Ninetales|Ninetales-Alola, L50, M|100/100
|switch|p2b: Kyurem|Kyurem-White, L50|100/100
|-weather|Snowscape|[from] ability: Snow Warning|[of] p2a: Ninetales
|-ability|p2b: Kyurem|Turboblaze
|-ability|p1b: Incineroar|Intimidate|boost
|-unboost|p2a: Ninetales|atk|1
|-unboost|p2b: Kyurem|atk|1
|turn|1
|
|t:|1750828005
|move|p2a: Ninetales|Helping Hand|p2b: Kyurem
|-singleturn|p2b: Kyurem|Helping Hand|[of] p2a: Ninetales
|move|p1b: Incineroar|Fake Out|p2a: Ninetales
|-damage|p2a: Ninetales|91/100
|move|p1a: Lunala|Moonblast|p2b: Kyurem
|-supereffective|p2b: Kyurem
|-damage|p2b: Kyurem|68/100
|-unboost|p2b: Kyurem|spa|1
|move|p2b: Kyurem|Earth Power|p1b: Incineroar
|-supereffective|p1b: Incineroar
|-damage|p1b: Incineroar|54/100
|
|-weather|Snowscape|[upkeep]
|upkeep
|turn|2
|inactive|malimygirl has 30 seconds left.
|inactive|malimygirl has 20 seconds left.
|inactive|malimygirl has 15 seconds left.
|inactive|malimygirl has 10 seconds left.
|
|t:|1750828054
|switch|p2b: Lunala|Lunala, L50|100/100
|move|p2a: Ninetales|Aurora Veil|p2a: Ninetales
|-sidestart|p2: bananahammuck|move: Aurora Veil
|move|p1b: Incineroar|U-turn|p2a: Ninetales
|-resisted|p2a: Ninetales
|-damage|p2a: Ninetales|86/100
|
|t:|1750828075
|switch|p1b: Miraidon|Miraidon, L50|100/100|[from] U-turn
|-fieldstart|move: Electric Terrain|[from] ability: Hadron Engine|[of] p1b: Miraidon
|-enditem|p1a: Lunala|Electric Seed
|-boost|p1a: Lunala|def|1|[from] item: Electric Seed
|move|p1a: Lunala|Trick Room|p1a: Lunala
|-fieldstart|move: Trick Room|[of] p1a: Lunala
|
|-weather|Snowscape|[upkeep]
|upkeep
|turn|3
|inactive|malimygirl has 30 seconds left.
|inactive|bananahammuck has 30 seconds left.
|
|t:|1750828109
|switch|p1b: Incineroar|Incineroar, L50, F|54/100
|-ability|p1b: Incineroar|Intimidate|boost
|-unboost|p2a: Ninetales|atk|1
|-unboost|p2b: Lunala|atk|1
|-terastallize|p1a: Lunala|Fairy
|move|p2a: Ninetales|Helping Hand|p2b: Lunala
|-singleturn|p2b: Lunala|Helping Hand|[of] p2a: Ninetales
|move|p1a: Lunala|Moongeist Beam|p2b: Lunala
|-supereffective|p2b: Lunala
|-damage|p2b: Lunala|55/100
|move|p2b: Lunala|Moongeist Beam|p1a: Lunala
|-damage|p1a: Lunala|75/100
|
|-weather|Snowscape|[upkeep]
|upkeep
|turn|4
|inactive|bananahammuck has 30 seconds left.
|inactive|bananahammuck has 20 seconds left.
|inactive|bananahammuck has 15 seconds left.
|inactive|bananahammuck has 10 seconds left.
|inactive|malimygirl has 30 seconds left.
|inactive|bananahammuck has 5 seconds left.
|
|t:|1750828164
|move|p1b: Incineroar|U-turn|p2a: Ninetales
|-resisted|p2a: Ninetales
|-damage|p2a: Ninetales|81/100
|
|t:|1750828167
|switch|p1b: Ursaluna|Ursaluna, L50, F|100/100|[from] U-turn
|move|p1a: Lunala|Moongeist Beam|p2b: Lunala
|-supereffective|p2b: Lunala
|-damage|p2b: Lunala|0 fnt
|faint|p2b: Lunala
|move|p2a: Ninetales|Aurora Veil||[still]
|-fail|p2a: Ninetales
|
|-weather|Snowscape|[upkeep]
|-status|p1b: Ursaluna|brn|[from] item: Flame Orb
|upkeep
|-message|bananahammuck forfeited.
|
|win|malimygirl
|raw|malimygirl's rating: 1282 &rarr; <strong>1312</strong><br />(+30 for winning)
|raw|bananahammuck's rating: 1357 &rarr; <strong>1333</strong><br />(-24 for losing)
|l|☆bananahammuck
|player|p2|
|l|☆malimygirl
|player|p1|
