|j|☆Pizzzaguy9
|j|☆o1iikdk1d
|t:|1750827212
|gametype|doubles
|player|p1|Pizzzaguy9|blue|1334
|player|p2|o1iikdk1d|265|1313
|teamsize|p1|6
|teamsize|p2|6
|gen|9
|tier|[Gen 9] VGC 2025 Reg I
|rated|
|rule|Species Clause: Limit one of each Pokémon
|rule|Item Clause: Limit 1 of each item
|clearpoke
|poke|p1|Ho-Oh, L50|
|poke|p1|Groudon, L50|
|poke|p1|Raging Bolt, L50|
|poke|p1|Flutter Mane, L50|
|poke|p1|Indeedee-F, L50, F|
|poke|p1|Gholdengo, L50|
|poke|p2|Groudon, L50|
|poke|p2|Calyrex-Shadow, L50|
|poke|p2|Raging Bolt, L50|
|poke|p2|Incineroar, L50, F|
|poke|p2|Ogerpon-Wellspring, L50, F|
|poke|p2|Hitmontop, L50, M|
|teampreview|4
|l|☆Pizzzaguy9
|player|p1|
|j|☆Pizzzaguy9
|player|p1|Pizzzaguy9|blue|
|
|t:|1750827795
|start
|switch|p1a: Flutter Mane|Flutter Mane, L50|100/100
|switch|p1b: Indeedee|Indeedee-F, L50, F|100/100
|switch|p2a: Groudon|Groudon, L50|100/100
|switch|p2b: Raging Bolt|Raging Bolt, L50|100/100
|-weather|SunnyDay|[from] ability: Drought|[of] p2a: Groudon
|-activate|p1a: Flutter Mane|ability: Protosynthesis
|-start|p1a: Flutter Mane|protosynthesisspe
|-activate|p2b: Raging Bolt|ability: Protosynthesis
|-start|p2b: Raging Bolt|protosynthesisspa
|-fieldstart|move: Psychic Terrain|[from] ability: Psychic Surge|[of] p1b: Indeedee
|turn|1
|inactive|Battle timer is ON: inactive players will automatically lose when time's up. (requested by Pizzzaguy9)
|inactive|o1iikdk1d has 60 seconds left.
|-message|Pizzzaguy9 forfeited.
|
|win|o1iikdk1d
|raw|Pizzzaguy9's rating: 1334 &rarr; <strong>1313</strong><br />(-21 for losing)
|raw|o1iikdk1d's rating: 1313 &rarr; <strong>1334</strong><br />(+21 for winning)
|l|☆Pizzzaguy9
|player|p1|
|l|☆o1iikdk1d
|player|p2|
