|j|☆chicovirginio
|j|☆Tavmor
|t:|1750825918
|gametype|doubles
|player|p1|chicovirginio|101|1077
|player|p2|Tavmor|veteran|1126
|teamsize|p1|6
|teamsize|p2|6
|gen|9
|tier|[Gen 9] VGC 2025 Reg I
|rated|
|rule|Species Clause: Limit one of each Pokémon
|rule|Item Clause: Limit 1 of each item
|clearpoke
|poke|p1|Koraidon, L50|
|poke|p1|Calyrex-Shadow, L50|
|poke|p1|Clefairy, L50, M|
|poke|p1|Indeedee-F, L50, F|
|poke|p1|Iron Valiant, L50|
|poke|p1|Flutter Mane, L50|
|poke|p2|Calyrex-Ice, L50|
|poke|p2|Zacian-*, L50|
|poke|p2|Incineroar, L50, F|
|poke|p2|Rillaboom, L50, M|
|poke|p2|Urshifu-*, L50, M|
|poke|p2|Archaludon, L50, M|
|teampreview|4
|
|t:|1750825941
|start
|switch|p1a: Koraidon|Koraidon, L50|100/100
|switch|p1b: Iron Valiant|Iron Valiant, L50|100/100
|switch|p2a: Urshifu|Urshifu, L50, M|100/100
|switch|p2b: Incineroar|Incineroar, L50, F|100/100
|-weather|SunnyDay|[from] ability: Orichalcum Pulse|[of] p1a: Koraidon
|-activate|p1a: Koraidon|Orichalcum Pulse|[source]
|-ability|p2b: Incineroar|Intimidate|boost
|-fail|p1a: Koraidon|unboost|[from] item: Clear Amulet|[of] p1a: Koraidon
|-unboost|p1b: Iron Valiant|atk|1
|-enditem|p1b: Iron Valiant|Booster Energy
|-activate|p1b: Iron Valiant|ability: Quark Drive|[fromitem]
|-start|p1b: Iron Valiant|quarkdrivespe
|turn|1
|
|t:|1750825991
|move|p2b: Incineroar|Fake Out|p1a: Koraidon
|-damage|p1a: Koraidon|88/100
|move|p1b: Iron Valiant|Spirit Break|p2a: Urshifu
|-supereffective|p2a: Urshifu
|-damage|p2a: Urshifu|8/100
|-unboost|p2a: Urshifu|spa|1
|cant|p1a: Koraidon|flinch
|move|p2a: Urshifu|Close Combat|p1a: Koraidon
|-damage|p1a: Koraidon|27/100
|-unboost|p2a: Urshifu|def|1
|-unboost|p2a: Urshifu|spd|1
|
|-weather|SunnyDay|[upkeep]
|upkeep
|turn|2
|
|t:|1750826015
|move|p2a: Urshifu|Protect|p2a: Urshifu
|-singleturn|p2a: Urshifu|Protect
|move|p1b: Iron Valiant|Coaching|p1a: Koraidon
|-boost|p1a: Koraidon|atk|1
|-boost|p1a: Koraidon|def|1
|move|p1a: Koraidon|Brick Break|p2b: Incineroar
|-supereffective|p2b: Incineroar
|-damage|p2b: Incineroar|0 fnt
|faint|p2b: Incineroar
|
|-weather|SunnyDay|[upkeep]
|upkeep
|
|t:|1750826028
|switch|p2b: Zacian|Zacian-Crowned, L50|100/100
|-ability|p2b: Zacian|Intrepid Sword|boost
|-boost|p2b: Zacian|atk|1
|turn|3
|
|t:|1750826047
|-terastallize|p2b: Zacian|Fairy
|-terastallize|p1a: Koraidon|Fire
|move|p1b: Iron Valiant|Icy Wind|p2a: Urshifu|[spread] p2a,p2b
|-damage|p2a: Urshifu|0 fnt
|-damage|p2b: Zacian|90/100
|-unboost|p2b: Zacian|spe|1
|faint|p2a: Urshifu
|move|p1a: Koraidon|Flame Charge|p2b: Zacian
|-damage|p2b: Zacian|0 fnt
|-boost|p1a: Koraidon|spe|1
|faint|p2b: Zacian
|
|-weather|SunnyDay|[upkeep]
|upkeep
|-message|Tavmor forfeited.
|
|win|chicovirginio
|raw|chicovirginio's rating: 1077 &rarr; <strong>1109</strong><br />(+32 for winning)
|raw|Tavmor's rating: 1126 &rarr; <strong>1097</strong><br />(-29 for losing)
|l|☆Tavmor
|player|p2|
|l|☆chicovirginio
|player|p1|
