|j|☆RayneNoire
|j|☆kitucho
|t:|1750724013
|gametype|doubles
|player|p1|RayneNoire|101|1223
|player|p2|kitucho|170|1251
|teamsize|p1|6
|teamsize|p2|6
|gen|9
|tier|[Gen 9] VGC 2025 Reg I
|rated|
|rule|Species Clause: Limit one of each Pokémon
|rule|Item Clause: Limit 1 of each item
|clearpoke
|poke|p1|Calyrex-Shadow, L50|
|poke|p1|Urshifu-*, L50, M|
|poke|p1|Tornadus, L50, M|
|poke|p1|Zacian-*, L50|
|poke|p1|Roaring Moon, L50|
|poke|p1|Flutter Mane, L50|
|poke|p2|Groudon, L50|
|poke|p2|Koraidon, L50|
|poke|p2|Flutter Mane, L50|
|poke|p2|Entei, L50|
|poke|p2|Farigiraf, L50, F|
|poke|p2|Walking Wake, L50|
|teampreview|4
RayneNoire rejected open team sheets.
|inactive|Battle timer is ON: inactive players will automatically lose when time's up. (requested by RayneNoire)
|
|t:|1750724044
|start
|switch|p1a: Urshifu|Urshifu-Rapid-Strike, L50, M|100/100
|switch|p1b: Tornadus|Tornadus, L50, M|100/100
|switch|p2a: Groudon|Groudon, L50|100/100
|switch|p2b: Entei|Entei, L50|100/100
|-weather|SunnyDay|[from] ability: Drought|[of] p2a: Groudon
|turn|1
|inactive|kitucho has 30 seconds left.
|
|t:|1750724070
|switch|p2b: Walking Wake|Walking Wake, L50|100/100
|-activate|p2b: Walking Wake|ability: Protosynthesis
|-start|p2b: Walking Wake|protosynthesisspe
|-terastallize|p1a: Urshifu|Water
|move|p1b: Tornadus|Rain Dance|p1b: Tornadus
|-weather|RainDance
|-end|p2b: Walking Wake|Protosynthesis
|move|p1a: Urshifu|Surging Strikes|p2a: Groudon
|-supereffective|p2a: Groudon
|-crit|p2a: Groudon
|-damage|p2a: Groudon|37/100
|-supereffective|p2a: Groudon
|-crit|p2a: Groudon
|-damage|p2a: Groudon|0 fnt
|faint|p2a: Groudon
|-hitcount|p2: Groudon|2
|
|-weather|RainDance|[upkeep]
|upkeep
|
|t:|1750724084
|switch|p2a: Koraidon|Koraidon, L50|100/100
|-weather|SunnyDay|[from] ability: Orichalcum Pulse|[of] p2a: Koraidon
|-activate|p2b: Walking Wake|ability: Protosynthesis
|-start|p2b: Walking Wake|protosynthesisspe
|-activate|p2a: Koraidon|Orichalcum Pulse|[source]
|turn|2
|
|t:|1750724103
|move|p1b: Tornadus|Rain Dance|p1b: Tornadus
|-weather|RainDance
|-end|p2b: Walking Wake|Protosynthesis
|move|p2a: Koraidon|Close Combat|p1a: Urshifu
|-crit|p1a: Urshifu
|-enditem|p1a: Urshifu|Focus Sash
|-damage|p1a: Urshifu|1/100
|-unboost|p2a: Koraidon|def|1
|-unboost|p2a: Koraidon|spd|1
|-damage|p2a: Koraidon|91/100|[from] item: Life Orb
|move|p2b: Walking Wake|Hydro Steam|p1b: Tornadus
|-damage|p1b: Tornadus|7/100
|move|p1a: Urshifu|Surging Strikes|p2a: Koraidon
|-resisted|p2a: Koraidon
|-crit|p2a: Koraidon
|-damage|p2a: Koraidon|59/100
|-resisted|p2a: Koraidon
|-crit|p2a: Koraidon
|-damage|p2a: Koraidon|27/100
|-resisted|p2a: Koraidon
|-crit|p2a: Koraidon
|-damage|p2a: Koraidon|0 fnt
|faint|p2a: Koraidon
|-hitcount|p2: Koraidon|3
|
|-weather|RainDance|[upkeep]
|upkeep
|-message|kitucho forfeited.
|
|win|RayneNoire
|raw|RayneNoire's rating: 1223 &rarr; <strong>1250</strong><br />(+27 for winning)
|raw|kitucho's rating: 1251 &rarr; <strong>1224</strong><br />(-27 for losing)
|l|☆kitucho
|player|p2|
