|j|☆cetalover
|j|☆Dolphin002
|t:|1750714999
|gametype|doubles
|player|p1|cetalover|cynthia|1205
|player|p2|Dolphin002|2|1121
|teamsize|p1|6
|teamsize|p2|6
|gen|9
|tier|[Gen 9] VGC 2025 Reg I
|rated|
|rule|Species Clause: Limit one of each Pokémon
|rule|Item Clause: Limit 1 of each item
|clearpoke
|poke|p1|Incineroar, L50, M|
|poke|p1|Alcremie-Salted-Cream, L50, F|
|poke|p1|Ursaluna, L50, M|
|poke|p1|Cresselia, L50, F|
|poke|p1|Iron Hands, L50|
|poke|p1|Miraidon, L50|
|poke|p2|Kyogre, L50|
|poke|p2|Archaludon, L50, F|
|poke|p2|Pelipper, L50, M|
|poke|p2|Miraidon, L50|
|poke|p2|Incineroar, L50, F|
|poke|p2|Ogerpon-Cornerstone, L50, F|
|teampreview|4
|inactive|Battle timer is ON: inactive players will automatically lose when time's up. (requested by cetalover)
|inactive|cetalover has 60 seconds left.
|
|t:|1750715032
|start
|switch|p1a: Incineroar|Incineroar, L50, M|100/100
|switch|p1b: Alcremie-Rainbow|Alcremie-Salted-Cream, L50, F|100/100
|switch|p2a: Pink Whale|Kyogre, L50, shiny|100/100
|switch|p2b: Archaludon|Archaludon, L50, F|100/100
|-weather|RainDance|[from] ability: Drizzle|[of] p2a: Pink Whale
|-ability|p1a: Incineroar|Intimidate|boost
|-unboost|p2a: Pink Whale|atk|1
|-unboost|p2b: Archaludon|atk|1
|turn|1
|inactive|cetalover has 30 seconds left.
|inactive|Dolphin002 has 30 seconds left.
|
|t:|1750715066
|move|p1a: Incineroar|Fake Out|p2b: Archaludon
|-resisted|p2b: Archaludon
|-damage|p2b: Archaludon|96/100
|-ability|p2b: Archaludon|Stamina|boost
|-boost|p2b: Archaludon|def|1
|move|p2a: Pink Whale|Water Spout|p1b: Alcremie-Rainbow|[spread] p1a,p1b
|-supereffective|p1a: Incineroar
|-crit|p1a: Incineroar
|-crit|p1b: Alcremie-Rainbow
|-damage|p1a: Incineroar|0 fnt
|-damage|p1b: Alcremie-Rainbow|0 fnt
|faint|p1a: Incineroar
|faint|p1b: Alcremie-Rainbow
|cant|p2b: Archaludon|flinch
|
|-weather|RainDance|[upkeep]
|upkeep
|
|t:|1750715082
|switch|p1b: Miraidon|Miraidon, L50|100/100
|switch|p1a: Iron Hands|Iron Hands, L50|100/100
|-fieldstart|move: Electric Terrain|[from] ability: Hadron Engine|[of] p1b: Miraidon
|-activate|p1a: Iron Hands|ability: Quark Drive
|-start|p1a: Iron Hands|quarkdriveatk
|turn|2
|
|t:|1750715098
|-terastallize|p2a: Pink Whale|Grass
|move|p1a: Iron Hands|Fake Out|p2b: Archaludon
|-resisted|p2b: Archaludon
|-damage|p2b: Archaludon|91/100
|-ability|p2b: Archaludon|Stamina|boost
|-boost|p2b: Archaludon|def|1
|move|p1b: Miraidon|Electro Drift|p2a: Pink Whale
|-resisted|p2a: Pink Whale
|-damage|p2a: Pink Whale|52/100
|move|p2a: Pink Whale|Water Spout|p1a: Iron Hands|[spread] p1a,p1b
|-resisted|p1b: Miraidon
|-damage|p1a: Iron Hands|66/100
|-damage|p1b: Miraidon|70/100
|cant|p2b: Archaludon|flinch
|
|-weather|RainDance|[upkeep]
|upkeep
|turn|3
|inactive|cetalover has 30 seconds left.
|inactive|Dolphin002 has 30 seconds left.
|inactive|Dolphin002 has 20 seconds left.
|inactive|Dolphin002 has 15 seconds left.
|
|t:|1750715143
|move|p1b: Miraidon|Electro Drift|p2b: Archaludon
|-resisted|p2b: Archaludon
|-damage|p2b: Archaludon|41/100
|-ability|p2b: Archaludon|Stamina|boost
|-boost|p2b: Archaludon|def|1
|move|p2a: Pink Whale|Origin Pulse|p1a: Iron Hands|[spread] p1a,p1b
|-resisted|p1b: Miraidon
|-damage|p1a: Iron Hands|20/100
|-damage|p1b: Miraidon|29/100
|move|p2b: Archaludon|Dragon Pulse|p1b: Miraidon
|-supereffective|p1b: Miraidon
|-damage|p1b: Miraidon|0 fnt
|faint|p1b: Miraidon
|move|p1a: Iron Hands|Drain Punch|p2b: Archaludon
|-supereffective|p2b: Archaludon
|-crit|p2b: Archaludon
|-damage|p2b: Archaludon|0 fnt
|-heal|p1a: Iron Hands|35/100|[from] drain|[of] p2b: Archaludon
|faint|p2b: Archaludon
|
|-weather|RainDance|[upkeep]
|upkeep
|
|t:|1750715165
|switch|p2b: Incineroar|Incineroar, L50, F|100/100
|-ability|p2b: Incineroar|Intimidate|boost
|-unboost|p1a: Iron Hands|atk|1
|turn|4
|
|t:|1750715175
|move|p2b: Incineroar|Fake Out|p1a: Iron Hands
|-damage|p1a: Iron Hands|28/100
|move|p2a: Pink Whale|Origin Pulse|p1a: Iron Hands
|-damage|p1a: Iron Hands|0 fnt
|faint|p1a: Iron Hands
|-end|p1a: Iron Hands|Quark Drive|[silent]
|
|win|Dolphin002
|raw|cetalover's rating: 1205 &rarr; <strong>1174</strong><br />(-31 for losing)
|raw|Dolphin002's rating: 1121 &rarr; <strong>1152</strong><br />(+31 for winning)
|l|☆cetalover
|player|p1|
|c|☆Dolphin002|Gg
|l|☆Dolphin002
|player|p2|
