|j|☆AverageCosmogFan
|j|☆PokeAlquin
|t:|1750828354
|gametype|doubles
|player|p1|AverageCosmogFan|170|1353
|player|p2|PokeAlquin|101|1280
|teamsize|p1|6
|teamsize|p2|6
|gen|9
|tier|[Gen 9] VGC 2025 Reg I
|rated|
|rule|Species Clause: Limit one of each Pokémon
|rule|Item Clause: Limit 1 of each item
|clearpoke
|poke|p1|Landorus, L50, M|
|poke|p1|Okidogi, L50, M|
|poke|p1|Ogerpon-Wellspring, L50, F|
|poke|p1|Calyrex-Ice, L50|
|poke|p1|Miraidon, L50|
|poke|p1|Incineroar, L50, M|
|poke|p2|Koraidon, L50|
|poke|p2|Scream Tail, L50|
|poke|p2|Venusaur, L50, M|
|poke|p2|Incineroar, L50, M|
|poke|p2|Gothitelle, L50, F|
|poke|p2|Zacian-*, L50|
|teampreview|4
|inactive|Battle timer is ON: inactive players will automatically lose when time's up. (requested by PokeAlquin)
|
|t:|1750828404
|start
|switch|p1a: Landorus|Landorus, L50, M|100/100
|switch|p1b: Incineroar|Incineroar, L50, M|100/100
|switch|p2a: Koraidon|Koraidon, L50|100/100
|switch|p2b: Venusaur|Venusaur, L50, M|100/100
|-weather|SunnyDay|[from] ability: Orichalcum Pulse|[of] p2a: Koraidon
|-activate|p2a: Koraidon|Orichalcum Pulse|[source]
|-ability|p1b: Incineroar|Intimidate|boost
|-unboost|p2a: Koraidon|atk|1
|-unboost|p2b: Venusaur|atk|1
|turn|1
|inactive|AverageCosmogFan has 30 seconds left.
|
|t:|1750828431
|move|p1b: Incineroar|Fake Out|p2b: Venusaur
|-damage|p2b: Venusaur|88/100
|cant|p2b: Venusaur|flinch
|move|p1a: Landorus|Sandsear Storm|p2a: Koraidon|[spread] p2a,p2b
|-damage|p2a: Koraidon|52/100
|-damage|p2b: Venusaur|43/100
|move|p2a: Koraidon|U-turn|p1b: Incineroar
|-damage|p1b: Incineroar|77/100
|-damage|p2a: Koraidon|43/100|[from] item: Life Orb
|
|t:|1750828448
|switch|p2a: Scream Tail|Scream Tail, L50|100/100|[from] U-turn
|-activate|p2a: Scream Tail|ability: Protosynthesis
|-start|p2a: Scream Tail|protosynthesisspe
|
|-weather|SunnyDay|[upkeep]
|-heal|p2b: Venusaur|49/100|[from] item: Leftovers
|upkeep
|turn|2
|
|t:|1750828471
|switch|p2b: Gothitelle|Gothitelle, L50, F|100/100
|switch|p1a: Miraidon|Miraidon, L50|100/100
|-fieldstart|move: Electric Terrain|[from] ability: Hadron Engine|[of] p1a: Miraidon
|move|p2a: Scream Tail|Perish Song|p2a: Scream Tail
|-start|p1a: Miraidon|perish3|[silent]
|-start|p1b: Incineroar|perish3|[silent]
|-start|p2a: Scream Tail|perish3|[silent]
|-start|p2b: Gothitelle|perish3|[silent]
|-fieldactivate|move: Perish Song
|move|p1b: Incineroar|Flare Blitz|p2b: Gothitelle
|-damage|p2b: Gothitelle|22/100
|-enditem|p2b: Gothitelle|Sitrus Berry|[eat]
|-heal|p2b: Gothitelle|47/100|[from] item: Sitrus Berry
|-damage|p1b: Incineroar|54/100|[from] Recoil
|
|-weather|SunnyDay|[upkeep]
|-start|p2a: Scream Tail|perish3
|-start|p1a: Miraidon|perish3
|-start|p1b: Incineroar|perish3
|-start|p2b: Gothitelle|perish3
|upkeep
|turn|3
|inactive|AverageCosmogFan has 30 seconds left.
|inactive|PokeAlquin has 30 seconds left.
|inactive|AverageCosmogFan has 20 seconds left.
|inactive|PokeAlquin has 20 seconds left.
|inactive|PokeAlquin has 15 seconds left.
|inactive|PokeAlquin has 10 seconds left.
|inactive|PokeAlquin has 5 seconds left.
|
|t:|1750828526
|move|p2b: Gothitelle|Fake Out|p1a: Miraidon
|-damage|p1a: Miraidon|95/100
|move|p2a: Scream Tail|Encore|p1b: Incineroar
|-start|p1b: Incineroar|Encore
|cant|p1a: Miraidon|flinch
|move|p1b: Incineroar|Flare Blitz|p2b: Gothitelle
|-damage|p2b: Gothitelle|0 fnt
|faint|p2b: Gothitelle
|-damage|p1b: Incineroar|41/100|[from] Recoil
|
|-weather|SunnyDay|[upkeep]
|-start|p2a: Scream Tail|perish2
|-start|p1a: Miraidon|perish2
|-start|p1b: Incineroar|perish2
|upkeep
|
|t:|1750828549
|switch|p2b: Venusaur|Venusaur, L50, M|49/100
|turn|4
|inactive|PokeAlquin has 30 seconds left.
|l|☆PokeAlquin
|inactive|PokeAlquin disconnected and has a minute to reconnect!
|player|p2|
|j|☆PokeAlquin
|inactive|PokeAlquin reconnected and has 25 seconds left.
|player|p2|PokeAlquin|101|
|inactive|PokeAlquin has 20 seconds left.
|-message|PokeAlquin forfeited.
|
|win|AverageCosmogFan
|raw|AverageCosmogFan's rating: 1353 &rarr; <strong>1369</strong><br />(+16 for winning)
|raw|PokeAlquin's rating: 1280 &rarr; <strong>1260</strong><br />(-20 for losing)
|l|☆PokeAlquin
|player|p2|
|l|☆AverageCosmogFan
|player|p1|
