|j|☆Waffles4breakfast
|j|☆Yuans Reive
|t:|1750712505
|gametype|doubles
|player|p1|Waffles4breakfast|juggler|1531
|player|p2|Yuans Reive|2|1537
|teamsize|p1|6
|teamsize|p2|6
|gen|9
|tier|[Gen 9] VGC 2025 Reg I
|rated|
|rule|Species Clause: Limit one of each Pokémon
|rule|Item Clause: Limit 1 of each item
|clearpoke
|poke|p1|Kyogre, L50|
|poke|p1|Tornadus, L50, M|
|poke|p1|Annihilape, L50, M|
|poke|p1|Flutter Mane, L50|
|poke|p1|Calyrex-Shadow, L50|
|poke|p1|Indeedee-F, L50, F|
|poke|p2|Koraidon, L50|
|poke|p2|Lunala, L50|
|poke|p2|Incineroar, L50, M|
|poke|p2|Rillaboom, L50, F|
|poke|p2|Scream Tail, L50|
|poke|p2|Raging Bolt, L50|
|teampreview|4
Yuans Reive has agreed to open team sheets.
|inactive|Battle timer is ON: inactive players will automatically lose when time's up. (requested by Waffles4breakfast)
|
|t:|1750712530
|start
|switch|p1a: Tornadus|Tornadus, L50, M|100/100
|switch|p1b: Calyrex|Calyrex-Shadow, L50|100/100
|switch|p2a: Koraidon|Koraidon, L50|100/100
|switch|p2b: Scream Tail|Scream Tail, L50|100/100
|-ability|p1b: Calyrex|As One
|-ability|p1b: Calyrex|Unnerve
|-weather|SunnyDay|[from] ability: Orichalcum Pulse|[of] p2a: Koraidon
|-activate|p2b: Scream Tail|ability: Protosynthesis
|-start|p2b: Scream Tail|protosynthesisspe
|-activate|p2a: Koraidon|Orichalcum Pulse|[source]
|turn|1
|j| ThatHorseTho
|
|t:|1750712549
|-terastallize|p2b: Scream Tail|Dark
|move|p1a: Tornadus|Tailwind|p1a: Tornadus
|-sidestart|p1: Waffles4breakfast|move: Tailwind
|move|p1b: Calyrex|Expanding Force|p2a: Koraidon
|-supereffective|p2a: Koraidon
|-damage|p2a: Koraidon|0 fnt
|faint|p2a: Koraidon
|-ability|p1b: Calyrex|Grim Neigh|boost
|-boost|p1b: Calyrex|spa|1
|-damage|p1b: Calyrex|91/100|[from] item: Life Orb
|move|p2b: Scream Tail|Encore|p1a: Tornadus
|-start|p1a: Tornadus|Encore
|
|-weather|SunnyDay|[upkeep]
|upkeep
|
|t:|1750712566
|switch|p2a: Raging Bolt|Raging Bolt, L50|100/100
|-activate|p2a: Raging Bolt|ability: Protosynthesis
|-start|p2a: Raging Bolt|protosynthesisspa
|turn|2
|j| jiu6666
|
|t:|1750712581
|switch|p1a: Kyogre|Kyogre, L50|100/100
|-weather|RainDance|[from] ability: Drizzle|[of] p1a: Kyogre
|-end|p2b: Scream Tail|Protosynthesis
|-end|p2a: Raging Bolt|Protosynthesis
|-terastallize|p1b: Calyrex|Fighting
|move|p2a: Raging Bolt|Protect|p2a: Raging Bolt
|-singleturn|p2a: Raging Bolt|Protect
|move|p1b: Calyrex|Tera Blast|p2b: Scream Tail|[anim] Tera Blast Fighting
|-supereffective|p2b: Scream Tail
|-damage|p2b: Scream Tail|0 fnt
|faint|p2b: Scream Tail
|-end|p2b: Scream Tail|Protosynthesis|[silent]
|-ability|p1b: Calyrex|Grim Neigh|boost
|-boost|p1b: Calyrex|spa|1
|-damage|p1b: Calyrex|81/100|[from] item: Life Orb
|
|-weather|RainDance|[upkeep]
|upkeep
|
|t:|1750712585
|switch|p2b: Rillaboom|Rillaboom, L50, F|100/100
|-fieldstart|move: Grassy Terrain|[from] ability: Grassy Surge|[of] p2b: Rillaboom
|turn|3
|
|t:|1750712592
|move|p2b: Rillaboom|Fake Out|p1b: Calyrex
|-damage|p1b: Calyrex|67/100
|cant|p1b: Calyrex|flinch
|move|p1a: Kyogre|Ice Beam|p2a: Raging Bolt
|-supereffective|p2a: Raging Bolt
|-damage|p2a: Raging Bolt|2/100
|move|p2a: Raging Bolt|Thunderbolt|p1b: Calyrex
|-damage|p1b: Calyrex|9/100
|
|-weather|RainDance|[upkeep]
|-heal|p1b: Calyrex|15/100|[from] Grassy Terrain
|-heal|p2a: Raging Bolt|8/100|[from] Grassy Terrain
|upkeep
|turn|4
|
|t:|1750712600
|move|p2b: Rillaboom|Grassy Glide|p1a: Kyogre
|-supereffective|p1a: Kyogre
|-damage|p1a: Kyogre|36/100
|move|p2a: Raging Bolt|Thunderclap|p1a: Kyogre
|-supereffective|p1a: Kyogre
|-damage|p1a: Kyogre|0 fnt
|faint|p1a: Kyogre
|move|p1b: Calyrex|Astral Barrage|p2b: Rillaboom|[spread] p2a,p2b
|-crit|p2b: Rillaboom
|-damage|p2a: Raging Bolt|0 fnt
|-damage|p2b: Rillaboom|0 fnt
|faint|p2a: Raging Bolt
|-end|p2a: Raging Bolt|Protosynthesis|[silent]
|faint|p2b: Rillaboom
|-damage|p1b: Calyrex|6/100|[from] item: Life Orb
|
|win|Waffles4breakfast
|raw|Waffles4breakfast's rating: 1531 &rarr; <strong>1551</strong><br />(+20 for winning)
|raw|Yuans Reive's rating: 1537 &rarr; <strong>1517</strong><br />(-20 for losing)
|l|☆Yuans Reive
|player|p2|
|l|☆Waffles4breakfast
|player|p1|
|l| ThatHorseTho
