|j|☆ZEATHS
|j|☆catmaster37
|t:|1750795464
|gametype|doubles
|player|p1|ZEATHS|pokemaniac|1039
|player|p2|catmaster37|170|1007
|teamsize|p1|6
|teamsize|p2|6
|gen|9
|tier|[Gen 9] VGC 2025 Reg I
|rated|
|rule|Species Clause: Limit one of each Pokémon
|rule|Item Clause: Limit 1 of each item
|clearpoke
|poke|p1|Kyurem-White, L50|
|poke|p1|Zamazenta-*, L50|
|poke|p1|Amoonguss, L50, F|
|poke|p1|Tornadus, L50, M|
|poke|p1|Urshifu-*, L50, M|
|poke|p1|Ditto, L50|
|poke|p2|Calyrex-Shadow, L50|
|poke|p2|Indeedee, L50, M|
|poke|p2|Koraidon, L50|
|poke|p2|Basculegion, L50, M|
|poke|p2|Grimmsnarl, L50, M|
|poke|p2|Eelektross, L50, M|
|teampreview|4
|
|t:|1750795501
|start
|switch|p1a: Kyurem|Kyurem-White, L50, shiny|100/100
|switch|p1b: Tornadus|Tornadus, L50, M, shiny|100/100
|switch|p2a: Calyrex|Calyrex-Shadow, L50|100/100
|switch|p2b: Indeedee|Indeedee, L50, M, shiny|100/100
|-ability|p2a: Calyrex|As One
|-ability|p2a: Calyrex|Unnerve
|-ability|p1a: Kyurem|Turboblaze
|-fieldstart|move: Psychic Terrain|[from] ability: Psychic Surge|[of] p2b: Indeedee
|turn|1
|
|t:|1750795536
|-terastallize|p2a: Calyrex|Fairy
|move|p2b: Indeedee|Fake Out|p1b: Tornadus
|-hint|Psychic Terrain doesn't affect Pokémon immune to Ground.
|-damage|p1b: Tornadus|88/100
|move|p1b: Tornadus|Snowscape|p1b: Tornadus
|-weather|Snowscape
|move|p2a: Calyrex|Nasty Plot|p2a: Calyrex
|-boost|p2a: Calyrex|spa|2
|move|p1a: Kyurem|Blizzard|p2b: Indeedee|[spread] p2a,p2b
|-damage|p2a: Calyrex|22/100
|-damage|p2b: Indeedee|9/100
|
|-weather|Snowscape|[upkeep]
|-heal|p2b: Indeedee|15/100|[from] item: Leftovers
|upkeep
|turn|2
|
|t:|1750795557
|move|p2b: Indeedee|Helping Hand|p2a: Calyrex
|-singleturn|p2a: Calyrex|Helping Hand|[of] p2b: Indeedee
|move|p1b: Tornadus|Tailwind|p1b: Tornadus
|-sidestart|p1: ZEATHS|move: Tailwind
|move|p1a: Kyurem|Blizzard|p2b: Indeedee|[spread] p2a,p2b
|-crit|p2a: Calyrex
|-damage|p2a: Calyrex|0 fnt
|-damage|p2b: Indeedee|0 fnt
|faint|p2a: Calyrex
|faint|p2b: Indeedee
|
|-weather|Snowscape|[upkeep]
|upkeep
|
|t:|1750795567
|switch|p2a: Koraidon|Koraidon, L50|100/100
|switch|p2b: Grimmsnarl|Grimmsnarl, L50, M, shiny|100/100
|-weather|SunnyDay|[from] ability: Orichalcum Pulse|[of] p2a: Koraidon
|-activate|p2a: Koraidon|Orichalcum Pulse|[source]
|turn|3
|
|t:|1750795584
|move|p1b: Tornadus|Snowscape|p1b: Tornadus
|-weather|Snowscape
|move|p2b: Grimmsnarl|Taunt|p1b: Tornadus
|-start|p1b: Tornadus|move: Taunt
|move|p1a: Kyurem|Blizzard|p2a: Koraidon|[spread] p2a,p2b
|-supereffective|p2a: Koraidon
|-damage|p2a: Koraidon|0 fnt
|-damage|p2b: Grimmsnarl|14/100
|faint|p2a: Koraidon
|
|-weather|Snowscape|[upkeep]
|upkeep
|turn|4
|
|t:|1750795598
|move|p1a: Kyurem|Blizzard|p2b: Grimmsnarl
|-damage|p2b: Grimmsnarl|0 fnt
|faint|p2b: Grimmsnarl
|
|win|ZEATHS
|raw|ZEATHS's rating: 1039 &rarr; <strong>1070</strong><br />(+31 for winning)
|raw|catmaster37's rating: 1007 &rarr; <strong>1000</strong><br />(-7 for losing)
|l|☆catmaster37
|player|p2|
