|j|☆YungBoyo
|j|☆Professor_J93
|t:|1750799358
|gametype|doubles
|player|p1|YungBoyo|265|1510
|player|p2|Professor_J93|265|1447
|teamsize|p1|6
|teamsize|p2|6
|gen|9
|tier|[Gen 9] VGC 2025 Reg I
|rated|
|rule|Species Clause: Limit one of each Pokémon
|rule|Item Clause: Limit 1 of each item
|clearpoke
|poke|p1|Calyrex-Shadow, L50|
|poke|p1|Zamazenta-*, L50|
|poke|p1|Incineroar, L50, M|
|poke|p1|Rillaboom, L50, M|
|poke|p1|Raging Bolt, L50|
|poke|p1|Urshifu-*, L50, M|
|poke|p2|Zacian-*, L50|
|poke|p2|Palkia-Origin, L50|
|poke|p2|Chandelure, L50, M|
|poke|p2|Landorus-Therian, L50, M|
|poke|p2|Grimmsnarl, L50, M|
|poke|p2|Rillaboom, L50, M|
|teampreview|4
|inactive|Battle timer is ON: inactive players will automatically lose when time's up. (requested by Professor_J93)
|inactive|Professor_J93 has 60 seconds left.
|
|t:|1750799392
|start
|switch|p1a: Calyrex|Calyrex-Shadow, L50|100/100
|switch|p1b: Incineroar|Incineroar, L50, M|100/100
|switch|p2a: Palkia|Palkia-Origin, L50|100/100
|switch|p2b: Grimmsnarl|Grimmsnarl, L50, M|100/100
|-ability|p1a: Calyrex|As One
|-ability|p1a: Calyrex|Unnerve
|-ability|p2a: Palkia|Pressure
|-ability|p1b: Incineroar|Intimidate|boost
|-unboost|p2a: Palkia|atk|1
|-unboost|p2b: Grimmsnarl|atk|1
|turn|1
|
|t:|1750799409
|move|p1b: Incineroar|Fake Out|p2b: Grimmsnarl
|-damage|p2b: Grimmsnarl|89/100
|cant|p2b: Grimmsnarl|flinch
|move|p1a: Calyrex|Astral Barrage|p2b: Grimmsnarl|[spread] p2a,p2b
|-resisted|p2b: Grimmsnarl
|-damage|p2a: Palkia|40/100
|-damage|p2b: Grimmsnarl|58/100
|-damage|p1a: Calyrex|91/100|[from] item: Life Orb
|move|p2a: Palkia|Hydro Pump|p1b: Incineroar
|-supereffective|p1b: Incineroar
|-damage|p1b: Incineroar|0 fnt
|faint|p1b: Incineroar
|
|upkeep
|
|t:|1750799427
|switch|p1b: Zamazenta|Zamazenta-Crowned, L50|100/100
|-ability|p1b: Zamazenta|Dauntless Shield|boost
|-boost|p1b: Zamazenta|def|1
|turn|2
|
|t:|1750799433
|move|p2b: Grimmsnarl|Sucker Punch|p1a: Calyrex
|-supereffective|p1a: Calyrex
|-damage|p1a: Calyrex|13/100
|move|p1a: Calyrex|Astral Barrage|p2a: Palkia|[spread] p2a,p2b
|-resisted|p2b: Grimmsnarl
|-damage|p2a: Palkia|0 fnt
|-damage|p2b: Grimmsnarl|29/100
|faint|p2a: Palkia
|-ability|p1a: Calyrex|Grim Neigh|boost
|-boost|p1a: Calyrex|spa|1
|-damage|p1a: Calyrex|3/100|[from] item: Life Orb
|move|p1b: Zamazenta|Body Press|p2b: Grimmsnarl
|-damage|p2b: Grimmsnarl|0 fnt
|faint|p2b: Grimmsnarl
|
|upkeep
|
|t:|1750799439
|switch|p2a: Chandelure|Chandelure, L50, M|100/100
|switch|p2b: Fuwawa|Zacian-Crowned, L50, shiny|100/100
|-ability|p2b: Fuwawa|Intrepid Sword|boost
|-boost|p2b: Fuwawa|atk|1
|turn|3
|inactive|YungBoyo has 30 seconds left.
|
|t:|1750799465
|-terastallize|p1b: Zamazenta|Water
|move|p1a: Calyrex|Protect|p1a: Calyrex
|-singleturn|p1a: Calyrex|Protect
|move|p2a: Chandelure|Protect|p2a: Chandelure
|-singleturn|p2a: Chandelure|Protect
|move|p2b: Fuwawa|Sacred Sword|p1b: Zamazenta
|-damage|p1b: Zamazenta|68/100
|move|p1b: Zamazenta|Body Press|p2b: Fuwawa
|-damage|p2b: Fuwawa|52/100
|
|upkeep
|turn|4
|-message|Professor_J93 forfeited.
|
|win|YungBoyo
|raw|YungBoyo's rating: 1510 &rarr; <strong>1526</strong><br />(+16 for winning)
|raw|Professor_J93's rating: 1447 &rarr; <strong>1431</strong><br />(-16 for losing)
|l|☆Professor_J93
|player|p2|
|l|☆YungBoyo
|player|p1|
