|j|☆ArosConPollo85
|j|☆Lupe_King
|t:|1750870448
|gametype|doubles
|player|p1|ArosConPollo85|1|1321
|player|p2|Lupe_King|gentleman-gen4dp|1392
|teamsize|p1|6
|teamsize|p2|6
|gen|9
|tier|[Gen 9] VGC 2025 Reg I
|rated|
|rule|Species Clause: Limit one of each Pokémon
|rule|Item Clause: Limit 1 of each item
|clearpoke
|poke|p1|Araquanid, L50, M|
|poke|p1|Miraidon, L50|
|poke|p1|Incineroar, L50, M|
|poke|p1|Iron Leaves, L50|
|poke|p1|Calyrex-Ice, L50|
|poke|p1|Farigiraf, L50, M|
|poke|p2|Iron Bundle, L50|
|poke|p2|Grimmsnarl, L50, M|
|poke|p2|Miraidon, L50|
|poke|p2|Zacian-*, L50|
|poke|p2|Incineroar, L50, F|
|poke|p2|Sneasler, L50, F|
|teampreview|4
|inactive|Battle timer is ON: inactive players will automatically lose when time's up. (requested by ArosConPollo85)
Lupe_King rejected open team sheets.
|inactive|ArosConPollo85 has 60 seconds left.
|inactive|Lupe_King has 60 seconds left.
|inactive|ArosConPollo85 has 30 seconds left.
|inactive|ArosConPollo85 has 20 seconds left.
|
|t:|1750870519
|start
|switch|p1a: Miraidon|Miraidon, L50|100/100
|switch|p1b: Farigiraf|Farigiraf, L50, M|100/100
|switch|p2a: Miraidon|Miraidon, L50|100/100
|switch|p2b: Sneasler|Sneasler, L50, F|100/100
|-fieldstart|move: Electric Terrain|[from] ability: Hadron Engine|[of] p2a: Miraidon
|-enditem|p2b: Sneasler|Electric Seed
|-boost|p2b: Sneasler|def|1|[from] item: Electric Seed
|-activate|p1a: Miraidon|ability: Hadron Engine
|turn|1
|inactive|ArosConPollo85 has 30 seconds left.
|inactive|Lupe_King has 30 seconds left.
|inactive|ArosConPollo85 has 20 seconds left.
|inactive|Lupe_King has 20 seconds left.
|inactive|ArosConPollo85 has 15 seconds left.
|inactive|Lupe_King has 15 seconds left.
|inactive|ArosConPollo85 has 10 seconds left.
|inactive|ArosConPollo85 has 5 seconds left.
|
|t:|1750870574
|-terastallize|p2a: Miraidon|Fairy
|move|p2b: Sneasler|Close Combat|p1b: Farigiraf
|-damage|p1b: Farigiraf|39/100
|-unboost|p2b: Sneasler|def|1
|-unboost|p2b: Sneasler|spd|1
|move|p2a: Miraidon|Dazzling Gleam|p1b: Farigiraf|[spread] p1a,p1b
|-supereffective|p1a: Miraidon
|-damage|p1a: Miraidon|0 fnt
|-damage|p1b: Farigiraf|0 fnt
|faint|p1a: Miraidon
|faint|p1b: Farigiraf
|
|upkeep
|inactive|ArosConPollo85 has 30 seconds left.
|-message|ArosConPollo85 forfeited.
|
|win|Lupe_King
|raw|ArosConPollo85's rating: 1321 &rarr; <strong>1305</strong><br />(-16 for losing)
|raw|Lupe_King's rating: 1392 &rarr; <strong>1408</strong><br />(+16 for winning)
|l|☆ArosConPollo85
|player|p1|
