|j|☆welosethose
|j|☆Allhailhippo
|t:|1750881408
|gametype|doubles
|player|p1|welosethose|hilbert|1418
|player|p2|Allhailhippo|266|1513
|teamsize|p1|6
|teamsize|p2|6
|gen|9
|tier|[Gen 9] VGC 2025 Reg I
|rated|
|rule|Species Clause: Limit one of each Pokémon
|rule|Item Clause: Limit 1 of each item
|clearpoke
|poke|p1|Indeedee-F, L50, F|
|poke|p1|Calyrex-Shadow, L50|
|poke|p1|Grimmsnarl, L50, M|
|poke|p1|Urshifu-*, L50, F|
|poke|p1|Rillaboom, L50, F|
|poke|p1|Kyogre, L50|
|poke|p2|Necrozma-Dusk-Mane, L50|
|poke|p2|Calyrex-Ice, L50|
|poke|p2|Farigiraf, L50, F|
|poke|p2|Tornadus, L50, M|
|poke|p2|Flutter Mane, L50|
|poke|p2|Ursaluna, L50, F|
|teampreview|4
|inactive|Battle timer is ON: inactive players will automatically lose when time's up. (requested by Allhailhippo)
|inactive|welosethose has 60 seconds left.
|
|t:|1750881457
|start
|switch|p1a: Urshifu|Urshifu-Rapid-Strike, L50, F|100/100
|switch|p1b: Kyogre|Kyogre, L50, shiny|100/100
|switch|p2a: Tornadus|Tornadus, L50, M|100/100
|switch|p2b: Calyrex|Calyrex-Ice, L50|100/100
|-ability|p2b: Calyrex|As One
|-ability|p2b: Calyrex|Unnerve
|-weather|RainDance|[from] ability: Drizzle|[of] p1b: Kyogre
|turn|1
|
|t:|1750881467
|-terastallize|p1a: Urshifu|Water
|move|p2a: Tornadus|Sunny Day|p2a: Tornadus
|-weather|SunnyDay
|move|p1a: Urshifu|Surging Strikes|p2b: Calyrex
|-crit|p2b: Calyrex
|-damage|p2b: Calyrex|89/100
|-crit|p2b: Calyrex
|-damage|p2b: Calyrex|78/100
|-crit|p2b: Calyrex
|-damage|p2b: Calyrex|67/100
|-hitcount|p2b: Calyrex|3
|move|p1b: Kyogre|Origin Pulse|p2a: Tornadus|[spread] p2a,p2b
|-damage|p2a: Tornadus|69/100
|-damage|p2b: Calyrex|54/100
|move|p2b: Calyrex|Seed Bomb|p1b: Kyogre
|-supereffective|p1b: Kyogre
|-damage|p1b: Kyogre|34/100
|
|-weather|SunnyDay|[upkeep]
|upkeep
|turn|2
|
|t:|1750881487
|move|p1a: Urshifu|Surging Strikes|p2a: Tornadus
|-crit|p2a: Tornadus
|-damage|p2a: Tornadus|47/100
|-crit|p2a: Tornadus
|-damage|p2a: Tornadus|23/100
|-crit|p2a: Tornadus
|-damage|p2a: Tornadus|3/100
|-hitcount|p2a: Tornadus|3
|move|p2a: Tornadus|Bleakwind Storm|p1b: Kyogre|[spread] p1a,p1b
|-damage|p1a: Urshifu|49/100
|-damage|p1b: Kyogre|12/100
|-unboost|p1b: Kyogre|spe|1
|move|p1b: Kyogre|Origin Pulse|p2a: Tornadus|[spread] p2a,p2b
|-damage|p2a: Tornadus|0 fnt
|-damage|p2b: Calyrex|40/100
|faint|p2a: Tornadus
|move|p2b: Calyrex|Seed Bomb|p1a: Urshifu
|-supereffective|p1a: Urshifu
|-damage|p1a: Urshifu|0 fnt
|faint|p1a: Urshifu
|-ability|p2b: Calyrex|Chilling Neigh|boost
|-boost|p2b: Calyrex|atk|1
|
|-weather|SunnyDay|[upkeep]
|upkeep
|
|t:|1750881505
|switch|p1a: Calyrex|Calyrex-Shadow, L50|100/100
|switch|p2a: Necrozma|Necrozma-Dusk-Mane, L50|100/100
|-ability|p1a: Calyrex|As One
|-ability|p1a: Calyrex|Unnerve
|turn|3
|inactive|welosethose has 30 seconds left.
|
|t:|1750881537
|switch|p1b: Indeedee|Indeedee-F, L50, F|100/100
|-fieldstart|move: Psychic Terrain|[from] ability: Psychic Surge|[of] p1b: Indeedee
|-terastallize|p2b: Calyrex|Fire
|move|p1a: Calyrex|Nasty Plot|p1a: Calyrex
|-boost|p1a: Calyrex|spa|2
|move|p2a: Necrozma|Knock Off|p1a: Calyrex
|-supereffective|p1a: Calyrex
|-damage|p1a: Calyrex|0 fnt
|-enditem|p1a: Calyrex|Life Orb|[from] move: Knock Off|[of] p2a: Necrozma
|faint|p1a: Calyrex
|move|p2b: Calyrex|Glacial Lance|p1b: Indeedee
|-crit|p1b: Indeedee
|-damage|p1b: Indeedee|0 fnt
|faint|p1b: Indeedee
|-ability|p2b: Calyrex|Chilling Neigh|boost
|-boost|p2b: Calyrex|atk|1
|
|-weather|SunnyDay|[upkeep]
|upkeep
|
|t:|1750881546
|switch|p1b: Kyogre|Kyogre, L50, shiny|12/100
|-weather|RainDance|[from] ability: Drizzle|[of] p1b: Kyogre
|turn|4
|
|t:|1750881560
|move|p1b: Kyogre|Water Spout|p2b: Calyrex|[spread] p2a,p2b
|-supereffective|p2b: Calyrex
|-damage|p2a: Necrozma|90/100
|-damage|p2b: Calyrex|28/100
|move|p2a: Necrozma|Knock Off|p1b: Kyogre
|-damage|p1b: Kyogre|0 fnt
|-enditem|p1b: Kyogre|Splash Plate|[from] move: Knock Off|[of] p2a: Necrozma
|faint|p1b: Kyogre
|
|win|Allhailhippo
|raw|welosethose's rating: 1418 &rarr; <strong>1403</strong><br />(-15 for losing)
|raw|Allhailhippo's rating: 1513 &rarr; <strong>1528</strong><br />(+15 for winning)
|l|☆Allhailhippo
|player|p2|
