|j|☆Jmariowo
|j|☆superpowerpoke
|t:|1750746958
|gametype|doubles
|player|p1|Jmariowo|iono|1499
|player|p2|superpowerpoke|169|1543
|teamsize|p1|6
|teamsize|p2|6
|gen|9
|tier|[Gen 9] VGC 2025 Reg I
|rated|
|rule|Species Clause: Limit one of each Pokémon
|rule|Item Clause: Limit 1 of each item
|clearpoke
|poke|p1|Lunala, L50|
|poke|p1|Zamazenta-*, L50|
|poke|p1|Rillaboom, L50, M|
|poke|p1|Chien-Pao, L50|
|poke|p1|Urshifu-*, L50, M|
|poke|p1|Volcarona, L50, F|
|poke|p2|Kyogre, L50|
|poke|p2|Calyrex-Ice, L50|
|poke|p2|Incineroar, L50, M|
|poke|p2|Iron Jugulis, L50|
|poke|p2|Raichu, L50, M|
|poke|p2|Gastrodon, L50, M|
|teampreview|4
|j| ChickenZX
|
|t:|1750747018
|start
|switch|p1a: Rillaboom|Rillaboom, L50, M|100/100
|switch|p1b: Lunala|Lunala, L50|100/100
|switch|p2a: Calyrex|Calyrex-Ice, L50|100/100
|switch|p2b: Raichu|Raichu, L50, M|100/100
|-ability|p2a: Calyrex|As One
|-ability|p2a: Calyrex|Unnerve
|-fieldstart|move: Grassy Terrain|[from] ability: Grassy Surge|[of] p1a: Rillaboom
|turn|1
|
|t:|1750747040
|move|p2a: Calyrex|Protect|p2a: Calyrex
|-singleturn|p2a: Calyrex|Protect
|move|p1a: Rillaboom|Fake Out|p2a: Calyrex
|-activate|p2a: Calyrex|move: Protect
|move|p2b: Raichu|Nuzzle|p1b: Lunala
|-damage|p1b: Lunala|98/100
|-status|p1b: Lunala|par
|move|p1b: Lunala|Meteor Beam||[still]
|-prepare|p1b: Lunala|Meteor Beam
|-boost|p1b: Lunala|spa|1
|-enditem|p1b: Lunala|Power Herb
|-anim|p1b: Lunala|Meteor Beam|p2a: Calyrex
|-activate|p2a: Calyrex|move: Protect
|
|-heal|p1b: Lunala|100/100 par|[from] Grassy Terrain
|upkeep
|turn|2
|
|t:|1750747079
|-terastallize|p2a: Calyrex|Fire
|move|p2b: Raichu|Thunder|p1b: Lunala
|-damage|p1b: Lunala|83/100 par
|move|p1a: Rillaboom|Wood Hammer|p2a: Calyrex
|-resisted|p2a: Calyrex
|-damage|p2a: Calyrex|76/100
|-damage|p1a: Rillaboom|92/100|[from] Recoil
|move|p2a: Calyrex|Glacial Lance|p1b: Lunala|[spread] p1a,p1b
|-supereffective|p1a: Rillaboom
|-damage|p1a: Rillaboom|0 fnt
|-damage|p1b: Lunala|41/100 par
|faint|p1a: Rillaboom
|-ability|p2a: Calyrex|Chilling Neigh|boost
|-boost|p2a: Calyrex|atk|1
|cant|p1b: Lunala|par
|
|-heal|p2a: Calyrex|82/100|[from] Grassy Terrain
|-heal|p1b: Lunala|47/100 par|[from] Grassy Terrain
|upkeep
|-message|Jmariowo forfeited.
|
|win|superpowerpoke
|raw|Jmariowo's rating: 1499 &rarr; <strong>1482</strong><br />(-17 for losing)
|raw|superpowerpoke's rating: 1543 &rarr; <strong>1560</strong><br />(+17 for winning)
|l|☆Jmariowo
|player|p1|
|l|☆superpowerpoke
|player|p2|
|l| ChickenZX
