|j|☆Emirnent
|j|☆lsmymaths405
|t:|1750719054
|gametype|doubles
|player|p1|Emirnent|265|1745
|player|p2|lsmymaths405|170|1672
|teamsize|p1|6
|teamsize|p2|6
|gen|9
|tier|[Gen 9] VGC 2025 Reg I
|rated|
|rule|Species Clause: Limit one of each Pokémon
|rule|Item Clause: Limit 1 of each item
|clearpoke
|poke|p1|Calyrex-Ice, L50|
|poke|p1|Kyogre, L50|
|poke|p1|Smeargle, L50, F|
|poke|p1|Raging Bolt, L50|
|poke|p1|Tornadus, L50, M|
|poke|p1|Landorus, L50, M|
|poke|p2|Tornadus, L50, M|
|poke|p2|Kyogre, L50|
|poke|p2|Miraidon, L50|
|poke|p2|Iron Hands, L50|
|poke|p2|Tsareena, L50, F|
|poke|p2|Urshifu-*, L50, F|
|teampreview|4
|inactive|Battle timer is ON: inactive players will automatically lose when time's up. (requested by Emirnent)
|inactive|lsmymaths405 has 60 seconds left.
|
|t:|1750719097
|start
|switch|p1a: Calyrex|Calyrex-Ice, L50|100/100
|switch|p1b: Tornadus|Tornadus, L50, M|100/100
|switch|p2a: Tornadus|Tornadus, L50, M|100/100
|switch|p2b: Iron Hands|Iron Hands, L50, shiny|100/100
|-ability|p1a: Calyrex|As One
|-ability|p1a: Calyrex|Unnerve
|turn|1
|
|t:|1750719115
|switch|p2a: Kyogre|Kyogre, L50|100/100
|-weather|RainDance|[from] ability: Drizzle|[of] p2a: Kyogre
|move|p1b: Tornadus|Tailwind|p1b: Tornadus
|-sidestart|p1: Emirnent|move: Tailwind
|move|p1a: Calyrex|Glacial Lance|p2a: Kyogre|[spread] p2a,p2b
|-resisted|p2a: Kyogre
|-damage|p2a: Kyogre|67/100
|-damage|p2b: Iron Hands|65/100
|move|p2b: Iron Hands|Wild Charge|p1b: Tornadus
|-supereffective|p1b: Tornadus
|-damage|p1b: Tornadus|0 fnt
|faint|p1b: Tornadus
|-damage|p2b: Iron Hands|45/100|[from] Recoil
|
|-weather|RainDance|[upkeep]
|upkeep
|
|t:|1750719126
|switch|p1b: Kyogre|Kyogre, L50|100/100
|turn|2
|inactive|lsmymaths405 has 30 seconds left.
|
|t:|1750719152
|-terastallize|p1b: Kyogre|Water
|move|p1b: Kyogre|Water Spout|p2a: Kyogre|[spread] p2a,p2b
|-resisted|p2a: Kyogre
|-damage|p2a: Kyogre|18/100
|-damage|p2b: Iron Hands|0 fnt
|faint|p2b: Iron Hands
|-end|p2b: Iron Hands|Quark Drive|[silent]
|move|p1a: Calyrex|Glacial Lance|p2a: Kyogre
|-resisted|p2a: Kyogre
|-damage|p2a: Kyogre|0 fnt
|faint|p2a: Kyogre
|-ability|p1a: Calyrex|Chilling Neigh|boost
|-boost|p1a: Calyrex|atk|1
|
|-weather|RainDance|[upkeep]
|upkeep
|
|t:|1750719157
|switch|p2a: Tornadus|Tornadus, L50, M|100/100
|switch|p2b: Urshifu|Urshifu-Rapid-Strike, L50, F|100/100
|turn|3
|
|t:|1750719179
|-terastallize|p2b: Urshifu|Water
|move|p2a: Tornadus|Tailwind|p2a: Tornadus
|-sidestart|p2: lsmymaths405|move: Tailwind
|move|p1b: Kyogre|Water Spout|p2a: Tornadus|[spread] p2a,p2b
|-resisted|p2b: Urshifu
|-damage|p2a: Tornadus|0 fnt
|-damage|p2b: Urshifu|12/100
|faint|p2a: Tornadus
|move|p2b: Urshifu|Surging Strikes|p1a: Calyrex
|-crit|p1a: Calyrex
|-damage|p1a: Calyrex|75/100
|-crit|p1a: Calyrex
|-damage|p1a: Calyrex|48/100
|-crit|p1a: Calyrex
|-damage|p1a: Calyrex|18/100
|-hitcount|p1a: Calyrex|3
|move|p1a: Calyrex|Glacial Lance|p2b: Urshifu
|-resisted|p2b: Urshifu
|-damage|p2b: Urshifu|0 fnt
|faint|p2b: Urshifu
|
|win|Emirnent
|raw|Emirnent's rating: 1745 &rarr; <strong>1761</strong><br />(+16 for winning)
|raw|lsmymaths405's rating: 1672 &rarr; <strong>1656</strong><br />(-16 for losing)
|l|☆lsmymaths405
|player|p2|
|l|☆Emirnent
|player|p1|
