|j|☆steviesdad2
|j|☆Serbol03
|t:|1750766296
|gametype|doubles
|player|p1|steviesdad2|265|1303
|player|p2|Serbol03|giovanni|1226
|teamsize|p1|6
|teamsize|p2|6
|gen|9
|tier|[Gen 9] VGC 2025 Reg I
|rated|
|rule|Species Clause: Limit one of each Pokémon
|rule|Item Clause: Limit 1 of each item
|clearpoke
|poke|p1|Miraidon, L50|
|poke|p1|Tornadus, L50, M|
|poke|p1|Iron Hands, L50|
|poke|p1|Calyrex-Ice, L50|
|poke|p1|Rillaboom, L50, F|
|poke|p1|Incineroar, L50, F|
|poke|p2|Miraidon, L50|
|poke|p2|Lunala, L50|
|poke|p2|Urshifu-*, L50, F|
|poke|p2|Whimsicott, L50, F|
|poke|p2|Iron Hands, L50|
|poke|p2|Incineroar, L50, M|
|teampreview|4
|
|t:|1750766317
|start
|switch|p1a: Tornadus|Tornadus, L50, M|100/100
|switch|p1b: Incineroar|Incineroar, L50, F|100/100
|switch|p2a: Miraidon|Miraidon, L50|100/100
|switch|p2b: Whimsicott|Whimsicott, L50, F|100/100
|-fieldstart|move: Electric Terrain|[from] ability: Hadron Engine|[of] p2a: Miraidon
|-ability|p1b: Incineroar|Intimidate|boost
|-unboost|p2a: Miraidon|atk|1
|-unboost|p2b: Whimsicott|atk|1
|turn|1
|inactive|Battle timer is ON: inactive players will automatically lose when time's up. (requested by steviesdad2)
|
|t:|1750766334
|move|p1b: Incineroar|Fake Out|p2a: Miraidon
|-damage|p2a: Miraidon|88/100
|move|p1a: Tornadus|Tailwind|p1a: Tornadus
|-sidestart|p1: steviesdad2|move: Tailwind
|move|p2b: Whimsicott|Tailwind|p2b: Whimsicott
|-sidestart|p2: Serbol03|move: Tailwind
|cant|p2a: Miraidon|flinch
|
|upkeep
|turn|2
|inactive|Serbol03 has 30 seconds left.
|
|t:|1750766366
|switch|p2b: Iron Hands|Iron Hands, L50|100/100
|-activate|p2b: Iron Hands|ability: Quark Drive
|-start|p2b: Iron Hands|quarkdriveatk
|-terastallize|p1a: Tornadus|Ground
|move|p1a: Tornadus|Bleakwind Storm|p2a: Miraidon|[spread] p2b
|-miss|p1a: Tornadus|p2a: Miraidon
|-damage|p2b: Iron Hands|79/100
|move|p2a: Miraidon|Electro Drift|p1a: Tornadus
|-immune|p1a: Tornadus
|move|p1b: Incineroar|Flare Blitz|p2b: Iron Hands
|-crit|p2b: Iron Hands
|-damage|p2b: Iron Hands|20/100
|-damage|p1b: Incineroar|77/100|[from] Recoil
|
|upkeep
|turn|3
|l|☆steviesdad2
|inactive|steviesdad2 disconnected and has a minute to reconnect!
|player|p1|
|j|☆steviesdad2
|inactive|steviesdad2 reconnected and has 35 seconds left.
|player|p1|steviesdad2|265|
|
|t:|1750766389
|switch|p1b: Miraidon|Miraidon, L50|100/100
|-activate|p1b: Miraidon|ability: Hadron Engine
|move|p2b: Iron Hands|Fake Out|p1a: Tornadus
|-damage|p1a: Tornadus|69/100
|move|p1a: Tornadus|Bleakwind Storm|p2a: Miraidon|[spread] p2a,p2b
|-resisted|p2a: Miraidon
|-crit|p2b: Iron Hands
|-damage|p2a: Miraidon|74/100
|-damage|p2b: Iron Hands|0 fnt
|faint|p2b: Iron Hands
|-end|p2b: Iron Hands|Quark Drive|[silent]
|move|p2a: Miraidon|Electro Drift|p1b: Miraidon
|-resisted|p1b: Miraidon
|-damage|p1b: Miraidon|68/100
|
|upkeep
|-message|Serbol03 forfeited.
|
|win|steviesdad2
|raw|steviesdad2's rating: 1303 &rarr; <strong>1319</strong><br />(+16 for winning)
|raw|Serbol03's rating: 1226 &rarr; <strong>1206</strong><br />(-20 for losing)
