|j|☆Memlonnn
|j|☆Pabbilo
|t:|1750829800
|gametype|doubles
|player|p1|Memlonnn|shauntal|1178
|player|p2|Pabbilo|101|1109
|teamsize|p1|6
|teamsize|p2|6
|gen|9
|tier|[Gen 9] VGC 2025 Reg I
|rated|
|rule|Species Clause: Limit one of each Pokémon
|rule|Item Clause: Limit 1 of each item
|clearpoke
|poke|p1|Clefairy, L50, M|
|poke|p1|Calyrex-Ice, L50|
|poke|p1|Chandelure, L50, M|
|poke|p1|Kyogre, L50|
|poke|p1|Archaludon, L50, F|
|poke|p1|Incineroar, L50, F|
|poke|p2|Miraidon, L50|
|poke|p2|Whimsicott, L50, F|
|poke|p2|Incineroar, L50, M|
|poke|p2|Iron Hands, L50|
|poke|p2|Calyrex-Shadow, L50|
|poke|p2|Rillaboom, L50, F|
|teampreview|4
|inactive|Battle timer is ON: inactive players will automatically lose when time's up. (requested by Pabbilo)
|inactive|Pabbilo has 60 seconds left.
Memlonnn has agreed to open team sheets.
|
|t:|1750829850
|start
|switch|p1a: Ballin|Incineroar, L50, F, shiny|100/100
|switch|p1b: Ado|Chandelure, L50, M, shiny|100/100
|switch|p2a: Calyrex|Calyrex-Shadow, L50|100/100
|switch|p2b: Whimsicott|Whimsicott, L50, F|100/100
|-ability|p2a: Calyrex|As One
|-ability|p2a: Calyrex|Unnerve
|-ability|p1a: Ballin|Intimidate|boost
|-unboost|p2a: Calyrex|atk|1
|-unboost|p2b: Whimsicott|atk|1
|turn|1
|
|t:|1750829870
|move|p2b: Whimsicott|Protect|p2b: Whimsicott
|-singleturn|p2b: Whimsicott|Protect
|move|p1a: Ballin|Fake Out|p2b: Whimsicott
|-activate|p2b: Whimsicott|move: Protect
|move|p2a: Calyrex|Astral Barrage|p1a: Ballin|[spread] p1a,p1b
|-resisted|p1a: Ballin
|-supereffective|p1b: Ado
|-damage|p1a: Ballin|76/100
|-damage|p1b: Ado|0 fnt
|faint|p1b: Ado
|-ability|p2a: Calyrex|Grim Neigh|boost
|-boost|p2a: Calyrex|spa|1
|
|upkeep
|
|t:|1750829886
|switch|p1b: Poke|Calyrex-Ice, L50|100/100
|-ability|p1b: Poke|As One
|-ability|p1b: Poke|Unnerve
|turn|2
|
|t:|1750829895
|move|p2a: Calyrex|Astral Barrage|p1a: Ballin|[spread] p1a,p1b
|-resisted|p1a: Ballin
|-supereffective|p1b: Poke
|-damage|p1a: Ballin|36/100
|-damage|p1b: Poke|0 fnt
|faint|p1b: Poke
|-ability|p2a: Calyrex|Grim Neigh|boost
|-boost|p2a: Calyrex|spa|1
|move|p2b: Whimsicott|Moonblast|p1a: Ballin
|-damage|p1a: Ballin|4/100
|-unboost|p1a: Ballin|spa|1
|move|p1a: Ballin|Parting Shot|p2a: Calyrex
|-unboost|p2a: Calyrex|atk|1
|-unboost|p2a: Calyrex|spa|1
|
|t:|1750829910
|switch|p1a: Waterslide|Kyogre, L50, shiny|100/100|[from] Parting Shot
|-weather|RainDance|[from] ability: Drizzle|[of] p1a: Waterslide
|
|-weather|RainDance|[upkeep]
|upkeep
|
|t:|1750829917
|switch|p1b: Ballin|Incineroar, L50, F, shiny|4/100
|-ability|p1b: Ballin|Intimidate|boost
|-unboost|p2a: Calyrex|atk|1
|-unboost|p2b: Whimsicott|atk|1
|turn|3
|
|t:|1750829932
|-terastallize|p1a: Waterslide|Water
|move|p1b: Ballin|Fake Out|p2b: Whimsicott
|-damage|p2b: Whimsicott|84/100
|move|p2a: Calyrex|Astral Barrage|p1a: Waterslide|[spread] p1a,p1b
|-resisted|p1b: Ballin
|-damage|p1a: Waterslide|39/100
|-damage|p1b: Ballin|0 fnt
|faint|p1b: Ballin
|-ability|p2a: Calyrex|Grim Neigh|boost
|-boost|p2a: Calyrex|spa|1
|cant|p2b: Whimsicott|flinch
|move|p1a: Waterslide|Water Spout|p2b: Whimsicott|[spread] p2a,p2b
|-resisted|p2b: Whimsicott
|-damage|p2a: Calyrex|24/100
|-damage|p2b: Whimsicott|14/100
|
|-weather|RainDance|[upkeep]
|-heal|p2b: Whimsicott|20/100|[from] item: Leftovers
|upkeep
|turn|4
|-message|Memlonnn forfeited.
|
|win|Pabbilo
|raw|Memlonnn's rating: 1178 &rarr; <strong>1148</strong><br />(-30 for losing)
|raw|Pabbilo's rating: 1109 &rarr; <strong>1139</strong><br />(+30 for winning)
|l|☆Memlonnn
|player|p1|
|l|☆Pabbilo
|player|p2|
