|j|☆PopeyesYUMY
|j|☆GKun1999
|t:|1750864013
|gametype|doubles
|player|p1|PopeyesYUMY|parasollady|1205
|player|p2|GKun1999|red|1118
|teamsize|p1|6
|teamsize|p2|6
|gen|9
|tier|[Gen 9] VGC 2025 Reg I
|rated|
|rule|Species Clause: Limit one of each Pokémon
|rule|Item Clause: Limit 1 of each item
|clearpoke
|poke|p1|Scream Tail, L50|
|poke|p1|Koraidon, L50|
|poke|p1|Lunala, L50|
|poke|p1|Entei, L50|
|poke|p1|Incineroar, L50, M|
|poke|p1|Ditto, L50|
|poke|p2|Ninetales-Alola, L50, F|
|poke|p2|Ho-Oh, L50|
|poke|p2|Landorus, L50, M|
|poke|p2|Terapagos, L50, M|
|poke|p2|Houndoom, L50, F|
|poke|p2|Regice, L50|
|teampreview|4
GKun1999 has agreed to open team sheets.
PopeyesYUMY has agreed to open team sheets.
|showteam|p1|Scream Tail||BoosterEnergy|Protosynthesis|Howl,Encore,ThunderWave,Protect||||||50|,,,,,Normal]Koraidon||ClearAmulet|OrichalcumPulse|CollisionCourse,FlareBlitz,FlameCharge,Protect||||||50|,,,,,Fire]Lunala||Leftovers|ShadowShield|Moonblast,MoongeistBeam,WideGuard,Tailwind||||||50|,,,,,Fairy]Entei||ChoiceBand|InnerFocus|ExtremeSpeed,FlareBlitz,StoneEdge,Crunch||||||50|,,,,,Fire]Incineroar||SafetyGoggles|Intimidate|FakeOut,KnockOff,PartingShot,HelpingHand|||M|||50|,,,,,Ghost]Ditto||ChoiceScarf|Imposter|Transform||||||50|,,,,,Ghost
|showteam|p2|Ninetales-Alola||LightClay|SnowWarning|AuroraVeil,Encore,HelpingHand,IcyWind|||F|||50|,,,,,Dark]Ho-Oh||ClearAmulet|Regenerator|SacredFire,Protect,BraveBird,Tailwind||||||50|,,,,,Electric]Landorus||ChoiceScarf|SheerForce|EarthPower,SludgeBomb,WeatherBall,GrassKnot|||M|||50|,,,,,Poison]Terapagos||Leftovers|TeraShift|TeraStarstorm,Protect,CalmMind,EarthPower|||M|||50|,,,,,Stellar]Houndoom||FocusSash|FlashFire|Taunt,WillOWisp,Protect,Snarl|||F|||50|,,,,,Dark]Regice||SitrusBerry|IceBody|Protect,ThunderWave,IcyWind,AncientPower||||||50|,,,,,Fairy
|inactive|Battle timer is ON: inactive players will automatically lose when time's up. (requested by GKun1999)
|inactive|GKun1999 has 60 seconds left.
|
|t:|1750864125
|start
|switch|p1a: Incineroar|Incineroar, L50, M|100/100
|switch|p1b: Entei|Entei, L50|100/100
|switch|p2a: Regice|Regice, L50|100/100
|switch|p2b: Ho-Oh|Ho-Oh, L50|100/100
|-ability|p1a: Incineroar|Intimidate|boost
|-unboost|p2a: Regice|atk|1
|-fail|p2b: Ho-Oh|unboost|[from] item: Clear Amulet|[of] p2b: Ho-Oh
|turn|1
|inactive|PopeyesYUMY has 30 seconds left.
|
|t:|1750864159
|switch|p1a: Koraidon|Koraidon, L50|100/100
|-weather|SunnyDay|[from] ability: Orichalcum Pulse|[of] p1a: Koraidon
|-activate|p1a: Koraidon|Orichalcum Pulse|[source]
|move|p2a: Regice|Protect|p2a: Regice
|-singleturn|p2a: Regice|Protect
|move|p1b: Entei|Stone Edge|p2b: Ho-Oh
|-supereffective|p2b: Ho-Oh
|-crit|p2b: Ho-Oh
|-damage|p2b: Ho-Oh|0 fnt
|faint|p2b: Ho-Oh
|
|-weather|SunnyDay|[upkeep]
|upkeep
|
|t:|1750864170
|switch|p2b: Ninetales|Ninetales-Alola, L50, F|100/100
|-weather|Snowscape|[from] ability: Snow Warning|[of] p2b: Ninetales
|turn|2
|
|t:|1750864188
|switch|p1b: Incineroar|Incineroar, L50, M|100/100
|-ability|p1b: Incineroar|Intimidate|boost
|-unboost|p2a: Regice|atk|1
|-unboost|p2b: Ninetales|atk|1
|-terastallize|p1a: Koraidon|Fire
|move|p1a: Koraidon|Flare Blitz|p2b: Ninetales
|-supereffective|p2b: Ninetales
|-damage|p2b: Ninetales|0 fnt
|faint|p2b: Ninetales
|-damage|p1a: Koraidon|67/100|[from] Recoil
|move|p2a: Regice|Ancient Power|p1b: Incineroar
|-supereffective|p1b: Incineroar
|-damage|p1b: Incineroar|76/100
|
|-weather|Snowscape|[upkeep]
|upkeep
|-message|GKun1999 forfeited.
|
|win|PopeyesYUMY
|raw|PopeyesYUMY's rating: 1205 &rarr; <strong>1224</strong><br />(+19 for winning)
|raw|GKun1999's rating: 1118 &rarr; <strong>1099</strong><br />(-19 for losing)
|l|☆GKun1999
|player|p2|
|l|☆PopeyesYUMY
|player|p1|
