|j|☆blastoiseian
|j|☆Noahjustin
|t:|1750796686
|gametype|doubles
|player|p1|blastoiseian|falkner|1187
|player|p2|Noahjustin|1|1164
|teamsize|p1|6
|teamsize|p2|6
|gen|9
|tier|[Gen 9] VGC 2025 Reg I
|rated|
|rule|Species Clause: Limit one of each Pokémon
|rule|Item Clause: Limit 1 of each item
|clearpoke
|poke|p1|Miraidon, L50|
|poke|p1|Kyogre, L50|
|poke|p1|Iron Hands, L50|
|poke|p1|Weavile, L50, F|
|poke|p1|Gardevoir, L50, F|
|poke|p1|Ogerpon-Hearthflame, L50, F|
|poke|p2|Annihilape, L50, F|
|poke|p2|Oranguru, L50, M|
|poke|p2|Calyrex-Ice, L50|
|poke|p2|Iron Hands, L50|
|poke|p2|Lunala, L50|
|poke|p2|Incineroar, L50, M|
|teampreview|4
|inactive|Battle timer is ON: inactive players will automatically lose when time's up. (requested by Noahjustin)
Noahjustin rejected open team sheets.
|
|t:|1750796728
|start
|switch|p1a: Miraidon|Miraidon, L50|100/100
|switch|p1b: Weavile|Weavile, L50, F|100/100
|switch|p2a: Annihilape|Annihilape, L50, F, shiny|100/100
|switch|p2b: Oranguru|Oranguru, L50, M, shiny|100/100
|-fieldstart|move: Electric Terrain|[from] ability: Hadron Engine|[of] p1a: Miraidon
|-ability|p1b: Weavile|Pressure
|turn|1
|
|t:|1750796753
|switch|p1a: Gardevoir|Gardevoir, L50, F|100/100
|move|p1b: Weavile|Fake Out|p2b: Oranguru
|-damage|p2b: Oranguru|88/100
|move|p2a: Annihilape|Final Gambit|p1a: Gardevoir
|-damage|p1a: Gardevoir|0 fnt
|faint|p2a: Annihilape
|faint|p1a: Gardevoir
|move|p2b: Oranguru|Trick Room|p2b: Oranguru
|-fieldstart|move: Trick Room|[of] p2b: Oranguru
|
|upkeep
|
|t:|1750796767
|switch|p1a: Miraidon|Miraidon, L50|100/100
|switch|p2a: Calyrex|Calyrex-Ice, L50|100/100
|-ability|p2a: Calyrex|As One
|-ability|p2a: Calyrex|Unnerve
|-activate|p1a: Miraidon|ability: Hadron Engine
|turn|2
|
|t:|1750796778
|-terastallize|p1a: Miraidon|Electric
|move|p1b: Weavile|Feint|p2a: Calyrex
|-damage|p2a: Calyrex|94/100
|move|p2a: Calyrex|Glacial Lance|p1a: Miraidon|[spread] p1a,p1b
|-resisted|p1b: Weavile
|-damage|p1a: Miraidon|40/100
|-damage|p1b: Weavile|47/100
|move|p2b: Oranguru|Instruct|p2a: Calyrex
|-singleturn|p2a: Calyrex|move: Instruct|[of] p2b: Oranguru
|move|p2a: Calyrex|Glacial Lance|p1b: Weavile|[spread] p1a,p1b
|-resisted|p1b: Weavile
|-damage|p1a: Miraidon|0 fnt
|-damage|p1b: Weavile|0 fnt
|faint|p1a: Miraidon
|faint|p1b: Weavile
|-ability|p2a: Calyrex|Chilling Neigh|boost
|-boost|p2a: Calyrex|atk|2
|
|upkeep
|-message|blastoiseian forfeited.
|
|win|Noahjustin
|raw|blastoiseian's rating: 1187 &rarr; <strong>1160</strong><br />(-27 for losing)
|raw|Noahjustin's rating: 1164 &rarr; <strong>1191</strong><br />(+27 for winning)
|l|☆blastoiseian
|player|p1|
|l|☆Noahjustin
|player|p2|
