|j|☆lonoVGC
|j|☆SuperDruper
|t:|1750841489
|gametype|doubles
|player|p1|lonoVGC|unknownf|1515
|player|p2|SuperDruper|hooligans|1590
|teamsize|p1|6
|teamsize|p2|6
|gen|9
|tier|[Gen 9] VGC 2025 Reg I
|rated|
|rule|Species Clause: Limit one of each Pokémon
|rule|Item Clause: Limit 1 of each item
|clearpoke
|poke|p1|Miraidon, L50|
|poke|p1|Whimsicott, L50, M|
|poke|p1|Farigiraf, L50, F|
|poke|p1|Incineroar, L50, F|
|poke|p1|Iron Boulder, L50|
|poke|p1|Kyogre, L50|
|poke|p2|Calyrex-Shadow, L50|
|poke|p2|Koraidon, L50|
|poke|p2|Indeedee-F, L50, F|
|poke|p2|Tornadus, L50, M|
|poke|p2|Flutter Mane, L50|
|poke|p2|Chi-Yu, L50|
|teampreview|4
SuperDruper has agreed to open team sheets.
|inactive|Battle timer is ON: inactive players will automatically lose when time's up. (requested by SuperDruper)
|
|t:|1750841523
|start
|switch|p1a: Whimsicott|Whimsicott, L50, M|100/100
|switch|p1b: Miraidon|Miraidon, L50|100/100
|switch|p2a: Calyrex|Calyrex-Shadow, L50|100/100
|switch|p2b: Indeedee|Indeedee-F, L50, F, shiny|100/100
|-ability|p2a: Calyrex|As One
|-ability|p2a: Calyrex|Unnerve
|-fieldstart|move: Electric Terrain|[from] ability: Hadron Engine|[of] p1b: Miraidon
|-fieldstart|move: Psychic Terrain|[from] ability: Psychic Surge|[of] p2b: Indeedee
|-enditem|p2b: Indeedee|Psychic Seed
|-boost|p2b: Indeedee|spd|1|[from] item: Psychic Seed
|turn|1
|inactive|lonoVGC has 30 seconds left.
|inactive|SuperDruper has 30 seconds left.
|inactive|SuperDruper has 20 seconds left.
|inactive|SuperDruper has 15 seconds left.
|j| Mertoo
|inactive|SuperDruper has 10 seconds left.
|
|t:|1750841571
|move|p2b: Indeedee|Helping Hand|p2a: Calyrex
|-singleturn|p2a: Calyrex|Helping Hand|[of] p2b: Indeedee
|move|p1b: Miraidon|Protect|p1b: Miraidon
|-singleturn|p1b: Miraidon|Protect
|move|p1a: Whimsicott|Tailwind|p1a: Whimsicott
|-sidestart|p1: lonoVGC|move: Tailwind
|move|p2a: Calyrex|Astral Barrage|p1a: Whimsicott|[spread] p1a
|-activate|p1b: Miraidon|move: Protect
|-enditem|p1a: Whimsicott|Focus Sash
|-damage|p1a: Whimsicott|1/100
|-damage|p2a: Calyrex|91/100|[from] item: Life Orb
|
|upkeep
|turn|2
|inactive|lonoVGC has 30 seconds left.
|inactive|SuperDruper has 30 seconds left.
|inactive|lonoVGC has 20 seconds left.
|inactive|SuperDruper has 20 seconds left.
|
|t:|1750841610
|switch|p2a: Koraidon|Koraidon, L50|100/100
|-weather|SunnyDay|[from] ability: Orichalcum Pulse|[of] p2a: Koraidon
|-activate|p2a: Koraidon|Orichalcum Pulse|[source]
|move|p1b: Miraidon|Electro Drift|p2a: Koraidon
|-resisted|p2a: Koraidon
|-damage|p2a: Koraidon|64/100
|-damage|p1b: Miraidon|91/100|[from] item: Life Orb
|move|p1a: Whimsicott|Moonblast|p2a: Koraidon
|-supereffective|p2a: Koraidon
|-damage|p2a: Koraidon|0 fnt
|faint|p2a: Koraidon
|move|p2b: Indeedee|Psychic|p1b: Miraidon
|-damage|p1b: Miraidon|57/100
|-unboost|p1b: Miraidon|spd|1
|
|-weather|SunnyDay|[upkeep]
|upkeep
|
|t:|1750841625
|switch|p2a: Calyrex|Calyrex-Shadow, L50|91/100
|-ability|p2a: Calyrex|As One
|-ability|p2a: Calyrex|Unnerve
|turn|3
|
|t:|1750841640
|move|p2b: Indeedee|Follow Me|p2b: Indeedee
|-singleturn|p2b: Indeedee|move: Follow Me
|move|p1b: Miraidon|Electro Drift|p2b: Indeedee
|-damage|p2b: Indeedee|52/100
|-damage|p1b: Miraidon|48/100|[from] item: Life Orb
|move|p1a: Whimsicott|Moonblast|p2b: Indeedee
|-damage|p2b: Indeedee|30/100
|move|p2a: Calyrex|Astral Barrage|p1a: Whimsicott|[spread] p1a,p1b
|-damage|p1a: Whimsicott|0 fnt
|-damage|p1b: Miraidon|0 fnt
|faint|p1a: Whimsicott
|faint|p1b: Miraidon
|-ability|p2a: Calyrex|Grim Neigh|boost
|-boost|p2a: Calyrex|spa|2
|-damage|p2a: Calyrex|82/100|[from] item: Life Orb
|
|-weather|SunnyDay|[upkeep]
|upkeep
|
|t:|1750841652
|switch|p1b: Iron Boulder|Iron Boulder, L50|100/100
|switch|p1a: Kyogre|Kyogre, L50|100/100
|-weather|RainDance|[from] ability: Drizzle|[of] p1a: Kyogre
|turn|4
|
|t:|1750841666
|move|p2a: Calyrex|Protect|p2a: Calyrex
|-singleturn|p2a: Calyrex|Protect
|move|p1a: Kyogre|Water Spout|p2b: Indeedee|[spread] p2b
|-activate|p2a: Calyrex|move: Protect
|-damage|p2b: Indeedee|0 fnt
|faint|p2b: Indeedee
|move|p1b: Iron Boulder|Mighty Cleave|p2a: Calyrex
|-damage|p2a: Calyrex|0 fnt
|faint|p2a: Calyrex
|
|-weather|RainDance|[upkeep]
|-sideend|p1: lonoVGC|move: Tailwind
|upkeep
|c|☆SuperDruper|gg
|-message|SuperDruper forfeited.
|
|win|lonoVGC
|raw|lonoVGC's rating: 1515 &rarr; <strong>1539</strong><br />(+24 for winning)
|raw|SuperDruper's rating: 1590 &rarr; <strong>1566</strong><br />(-24 for losing)
|l|☆SuperDruper
|player|p2|
|l| Mertoo
|j| Mertoo
|l| Mertoo
|l|☆lonoVGC
|player|p1|
