|j|☆Mortan98
|j|☆HeadHunt3rZ
|t:|1750741974
|gametype|doubles
|player|p1|Mortan98|hilbert|1158
|player|p2|HeadHunt3rZ|acetrainer-gen4dp|1237
|teamsize|p1|6
|teamsize|p2|6
|gen|9
|tier|[Gen 9] VGC 2025 Reg I
|rated|
|rule|Species Clause: Limit one of each Pokémon
|rule|Item Clause: Limit 1 of each item
|clearpoke
|poke|p1|Terapagos, L50, M|
|poke|p1|Farigiraf, L50, F|
|poke|p1|Chi-Yu, L50|
|poke|p1|Ogerpon-Cornerstone, L50, F|
|poke|p1|Koraidon, L50|
|poke|p1|Talonflame, L50, F|
|poke|p2|Koraidon, L50|
|poke|p2|Calyrex-Shadow, L50|
|poke|p2|Weezing-Galar, L50, M|
|poke|p2|Chi-Yu, L50|
|poke|p2|Walking Wake, L50|
|poke|p2|Ogerpon-Cornerstone, L50, F|
|teampreview|4
|inactive|Battle timer is ON: inactive players will automatically lose when time's up. (requested by HeadHunt3rZ)
|inactive|Mortan98 also wants the timer to be on.
|
|t:|1750742004
|start
|switch|p1a: Talonflame|Talonflame, L50, F|100/100
|switch|p1b: Koraidon|Koraidon, L50|100/100
|switch|p2a: Weezing|Weezing-Galar, L50, M, shiny|100/100
|switch|p2b: Chi-Yu|Chi-Yu, L50|100/100
|-ability|p2a: Weezing|Neutralizing Gas
|turn|1
|inactive|Mortan98 has 30 seconds left.
|inactive|HeadHunt3rZ has 30 seconds left.
|
|t:|1750742035
|-terastallize|p2b: Chi-Yu|Ghost
|move|p1b: Koraidon|Protect|p1b: Koraidon
|-singleturn|p1b: Koraidon|Protect
|move|p2b: Chi-Yu|Dark Pulse|p1b: Koraidon
|-activate|p1b: Koraidon|move: Protect
|move|p1a: Talonflame|Tailwind|p1a: Talonflame
|-sidestart|p1: Mortan98|move: Tailwind
|move|p2a: Weezing|Poison Gas|p1a: Talonflame|[spread] p1a
|-activate|p1b: Koraidon|move: Protect
|-status|p1a: Talonflame|psn
|
|-damage|p1a: Talonflame|88/100 psn|[from] psn
|upkeep
|turn|2
|
|t:|1750742058
|-terastallize|p1b: Koraidon|Fire
|move|p2a: Weezing|Protect|p2a: Weezing
|-singleturn|p2a: Weezing|Protect
|move|p1a: Talonflame|Taunt|p2a: Weezing
|-activate|p2a: Weezing|move: Protect
|move|p1b: Koraidon|Flare Blitz|p2b: Chi-Yu
|-damage|p2b: Chi-Yu|0 fnt
|faint|p2b: Chi-Yu
|-damage|p1b: Koraidon|76/100|[from] Recoil
|-damage|p1b: Koraidon|66/100|[from] item: Life Orb
|
|-damage|p1a: Talonflame|76/100 psn|[from] psn
|upkeep
|
|t:|1750742076
|switch|p2b: Walking Wake|Walking Wake, L50|100/100
|turn|3
|
|t:|1750742089
|-end|p2a: Weezing|ability: Neutralizing Gas
|-weather|SunnyDay|[from] ability: Orichalcum Pulse|[of] p1b: Koraidon
|-activate|p2b: Walking Wake|ability: Protosynthesis
|-start|p2b: Walking Wake|protosynthesisspe
|-activate|p1b: Koraidon|Orichalcum Pulse|[source]
|switch|p2a: Koraidon|Koraidon, L50|100/100
|-activate|p2a: Koraidon|ability: Orichalcum Pulse
|move|p1a: Talonflame|Taunt|p2a: Koraidon
|-start|p2a: Koraidon|move: Taunt
|move|p1b: Koraidon|Close Combat|p2b: Walking Wake
|-damage|p2b: Walking Wake|0 fnt
|-unboost|p1b: Koraidon|def|1
|-unboost|p1b: Koraidon|spd|1
|faint|p2b: Walking Wake
|-end|p2b: Walking Wake|Protosynthesis|[silent]
|-damage|p1b: Koraidon|57/100|[from] item: Life Orb
|
|-weather|SunnyDay|[upkeep]
|-damage|p1a: Talonflame|63/100 psn|[from] psn
|upkeep
|-message|HeadHunt3rZ forfeited.
|
|win|Mortan98
|raw|Mortan98's rating: 1158 &rarr; <strong>1189</strong><br />(+31 for winning)
|raw|HeadHunt3rZ's rating: 1237 &rarr; <strong>1206</strong><br />(-31 for losing)
|l|☆HeadHunt3rZ
|player|p2|
|l|☆Mortan98
|player|p1|
