|j|☆Alexdarkdragon
|j|☆MalteseShark
|t:|1750860887
|gametype|doubles
|player|p1|Alexdarkdragon|170|1375
|player|p2|MalteseShark|acetrainer-gen4dp|1435
|teamsize|p1|6
|teamsize|p2|6
|gen|9
|tier|[Gen 9] VGC 2025 Reg I
|rated|
|rule|Species Clause: Limit one of each Pokémon
|rule|Item Clause: Limit 1 of each item
|clearpoke
|poke|p1|Calyrex-Shadow, L50|
|poke|p1|Chi-Yu, L50|
|poke|p1|Tornadus, L50, M|
|poke|p1|Koraidon, L50|
|poke|p1|Flutter Mane, L50|
|poke|p1|Indeedee-F, L50, F|
|poke|p2|Miraidon, L50|
|poke|p2|Calyrex-Ice, L50|
|poke|p2|Amoonguss, L50, M|
|poke|p2|Flutter Mane, L50|
|poke|p2|Garchomp, L50, M|
|poke|p2|Ogerpon-Wellspring, L50, F|
|teampreview|4
|inactive|Battle timer is ON: inactive players will automatically lose when time's up. (requested by Alexdarkdragon)
|
|t:|1750860946
|start
|switch|p1a: Calyrex|Calyrex-Shadow, L50|100/100
|switch|p1b: Indeedee|Indeedee-F, L50, F|100/100
|switch|p2a: Flutter Mane|Flutter Mane, L50|100/100
|switch|p2b: Amoonguss|Amoonguss, L50, M|100/100
|-ability|p1a: Calyrex|As One
|-ability|p1a: Calyrex|Unnerve
|-fieldstart|move: Psychic Terrain|[from] ability: Psychic Surge|[of] p1b: Indeedee
|-enditem|p1b: Indeedee|Psychic Seed
|-boost|p1b: Indeedee|spd|1|[from] item: Psychic Seed
|-enditem|p2a: Flutter Mane|Booster Energy
|-activate|p2a: Flutter Mane|ability: Protosynthesis|[fromitem]
|-start|p2a: Flutter Mane|protosynthesisspe
|turn|1
|inactive|MalteseShark has 30 seconds left.
|inactive|MalteseShark has 20 seconds left.
|
|t:|1750860983
|move|p2a: Flutter Mane|Protect|p2a: Flutter Mane
|-singleturn|p2a: Flutter Mane|Protect
|move|p2b: Amoonguss|Protect|p2b: Amoonguss
|-singleturn|p2b: Amoonguss|Protect
|move|p1b: Indeedee|Follow Me|p1b: Indeedee
|-singleturn|p1b: Indeedee|move: Follow Me
|move|p1a: Calyrex|Astral Barrage|p2a: Flutter Mane|[spread] 
|-activate|p2a: Flutter Mane|move: Protect
|-activate|p2b: Amoonguss|move: Protect
|
|upkeep
|turn|2
|inactive|MalteseShark has 30 seconds left.
|
|t:|1750861011
|-terastallize|p2a: Flutter Mane|Fairy
|move|p1b: Indeedee|Follow Me|p1b: Indeedee
|-singleturn|p1b: Indeedee|move: Follow Me
|move|p2a: Flutter Mane|Shadow Ball|p1b: Indeedee
|-immune|p1b: Indeedee
|move|p1a: Calyrex|Expanding Force|p2b: Amoonguss|[spread] p2a,p2b
|-supereffective|p2b: Amoonguss
|-damage|p2a: Flutter Mane|24/100
|-damage|p2b: Amoonguss|0 fnt
|faint|p2b: Amoonguss
|-ability|p1a: Calyrex|Grim Neigh|boost
|-boost|p1a: Calyrex|spa|1
|
|upkeep
|
|t:|1750861022
|switch|p2b: Garchomp|Garchomp, L50, M|100/100
|turn|3
|
|t:|1750861039
|-terastallize|p1a: Calyrex|Normal
|move|p2a: Flutter Mane|Protect|p2a: Flutter Mane
|-singleturn|p2a: Flutter Mane|Protect
|move|p2b: Garchomp|Crunch|p1a: Calyrex
|-damage|p1a: Calyrex|72/100
|move|p1a: Calyrex|Astral Barrage|p2b: Garchomp|[spread] p2b
|-activate|p2a: Flutter Mane|move: Protect
|-damage|p2b: Garchomp|31/100
|move|p1b: Indeedee|Psychic|p2b: Garchomp
|-damage|p2b: Garchomp|0 fnt
|faint|p2b: Garchomp
|
|upkeep
|-message|MalteseShark forfeited.
|
|win|Alexdarkdragon
|raw|Alexdarkdragon's rating: 1375 &rarr; <strong>1398</strong><br />(+23 for winning)
|raw|MalteseShark's rating: 1435 &rarr; <strong>1412</strong><br />(-23 for losing)
|l|☆MalteseShark
|player|p2|
|l|☆Alexdarkdragon
|player|p1|
