|j|☆SQUAK6
|j|☆exp666
|t:|1750775746
|gametype|doubles
|player|p1|SQUAK6|1|1369
|player|p2|exp666|169|1311
|teamsize|p1|6
|teamsize|p2|6
|gen|9
|tier|[Gen 9] VGC 2025 Reg I
|rated|
|rule|Species Clause: Limit one of each Pokémon
|rule|Item Clause: Limit 1 of each item
|clearpoke
|poke|p1|Calyrex-Shadow, L50|
|poke|p1|Urshifu-*, L50, F|
|poke|p1|Rillaboom, L50, M|
|poke|p1|Tornadus, L50, M|
|poke|p1|Chien-Pao, L50|
|poke|p1|Zamazenta-*, L50|
|poke|p2|Zacian-*, L50|
|poke|p2|Kyogre, L50|
|poke|p2|Ditto, L50|
|poke|p2|Urshifu-*, L50, F|
|poke|p2|Raichu, L50, M|
|poke|p2|Talonflame, L50, F|
|teampreview|4
|
|t:|1750775776
|start
|switch|p1a: Tornadus|Tornadus, L50, M|100/100
|switch|p1b: Rillaboom|Rillaboom, L50, M|100/100
|switch|p2a: Talonflame|Talonflame, L50, F|100/100
|switch|p2b: Kyogre|Kyogre, L50|100/100
|-fieldstart|move: Grassy Terrain|[from] ability: Grassy Surge|[of] p1b: Rillaboom
|-weather|RainDance|[from] ability: Drizzle|[of] p2b: Kyogre
|turn|1
|
|t:|1750775785
|move|p2a: Talonflame|Brave Bird|p1b: Rillaboom
|-supereffective|p1b: Rillaboom
|-crit|p1b: Rillaboom
|-damage|p1b: Rillaboom|0 fnt
|faint|p1b: Rillaboom
|-damage|p2a: Talonflame|63/100|[from] Recoil
|move|p1a: Tornadus|Tailwind|p1a: Tornadus
|-sidestart|p1: SQUAK6|move: Tailwind
|move|p2b: Kyogre|Water Spout|p1a: Tornadus
|-damage|p1a: Tornadus|0 fnt
|faint|p1a: Tornadus
|
|-weather|RainDance|[upkeep]
|upkeep
|
|t:|1750775796
|switch|p1b: Calyrex|Calyrex-Shadow, L50|100/100
|switch|p1a: Zamazenta|Zamazenta-Crowned, L50|100/100
|-ability|p1b: Calyrex|As One
|-ability|p1b: Calyrex|Unnerve
|-ability|p1a: Zamazenta|Dauntless Shield|boost
|-boost|p1a: Zamazenta|def|1
|turn|2
|
|t:|1750775809
|switch|p2b: Ditto|Ditto, L50|100/100
|-transform|p2b: Ditto|p1a: Zamazenta|[from] ability: Imposter
|-ability|p2b: Ditto|Dauntless Shield|boost
|-boost|p2b: Ditto|def|1
|-terastallize|p1a: Zamazenta|Dragon
|move|p1a: Zamazenta|Wide Guard|p1a: Zamazenta
|-singleturn|p1a: Zamazenta|Wide Guard
|move|p1b: Calyrex|Astral Barrage|p2a: Talonflame|[spread] p2a,p2b
|-damage|p2a: Talonflame|0 fnt
|-damage|p2b: Ditto|30/100
|faint|p2a: Talonflame
|-ability|p1b: Calyrex|Grim Neigh|boost
|-boost|p1b: Calyrex|spa|1
|-damage|p1b: Calyrex|91/100|[from] item: Life Orb
|
|-weather|RainDance|[upkeep]
|-heal|p1b: Calyrex|96/100|[from] Grassy Terrain
|-heal|p2b: Ditto|35/100|[from] Grassy Terrain
|upkeep
|
|t:|1750775829
|switch|p2a: Zacian|Zacian-Crowned, L50|100/100
|-ability|p2a: Zacian|Intrepid Sword|boost
|-boost|p2a: Zacian|atk|1
|turn|3
|
|t:|1750775854
|-terastallize|p2b: Ditto|Normal
|move|p1b: Calyrex|Astral Barrage|p2a: Zacian|[spread] p2a
|-immune|p2b: Ditto
|-damage|p2a: Zacian|0 fnt
|faint|p2a: Zacian
|-ability|p1b: Calyrex|Grim Neigh|boost
|-boost|p1b: Calyrex|spa|1
|-damage|p1b: Calyrex|87/100|[from] item: Life Orb
|move|p1a: Zamazenta|Body Press|p2b: Ditto
|-supereffective|p2b: Ditto
|-damage|p2b: Ditto|0 fnt
|faint|p2b: Ditto
|
|-weather|RainDance|[upkeep]
|-heal|p1b: Calyrex|92/100|[from] Grassy Terrain
|upkeep
|inactive|Battle timer is ON: inactive players will automatically lose when time's up. (requested by SQUAK6)
|-message|exp666 forfeited.
|
|win|SQUAK6
|raw|SQUAK6's rating: 1369 &rarr; <strong>1386</strong><br />(+17 for winning)
|raw|exp666's rating: 1311 &rarr; <strong>1294</strong><br />(-17 for losing)
|l|☆SQUAK6
|player|p1|
|l|☆exp666
|player|p2|
