|j|☆Carajo666
|j|☆Lashenator
|t:|1750864369
|gametype|doubles
|player|p1|Carajo666|roughneck|1611
|player|p2|Lashenator|170|1528
|teamsize|p1|6
|teamsize|p2|6
|gen|9
|tier|[Gen 9] VGC 2025 Reg I
|rated|
|rule|Species Clause: Limit one of each Pokémon
|rule|Item Clause: Limit 1 of each item
|clearpoke
|poke|p1|Lunala, L50|
|poke|p1|Tyranitar, L50, M|
|poke|p1|Amoonguss, L50, M|
|poke|p1|Ho-Oh, L50|
|poke|p1|Excadrill, L50, F|
|poke|p1|Enamorus-Therian, L50, F|
|poke|p2|Calyrex-Shadow, L50|
|poke|p2|Zamazenta-*, L50|
|poke|p2|Smeargle, L50, M|
|poke|p2|Raging Bolt, L50|
|poke|p2|Rillaboom, L50, M|
|poke|p2|Tornadus, L50, M|
|teampreview|4
|inactive|Battle timer is ON: inactive players will automatically lose when time's up. (requested by Carajo666)
|
|t:|1750864398
|start
|switch|p1a: Tyranitar|Tyranitar, L50, M|100/100
|switch|p1b: Amoonguss|Amoonguss, L50, M|100/100
|switch|p2a: Smeargle|Smeargle, L50, M, shiny|100/100
|switch|p2b: Tornadus|Tornadus, L50, M|100/100
|-weather|Sandstorm|[from] ability: Sand Stream|[of] p1a: Tyranitar
|turn|1
|
|t:|1750864417
|-terastallize|p2a: Smeargle|Grass
|move|p1b: Amoonguss|Rage Powder|p1b: Amoonguss
|-singleturn|p1b: Amoonguss|move: Rage Powder
|move|p2b: Tornadus|Taunt|p1b: Amoonguss
|-start|p1b: Amoonguss|move: Taunt
|move|p2a: Smeargle|Spore|p1a: Tyranitar
|-status|p1a: Tyranitar|slp|[from] move: Spore
|cant|p1a: Tyranitar|slp
|
|-weather|Sandstorm|[upkeep]
|-damage|p2a: Smeargle|94/100|[from] Sandstorm
|-damage|p2b: Tornadus|95/100|[from] Sandstorm
|-damage|p1b: Amoonguss|95/100|[from] Sandstorm
|-ability|p2a: Smeargle|Moody|boost
|-boost|p2a: Smeargle|spa|2
|-unboost|p2a: Smeargle|spe|1
|upkeep
|turn|2
|
|t:|1750864437
|move|p2b: Tornadus|Bleakwind Storm|p1b: Amoonguss|[spread] p1a,p1b
|-resisted|p1a: Tyranitar
|-supereffective|p1b: Amoonguss
|-damage|p1a: Tyranitar|92/100 slp
|-damage|p1b: Amoonguss|15/100
|move|p2a: Smeargle|Decorate|p2b: Tornadus
|-boost|p2b: Tornadus|atk|2
|-boost|p2b: Tornadus|spa|2
|-curestatus|p1a: Tyranitar|slp|[msg]
|move|p1a: Tyranitar|Rock Slide|p2b: Tornadus|[spread] p2a,p2b
|-crit|p2a: Smeargle
|-supereffective|p2b: Tornadus
|-damage|p2a: Smeargle|0 fnt
|-damage|p2b: Tornadus|29/100
|faint|p2a: Smeargle
|move|p1b: Amoonguss|Pollen Puff|p1a: Tyranitar
|-heal|p1a: Tyranitar|100/100
|
|-weather|Sandstorm|[upkeep]
|-damage|p2b: Tornadus|23/100|[from] Sandstorm
|-damage|p1b: Amoonguss|10/100|[from] Sandstorm
|upkeep
|
|t:|1750864458
|switch|p2a: Raging Bolt|Raging Bolt, L50|100/100
|-enditem|p2a: Raging Bolt|Booster Energy
|-activate|p2a: Raging Bolt|ability: Protosynthesis|[fromitem]
|-start|p2a: Raging Bolt|protosynthesisspa
|turn|3
|
|t:|1750864468
|move|p2b: Tornadus|Bleakwind Storm|p1a: Tyranitar|[spread] p1a,p1b
|-resisted|p1a: Tyranitar
|-supereffective|p1b: Amoonguss
|-damage|p1a: Tyranitar|86/100
|-damage|p1b: Amoonguss|0 fnt
|faint|p1b: Amoonguss
|move|p2a: Raging Bolt|Thunderbolt|p1a: Tyranitar
|-damage|p1a: Tyranitar|61/100
|move|p1a: Tyranitar|Rock Slide|p2b: Tornadus|[spread] p2a,p2b
|-supereffective|p2b: Tornadus
|-damage|p2a: Raging Bolt|75/100
|-damage|p2b: Tornadus|0 fnt
|faint|p2b: Tornadus
|
|-weather|Sandstorm|[upkeep]
|-damage|p2a: Raging Bolt|69/100|[from] Sandstorm
|upkeep
|
|t:|1750864484
|switch|p2b: Calyrex|Calyrex-Shadow, L50|100/100
|switch|p1b: Lunala|Lunala, L50|100/100
|-ability|p2b: Calyrex|As One
|-ability|p2b: Calyrex|Unnerve
|turn|4
|inactive|Carajo666 has 30 seconds left.
|
|t:|1750864513
|-terastallize|p1b: Lunala|Fairy
|move|p2b: Calyrex|Astral Barrage|p1a: Tyranitar|[spread] p1a,p1b
|-resisted|p1a: Tyranitar
|-damage|p1a: Tyranitar|47/100
|-damage|p1b: Lunala|77/100
|-damage|p2b: Calyrex|91/100|[from] item: Life Orb
|move|p2a: Raging Bolt|Thunderbolt|p1b: Lunala
|-crit|p1b: Lunala
|-damage|p1b: Lunala|3/100
|move|p1b: Lunala|Moonblast|p2a: Raging Bolt
|-supereffective|p2a: Raging Bolt
|-damage|p2a: Raging Bolt|0 fnt
|faint|p2a: Raging Bolt
|-end|p2a: Raging Bolt|Protosynthesis|[silent]
|move|p1a: Tyranitar|Knock Off|p2b: Calyrex
|-supereffective|p2b: Calyrex
|-damage|p2b: Calyrex|0 fnt
|-enditem|p2b: Calyrex|Life Orb|[from] move: Knock Off|[of] p1a: Tyranitar
|faint|p2b: Calyrex
|
|win|Carajo666
|raw|Carajo666's rating: 1611 &rarr; <strong>1626</strong><br />(+15 for winning)
|raw|Lashenator's rating: 1528 &rarr; <strong>1513</strong><br />(-15 for losing)
|l|☆Lashenator
|player|p2|
|l|☆Carajo666
|player|p1|
