|j|☆emilio_lol
|j|☆Ilredeitreni
|t:|1750833664
|gametype|doubles
|player|p1|emilio_lol|170|1072
|player|p2|Ilredeitreni|firebreather|1169
|teamsize|p1|6
|teamsize|p2|6
|gen|9
|tier|[Gen 9] VGC 2025 Reg I
|rated|
|rule|Species Clause: Limit one of each Pokémon
|rule|Item Clause: Limit 1 of each item
|clearpoke
|poke|p1|Archaludon, L50, F|
|poke|p1|Pelipper, L50, M|
|poke|p1|Basculegion, L50, M|
|poke|p1|Iron Treads, L50|
|poke|p1|Zapdos, L50|
|poke|p1|Greninja-*, L50, M|
|poke|p2|Lunala, L50|
|poke|p2|Ursaluna, L50, M|
|poke|p2|Urshifu-*, L50, M|
|poke|p2|Miraidon, L50|
|poke|p2|Whimsicott, L50, F|
|poke|p2|Incineroar, L50, M|
|teampreview|4
Ilredeitreni has agreed to open team sheets.
|
|t:|1750833695
|start
|switch|p1a: Pelipper|Pelipper, L50, M, shiny|100/100
|switch|p1b: Basculegion|Basculegion, L50, M, shiny|100/100
|switch|p2a: Whimsicott|Whimsicott, L50, F|100/100
|switch|p2b: Miraidon|Miraidon, L50|100/100
|-fieldstart|move: Electric Terrain|[from] ability: Hadron Engine|[of] p2b: Miraidon
|-weather|RainDance|[from] ability: Drizzle|[of] p1a: Pelipper
|turn|1
|
|t:|1750833723
|move|p2a: Whimsicott|Tailwind|p2a: Whimsicott
|-sidestart|p2: Ilredeitreni|move: Tailwind
|move|p2b: Miraidon|Electro Drift|p1b: Basculegion
|-supereffective|p1b: Basculegion
|-damage|p1b: Basculegion|0 fnt
|faint|p1b: Basculegion
|move|p1a: Pelipper|U-turn|p2a: Whimsicott
|-damage|p2a: Whimsicott|91/100
|
|t:|1750833732
|switch|p1a: Archaludon|Archaludon, L50, F, shiny|100/100|[from] U-turn
|
|-weather|RainDance|[upkeep]
|upkeep
|
|t:|1750833738
|switch|p1b: Zapdos|Zapdos, L50, shiny|100/100
|turn|2
|
|t:|1750833754
|-terastallize|p2b: Miraidon|Electric
|-terastallize|p1a: Archaludon|Fairy
|move|p2a: Whimsicott|Light Screen|p2a: Whimsicott
|-sidestart|p2: Ilredeitreni|move: Light Screen
|move|p2b: Miraidon|Electro Drift|p1a: Archaludon
|-crit|p1a: Archaludon
|-damage|p1a: Archaludon|0 fnt
|faint|p1a: Archaludon
|move|p1b: Zapdos|Hurricane|p2a: Whimsicott
|-supereffective|p2a: Whimsicott
|-damage|p2a: Whimsicott|0 fnt
|faint|p2a: Whimsicott
|
|-weather|RainDance|[upkeep]
|upkeep
|-message|emilio_lol forfeited.
|
|win|Ilredeitreni
|raw|emilio_lol's rating: 1072 &rarr; <strong>1057</strong><br />(-15 for losing)
|raw|Ilredeitreni's rating: 1169 &rarr; <strong>1187</strong><br />(+18 for winning)
|l|☆emilio_lol
|player|p1|
|l|☆Ilredeitreni
|player|p2|
