|j|☆Malgaca
|j|☆irufuse
|t:|1750848830
|gametype|doubles
|player|p1|Malgaca|2|1314
|player|p2|irufuse|ethan|1399
|teamsize|p1|6
|teamsize|p2|6
|gen|9
|tier|[Gen 9] VGC 2025 Reg I
|rated|
|rule|Species Clause: Limit one of each Pokémon
|rule|Item Clause: Limit 1 of each item
|clearpoke
|poke|p1|Kyurem-White, L50|
|poke|p1|Calyrex-Ice, L50|
|poke|p1|Incineroar, L50, M|
|poke|p1|Ninetales-Alola, L50, M|
|poke|p1|Tornadus, L50, M|
|poke|p1|Amoonguss, L50, F|
|poke|p2|Miraidon, L50|
|poke|p2|Groudon, L50|
|poke|p2|Chi-Yu, L50|
|poke|p2|Flutter Mane, L50|
|poke|p2|Whimsicott, L50, F|
|poke|p2|Urshifu-*, L50, M|
|teampreview|4
irufuse has agreed to open team sheets.
|
|t:|1750848854
|start
|switch|p1a: Tornadus|Tornadus, L50, M|100/100
|switch|p1b: Kyurem|Kyurem-White, L50|100/100
|switch|p2a: Whimsicott|Whimsicott, L50, F|100/100
|switch|p2b: Groudon|Groudon, L50|100/100
|-ability|p1b: Kyurem|Turboblaze
|-weather|SunnyDay|[from] ability: Drought|[of] p2b: Groudon
|turn|1
|inactive|Battle timer is ON: inactive players will automatically lose when time's up. (requested by Malgaca)
|
|t:|1750848867
|-terastallize|p1b: Kyurem|Ice
|move|p2a: Whimsicott|Tailwind|p2a: Whimsicott
|-sidestart|p2: irufuse|move: Tailwind
|move|p1a: Tornadus|Snowscape|p1a: Tornadus
|-weather|Snowscape
|move|p2b: Groudon|Rock Slide|p1b: Kyurem|[spread] p1a,p1b
|-supereffective|p1a: Tornadus
|-supereffective|p1b: Kyurem
|-damage|p1a: Tornadus|19/100
|-damage|p1b: Kyurem|62/100
|-damage|p2b: Groudon|91/100|[from] item: Life Orb
|move|p1b: Kyurem|Blizzard|p2a: Whimsicott|[spread] p2a,p2b
|-supereffective|p2a: Whimsicott
|-supereffective|p2b: Groudon
|-damage|p2a: Whimsicott|0 fnt
|-damage|p2b: Groudon|0 fnt
|faint|p2a: Whimsicott
|faint|p2b: Groudon
|
|-weather|Snowscape|[upkeep]
|upkeep
|
|t:|1750848878
|switch|p2a: Miraidon|Miraidon, L50|100/100
|switch|p2b: Chi-Yu|Chi-Yu, L50|100/100
|-ability|p2b: Chi-Yu|Beads of Ruin
|-fieldstart|move: Electric Terrain|[from] ability: Hadron Engine|[of] p2a: Miraidon
|turn|2
|inactive|Malgaca has 30 seconds left.
|inactive|Malgaca has 20 seconds left.
|inactive|Malgaca has 15 seconds left.
|inactive|Malgaca has 10 seconds left.
|inactive|Malgaca has 5 seconds left.
|
|t:|1750848930
|-terastallize|p2b: Chi-Yu|Fire
|move|p1a: Tornadus|Tailwind|p1a: Tornadus
|-sidestart|p1: Malgaca|move: Tailwind
|move|p2b: Chi-Yu|Heat Wave|p1a: Tornadus|[spread] p1a,p1b
|-supereffective|p1b: Kyurem
|-damage|p1a: Tornadus|0 fnt
|-damage|p1b: Kyurem|0 fnt
|faint|p1a: Tornadus
|faint|p1b: Kyurem
|move|p2a: Miraidon|Electro Drift|p1: Tornadus|[notarget]
|-fail|p2a: Miraidon
|
|-weather|Snowscape|[upkeep]
|upkeep
|
|t:|1750848943
|switch|p1b: Ninetales|Ninetales-Alola, L50, M|100/100
|switch|p1a: Calyrex|Calyrex-Ice, L50|100/100
|-ability|p1a: Calyrex|As One
|-ability|p1a: Calyrex|Unnerve
|turn|3
|
|t:|1750848955
|move|p1b: Ninetales|Protect|p1b: Ninetales
|-singleturn|p1b: Ninetales|Protect
|move|p1a: Calyrex|Protect|p1a: Calyrex
|-singleturn|p1a: Calyrex|Protect
|move|p2b: Chi-Yu|Heat Wave|p1a: Calyrex|[spread] 
|-activate|p1a: Calyrex|move: Protect
|-activate|p1b: Ninetales|move: Protect
|move|p2a: Miraidon|Electro Drift|p1a: Calyrex
|-activate|p1a: Calyrex|move: Protect
|
|-weather|Snowscape|[upkeep]
|upkeep
|turn|4
|inactive|Malgaca has 30 seconds left.
|
|t:|1750848981
|move|p2b: Chi-Yu|Heat Wave|p1a: Calyrex|[spread] p1a
|-miss|p2b: Chi-Yu|p1b: Ninetales
|-supereffective|p1a: Calyrex
|-damage|p1a: Calyrex|0 fnt
|faint|p1a: Calyrex
|move|p2a: Miraidon|Electro Drift|p1b: Ninetales
|-damage|p1b: Ninetales|0 fnt
|faint|p1b: Ninetales
|
|win|irufuse
|raw|Malgaca's rating: 1314 &rarr; <strong>1299</strong><br />(-15 for losing)
|raw|irufuse's rating: 1399 &rarr; <strong>1414</strong><br />(+15 for winning)
|l|☆irufuse
|player|p2|
|l|☆Malgaca
|player|p1|
