|j|☆Sakuraa2004
|j|☆HeZaR
|t:|1750847987
|gametype|doubles
|player|p1|Sakuraa2004|pokemonbreederf-gen4|1608
|player|p2|HeZaR|harlequin|1470
|teamsize|p1|6
|teamsize|p2|6
|gen|9
|tier|[Gen 9] VGC 2025 Reg I
|rated|
|rule|Species Clause: Limit one of each Pokémon
|rule|Item Clause: Limit 1 of each item
|clearpoke
|poke|p1|Miraidon, L50|
|poke|p1|Lunala, L50|
|poke|p1|Incineroar, L50, F|
|poke|p1|Iron Treads, L50|
|poke|p1|Chesnaught, L50, M|
|poke|p1|Whimsicott, L50, F|
|poke|p2|Miraidon, L50|
|poke|p2|Calyrex-Shadow, L50|
|poke|p2|Iron Treads, L50|
|poke|p2|Talonflame, L50, F|
|poke|p2|Sableye, L50, F|
|poke|p2|Urshifu-*, L50, F|
|teampreview|4
|inactive|Battle timer is ON: inactive players will automatically lose when time's up. (requested by HeZaR)
|inactive|Sakuraa2004 has 60 seconds left.
|
|t:|1750848044
|start
|switch|p1a: Lunala|Lunala, L50|100/100
|switch|p1b: Chesnaught|Chesnaught, L50, M|100/100
|switch|p2a: Sableye|Sableye, L50, F|100/100
|switch|p2b: Calyrex|Calyrex-Shadow, L50|100/100
|-ability|p2b: Calyrex|As One
|-ability|p2b: Calyrex|Unnerve
|turn|1
|
|t:|1750848065
|-terastallize|p1a: Lunala|Fairy
|move|p1b: Chesnaught|Wide Guard|p1b: Chesnaught
|-singleturn|p1b: Chesnaught|Wide Guard
|move|p2a: Sableye|Fake Out|p1a: Lunala
|-damage|p1a: Lunala|98/100
|move|p2b: Calyrex|Shadow Ball|p1a: Lunala
|-damage|p1a: Lunala|47/100
|-unboost|p1a: Lunala|spd|1
|cant|p1a: Lunala|flinch
|
|upkeep
|turn|2
|
|t:|1750848087
|switch|p1a: Incineroar|Incineroar, L50, F|100/100
|-ability|p1a: Incineroar|Intimidate|boost
|-unboost|p2a: Sableye|atk|1
|-unboost|p2b: Calyrex|atk|1
|move|p2a: Sableye|Encore|p1b: Chesnaught
|-start|p1b: Chesnaught|Encore
|move|p2b: Calyrex|Shadow Ball|p1a: Incineroar
|-resisted|p1a: Incineroar
|-damage|p1a: Incineroar|68/100
|-unboost|p1a: Incineroar|spd|1
|move|p1b: Chesnaught|Wide Guard||[still]
|-fail|p1b: Chesnaught
|
|upkeep
|turn|3
|inactive|HeZaR has 30 seconds left.
|
|t:|1750848117
|switch|p1b: Lunala|Lunala, L50, tera:Fairy|47/100
|switch|p2a: Miraidon|Miraidon, L50|100/100
|-fieldstart|move: Electric Terrain|[from] ability: Hadron Engine|[of] p2a: Miraidon
|-terastallize|p2b: Calyrex|Grass
|move|p2b: Calyrex|Shadow Ball|p1a: Incineroar
|-resisted|p1a: Incineroar
|-damage|p1a: Incineroar|19/100
|-unboost|p1a: Incineroar|spd|1
|move|p1a: Incineroar|Knock Off|p2b: Calyrex
|-damage|p2b: Calyrex|54/100
|-enditem|p2b: Calyrex|Choice Specs|[from] move: Knock Off|[of] p1a: Incineroar
|
|upkeep
|turn|4
|inactive|HeZaR has 30 seconds left.
|
|t:|1750848144
|move|p2b: Calyrex|Giga Drain|p1a: Incineroar
|-resisted|p1a: Incineroar
|-damage|p1a: Incineroar|0 fnt
|-heal|p2b: Calyrex|64/100|[from] drain|[of] p1a: Incineroar
|faint|p1a: Incineroar
|-ability|p2b: Calyrex|Grim Neigh|boost
|-boost|p2b: Calyrex|spa|1
|move|p2a: Miraidon|Electro Drift|p1b: Lunala
|-damage|p1b: Lunala|0 fnt
|faint|p1b: Lunala
|
|upkeep
|-message|Sakuraa2004 forfeited.
|
|win|HeZaR
|raw|Sakuraa2004's rating: 1608 &rarr; <strong>1580</strong><br />(-28 for losing)
|raw|HeZaR's rating: 1470 &rarr; <strong>1498</strong><br />(+28 for winning)
|l|☆Sakuraa2004
|player|p1|
|l|☆HeZaR
|player|p2|
