|j|☆ComputerYui
|j|☆Mars002
|t:|1750861645
|gametype|doubles
|player|p1|ComputerYui|artist-gen4|1561
|player|p2|Mars002|169|1550
|teamsize|p1|6
|teamsize|p2|6
|gen|9
|tier|[Gen 9] VGC 2025 Reg I
|rated|
|rule|Species Clause: Limit one of each Pokémon
|rule|Item Clause: Limit 1 of each item
|clearpoke
|poke|p1|Armarouge, L50, M|
|poke|p1|Indeedee-F, L50, F|
|poke|p1|Koraidon, L50|
|poke|p1|Whimsicott, L50, F|
|poke|p1|Brute Bonnet, L50|
|poke|p1|Lunala, L50|
|poke|p2|Groudon, L50|
|poke|p2|Calyrex-Ice, L50|
|poke|p2|Rillaboom, L50, F|
|poke|p2|Annihilape, L50, F|
|poke|p2|Walking Wake, L50|
|poke|p2|Comfey, L50, M|
|teampreview|4
|inactive|Battle timer is ON: inactive players will automatically lose when time's up. (requested by Mars002)
|inactive|Mars002 has 60 seconds left.
|
|t:|1750861680
|start
|switch|p1a: Koraidon|Koraidon, L50|100/100
|switch|p1b: Lunala|Lunala, L50, shiny|100/100
|switch|p2a: Annihilape|Annihilape, L50, F|100/100
|switch|p2b: Rillaboom|Rillaboom, L50, F|100/100
|-weather|SunnyDay|[from] ability: Orichalcum Pulse|[of] p1a: Koraidon
|-activate|p1a: Koraidon|Orichalcum Pulse|[source]
|-fieldstart|move: Grassy Terrain|[from] ability: Grassy Surge|[of] p2b: Rillaboom
|turn|1
|inactive|ComputerYui has 30 seconds left.
|inactive|ComputerYui has 20 seconds left.
|
|t:|1750861715
|switch|p1b: Indeedee|Indeedee-F, L50, F, shiny|100/100
|-fieldstart|move: Psychic Terrain|[from] ability: Psychic Surge|[of] p1b: Indeedee
|move|p1a: Koraidon|Shadow Claw|p2a: Annihilape
|-supereffective|p2a: Annihilape
|-damage|p2a: Annihilape|37/100
|move|p2a: Annihilape|Final Gambit|p1a: Koraidon
|-damage|p1a: Koraidon|56/100
|faint|p2a: Annihilape
|move|p2b: Rillaboom|U-turn|p1b: Indeedee
|-supereffective|p1b: Indeedee
|-damage|p1b: Indeedee|39/100
|-enditem|p1b: Indeedee|Eject Button
|
|t:|1750861729
|switch|p1b: Armarouge|Armarouge, L50, M, shiny|100/100
|
|-weather|SunnyDay|[upkeep]
|upkeep
|
|t:|1750861737
|switch|p2a: Groudon|Groudon, L50|100/100
|turn|2
|
|t:|1750861744
|switch|p2b: Comfey|Comfey, L50, M|100/100
|-terastallize|p1b: Armarouge|Stellar
|move|p1a: Koraidon|Shadow Claw|p1b: Armarouge
|-supereffective|p1b: Armarouge
|-damage|p1b: Armarouge|27/100
|-ability|p1b: Armarouge|Weak Armor|boost
|-unboost|p1b: Armarouge|def|1
|-boost|p1b: Armarouge|spe|2
|-enditem|p1b: Armarouge|Weakness Policy
|-boost|p1b: Armarouge|atk|2|[from] item: Weakness Policy
|-boost|p1b: Armarouge|spa|2|[from] item: Weakness Policy
|move|p1b: Armarouge|Expanding Force|p2a: Groudon|[spread] p2a,p2b
|-damage|p2a: Groudon|11/100
|-damage|p2b: Comfey|0 fnt
|faint|p2b: Comfey
|move|p2a: Groudon|Shadow Claw|p1b: Armarouge
|-supereffective|p1b: Armarouge
|-damage|p1b: Armarouge|0 fnt
|faint|p1b: Armarouge
|
|-weather|SunnyDay|[upkeep]
|upkeep
|inactive|ComputerYui has 30 seconds left.
|
|t:|1750861774
|switch|p1b: Indeedee|Indeedee-F, L50, F, shiny|39/100
|switch|p2b: Rillaboom|Rillaboom, L50, F|100/100
|-fieldstart|move: Grassy Terrain|[from] ability: Grassy Surge|[of] p2b: Rillaboom
|turn|3
|
|t:|1750861797
|move|p1b: Indeedee|Fake Out|p2a: Groudon
|-damage|p2a: Groudon|5/100
|move|p2b: Rillaboom|Grassy Glide|p1a: Koraidon
|-resisted|p1a: Koraidon
|-damage|p1a: Koraidon|33/100
|move|p1a: Koraidon|Shadow Claw|p2a: Groudon
|-damage|p2a: Groudon|0 fnt
|faint|p2a: Groudon
|
|-weather|SunnyDay|[upkeep]
|-heal|p1a: Koraidon|40/100|[from] Grassy Terrain
|-heal|p1b: Indeedee|46/100|[from] Grassy Terrain
|upkeep
|turn|4
|-message|Mars002 forfeited.
|
|win|ComputerYui
|raw|ComputerYui's rating: 1561 &rarr; <strong>1580</strong><br />(+19 for winning)
|raw|Mars002's rating: 1550 &rarr; <strong>1531</strong><br />(-19 for losing)
|l|☆Mars002
|player|p2|
|l|☆ComputerYui
|player|p1|
