|j|☆Mameon
|j|‽ButherHovo
|t:|1750866564
|gametype|doubles
|player|p1|Mameon|red|1158
|player|p2|ButherHovo|archer|1136
|teamsize|p1|6
|teamsize|p2|6
|gen|9
|tier|[Gen 9] VGC 2025 Reg I
|rated|
|rule|Species Clause: Limit one of each Pokémon
|rule|Item Clause: Limit 1 of each item
|clearpoke
|poke|p1|Calyrex-Ice, L50|
|poke|p1|Scraggy, L50, F|
|poke|p1|Miraidon, L50|
|poke|p1|Farigiraf, L50, F|
|poke|p1|Iron Treads, L50|
|poke|p1|Iron Hands, L50|
|poke|p2|Kyurem-White, L50|
|poke|p2|Tornadus, L50, M|
|poke|p2|Ninetales-Alola, L50, F|
|poke|p2|Miraidon, L50|
|poke|p2|Ogerpon-Hearthflame, L50, F|
|poke|p2|Urshifu-*, L50, M|
|teampreview|4
|
|t:|1750866591
|start
|switch|p1a: Calyrex|Calyrex-Ice, L50|100/100
|switch|p1b: Scraggy|Scraggy, L50, F|100/100
|switch|p2a: Miraidon|Miraidon, L50|100/100
|switch|p2b: Ogerpon|Ogerpon-Hearthflame, L50, F|100/100
|-ability|p1a: Calyrex|As One
|-ability|p1a: Calyrex|Unnerve
|-fieldstart|move: Electric Terrain|[from] ability: Hadron Engine|[of] p2a: Miraidon
|-ability|p2b: Ogerpon|Mold Breaker
|-ability|p1b: Scraggy|Intimidate|boost
|-unboost|p2a: Miraidon|atk|1
|-unboost|p2b: Ogerpon|atk|1
|turn|1
|inactive|Battle timer is ON: inactive players will automatically lose when time's up. (requested by Mameon)
|inactive|Mameon has 60 seconds left.
|
|t:|1750866626
|move|p1b: Scraggy|Fake Out|p2a: Miraidon
|-damage|p2a: Miraidon|94/100
|cant|p2a: Miraidon|flinch
|move|p2b: Ogerpon|Ivy Cudgel|p1a: Calyrex|[anim] Ivy Cudgel Fire
|-supereffective|p1a: Calyrex
|-damage|p1a: Calyrex|54/100
|move|p1a: Calyrex|Trick Room|p1a: Calyrex
|-fieldstart|move: Trick Room|[of] p1a: Calyrex
|
|upkeep
|turn|2
|inactive|ButherHovo has 30 seconds left.
|
|t:|1750866658
|-terastallize|p2b: Ogerpon|Fire
|detailschange|p2b: Ogerpon|Ogerpon-Hearthflame-Tera, L50, F, tera:Fire
|-ability|p2b: Ogerpon|Embody Aspect (Hearthflame)|boost
|-boost|p2b: Ogerpon|atk|1
|move|p1a: Calyrex|Protect|p1a: Calyrex
|-singleturn|p1a: Calyrex|Protect
|move|p2a: Miraidon|Protect|p2a: Miraidon
|-singleturn|p2a: Miraidon|Protect
|move|p1b: Scraggy|Coaching|p1a: Calyrex
|-boost|p1a: Calyrex|atk|1
|-boost|p1a: Calyrex|def|1
|move|p2b: Ogerpon|Ivy Cudgel|p1a: Calyrex|[anim] Ivy Cudgel Fire
|-activate|p1a: Calyrex|move: Protect
|
|upkeep
|turn|3
|
|t:|1750866679
|switch|p2a: Urshifu|Urshifu-Rapid-Strike, L50, M|100/100
|move|p1b: Scraggy|Coaching|p1a: Calyrex
|-boost|p1a: Calyrex|atk|1
|-boost|p1a: Calyrex|def|1
|move|p1a: Calyrex|High Horsepower|p2b: Ogerpon
|-supereffective|p2b: Ogerpon
|-damage|p2b: Ogerpon|0 fnt
|faint|p2b: Ogerpon
|detailschange|p2: Ogerpon|Ogerpon-Hearthflame, L50, F|[silent]
|-ability|p1a: Calyrex|Chilling Neigh|boost
|-boost|p1a: Calyrex|atk|1
|
|upkeep
|-message|ButherHovo forfeited.
|
|win|Mameon
|raw|Mameon's rating: 1158 &rarr; <strong>1181</strong><br />(+23 for winning)
|raw|ButherHovo's rating: 1136 &rarr; <strong>1113</strong><br />(-23 for losing)
|l|‽ButherHovo
|player|p2|
|j|‽ButherHovo
|player|p2|ButherHovo|archer|
