|j|☆Cameronvgc
|j|☆DuDuDuck
|t:|1750850088
|gametype|doubles
|player|p1|Cameronvgc|roughneck-gen4|1159
|player|p2|DuDuDuck|lady|1230
|teamsize|p1|6
|teamsize|p2|6
|gen|9
|tier|[Gen 9] VGC 2025 Reg I
|rated|
|rule|Species Clause: Limit one of each Pokémon
|rule|Item Clause: Limit 1 of each item
|clearpoke
|poke|p1|Calyrex-Shadow, L50|
|poke|p1|Chi-Yu, L50|
|poke|p1|Indeedee-F, L50, F|
|poke|p1|Brute Bonnet, L50|
|poke|p1|Koraidon, L50|
|poke|p1|Gardevoir, L50, F|
|poke|p2|Calyrex-Shadow, L50|
|poke|p2|Zamazenta-*, L50|
|poke|p2|Tornadus, L50, M|
|poke|p2|Urshifu-*, L50, M|
|poke|p2|Chien-Pao, L50|
|poke|p2|Ogerpon-Hearthflame, L50, F|
|teampreview|4
|inactive|Battle timer is ON: inactive players will automatically lose when time's up. (requested by DuDuDuck)
|
|t:|1750850099
|start
|switch|p1a: Calyrex|Calyrex-Shadow, L50|100/100
|switch|p1b: Gardevoir|Gardevoir, L50, F|100/100
|switch|p2a: Tornadus|Tornadus, L50, M|100/100
|switch|p2b: Calyrex|Calyrex-Shadow, L50|100/100
|-ability|p2b: Calyrex|As One
|-ability|p2b: Calyrex|Unnerve
|-ability|p1a: Calyrex|As One
|-ability|p1a: Calyrex|Unnerve
|-ability|p1b: Gardevoir|Prankster|[from] ability: Trace|[of] p2a: Tornadus
|turn|1
|inactive|Cameronvgc has 30 seconds left.
|inactive|DuDuDuck has 30 seconds left.
|
|t:|1750850127
|move|p1b: Gardevoir|Helping Hand|p1a: Calyrex
|-singleturn|p1a: Calyrex|Helping Hand|[of] p1b: Gardevoir
|move|p2b: Calyrex|Protect|p2b: Calyrex
|-singleturn|p2b: Calyrex|Protect
|move|p2a: Tornadus|Taunt|p1b: Gardevoir
|-start|p1b: Gardevoir|move: Taunt
|move|p1a: Calyrex|Astral Barrage|p2a: Tornadus|[spread] p2a
|-activate|p2b: Calyrex|move: Protect
|-damage|p2a: Tornadus|3/100
|
|upkeep
|turn|2
|
|t:|1750850145
|move|p1a: Calyrex|Protect|p1a: Calyrex
|-singleturn|p1a: Calyrex|Protect
|move|p2a: Tornadus|Tailwind|p2a: Tornadus
|-sidestart|p2: DuDuDuck|move: Tailwind
|move|p1b: Gardevoir|Shadow Sneak|p2a: Tornadus
|-damage|p2a: Tornadus|0 fnt
|faint|p2a: Tornadus
|move|p2b: Calyrex|Astral Barrage|p1a: Calyrex|[spread] p1b
|-activate|p1a: Calyrex|move: Protect
|-supereffective|p1b: Gardevoir
|-damage|p1b: Gardevoir|10/100
|-damage|p2b: Calyrex|91/100|[from] item: Life Orb
|
|upkeep
|
|t:|1750850161
|switch|p2a: Urshifu|Urshifu-Rapid-Strike, L50, M|100/100
|turn|3
|
|t:|1750850183
|switch|p1a: Indeedee|Indeedee-F, L50, F, shiny|100/100
|-fieldstart|move: Psychic Terrain|[from] ability: Psychic Surge|[of] p1a: Indeedee
|-enditem|p1a: Indeedee|Psychic Seed
|-boost|p1a: Indeedee|spd|1|[from] item: Psychic Seed
|move|p2a: Urshifu|Aqua Jet|p1b: Gardevoir
|-activate|p1b: Gardevoir|move: Psychic Terrain
|move|p2b: Calyrex|Astral Barrage|p1a: Indeedee|[spread] p1b
|-immune|p1a: Indeedee
|-supereffective|p1b: Gardevoir
|-damage|p1b: Gardevoir|0 fnt
|faint|p1b: Gardevoir
|-ability|p2b: Calyrex|Grim Neigh|boost
|-boost|p2b: Calyrex|spa|1
|-damage|p2b: Calyrex|81/100|[from] item: Life Orb
|
|upkeep
|
|t:|1750850198
|switch|p1b: Koraidon|Koraidon, L50|100/100
|-weather|SunnyDay|[from] ability: Orichalcum Pulse|[of] p1b: Koraidon
|-activate|p1b: Koraidon|Orichalcum Pulse|[source]
|turn|4
|
|t:|1750850221
|move|p2b: Calyrex|Protect|p2b: Calyrex
|-singleturn|p2b: Calyrex|Protect
|move|p2a: Urshifu|Close Combat|p1a: Indeedee
|-crit|p1a: Indeedee
|-damage|p1a: Indeedee|0 fnt
|-unboost|p2a: Urshifu|def|1
|-unboost|p2a: Urshifu|spd|1
|faint|p1a: Indeedee
|move|p1b: Koraidon|Flare Blitz|p2b: Calyrex
|-activate|p2b: Calyrex|move: Protect
|
|-weather|SunnyDay|[upkeep]
|upkeep
|-message|Cameronvgc forfeited.
|
|win|DuDuDuck
|raw|Cameronvgc's rating: 1159 &rarr; <strong>1139</strong><br />(-20 for losing)
|raw|DuDuDuck's rating: 1230 &rarr; <strong>1250</strong><br />(+20 for winning)
|l|☆Cameronvgc
|player|p1|
|l|☆DuDuDuck
|player|p2|
