|j|☆MengMengZi
|j|‽Shrekers13
|t:|1750742975
|gametype|doubles
|player|p1|MengMengZi|n|1255
|player|p2|Shrekers13|170|1288
|teamsize|p1|6
|teamsize|p2|6
|gen|9
|tier|[Gen 9] VGC 2025 Reg I
|rated|
|rule|Species Clause: Limit one of each Pokémon
|rule|Item Clause: Limit 1 of each item
|clearpoke
|poke|p1|Ho-Oh, L50|
|poke|p1|Koraidon, L50|
|poke|p1|Flutter Mane, L50|
|poke|p1|Brute Bonnet, L50|
|poke|p1|Walking Wake, L50|
|poke|p1|Urshifu-*, L50, F|
|poke|p2|Calyrex-Ice, L50|
|poke|p2|Miraidon, L50|
|poke|p2|Iron Hands, L50|
|poke|p2|Iron Bundle, L50|
|poke|p2|Ogerpon-Hearthflame, L50, F|
|poke|p2|Farigiraf, L50, F|
|teampreview|4
|
|t:|1750743030
|start
|switch|p1a: Koraidon|Koraidon, L50|100/100
|switch|p1b: Urshifu|Urshifu-Rapid-Strike, L50, F|100/100
|switch|p2a: Miraidon|Miraidon, L50|100/100
|switch|p2b: Iron Bundle|Iron Bundle, L50, shiny|100/100
|-fieldstart|move: Electric Terrain|[from] ability: Hadron Engine|[of] p2a: Miraidon
|-activate|p2b: Iron Bundle|ability: Quark Drive
|-start|p2b: Iron Bundle|quarkdrivespe
|-weather|SunnyDay|[from] ability: Orichalcum Pulse|[of] p1a: Koraidon
|-activate|p1a: Koraidon|Orichalcum Pulse|[source]
|turn|1
|
|t:|1750743056
|-terastallize|p1a: Koraidon|Fire
|move|p2b: Iron Bundle|Icy Wind|p1b: Urshifu|[spread] p1a,p1b
|-resisted|p1a: Koraidon
|-resisted|p1b: Urshifu
|-crit|p1b: Urshifu
|-damage|p1a: Koraidon|90/100
|-damage|p1b: Urshifu|76/100
|-unboost|p1b: Urshifu|spe|1
|move|p2a: Miraidon|Draco Meteor|p1a: Koraidon
|-damage|p1a: Koraidon|0 fnt
|-unboost|p2a: Miraidon|spa|2
|faint|p1a: Koraidon
|move|p1b: Urshifu|Coaching|p1: Koraidon|[notarget]
|-fail|p1b: Urshifu
|
|-weather|SunnyDay|[upkeep]
|upkeep
|-message|MengMengZi forfeited.
|
|win|Shrekers13
|raw|MengMengZi's rating: 1255 &rarr; <strong>1232</strong><br />(-23 for losing)
|raw|Shrekers13's rating: 1288 &rarr; <strong>1311</strong><br />(+23 for winning)
|l|☆MengMengZi
|player|p1|
|l|‽Shrekers13
|player|p2|
