|j|☆piwsan
|j|☆MJ_VGC_0
|t:|1750744796
|gametype|doubles
|player|p1|piwsan|1|1302
|player|p2|MJ_VGC_0|silver|1391
|teamsize|p1|6
|teamsize|p2|6
|gen|9
|tier|[Gen 9] VGC 2025 Reg I
|rated|
|rule|Species Clause: Limit one of each Pokémon
|rule|Item Clause: Limit 1 of each item
|clearpoke
|poke|p1|Incineroar, L50, M|
|poke|p1|Rillaboom, L50, F|
|poke|p1|Amoonguss, L50, M|
|poke|p1|Terapagos, L50, M|
|poke|p1|Urshifu-*, L50, F|
|poke|p1|Lunala, L50|
|poke|p2|Kyogre, L50|
|poke|p2|Miraidon, L50|
|poke|p2|Tornadus, L50, M|
|poke|p2|Tentacruel, L50, F|
|poke|p2|Farigiraf, L50, F|
|poke|p2|Iron Treads, L50|
|teampreview|4
|inactive|Battle timer is ON: inactive players will automatically lose when time's up. (requested by piwsan)
|
|t:|1750744843
|start
|switch|p1a: Lunala|Lunala, L50|100/100
|switch|p1b: Rillaboom|Rillaboom, L50, F|100/100
|switch|p2a: Kyogre|Kyogre, L50|100/100
|switch|p2b: Tentacruel|Tentacruel, L50, F|100/100
|-weather|RainDance|[from] ability: Drizzle|[of] p2a: Kyogre
|-fieldstart|move: Grassy Terrain|[from] ability: Grassy Surge|[of] p1b: Rillaboom
|turn|1
|
|t:|1750744865
|switch|p2a: Farigiraf|Farigiraf, L50, F|100/100
|move|p1a: Lunala|Wide Guard|p1a: Lunala
|-singleturn|p1a: Lunala|Wide Guard
|move|p2b: Tentacruel|Toxic Spikes|p1b: Rillaboom
|-sidestart|p1: piwsan|move: Toxic Spikes
|move|p1b: Rillaboom|U-turn|p2a: Farigiraf
|-supereffective|p2a: Farigiraf
|-damage|p2a: Farigiraf|65/100
|
|t:|1750744875
|switch|p1b: Amoonguss|Amoonguss, L50, M|100/100|[from] U-turn
|-sideend|p1: piwsan|move: Toxic Spikes|[of] p1b: Amoonguss
|
|-weather|RainDance|[upkeep]
|-heal|p2a: Farigiraf|71/100|[from] Grassy Terrain
|upkeep
|turn|2
|
|t:|1750744895
|-terastallize|p2b: Tentacruel|Grass
|move|p2b: Tentacruel|Toxic Spikes|p1a: Lunala
|-sidestart|p1: piwsan|move: Toxic Spikes
|move|p1a: Lunala|Moongeist Beam|p2b: Tentacruel
|-damage|p2b: Tentacruel|56/100
|move|p2a: Farigiraf|Imprison|p2a: Farigiraf
|-start|p2a: Farigiraf|move: Imprison
|move|p1b: Amoonguss|Spore|p2b: Tentacruel
|-immune|p2b: Tentacruel
|
|-weather|RainDance|[upkeep]
|-heal|p2b: Tentacruel|61/100|[from] ability: Rain Dish
|-heal|p2b: Tentacruel|67/100|[from] Grassy Terrain
|-heal|p2b: Tentacruel|73/100|[from] item: Leftovers
|-heal|p2a: Farigiraf|77/100|[from] Grassy Terrain
|upkeep
|turn|3
|
|t:|1750744918
|move|p2b: Tentacruel|Acid Spray|p1b: Amoonguss
|-damage|p1b: Amoonguss|89/100
|-unboost|p1b: Amoonguss|spd|2
|move|p1a: Lunala|Moongeist Beam|p2b: Tentacruel
|-damage|p2b: Tentacruel|27/100
|move|p2a: Farigiraf|Psychic|p1b: Amoonguss
|-supereffective|p1b: Amoonguss
|-damage|p1b: Amoonguss|0 fnt
|faint|p1b: Amoonguss
|
|-weather|RainDance|[upkeep]
|-heal|p2b: Tentacruel|33/100|[from] ability: Rain Dish
|-heal|p2b: Tentacruel|38/100|[from] Grassy Terrain
|-heal|p2b: Tentacruel|44/100|[from] item: Leftovers
|-heal|p2a: Farigiraf|83/100|[from] Grassy Terrain
|upkeep
|
|t:|1750744933
|switch|p1b: Terapagos|Terapagos, L50, M|100/100
|-activate|p1b: Terapagos|ability: Tera Shift
|detailschange|p1b: Terapagos|Terapagos-Terastal, L50, M
|-heal|p1b: Terapagos|100/100|[silent]
|-status|p1b: Terapagos|psn
|turn|4
|-message|piwsan forfeited.
|
|win|MJ_VGC_0
|raw|piwsan's rating: 1302 &rarr; <strong>1287</strong><br />(-15 for losing)
|raw|MJ_VGC_0's rating: 1391 &rarr; <strong>1406</strong><br />(+15 for winning)
|l|☆piwsan
|player|p1|
