|j|☆loxoco
|j|☆danuwu
|t:|1750788034
|gametype|doubles
|player|p1|loxoco|265|1283
|player|p2|danuwu|liko|1247
|teamsize|p1|6
|teamsize|p2|6
|gen|9
|tier|[Gen 9] VGC 2025 Reg I
|rated|
|rule|Species Clause: Limit one of each Pokémon
|rule|Item Clause: Limit 1 of each item
|clearpoke
|poke|p1|Calyrex-Ice, L50|
|poke|p1|Miraidon, L50|
|poke|p1|Farigiraf, L50, F|
|poke|p1|Ogerpon-Wellspring, L50, F|
|poke|p1|Volcarona, L50, M|
|poke|p1|Iron Hands, L50|
|poke|p2|Rillaboom, L50, F|
|poke|p2|Raging Bolt, L50|
|poke|p2|Koraidon, L50|
|poke|p2|Gothitelle, L50, F|
|poke|p2|Groudon, L50|
|poke|p2|Whimsicott, L50, M|
|teampreview|4
|inactive|Battle timer is ON: inactive players will automatically lose when time's up. (requested by danuwu)
|inactive|loxoco has 60 seconds left.
|
|t:|1750788088
|start
|switch|p1a: Miraidon|Miraidon, L50|100/100
|switch|p1b: Farigiraf|Farigiraf, L50, F|100/100
|switch|p2a: Groudon|Groudon, L50|100/100
|switch|p2b: Whimsicott|Whimsicott, L50, M|100/100
|-fieldstart|move: Electric Terrain|[from] ability: Hadron Engine|[of] p1a: Miraidon
|-enditem|p1b: Farigiraf|Electric Seed
|-boost|p1b: Farigiraf|def|1|[from] item: Electric Seed
|-weather|SunnyDay|[from] ability: Drought|[of] p2a: Groudon
|turn|1
|
|t:|1750788105
|move|p2b: Whimsicott|Tailwind|p2b: Whimsicott
|-sidestart|p2: danuwu|move: Tailwind
|move|p2a: Groudon|Precipice Blades|p1a: Miraidon|[spread] p1a,p1b
|-supereffective|p1a: Miraidon
|-damage|p1a: Miraidon|0 fnt
|-damage|p1b: Farigiraf|37/100
|faint|p1a: Miraidon
|move|p1b: Farigiraf|Trick Room|p1b: Farigiraf
|-fieldstart|move: Trick Room|[of] p1b: Farigiraf
|
|-weather|SunnyDay|[upkeep]
|upkeep
|
|t:|1750788111
|switch|p1a: Calyrex|Calyrex-Ice, L50|100/100
|-ability|p1a: Calyrex|As One
|-ability|p1a: Calyrex|Unnerve
|turn|2
|
|t:|1750788124
|move|p1b: Farigiraf|Helping Hand|p1a: Calyrex
|-singleturn|p1a: Calyrex|Helping Hand|[of] p1b: Farigiraf
|move|p1a: Calyrex|Glacial Lance|p2b: Whimsicott|[spread] p2a,p2b
|-supereffective|p2a: Groudon
|-supereffective|p2b: Whimsicott
|-damage|p2a: Groudon|0 fnt
|-damage|p2b: Whimsicott|0 fnt
|faint|p2a: Groudon
|faint|p2b: Whimsicott
|-ability|p1a: Calyrex|Chilling Neigh|boost
|-boost|p1a: Calyrex|atk|2
|
|-weather|SunnyDay|[upkeep]
|upkeep
|
|t:|1750788129
|switch|p2a: Koraidon|Koraidon, L50|100/100
|switch|p2b: Gothitelle|Gothitelle, L50, F|100/100
|-activate|p2a: Koraidon|ability: Orichalcum Pulse
|turn|3
|
|t:|1750788140
|-terastallize|p1a: Calyrex|Fire
|-terastallize|p2a: Koraidon|Fire
|move|p1a: Calyrex|High Horsepower|p2a: Koraidon
|-supereffective|p2a: Koraidon
|-damage|p2a: Koraidon|0 fnt
|faint|p2a: Koraidon
|-ability|p1a: Calyrex|Chilling Neigh|boost
|-boost|p1a: Calyrex|atk|1
|move|p1b: Farigiraf|Foul Play|p2b: Gothitelle
|-supereffective|p2b: Gothitelle
|-damage|p2b: Gothitelle|76/100
|move|p2b: Gothitelle|Trick Room|p2b: Gothitelle
|-fieldend|move: Trick Room
|
|-weather|SunnyDay|[upkeep]
|-heal|p2b: Gothitelle|82/100|[from] item: Leftovers
|upkeep
|turn|4
|-message|danuwu forfeited.
|
|win|loxoco
|raw|loxoco's rating: 1283 &rarr; <strong>1305</strong><br />(+22 for winning)
|raw|danuwu's rating: 1247 &rarr; <strong>1225</strong><br />(-22 for losing)
|l|☆danuwu
|player|p2|
