|j|☆RangeUnlimited
|j|☆ness#1glazer
|t:|1750813813
|gametype|doubles
|player|p1|RangeUnlimited|rosa|1331
|player|p2|ness#1glazer|n|1307
|teamsize|p1|6
|teamsize|p2|6
|gen|9
|tier|[Gen 9] VGC 2025 Reg I
|rated|
|rule|Species Clause: Limit one of each Pokémon
|rule|Item Clause: Limit 1 of each item
|clearpoke
|poke|p1|Raging Bolt, L50|
|poke|p1|Calyrex-Shadow, L50|
|poke|p1|Brute Bonnet, L50|
|poke|p1|Chi-Yu, L50|
|poke|p1|Koraidon, L50|
|poke|p1|Weezing-Galar, L50, M|
|poke|p2|Rillaboom, L50, M|
|poke|p2|Calyrex-Shadow, L50|
|poke|p2|Zamazenta-*, L50|
|poke|p2|Incineroar, L50, F|
|poke|p2|Raging Bolt, L50|
|poke|p2|Smeargle, L50, F|
|teampreview|4
|inactive|Battle timer is ON: inactive players will automatically lose when time's up. (requested by RangeUnlimited)
ness#1glazer rejected open team sheets.
|inactive|ness#1glazer has 60 seconds left.
|
|t:|1750813850
|start
|switch|p1a: Chi-Yu|Chi-Yu, L50|100/100
|switch|p1b: Calyrex|Calyrex-Shadow, L50|100/100
|switch|p2a: Calyrex|Calyrex-Shadow, L50|100/100
|switch|p2b: Smeargle|Smeargle, L50, F|100/100
|-ability|p2a: Calyrex|As One
|-ability|p2a: Calyrex|Unnerve
|-ability|p1b: Calyrex|As One
|-ability|p1b: Calyrex|Unnerve
|-ability|p1a: Chi-Yu|Beads of Ruin
|turn|1
|
|t:|1750813871
|-terastallize|p1a: Chi-Yu|Ghost
|move|p2a: Calyrex|Protect|p2a: Calyrex
|-singleturn|p2a: Calyrex|Protect
|move|p1a: Chi-Yu|Dark Pulse|p2a: Calyrex
|-activate|p2a: Calyrex|move: Protect
|move|p1b: Calyrex|Astral Barrage|p2b: Smeargle|[spread] 
|-activate|p2a: Calyrex|move: Protect
|-immune|p2b: Smeargle
|move|p2b: Smeargle|Spore|p1b: Calyrex
|-status|p1b: Calyrex|slp|[from] move: Spore
|
|-ability|p2b: Smeargle|Moody|boost
|-boost|p2b: Smeargle|def|2
|-unboost|p2b: Smeargle|spe|1
|upkeep
|turn|2
|-message|RangeUnlimited forfeited.
|
|win|ness#1glazer
|raw|RangeUnlimited's rating: 1331 &rarr; <strong>1310</strong><br />(-21 for losing)
|raw|ness#1glazer's rating: 1307 &rarr; <strong>1328</strong><br />(+21 for winning)
|l|☆RangeUnlimited
|player|p1|
