|j|☆Ready1
|j|‽alvaroberna12
|t:|1750849924
|gametype|doubles
|player|p1|Ready1|dragontamer|1213
|player|p2|alvaroberna12|266|1284
|teamsize|p1|6
|teamsize|p2|6
|gen|9
|tier|[Gen 9] VGC 2025 Reg I
|rated|
|rule|Species Clause: Limit one of each Pokémon
|rule|Item Clause: Limit 1 of each item
|clearpoke
|poke|p1|Malamar, L50, F|
|poke|p1|Grimmsnarl, L50, M|
|poke|p1|Rayquaza, L50|
|poke|p1|Lunala, L50|
|poke|p1|Farigiraf, L50, M|
|poke|p1|Ursaluna, L50, F|
|poke|p2|Kyogre, L50|
|poke|p2|Indeedee-F, L50, F|
|poke|p2|Calyrex-Shadow, L50|
|poke|p2|Tornadus, L50, M|
|poke|p2|Iron Bundle, L50|
|poke|p2|Mienshao, L50, M|
|teampreview|4
|inactive|Battle timer is ON: inactive players will automatically lose when time's up. (requested by Ready1)
alvaroberna12 rejected open team sheets.
|inactive|Ready1 has 60 seconds left.
|
|t:|1750849965
|start
|switch|p1a: Malamar|Malamar, L50, F, shiny|100/100
|switch|p1b: Farigiraf|Farigiraf, L50, M, shiny|100/100
|switch|p2a: Kyogre|Kyogre, L50|100/100
|switch|p2b: Tornadus|Tornadus, L50, M|100/100
|-weather|RainDance|[from] ability: Drizzle|[of] p2a: Kyogre
|turn|1
|
|t:|1750849987
|move|p2a: Kyogre|Thunder|p1a: Malamar
|-damage|p1a: Malamar|54/100
|move|p2b: Tornadus|Bleakwind Storm|p1a: Malamar|[spread] p1a,p1b
|-damage|p1a: Malamar|22/100
|-damage|p1b: Farigiraf|61/100
|-unboost|p1b: Farigiraf|spe|1
|move|p1b: Farigiraf|Hyper Voice|p2b: Tornadus|[spread] p2a,p2b
|-damage|p2a: Kyogre|74/100
|-damage|p2b: Tornadus|63/100
|-enditem|p1b: Farigiraf|Throat Spray
|-boost|p1b: Farigiraf|spa|1|[from] item: Throat Spray
|move|p1a: Malamar|Trick Room|p1a: Malamar
|-fieldstart|move: Trick Room|[of] p1a: Malamar
|
|-weather|RainDance|[upkeep]
|upkeep
|turn|2
|
|t:|1750850011
|move|p1b: Farigiraf|Hyper Voice|p2b: Tornadus|[spread] p2a,p2b
|-damage|p2a: Kyogre|34/100
|-damage|p2b: Tornadus|2/100
|move|p1a: Malamar|Knock Off|p2b: Tornadus
|-damage|p2b: Tornadus|0 fnt
|-enditem|p2b: Tornadus|Covert Cloak|[from] move: Knock Off|[of] p1a: Malamar
|faint|p2b: Tornadus
|move|p2a: Kyogre|Thunder|p1b: Farigiraf
|-damage|p1b: Farigiraf|12/100
|
|-weather|RainDance|[upkeep]
|upkeep
|-message|alvaroberna12 forfeited.
|
|win|Ready1
|raw|Ready1's rating: 1213 &rarr; <strong>1243</strong><br />(+30 for winning)
|raw|alvaroberna12's rating: 1284 &rarr; <strong>1254</strong><br />(-30 for losing)
|l|‽alvaroberna12
|player|p2|
|l|☆Ready1
|player|p1|
