|j|☆dingdanglin
|j|☆InglisEucuss
|t:|1750855754
|gametype|doubles
|player|p1|dingdanglin|101|1217
|player|p2|InglisEucuss|265|1200
|teamsize|p1|6
|teamsize|p2|6
|gen|9
|tier|[Gen 9] VGC 2025 Reg I
|rated|
|rule|Species Clause: Limit one of each Pokémon
|rule|Item Clause: Limit 1 of each item
|clearpoke
|poke|p1|Calyrex-Ice, L50|
|poke|p1|Miraidon, L50|
|poke|p1|Urshifu-*, L50, F|
|poke|p1|Landorus, L50, M|
|poke|p1|Grimmsnarl, L50, M|
|poke|p1|Pelipper, L50, M|
|poke|p2|Calyrex-Shadow, L50|
|poke|p2|Bruxish, L50, M|
|poke|p2|Koraidon, L50|
|poke|p2|Indeedee-F, L50, F|
|poke|p2|Urshifu-*, L50, M|
|poke|p2|Flutter Mane, L50|
|teampreview|4
|
|t:|1750855789
|start
|switch|p1a: Pelipper|Pelipper, L50, M|100/100
|switch|p1b: Calyrex|Calyrex-Ice, L50|100/100
|switch|p2a: Calyrex|Calyrex-Shadow, L50|100/100
|switch|p2b: Bruxish|Bruxish, L50, M|100/100
|-ability|p2a: Calyrex|As One
|-ability|p2a: Calyrex|Unnerve
|-ability|p1b: Calyrex|As One
|-ability|p1b: Calyrex|Unnerve
|-weather|RainDance|[from] ability: Drizzle|[of] p1a: Pelipper
|turn|1
|inactive|Battle timer is ON: inactive players will automatically lose when time's up. (requested by dingdanglin)
|inactive|dingdanglin has 60 seconds left.
|
|t:|1750855836
|-terastallize|p2a: Calyrex|Fire
|move|p1b: Calyrex|Protect|p1b: Calyrex
|-singleturn|p1b: Calyrex|Protect
|move|p2b: Bruxish|Flip Turn|p2a: Calyrex
|-supereffective|p2a: Calyrex
|-damage|p2a: Calyrex|12/100
|-enditem|p2a: Calyrex|Weakness Policy
|-boost|p2a: Calyrex|atk|2|[from] item: Weakness Policy
|-boost|p2a: Calyrex|spa|2|[from] item: Weakness Policy
|
|t:|1750855845
|switch|p2b: Koraidon|Koraidon, L50|100/100|[from] Flip Turn
|-weather|SunnyDay|[from] ability: Orichalcum Pulse|[of] p2b: Koraidon
|-activate|p2b: Koraidon|Orichalcum Pulse|[source]
|move|p2a: Calyrex|Tera Blast|p1b: Calyrex|[anim] Tera Blast Fire
|-activate|p1b: Calyrex|move: Protect
|move|p1a: Pelipper|U-turn|p2b: Koraidon
|-resisted|p2b: Koraidon
|-damage|p2b: Koraidon|96/100
|
|t:|1750855864
|switch|p1a: Urshifu|Urshifu-Rapid-Strike, L50, F|100/100|[from] U-turn
|
|-weather|SunnyDay|[upkeep]
|upkeep
|turn|2
|inactive|dingdanglin has 30 seconds left.
|inactive|dingdanglin has 20 seconds left.
|inactive|dingdanglin has 15 seconds left.
|inactive|dingdanglin has 10 seconds left.
|inactive|dingdanglin has 5 seconds left.
|
|t:|1750855916
|switch|p1a: Pelipper|Pelipper, L50, M|100/100
|-weather|RainDance|[from] ability: Drizzle|[of] p1a: Pelipper
|move|p2a: Calyrex|Astral Barrage|p1a: Pelipper|[spread] p1a,p1b
|-supereffective|p1b: Calyrex
|-enditem|p1a: Pelipper|Focus Sash
|-damage|p1a: Pelipper|1/100
|-damage|p1b: Calyrex|0 fnt
|faint|p1b: Calyrex
|-ability|p2a: Calyrex|Grim Neigh|boost
|-boost|p2a: Calyrex|spa|1
|move|p2b: Koraidon|Flare Blitz|p1a: Pelipper
|-resisted|p1a: Pelipper
|-damage|p1a: Pelipper|0 fnt
|faint|p1a: Pelipper
|-damage|p2b: Koraidon|96/100|[from] Recoil
|-damage|p2b: Koraidon|86/100|[from] item: Life Orb
|
|-weather|RainDance|[upkeep]
|upkeep
|-message|dingdanglin forfeited.
|
|win|InglisEucuss
|raw|dingdanglin's rating: 1217 &rarr; <strong>1191</strong><br />(-26 for losing)
|raw|InglisEucuss's rating: 1200 &rarr; <strong>1226</strong><br />(+26 for winning)
|l|☆dingdanglin
|player|p1|
|j|☆dingdanglin
|player|p1|dingdanglin|101|
|l|☆InglisEucuss
|player|p2|
|l|☆dingdanglin
|player|p1|
