|j|☆naibot2814
|j|☆KamilTas
|t:|1750816380
|gametype|doubles
|player|p1|naibot2814|ghetsis|1561
|player|p2|KamilTas|169|1626
|teamsize|p1|6
|teamsize|p2|6
|gen|9
|tier|[Gen 9] VGC 2025 Reg I
|rated|
|rule|Species Clause: Limit one of each Pokémon
|rule|Item Clause: Limit 1 of each item
|clearpoke
|poke|p1|Zamazenta-*, L50|
|poke|p1|Ogerpon-Hearthflame, L50, F|
|poke|p1|Calyrex-Shadow, L50|
|poke|p1|Incineroar, L50, M|
|poke|p1|Rillaboom, L50, M|
|poke|p1|Raging Bolt, L50|
|poke|p2|Koraidon, L50|
|poke|p2|Flutter Mane, L50|
|poke|p2|Calyrex-Shadow, L50|
|poke|p2|Indeedee-F, L50, F|
|poke|p2|Incineroar, L50, M|
|poke|p2|Jumpluff, L50, F|
|teampreview|4
|inactive|Battle timer is ON: inactive players will automatically lose when time's up. (requested by KamilTas)
|inactive|KamilTas has 60 seconds left.
|
|t:|1750816444
|start
|switch|p1a: Incineroar|Incineroar, L50, M|100/100
|switch|p1b: Ogerpon|Ogerpon-Hearthflame, L50, F|100/100
|switch|p2a: Koraidon|Koraidon, L50|100/100
|switch|p2b: Flutter Mane|Flutter Mane, L50|100/100
|-weather|SunnyDay|[from] ability: Orichalcum Pulse|[of] p2a: Koraidon
|-activate|p2b: Flutter Mane|ability: Protosynthesis
|-start|p2b: Flutter Mane|protosynthesisspe
|-activate|p2a: Koraidon|Orichalcum Pulse|[source]
|-ability|p1b: Ogerpon|Mold Breaker
|-ability|p1a: Incineroar|Intimidate|boost
|-unboost|p2a: Koraidon|atk|1
|-unboost|p2b: Flutter Mane|atk|1
|turn|1
|j| HolyMane
|l| HolyMane
|inactive|KamilTas has 30 seconds left.
|
|t:|1750816470
|move|p2a: Koraidon|Protect|p2a: Koraidon
|-singleturn|p2a: Koraidon|Protect
|move|p1a: Incineroar|Fake Out|p2a: Koraidon
|-activate|p2a: Koraidon|move: Protect
|move|p2b: Flutter Mane|Taunt|p1b: Ogerpon
|-start|p1b: Ogerpon|move: Taunt
|move|p1b: Ogerpon|Ivy Cudgel|p2b: Flutter Mane|[anim] Ivy Cudgel Fire
|-enditem|p2b: Flutter Mane|Focus Sash
|-damage|p2b: Flutter Mane|1/100
|
|-weather|SunnyDay|[upkeep]
|upkeep
|turn|2
|inactive|naibot2814 has 30 seconds left.
|inactive|KamilTas has 30 seconds left.
|
|t:|1750816509
|switch|p1a: Raging Bolt|Raging Bolt, L50|100/100
|-activate|p1a: Raging Bolt|ability: Protosynthesis
|-start|p1a: Raging Bolt|protosynthesisspa
|-terastallize|p1b: Ogerpon|Fire
|detailschange|p1b: Ogerpon|Ogerpon-Hearthflame-Tera, L50, F, tera:Fire
|-ability|p1b: Ogerpon|Embody Aspect (Hearthflame)|boost
|-boost|p1b: Ogerpon|atk|1
|move|p2b: Flutter Mane|Moonblast|p1a: Raging Bolt
|-supereffective|p1a: Raging Bolt
|-damage|p1a: Raging Bolt|12/100
|move|p2a: Koraidon|Close Combat|p1a: Raging Bolt
|-damage|p1a: Raging Bolt|0 fnt
|-unboost|p2a: Koraidon|def|1
|-unboost|p2a: Koraidon|spd|1
|faint|p1a: Raging Bolt
|-end|p1a: Raging Bolt|Protosynthesis|[silent]
|-damage|p2a: Koraidon|91/100|[from] item: Life Orb
|move|p1b: Ogerpon|Ivy Cudgel|p2a: Koraidon|[anim] Ivy Cudgel Fire
|-resisted|p2a: Koraidon
|-damage|p2a: Koraidon|0 fnt
|faint|p2a: Koraidon
|
|-weather|SunnyDay|[upkeep]
|upkeep
|
|t:|1750816533
|switch|p2a: Calyrex|Calyrex-Shadow, L50|100/100
|switch|p1a: Incineroar|Incineroar, L50, M|100/100
|-ability|p2a: Calyrex|As One
|-ability|p2a: Calyrex|Unnerve
|-ability|p1a: Incineroar|Intimidate|boost
|-unboost|p2a: Calyrex|atk|1
|-unboost|p2b: Flutter Mane|atk|1
|turn|3
|
|t:|1750816548
|-terastallize|p2a: Calyrex|Stellar
|move|p2b: Flutter Mane|Moonblast|p1a: Incineroar
|-damage|p1a: Incineroar|57/100
|-unboost|p1a: Incineroar|spa|1
|move|p2a: Calyrex|Tera Blast|p1b: Ogerpon|[anim] Tera Blast Stellar
|-supereffective|p1b: Ogerpon
|-damage|p1b: Ogerpon|0 fnt
|-unboost|p2a: Calyrex|atk|1
|-unboost|p2a: Calyrex|spa|1
|faint|p1b: Ogerpon
|detailschange|p1: Ogerpon|Ogerpon-Hearthflame, L50, F|[silent]
|-ability|p2a: Calyrex|Grim Neigh|boost
|-boost|p2a: Calyrex|spa|1
|move|p1a: Incineroar|Knock Off|p2a: Calyrex
|-supereffective|p2a: Calyrex
|-damage|p2a: Calyrex|0 fnt
|-enditem|p2a: Calyrex|Choice Specs|[from] move: Knock Off|[of] p1a: Incineroar
|faint|p2a: Calyrex
|
|-weather|SunnyDay|[upkeep]
|upkeep
|-message|KamilTas forfeited.
|
|win|naibot2814
|raw|naibot2814's rating: 1561 &rarr; <strong>1585</strong><br />(+24 for winning)
|raw|KamilTas's rating: 1626 &rarr; <strong>1602</strong><br />(-24 for losing)
|l|☆KamilTas
|player|p2|
