|j|☆Ipad Air 5th gen
|j|☆clockworkmango
|t:|1750832146
|gametype|doubles
|player|p1|Ipad Air 5th gen|steven|1188
|player|p2|clockworkmango|burglar|1250
|teamsize|p1|6
|teamsize|p2|6
|gen|9
|tier|[Gen 9] VGC 2025 Reg I
|rated|
|rule|Species Clause: Limit one of each Pokémon
|rule|Item Clause: Limit 1 of each item
|clearpoke
|poke|p1|Calyrex-Ice, L50|
|poke|p1|Incineroar, L50, F|
|poke|p1|Amoonguss, L50, M|
|poke|p1|Iron Hands, L50|
|poke|p1|Kyogre, L50|
|poke|p1|Archaludon, L50, M|
|poke|p2|Kyogre, L50|
|poke|p2|Basculegion, L50, M|
|poke|p2|Calyrex-Ice, L50|
|poke|p2|Scraggy, L50, F|
|poke|p2|Rhyperior, L50, F|
|poke|p2|Ogerpon, L50, F|
|teampreview|4
|
|t:|1750832174
|start
|switch|p1a: Calyrex|Calyrex-Ice, L50|100/100
|switch|p1b: Incineroar|Incineroar, L50, F|100/100
|switch|p2a: Basculegion|Basculegion, L50, M|100/100
|switch|p2b: Ogerpon|Ogerpon, L50, F|100/100
|-ability|p1a: Calyrex|As One
|-ability|p1a: Calyrex|Unnerve
|-ability|p1b: Incineroar|Intimidate|boost
|-unboost|p2a: Basculegion|atk|1
|-unboost|p2b: Ogerpon|atk|1
|-ability|p2b: Ogerpon|Defiant|boost
|-boost|p2b: Ogerpon|atk|2
|turn|1
|
|t:|1750832217
|move|p2b: Ogerpon|Knock Off|p1a: Calyrex
|-supereffective|p1a: Calyrex
|-damage|p1a: Calyrex|53/100
|-enditem|p1a: Calyrex|Clear Amulet|[from] move: Knock Off|[of] p2b: Ogerpon
|move|p2a: Basculegion|Wave Crash|p1b: Incineroar
|-supereffective|p1b: Incineroar
|-damage|p1b: Incineroar|32/100
|-damage|p2a: Basculegion|78/100|[from] Recoil
|move|p1b: Incineroar|Knock Off|p2a: Basculegion
|-supereffective|p2a: Basculegion
|-damage|p2a: Basculegion|0 fnt
|-enditem|p2a: Basculegion|Power Herb|[from] move: Knock Off|[of] p1b: Incineroar
|faint|p2a: Basculegion
|move|p1a: Calyrex|Trick Room|p1a: Calyrex
|-fieldstart|move: Trick Room|[of] p1a: Calyrex
|
|upkeep
|
|t:|1750832233
|switch|p2a: Calyrex|Calyrex-Ice, L50|100/100
|-ability|p2a: Calyrex|As One
|-ability|p2a: Calyrex|Unnerve
|turn|2
|
|t:|1750832253
|move|p2b: Ogerpon|Follow Me|p2b: Ogerpon
|-singleturn|p2b: Ogerpon|move: Follow Me
|move|p1a: Calyrex|High Horsepower|p2b: Ogerpon
|-resisted|p2b: Ogerpon
|-damage|p2b: Ogerpon|79/100
|move|p2a: Calyrex|Glacial Lance|p1b: Incineroar|[spread] p1a,p1b
|-resisted|p1a: Calyrex
|-resisted|p1b: Incineroar
|-crit|p1b: Incineroar
|-damage|p1a: Calyrex|37/100
|-damage|p1b: Incineroar|0 fnt
|faint|p1b: Incineroar
|-ability|p2a: Calyrex|Chilling Neigh|boost
|-boost|p2a: Calyrex|atk|1
|
|upkeep
|
|t:|1750832271
|switch|p1b: Amoonguss|Amoonguss, L50, M|100/100
|turn|3
|
|t:|1750832286
|-terastallize|p1b: Amoonguss|Water
|move|p2b: Ogerpon|Follow Me|p2b: Ogerpon
|-singleturn|p2b: Ogerpon|move: Follow Me
|move|p1a: Calyrex|High Horsepower|p2b: Ogerpon
|-resisted|p2b: Ogerpon
|-damage|p2b: Ogerpon|59/100
|move|p2a: Calyrex|Glacial Lance|p1a: Calyrex|[spread] p1a,p1b
|-resisted|p1a: Calyrex
|-resisted|p1b: Amoonguss
|-damage|p1a: Calyrex|11/100
|-damage|p1b: Amoonguss|64/100
|move|p1b: Amoonguss|Pollen Puff|p2b: Ogerpon
|-supereffective|p2b: Ogerpon
|-damage|p2b: Ogerpon|29/100
|
|upkeep
|turn|4
|
|t:|1750832322
|move|p1a: Calyrex|High Horsepower|p2a: Calyrex
|-damage|p2a: Calyrex|76/100
|move|p2a: Calyrex|Glacial Lance|p1a: Calyrex|[spread] p1a,p1b
|-resisted|p1a: Calyrex
|-resisted|p1b: Amoonguss
|-damage|p1a: Calyrex|0 fnt
|-damage|p1b: Amoonguss|24/100
|faint|p1a: Calyrex
|-ability|p2a: Calyrex|Chilling Neigh|boost
|-boost|p2a: Calyrex|atk|1
|move|p1b: Amoonguss|Pollen Puff|p1: Calyrex|[notarget]
|-fail|p1b: Amoonguss
|move|p2b: Ogerpon|Ivy Cudgel|p1b: Amoonguss
|-supereffective|p1b: Amoonguss
|-crit|p1b: Amoonguss
|-damage|p1b: Amoonguss|0 fnt
|faint|p1b: Amoonguss
|
|-heal|p2a: Calyrex|82/100|[from] item: Leftovers
|upkeep
|-message|Ipad Air 5th gen forfeited.
|
|win|clockworkmango
|raw|Ipad Air 5th gen's rating: 1188 &rarr; <strong>1167</strong><br />(-21 for losing)
|raw|clockworkmango's rating: 1250 &rarr; <strong>1271</strong><br />(+21 for winning)
|l|☆Ipad Air 5th gen
|player|p1|
|l|☆clockworkmango
|player|p2|
