|j|☆yongbao
|j|☆pom321321321
|t:|1750814243
|gametype|doubles
|player|p1|yongbao|dawn-gen4pt|1564
|player|p2|pom321321321|wattson|1616
|teamsize|p1|6
|teamsize|p2|6
|gen|9
|tier|[Gen 9] VGC 2025 Reg I
|rated|
|rule|Species Clause: Limit one of each Pokémon
|rule|Item Clause: Limit 1 of each item
|clearpoke
|poke|p1|Tornadus, L50, M|
|poke|p1|Miraidon, L50|
|poke|p1|Iron Moth, L50|
|poke|p1|Urshifu-*, L50, M|
|poke|p1|Calyrex-Ice, L50|
|poke|p1|Landorus, L50, M|
|poke|p2|Lunala, L50|
|poke|p2|Groudon, L50|
|poke|p2|Yanmega, L50, M|
|poke|p2|Sableye, L50, F|
|poke|p2|Incineroar, L50, M|
|poke|p2|Rillaboom, L50, F|
|teampreview|4
|inactive|Battle timer is ON: inactive players will automatically lose when time's up. (requested by pom321321321)
|inactive|yongbao has 60 seconds left.
|inactive|pom321321321 has 60 seconds left.
|
|t:|1750814279
|start
|switch|p1a: Iron Moth|Iron Moth, L50|100/100
|switch|p1b: Urshifu|Urshifu-Rapid-Strike, L50, M|100/100
|switch|p2a: Cerus|Lunala, L50|100/100
|switch|p2b: Rillaboom|Rillaboom, L50, F|100/100
|-fieldstart|move: Grassy Terrain|[from] ability: Grassy Surge|[of] p2b: Rillaboom
|turn|1
|
|t:|1750814303
|move|p1a: Iron Moth|Meteor Beam||[still]
|-prepare|p1a: Iron Moth|Meteor Beam
|-boost|p1a: Iron Moth|spa|1
|-enditem|p1a: Iron Moth|Power Herb
|-anim|p1a: Iron Moth|Meteor Beam|p2a: Cerus
|-damage|p2a: Cerus|79/100
|move|p1b: Urshifu|Taunt|p2a: Cerus
|-start|p2a: Cerus|move: Taunt
|cant|p2a: Cerus|move: Taunt|Calm Mind
|move|p2b: Rillaboom|Wood Hammer|p1b: Urshifu
|-supereffective|p1b: Urshifu
|-damage|p1b: Urshifu|0 fnt
|faint|p1b: Urshifu
|-damage|p2b: Rillaboom|71/100|[from] Recoil
|
|-heal|p2a: Cerus|85/100|[from] Grassy Terrain
|-heal|p2a: Cerus|91/100|[from] item: Leftovers
|-heal|p2b: Rillaboom|77/100|[from] Grassy Terrain
|upkeep
|
|t:|1750814322
|switch|p1b: Miraidon|Miraidon, L50|100/100
|-fieldstart|move: Electric Terrain|[from] ability: Hadron Engine|[of] p1b: Miraidon
|-activate|p1a: Iron Moth|ability: Quark Drive
|-start|p1a: Iron Moth|quarkdrivespa
|turn|2
|
|t:|1750814339
|switch|p2a: Groudon|Groudon, L50|100/100
|-weather|SunnyDay|[from] ability: Drought|[of] p2a: Groudon
|move|p1b: Miraidon|Electro Drift|p2a: Groudon
|-immune|p2a: Groudon
|move|p1a: Iron Moth|Heat Wave|p2b: Rillaboom|[spread] p2a,p2b
|-supereffective|p2b: Rillaboom
|-damage|p2a: Groudon|2/100
|-damage|p2b: Rillaboom|0 fnt
|faint|p2b: Rillaboom
|
|-weather|SunnyDay|[upkeep]
|upkeep
|l|☆pom321321321
|inactive|pom321321321 disconnected and has a minute to reconnect!
|player|p2|
|inactive|pom321321321 has 30 seconds left.
|j| Masque de Onryo
|inactive|pom321321321 has 20 seconds left.
|j| joli.sv
|inactive|pom321321321 has 15 seconds left.
|inactive|pom321321321 has 10 seconds left.
|inactive|pom321321321 has 5 seconds left.
|-message|pom321321321 lost due to inactivity.
|
|win|yongbao
|raw|yongbao's rating: 1564 &rarr; <strong>1587</strong><br />(+23 for winning)
|raw|pom321321321's rating: 1616 &rarr; <strong>1593</strong><br />(-23 for losing)
|l|☆yongbao
|player|p1|
|l| joli.sv
