|j|☆Ryth5
|j|☆QuagsireJelly
|t:|1750872244
|gametype|doubles
|player|p1|Ryth5|2|1333
|player|p2|QuagsireJelly|101|1331
|teamsize|p1|6
|teamsize|p2|6
|gen|9
|tier|[Gen 9] VGC 2025 Reg I
|rated|
|rule|Species Clause: Limit one of each Pokémon
|rule|Item Clause: Limit 1 of each item
|clearpoke
|poke|p1|Riolu, L50, M|
|poke|p1|Annihilape, L50, M|
|poke|p1|Calyrex-Ice, L50|
|poke|p1|Koraidon, L50|
|poke|p1|Raging Bolt, L50|
|poke|p1|Clefairy, L50, M|
|poke|p2|Smeargle, L50, M|
|poke|p2|Muk-Alola, L50, M|
|poke|p2|Flamigo, L50, F|
|poke|p2|Calyrex-Ice, L50|
|poke|p2|Porygon2, L50|
|poke|p2|Ursaluna-Bloodmoon, L50, M|
|teampreview|4
|inactive|Battle timer is ON: inactive players will automatically lose when time's up. (requested by QuagsireJelly)
|
|t:|1750872274
|start
|switch|p1a: Riolu|Riolu, L50, M|100/100
|switch|p1b: Annihilape|Annihilape, L50, M|100/100
|switch|p2a: Smeargle|Smeargle, L50, M|100/100
|switch|p2b: Muk|Muk-Alola, L50, M|100/100
|turn|1
|
|t:|1750872282
|move|p1a: Riolu|Feint|p2b: Muk
|-damage|p2b: Muk|95/100
|move|p1b: Annihilape|Final Gambit|p2b: Muk
|-damage|p2b: Muk|0 fnt
|faint|p1b: Annihilape
|faint|p2b: Muk
|move|p2a: Smeargle|Spore|p1a: Riolu
|-status|p1a: Riolu|slp|[from] move: Spore
|
|-ability|p2a: Smeargle|Moody|boost
|-boost|p2a: Smeargle|spe|2
|-unboost|p2a: Smeargle|spa|1
|upkeep
|
|t:|1750872297
|switch|p1b: Koraidon|Koraidon, L50|100/100
|switch|p2b: Calyrex|Calyrex-Ice, L50|100/100
|-ability|p2b: Calyrex|As One
|-ability|p2b: Calyrex|Unnerve
|-weather|SunnyDay|[from] ability: Orichalcum Pulse|[of] p1b: Koraidon
|-activate|p1b: Koraidon|Orichalcum Pulse|[source]
|turn|2
|
|t:|1750872315
|-terastallize|p1b: Koraidon|Fire
|cant|p1a: Riolu|slp
|move|p2a: Smeargle|Spore|p1b: Koraidon
|-status|p1b: Koraidon|slp|[from] move: Spore
|cant|p1b: Koraidon|slp
|move|p2b: Calyrex|High Horsepower|p1b: Koraidon
|-supereffective|p1b: Koraidon
|-damage|p1b: Koraidon|40/100 slp
|
|-weather|SunnyDay|[upkeep]
|-ability|p2a: Smeargle|Moody|boost
|-boost|p2a: Smeargle|atk|2
|-unboost|p2a: Smeargle|spa|1
|upkeep
|turn|3
|-message|Ryth5 forfeited.
|
|win|QuagsireJelly
|raw|Ryth5's rating: 1333 &rarr; <strong>1313</strong><br />(-20 for losing)
|raw|QuagsireJelly's rating: 1331 &rarr; <strong>1351</strong><br />(+20 for winning)
|l|☆Ryth5
|player|p1|
|l|☆QuagsireJelly
|player|p2|
