|j|☆HyperRes
|j|☆Cheasleywithaw
|t:|1750713126
|gametype|doubles
|player|p1|HyperRes|miku-ground|1474
|player|p2|Cheasleywithaw|cyclist|1542
|teamsize|p1|6
|teamsize|p2|6
|gen|9
|tier|[Gen 9] VGC 2025 Reg I
|rated|
|rule|Species Clause: Limit one of each Pokémon
|rule|Item Clause: Limit 1 of each item
|clearpoke
|poke|p1|Kyogre, L50|
|poke|p1|Calyrex-Shadow, L50|
|poke|p1|Indeedee-F, L50, F|
|poke|p1|Urshifu-*, L50, M|
|poke|p1|Grimmsnarl, L50, M|
|poke|p1|Bruxish, L50, M|
|poke|p2|Calyrex-Ice, L50|
|poke|p2|Kyogre, L50|
|poke|p2|Farigiraf, L50, M|
|poke|p2|Incineroar, L50, M|
|poke|p2|Rillaboom, L50, M|
|poke|p2|Tornadus, L50, M|
|teampreview|4
|inactive|Battle timer is ON: inactive players will automatically lose when time's up. (requested by HyperRes)
Cheasleywithaw has agreed to open team sheets.
HyperRes rejected open team sheets.
|c|☆Cheasleywithaw|Really, dude
|inactive|Cheasleywithaw has 60 seconds left.
|c|☆HyperRes|what
|
|t:|1750713159
|start
|switch|p1a: Calyrex|Calyrex-Shadow, L50|100/100
|switch|p1b: Bruxish|Bruxish, L50, M|100/100
|switch|p2a: Corolikis|Farigiraf, L50, M|100/100
|switch|p2b: Fermentius|Rillaboom, L50, M|100/100
|-ability|p1a: Calyrex|As One
|-ability|p1a: Calyrex|Unnerve
|-fieldstart|move: Grassy Terrain|[from] ability: Grassy Surge|[of] p2b: Fermentius
|turn|1
|
|t:|1750713182
|-terastallize|p1a: Calyrex|Fire
|move|p1b: Bruxish|Flip Turn|p1a: Calyrex
|-supereffective|p1a: Calyrex
|-damage|p1a: Calyrex|49/100
|-enditem|p1a: Calyrex|Weakness Policy
|-boost|p1a: Calyrex|atk|2|[from] item: Weakness Policy
|-boost|p1a: Calyrex|spa|2|[from] item: Weakness Policy
|c|☆Cheasleywithaw|rejecting ots
|c|☆Cheasleywithaw|Knew i
|c|☆HyperRes|play bo3 then
|c|☆Cheasleywithaw|chees
|
|t:|1750713194
|switch|p1b: Indeedee|Indeedee-F, L50, F|100/100|[from] Flip Turn
|-fieldstart|move: Psychic Terrain|[from] ability: Psychic Surge|[of] p1b: Indeedee
|-enditem|p1b: Indeedee|Psychic Seed
|-boost|p1b: Indeedee|spd|1|[from] item: Psychic Seed
|move|p1a: Calyrex|Expanding Force|p2b: Fermentius|[spread] p2a,p2b
|-resisted|p2a: Corolikis
|-damage|p2a: Corolikis|37/100
|-damage|p2b: Fermentius|0 fnt
|faint|p2b: Fermentius
|-ability|p1a: Calyrex|Grim Neigh|boost
|-boost|p1a: Calyrex|spa|1
|move|p2a: Corolikis|Trick Room|p2a: Corolikis
|-fieldstart|move: Trick Room|[of] p2a: Corolikis
|
|upkeep
|
|t:|1750713210
|switch|p2b: Glarb|Kyogre, L50|100/100
|-weather|RainDance|[from] ability: Drizzle|[of] p2b: Glarb
|-enditem|p2b: Glarb|Room Service
|-unboost|p2b: Glarb|spe|1|[from] item: Room Service
|turn|2
|
|t:|1750713218
|move|p1a: Calyrex|Protect|p1a: Calyrex
|-singleturn|p1a: Calyrex|Protect
|move|p2a: Corolikis|Dazzling Gleam|p1a: Calyrex|[spread] p1b
|-activate|p1a: Calyrex|move: Protect
|-damage|p1b: Indeedee|89/100
|move|p2b: Glarb|Water Spout|p1a: Calyrex|[spread] p1b
|-activate|p1a: Calyrex|move: Protect
|-damage|p1b: Indeedee|15/100
|move|p1b: Indeedee|Trick Room|p1b: Indeedee
|-fieldend|move: Trick Room
|
|-weather|RainDance|[upkeep]
|upkeep
|turn|3
|-message|Cheasleywithaw forfeited.
|
|win|HyperRes
|raw|HyperRes's rating: 1474 &rarr; <strong>1498</strong><br />(+24 for winning)
|raw|Cheasleywithaw's rating: 1542 &rarr; <strong>1518</strong><br />(-24 for losing)
|l|☆Cheasleywithaw
|player|p2|
|l|☆HyperRes
|player|p1|
