|j|☆Deehydrated
|j|☆duoduoa
|t:|1750752364
|gametype|doubles
|player|p1|Deehydrated|caitlin|1633
|player|p2|duoduoa|101|1539
|teamsize|p1|6
|teamsize|p2|6
|gen|9
|tier|[Gen 9] VGC 2025 Reg I
|rated|
|rule|Species Clause: Limit one of each Pokémon
|rule|Item Clause: Limit 1 of each item
|clearpoke
|poke|p1|Zacian-*, L50|
|poke|p1|Kyogre, L50|
|poke|p1|Amoonguss, L50, F|
|poke|p1|Tornadus, L50, M|
|poke|p1|Indeedee-F, L50, F|
|poke|p1|Ursaluna, L50, F|
|poke|p2|Calyrex-Shadow, L50|
|poke|p2|Zamazenta-*, L50|
|poke|p2|Rillaboom, L50, M|
|poke|p2|Ogerpon-Hearthflame, L50, F|
|poke|p2|Tornadus, L50, M|
|poke|p2|Raging Bolt, L50|
|teampreview|4
|inactive|Battle timer is ON: inactive players will automatically lose when time's up. (requested by duoduoa)
|inactive|Deehydrated has 60 seconds left.
|
|t:|1750752407
|start
|switch|p1a: Indeedee|Indeedee-F, L50, F|100/100
|switch|p1b: Zacian|Zacian-Crowned, L50|100/100
|switch|p2a: Ogerpon|Ogerpon-Hearthflame, L50, F|100/100
|switch|p2b: Tornadus|Tornadus, L50, M|100/100
|-ability|p1b: Zacian|Intrepid Sword|boost
|-boost|p1b: Zacian|atk|1
|-ability|p2a: Ogerpon|Mold Breaker
|-fieldstart|move: Psychic Terrain|[from] ability: Psychic Surge|[of] p1a: Indeedee
|turn|1
|inactive|duoduoa has 30 seconds left.
|
|t:|1750752436
|-terastallize|p2a: Ogerpon|Fire
|detailschange|p2a: Ogerpon|Ogerpon-Hearthflame-Tera, L50, F, tera:Fire
|-ability|p2a: Ogerpon|Embody Aspect (Hearthflame)|boost
|-boost|p2a: Ogerpon|atk|1
|move|p2b: Tornadus|Protect|p2b: Tornadus
|-singleturn|p2b: Tornadus|Protect
|move|p1b: Zacian|Behemoth Blade|p2b: Tornadus
|-activate|p2b: Tornadus|move: Protect
|move|p2a: Ogerpon|Ivy Cudgel|p1a: Indeedee|[anim] Ivy Cudgel Fire
|-damage|p1a: Indeedee|0 fnt
|faint|p1a: Indeedee
|
|upkeep
|-message|Deehydrated forfeited.
|
|win|duoduoa
|raw|Deehydrated's rating: 1633 &rarr; <strong>1608</strong><br />(-25 for losing)
|raw|duoduoa's rating: 1539 &rarr; <strong>1564</strong><br />(+25 for winning)
|l|☆Deehydrated
|player|p1|
|l|☆duoduoa
|player|p2|
