|j|☆szoob busziness
|j|☆CassiopeiaI
|t:|1750826156
|gametype|doubles
|player|p1|szoob busziness|miku-ground|1105
|player|p2|CassiopeiaI|cynthia-gen4|1091
|teamsize|p1|6
|teamsize|p2|6
|gen|9
|tier|[Gen 9] VGC 2025 Reg I
|rated|
|rule|Species Clause: Limit one of each Pokémon
|rule|Item Clause: Limit 1 of each item
|clearpoke
|poke|p1|Regidrago, L50|
|poke|p1|Zacian-*, L50|
|poke|p1|Walking Wake, L50|
|poke|p1|Regieleki, L50|
|poke|p1|Indeedee-F, L50, F|
|poke|p1|Koraidon, L50|
|poke|p2|Annihilape, L50, F|
|poke|p2|Smeargle, L50, F|
|poke|p2|Calyrex-Shadow, L50|
|poke|p2|Amoonguss, L50, F|
|poke|p2|Kyogre, L50|
|poke|p2|Archaludon, L50, F|
|teampreview|4
CassiopeiaI has agreed to open team sheets.
|
|t:|1750826172
|start
|switch|p1a: Regieleki|Regieleki, L50|100/100
|switch|p1b: Regidrago|Regidrago, L50|100/100
|switch|p2a: Annihilape|Annihilape, L50, F, shiny|100/100
|switch|p2b: Smeargle|Smeargle, L50, F|100/100
|turn|1
|inactive|Battle timer is ON: inactive players will automatically lose when time's up. (requested by szoob busziness)
|
|t:|1750826184
|-terastallize|p1b: Regidrago|Dragon
|move|p1a: Regieleki|Electroweb|p2a: Annihilape|[spread] p2a,p2b
|-damage|p2a: Annihilape|76/100
|-damage|p2b: Smeargle|61/100
|-unboost|p2a: Annihilape|spe|1
|-ability|p2a: Annihilape|Defiant|boost
|-boost|p2a: Annihilape|atk|2
|-unboost|p2b: Smeargle|spe|1
|move|p1b: Regidrago|Dragon Energy|p2b: Smeargle|[spread] p2a,p2b
|-damage|p2a: Annihilape|0 fnt
|-damage|p2b: Smeargle|0 fnt
|faint|p2a: Annihilape
|faint|p2b: Smeargle
|
|upkeep
|
|t:|1750826196
|switch|p2a: Calyrex|Calyrex-Shadow, L50|100/100
|switch|p2b: Kyogre|Kyogre, L50, shiny|100/100
|-ability|p2a: Calyrex|As One
|-ability|p2a: Calyrex|Unnerve
|-weather|RainDance|[from] ability: Drizzle|[of] p2b: Kyogre
|turn|2
|
|t:|1750826210
|-terastallize|p2a: Calyrex|Ghost
|move|p1a: Regieleki|Electroweb|p2a: Calyrex|[spread] p2a,p2b
|-supereffective|p2b: Kyogre
|-damage|p2a: Calyrex|74/100
|-damage|p2b: Kyogre|71/100
|-unboost|p2a: Calyrex|spe|1
|-unboost|p2b: Kyogre|spe|1
|move|p1b: Regidrago|Dragon Energy|p2b: Kyogre|[spread] p2a,p2b
|-damage|p2a: Calyrex|0 fnt
|-damage|p2b: Kyogre|6/100
|-enditem|p2b: Kyogre|Sitrus Berry|[eat]
|-heal|p2b: Kyogre|30/100|[from] item: Sitrus Berry
|faint|p2a: Calyrex
|move|p2b: Kyogre|Water Spout|p1b: Regidrago|[spread] p1a,p1b
|-resisted|p1b: Regidrago
|-damage|p1a: Regieleki|44/100
|-damage|p1b: Regidrago|82/100
|
|-weather|RainDance|[upkeep]
|upkeep
|turn|3
|-message|CassiopeiaI forfeited.
|
|win|szoob busziness
|raw|szoob busziness's rating: 1105 &rarr; <strong>1129</strong><br />(+24 for winning)
|raw|CassiopeiaI's rating: 1091 &rarr; <strong>1068</strong><br />(-23 for losing)
|l|☆CassiopeiaI
|player|p2|
|l|☆szoob busziness
|player|p1|
