|j|☆doritos07
|j|☆WerewolfJerry
|t:|1750828356
|gametype|doubles
|player|p1|doritos07|hugh|1277
|player|p2|WerewolfJerry|1|1209
|teamsize|p1|6
|teamsize|p2|6
|gen|9
|tier|[Gen 9] VGC 2025 Reg I
|rated|
|rule|Species Clause: Limit one of each Pokémon
|rule|Item Clause: Limit 1 of each item
|clearpoke
|poke|p1|Tornadus, L50, M|
|poke|p1|Iron Hands, L50|
|poke|p1|Kyogre, L50|
|poke|p1|Miraidon, L50|
|poke|p1|Farigiraf, L50, M|
|poke|p1|Azumarill, L50, F|
|poke|p2|Lucario, L50, M|
|poke|p2|Granbull, L50, F|
|poke|p2|Clefairy, L50, M|
|poke|p2|Calyrex-Ice, L50|
|poke|p2|Lunala, L50|
|poke|p2|Rillaboom, L50, M|
|teampreview|4
|
|t:|1750828391
|start
|switch|p1a: Tornadus|Tornadus, L50, M|100/100
|switch|p1b: mr whale|Kyogre, L50|100/100
|switch|p2a: Rillaboom|Rillaboom, L50, M|100/100
|switch|p2b: Lunala|Lunala, L50|100/100
|-weather|RainDance|[from] ability: Drizzle|[of] p1b: mr whale
|-fieldstart|move: Grassy Terrain|[from] ability: Grassy Surge|[of] p2a: Rillaboom
|turn|1
|
|t:|1750828410
|switch|p1b: Miraidon|Miraidon, L50|100/100
|-fieldstart|move: Electric Terrain|[from] ability: Hadron Engine|[of] p1b: Miraidon
|move|p2b: Lunala|Wide Guard|p2b: Lunala
|-singleturn|p2b: Lunala|Wide Guard
|move|p1a: Tornadus|Taunt|p2b: Lunala
|-start|p2b: Lunala|move: Taunt
|move|p2a: Rillaboom|Wood Hammer|p1b: Miraidon
|-resisted|p1b: Miraidon
|-damage|p1b: Miraidon|78/100
|-damage|p2a: Rillaboom|93/100|[from] Recoil
|
|-weather|RainDance|[upkeep]
|upkeep
|turn|2
|
|t:|1750828436
|move|p1b: Miraidon|Volt Switch|p2b: Lunala
|-damage|p2b: Lunala|67/100
|
|t:|1750828441
|switch|p1b: mr whale|Kyogre, L50|100/100|[from] Volt Switch
|move|p1a: Tornadus|Bleakwind Storm|p2b: Lunala|[spread] p2a,p2b
|-supereffective|p2a: Rillaboom
|-damage|p2a: Rillaboom|11/100
|-damage|p2b: Lunala|44/100
|move|p2a: Rillaboom|U-turn|p1b: mr whale
|-damage|p1b: mr whale|78/100
|
|t:|1750828452
|switch|p2a: Granbull|Granbull, L50, F|100/100|[from] U-turn
|-ability|p2a: Granbull|Intimidate|boost
|-unboost|p1a: Tornadus|atk|1
|-unboost|p1b: mr whale|atk|1
|move|p2b: Lunala|Moongeist Beam|p1b: mr whale
|-damage|p1b: mr whale|40/100
|
|-weather|RainDance|[upkeep]
|-heal|p2b: Lunala|50/100|[from] item: Leftovers
|upkeep
|turn|3
|
|t:|1750828475
|-terastallize|p1b: mr whale|Water
|move|p1a: Tornadus|Tailwind|p1a: Tornadus
|-sidestart|p1: doritos07|move: Tailwind
|move|p1b: mr whale|Origin Pulse|p2b: Lunala|[spread] p2a,p2b
|-damage|p2a: Granbull|16/100
|-damage|p2b: Lunala|0 fnt
|faint|p2b: Lunala
|move|p2a: Granbull|Play Rough|p1b: mr whale
|-damage|p1b: mr whale|0 fnt
|faint|p1b: mr whale
|
|-weather|RainDance|[upkeep]
|upkeep
|
|t:|1750828490
|switch|p1b: Golgi|Iron Hands, L50|100/100
|switch|p2b: Lucario|Lucario, L50, M|100/100
|-activate|p1b: Golgi|ability: Quark Drive
|-start|p1b: Golgi|quarkdriveatk
|turn|4
|-message|WerewolfJerry forfeited.
|
|win|doritos07
|raw|doritos07's rating: 1277 &rarr; <strong>1297</strong><br />(+20 for winning)
|raw|WerewolfJerry's rating: 1209 &rarr; <strong>1189</strong><br />(-20 for losing)
|l|☆WerewolfJerry
|player|p2|
|l|☆doritos07
|player|p1|
