|j|☆lxlxlxlxlx
|j|☆sturbyy
|t:|1750845168
|gametype|doubles
|player|p1|lxlxlxlxlx|170|1488
|player|p2|sturbyy|265|1606
|teamsize|p1|6
|teamsize|p2|6
|gen|9
|tier|[Gen 9] VGC 2025 Reg I
|rated|
|rule|Species Clause: Limit one of each Pokémon
|rule|Item Clause: Limit 1 of each item
|clearpoke
|poke|p1|Miraidon, L50|
|poke|p1|Ogerpon-Wellspring, L50, F|
|poke|p1|Ho-Oh, L50|
|poke|p1|Grimmsnarl, L50, M|
|poke|p1|Iron Treads, L50|
|poke|p1|Tornadus, L50, M|
|poke|p2|Miraidon, L50|
|poke|p2|Calyrex-Ice, L50|
|poke|p2|Incineroar, L50, F|
|poke|p2|Landorus, L50, M|
|poke|p2|Urshifu-*, L50, M|
|poke|p2|Farigiraf, L50, F|
|teampreview|4
|j| Ace67
|
|t:|1750845215
|start
|switch|p1a: Miraidon|Miraidon, L50|100/100
|switch|p1b: Ogerpon|Ogerpon-Wellspring, L50, F|100/100
|switch|p2a: Incineroar|Incineroar, L50, F|100/100
|switch|p2b: Calyrex|Calyrex-Ice, L50|100/100
|-ability|p2b: Calyrex|As One
|-ability|p2b: Calyrex|Unnerve
|-fieldstart|move: Electric Terrain|[from] ability: Hadron Engine|[of] p1a: Miraidon
|-ability|p2a: Incineroar|Intimidate|boost
|-unboost|p1a: Miraidon|atk|1
|-unboost|p1b: Ogerpon|atk|1
|turn|1
|
|t:|1750845233
|-terastallize|p1a: Miraidon|Electric
|move|p1b: Ogerpon|Helping Hand|p1a: Miraidon
|-singleturn|p1a: Miraidon|Helping Hand|[of] p1b: Ogerpon
|move|p2a: Incineroar|Fake Out|p1a: Miraidon
|-damage|p1a: Miraidon|88/100
|move|p1a: Miraidon|Electro Drift|p2b: Calyrex
|-crit|p2b: Calyrex
|-damage|p2b: Calyrex|0 fnt
|faint|p2b: Calyrex
|
|upkeep
|
|t:|1750845246
|switch|p2b: Miraidon|Miraidon, L50|100/100
|-activate|p2b: Miraidon|ability: Hadron Engine
|turn|2
|
|t:|1750845266
|move|p1a: Miraidon|Protect|p1a: Miraidon
|-singleturn|p1a: Miraidon|Protect
|move|p2b: Miraidon|Volt Switch|p1b: Ogerpon
|-damage|p1b: Ogerpon|8/100
|
|t:|1750845272
|switch|p2b: Urshifu|Urshifu-Rapid-Strike, L50, M|100/100|[from] Volt Switch
|move|p1b: Ogerpon|Ivy Cudgel|p2a: Incineroar|[anim] Ivy Cudgel Water
|-supereffective|p2a: Incineroar
|-damage|p2a: Incineroar|26/100
|move|p2a: Incineroar|U-turn|p1b: Ogerpon
|-supereffective|p1b: Ogerpon
|-damage|p1b: Ogerpon|0 fnt
|faint|p1b: Ogerpon
|
|t:|1750845286
|switch|p2a: Miraidon|Miraidon, L50|100/100|[from] U-turn
|-activate|p2a: Miraidon|ability: Hadron Engine
|
|upkeep
|
|t:|1750845293
|switch|p1b: Iron Treads|Iron Treads, L50, shiny|100/100
|-activate|p1b: Iron Treads|ability: Quark Drive
|-start|p1b: Iron Treads|quarkdrivespe
|turn|3
|
|t:|1750845329
|switch|p2a: Incineroar|Incineroar, L50, F|26/100
|-ability|p2a: Incineroar|Intimidate|boost
|-unboost|p1a: Miraidon|atk|1
|-unboost|p1b: Iron Treads|atk|1
|-terastallize|p2b: Urshifu|Water
|move|p1b: Iron Treads|High Horsepower|p2a: Incineroar|[miss]
|-miss|p1b: Iron Treads|p2a: Incineroar
|move|p2b: Urshifu|Surging Strikes|p1a: Miraidon
|-crit|p1a: Miraidon
|-damage|p1a: Miraidon|54/100
|-crit|p1a: Miraidon
|-damage|p1a: Miraidon|21/100
|-crit|p1a: Miraidon
|-damage|p1a: Miraidon|0 fnt
|faint|p1a: Miraidon
|-hitcount|p1: Miraidon|3
|
|upkeep
|-message|lxlxlxlxlx forfeited.
|
|win|sturbyy
|raw|lxlxlxlxlx's rating: 1488 &rarr; <strong>1475</strong><br />(-13 for losing)
|raw|sturbyy's rating: 1606 &rarr; <strong>1619</strong><br />(+13 for winning)
|l|☆lxlxlxlxlx
|player|p1|
|c|☆sturbyy|Rata
|l|☆sturbyy
|player|p2|
