|j|☆dawillys
|j|☆drakkulll
|t:|1750799675
|gametype|doubles
|player|p1|dawillys|marlon|1344
|player|p2|drakkulll|giovanni|1249
|teamsize|p1|6
|teamsize|p2|6
|gen|9
|tier|[Gen 9] VGC 2025 Reg I
|rated|
|rule|Species Clause: Limit one of each Pokémon
|rule|Item Clause: Limit 1 of each item
|clearpoke
|poke|p1|Calyrex-Ice, L50|
|poke|p1|Whimsicott, L50, M|
|poke|p1|Urshifu-*, L50, M|
|poke|p1|Landorus, L50, M|
|poke|p1|Rillaboom, L50, M|
|poke|p1|Lunala, L50|
|poke|p2|Mightyena, L50, M|
|poke|p2|Lycanroc-Midnight, L50, M|
|poke|p2|Tyranitar, L50, M|
|poke|p2|Lunala, L50|
|poke|p2|Zamazenta-*, L50|
|poke|p2|Raging Bolt, L50|
|teampreview|4
|inactive|Battle timer is ON: inactive players will automatically lose when time's up. (requested by drakkulll)
|inactive|drakkulll has 60 seconds left.
|inactive|drakkulll has 30 seconds left.
|inactive|drakkulll has 20 seconds left.
|inactive|drakkulll has 15 seconds left.
|inactive|drakkulll has 10 seconds left.
|
|t:|1750799774
|start
|switch|p1a: Rillaboom|Rillaboom, L50, M|100/100
|switch|p1b: Urshifu|Urshifu-Rapid-Strike, L50, M|100/100
|switch|p2a: Roma|Tyranitar, L50, M|100/100
|switch|p2b: Katulu|Lycanroc-Midnight, L50, M|100/100
|-fieldstart|move: Grassy Terrain|[from] ability: Grassy Surge|[of] p1a: Rillaboom
|-weather|Sandstorm|[from] ability: Sand Stream|[of] p2a: Roma
|turn|1
|inactive|dawillys has 30 seconds left.
|inactive|dawillys has 20 seconds left.
|
|t:|1750799813
|switch|p2a: Cthulu|Mightyena, L50, M|100/100
|-ability|p2a: Cthulu|Intimidate|boost
|-unboost|p1a: Rillaboom|atk|1
|-unboost|p1b: Urshifu|atk|1
|move|p1a: Rillaboom|Fake Out|p2b: Katulu
|-resisted|p2b: Katulu
|-damage|p2b: Katulu|94/100
|move|p1b: Urshifu|Surging Strikes|p2a: Cthulu
|-crit|p2a: Cthulu
|-damage|p2a: Cthulu|67/100
|-crit|p2a: Cthulu
|-damage|p2a: Cthulu|34/100
|-crit|p2a: Cthulu
|-damage|p2a: Cthulu|0 fnt
|faint|p2a: Cthulu
|-hitcount|p2: Cthulu|3
|cant|p2b: Katulu|flinch
|
|-weather|Sandstorm|[upkeep]
|-damage|p1b: Urshifu|95/100|[from] Sandstorm
|-damage|p1a: Rillaboom|95/100|[from] Sandstorm
|-heal|p1b: Urshifu|100/100|[from] Grassy Terrain
|-heal|p1a: Rillaboom|100/100|[from] Grassy Terrain
|-heal|p2b: Katulu|99/100|[from] Grassy Terrain
|upkeep
|
|t:|1750799826
|switch|p2a: Jesus|Lunala, L50|100/100
|turn|2
|
|t:|1750799848
|move|p1a: Rillaboom|Grassy Glide|p2b: Katulu
|-supereffective|p2b: Katulu
|-damage|p2b: Katulu|30/100
|-enditem|p2b: Katulu|Sitrus Berry|[eat]
|-heal|p2b: Katulu|55/100|[from] item: Sitrus Berry
|move|p1b: Urshifu|Surging Strikes|p2a: Jesus
|-crit|p2a: Jesus
|-damage|p2a: Jesus|90/100
|-crit|p2a: Jesus
|-damage|p2a: Jesus|69/100
|-crit|p2a: Jesus
|-damage|p2a: Jesus|49/100
|-hitcount|p2a: Jesus|3
|move|p2b: Katulu|Stone Edge|p1a: Rillaboom
|-damage|p1a: Rillaboom|45/100
|move|p2a: Jesus|Trick Room|p2a: Jesus
|-fieldstart|move: Trick Room|[of] p2a: Jesus
|
|-weather|Sandstorm|[upkeep]
|-damage|p2a: Jesus|43/100|[from] Sandstorm
|-damage|p1a: Rillaboom|39/100|[from] Sandstorm
|-damage|p1b: Urshifu|95/100|[from] Sandstorm
|-heal|p2b: Katulu|60/100|[from] Grassy Terrain
|-heal|p2a: Jesus|49/100|[from] Grassy Terrain
|-heal|p1a: Rillaboom|45/100|[from] Grassy Terrain
|-heal|p1b: Urshifu|100/100|[from] Grassy Terrain
|upkeep
|turn|3
|inactive|dawillys has 30 seconds left.
|inactive|drakkulll has 30 seconds left.
|
|t:|1750799878
|move|p1a: Rillaboom|Grassy Glide|p2b: Katulu
|-supereffective|p2b: Katulu
|-damage|p2b: Katulu|0 fnt
|faint|p2b: Katulu
|move|p2a: Jesus|Moongeist Beam|p1b: Urshifu
|-damage|p1b: Urshifu|22/100
|move|p1b: Urshifu|Surging Strikes|p2a: Jesus
|-crit|p2a: Jesus
|-damage|p2a: Jesus|27/100
|-crit|p2a: Jesus
|-damage|p2a: Jesus|6/100
|-crit|p2a: Jesus
|-damage|p2a: Jesus|0 fnt
|faint|p2a: Jesus
|-hitcount|p2: Jesus|3
|
|-weather|Sandstorm|[upkeep]
|-damage|p1a: Rillaboom|39/100|[from] Sandstorm
|-damage|p1b: Urshifu|16/100|[from] Sandstorm
|-heal|p1a: Rillaboom|45/100|[from] Grassy Terrain
|-heal|p1b: Urshifu|22/100|[from] Grassy Terrain
|upkeep
|
|t:|1750799883
|switch|p2a: Roma|Tyranitar, L50, M|100/100
|turn|4
|-message|drakkulll forfeited.
|
|win|dawillys
|raw|dawillys's rating: 1344 &rarr; <strong>1359</strong><br />(+15 for winning)
|raw|drakkulll's rating: 1249 &rarr; <strong>1231</strong><br />(-18 for losing)
|l|☆drakkulll
|player|p2|
