|j|☆joshuajohnf
|j|☆eriksp9
|t:|1750824089
|gametype|doubles
|player|p1|joshuajohnf|ethan|1284
|player|p2|eriksp9|calem-masters|1312
|teamsize|p1|6
|teamsize|p2|6
|gen|9
|tier|[Gen 9] VGC 2025 Reg I
|rated|
|rule|Species Clause: Limit one of each Pokémon
|rule|Item Clause: Limit 1 of each item
|clearpoke
|poke|p1|Miraidon, L50|
|poke|p1|Lunala, L50|
|poke|p1|Incineroar, L50, F|
|poke|p1|Ursaluna, L50, M|
|poke|p1|Urshifu-*, L50, F|
|poke|p1|Whimsicott, L50, F|
|poke|p2|Calyrex-Ice, L50|
|poke|p2|Miraidon, L50|
|poke|p2|Volcarona, L50, M|
|poke|p2|Iron Hands, L50|
|poke|p2|Grimmsnarl, L50, M|
|poke|p2|Ogerpon, L50, F|
|teampreview|4
eriksp9 has agreed to open team sheets.
|j| bman311
joshuajohnf rejected open team sheets.
|
|t:|1750824160
|start
|switch|p1a: Incineroar|Incineroar, L50, F|100/100
|switch|p1b: Lunala|Lunala, L50|100/100
|switch|p2a: Miraidon|Miraidon, L50|100/100
|switch|p2b: Ogerpon|Ogerpon, L50, F|100/100
|-fieldstart|move: Electric Terrain|[from] ability: Hadron Engine|[of] p2a: Miraidon
|-enditem|p1b: Lunala|Electric Seed
|-boost|p1b: Lunala|def|1|[from] item: Electric Seed
|-ability|p1a: Incineroar|Intimidate|boost
|-unboost|p2a: Miraidon|atk|1
|-unboost|p2b: Ogerpon|atk|1
|-ability|p2b: Ogerpon|Defiant|boost
|-boost|p2b: Ogerpon|atk|2
|turn|1
|
|t:|1750824182
|move|p1a: Incineroar|Fake Out|p2b: Ogerpon
|-damage|p2b: Ogerpon|88/100
|move|p2a: Miraidon|Snarl|p1b: Lunala|[spread] p1a,p1b
|-resisted|p1a: Incineroar
|-supereffective|p1b: Lunala
|-damage|p1a: Incineroar|94/100
|-damage|p1b: Lunala|71/100
|-unboost|p1a: Incineroar|spa|1
|-unboost|p1b: Lunala|spa|1
|move|p2b: Ogerpon|Taunt|p1b: Lunala
|-start|p1b: Lunala|move: Taunt
|cant|p1b: Lunala|move: Taunt|Trick Room
|
|upkeep
|turn|2
|
|t:|1750824205
|-terastallize|p1a: Incineroar|Bug
|move|p2a: Miraidon|Snarl|p1b: Lunala|[spread] p1a,p1b
|-supereffective|p1b: Lunala
|-damage|p1a: Incineroar|80/100
|-damage|p1b: Lunala|1/100
|-unboost|p1a: Incineroar|spa|1
|-unboost|p1b: Lunala|spa|1
|move|p2b: Ogerpon|Encore|p1a: Incineroar
|-start|p1a: Incineroar|Encore
|move|p1b: Lunala|Moonblast|p2a: Miraidon
|-supereffective|p2a: Miraidon
|-damage|p2a: Miraidon|69/100
|move|p1a: Incineroar|Fake Out||[still]
|-hint|Fake Out only works on your first turn out.
|-fail|p1a: Incineroar
|
|upkeep
|turn|3
|c| bman311|someone shouldve accepted ots
|l|☆joshuajohnf
|player|p1|
|c|☆eriksp9|LMAO
|inactive|Battle timer is ON: inactive players will automatically lose when time's up. (requested by eriksp9)
|inactive|joshuajohnf has 30 seconds to reconnect!
|inactive|joshuajohnf has 20 seconds to reconnect!
|inactive|joshuajohnf has 15 seconds to reconnect!
|inactive|joshuajohnf has 10 seconds to reconnect!
|inactive|joshuajohnf has 5 seconds to reconnect!
|-message|joshuajohnf lost due to inactivity.
|
|win|eriksp9
|raw|joshuajohnf's rating: 1284 &rarr; <strong>1261</strong><br />(-23 for losing)
|raw|eriksp9's rating: 1312 &rarr; <strong>1330</strong><br />(+18 for winning)
|l| bman311
|l|☆eriksp9
|player|p2|
