|j|☆DOAKZYN
|j|☆Littlepak3
|t:|1750770741
|gametype|doubles
|player|p1|DOAKZYN|170|1391
|player|p2|Littlepak3|lance|1493
|teamsize|p1|6
|teamsize|p2|6
|gen|9
|tier|[Gen 9] VGC 2025 Reg I
|rated|
|rule|Species Clause: Limit one of each Pokémon
|rule|Item Clause: Limit 1 of each item
|clearpoke
|poke|p1|Kyogre, L50|
|poke|p1|Urshifu-*, L50, F|
|poke|p1|Tornadus, L50, M|
|poke|p1|Miraidon, L50|
|poke|p1|Ursaluna-Bloodmoon, L50, M|
|poke|p1|Farigiraf, L50, F|
|poke|p2|Calyrex-Ice, L50|
|poke|p2|Palkia, L50|
|poke|p2|Ursaluna, L50, M|
|poke|p2|Indeedee-F, L50, F|
|poke|p2|Torkoal, L50, F|
|poke|p2|Smeargle, L50, M|
|teampreview|4
|inactive|Battle timer is ON: inactive players will automatically lose when time's up. (requested by DOAKZYN)
|
|t:|1750770787
|start
|switch|p1a: Urshifu|Urshifu-Rapid-Strike, L50, F|100/100
|switch|p1b: Kyogre|Kyogre, L50|100/100
|switch|p2a: Palkia|Palkia, L50, shiny|100/100
|switch|p2b: Smeargle|Smeargle, L50, M, shiny|100/100
|-weather|RainDance|[from] ability: Drizzle|[of] p1b: Kyogre
|turn|1
|
|t:|1750770804
|switch|p1b: Farigiraf|Farigiraf, L50, F|100/100
|move|p2b: Smeargle|Fake Out||[still]
|cant|p1b: Farigiraf|ability: Armor Tail|Fake Out|[of] p2b: Smeargle
|move|p1a: Urshifu|Surging Strikes|p2b: Smeargle
|-crit|p2b: Smeargle
|-enditem|p2b: Smeargle|Focus Sash
|-damage|p2b: Smeargle|1/100
|-crit|p2b: Smeargle
|-damage|p2b: Smeargle|0 fnt
|faint|p2b: Smeargle
|-hitcount|p2: Smeargle|2
|move|p2a: Palkia|Trick Room|p2a: Palkia
|-fieldstart|move: Trick Room|[of] p2a: Palkia
|
|-weather|RainDance|[upkeep]
|upkeep
|
|t:|1750770816
|switch|p2b: Ursaluna|Ursaluna, L50, M|100/100
|turn|2
|
|t:|1750770835
|move|p2b: Ursaluna|Headlong Rush|p1b: Farigiraf
|-damage|p1b: Farigiraf|39/100
|-unboost|p2b: Ursaluna|def|1
|-unboost|p2b: Ursaluna|spd|1
|-enditem|p1b: Farigiraf|Sitrus Berry|[eat]
|-heal|p1b: Farigiraf|64/100|[from] item: Sitrus Berry
|move|p2a: Palkia|Spacial Rend|p1a: Urshifu
|-damage|p1a: Urshifu|0 fnt
|faint|p1a: Urshifu
|-damage|p2a: Palkia|91/100|[from] item: Life Orb
|move|p1b: Farigiraf|Trick Room|p1b: Farigiraf
|-fieldend|move: Trick Room
|
|-weather|RainDance|[upkeep]
|-status|p2b: Ursaluna|brn|[from] item: Flame Orb
|upkeep
|
|t:|1750770851
|switch|p1a: Kyogre|Kyogre, L50|100/100
|turn|3
|
|t:|1750770867
|move|p2b: Ursaluna|Protect|p2b: Ursaluna
|-singleturn|p2b: Ursaluna|Protect
|move|p1a: Kyogre|Thunder|p2a: Palkia
|-crit|p2a: Palkia
|-damage|p2a: Palkia|44/100
|move|p1b: Farigiraf|Foul Play|p2b: Ursaluna
|-activate|p2b: Ursaluna|move: Protect
|move|p2a: Palkia|Trick Room|p2a: Palkia
|-fieldstart|move: Trick Room|[of] p2a: Palkia
|
|-weather|RainDance|[upkeep]
|-damage|p2b: Ursaluna|95/100 brn|[from] brn
|upkeep
|turn|4
|inactive|Littlepak3 has 30 seconds left.
|
|t:|1750770895
|move|p2b: Ursaluna|Facade|p1a: Kyogre
|-damage|p1a: Kyogre|0 fnt
|faint|p1a: Kyogre
|move|p2a: Palkia|Spacial Rend|p1b: Farigiraf
|-damage|p1b: Farigiraf|0 fnt
|faint|p1b: Farigiraf
|-damage|p2a: Palkia|34/100|[from] item: Life Orb
|
|-weather|RainDance|[upkeep]
|-damage|p2b: Ursaluna|89/100 brn|[from] brn
|upkeep
|-message|DOAKZYN forfeited.
|
|win|Littlepak3
|raw|DOAKZYN's rating: 1391 &rarr; <strong>1377</strong><br />(-14 for losing)
|raw|Littlepak3's rating: 1493 &rarr; <strong>1507</strong><br />(+14 for winning)
|l|☆DOAKZYN
|player|p1|
