|j|☆Ddree
|j|☆little haemorrhoid
|t:|1750834881
|gametype|doubles
|player|p1|Ddree|lucas|1403
|player|p2|little haemorrhoid|169|1318
|teamsize|p1|6
|teamsize|p2|6
|gen|9
|tier|[Gen 9] VGC 2025 Reg I
|rated|
|rule|Species Clause: Limit one of each Pokémon
|rule|Item Clause: Limit 1 of each item
|clearpoke
|poke|p1|Koraidon, L50|
|poke|p1|Amoonguss, L50, F|
|poke|p1|Flutter Mane, L50|
|poke|p1|Incineroar, L50, F|
|poke|p1|Lunala, L50|
|poke|p1|Luxray, L50, F|
|poke|p2|Incineroar, L50, M|
|poke|p2|Flutter Mane, L50|
|poke|p2|Landorus, L50, M|
|poke|p2|Miraidon, L50|
|poke|p2|Koraidon, L50|
|poke|p2|Drifblim, L50, F|
|teampreview|4
|c|☆little haemorrhoid|gl
|inactive|Battle timer is ON: inactive players will automatically lose when time's up. (requested by little haemorrhoid)
|
|t:|1750834909
|start
|switch|p1a: Lunala|Lunala, L50|100/100
|switch|p1b: Luxray|Luxray, L50, F, shiny|100/100
|switch|p2a: Flutter Mane|Flutter Mane, L50|100/100
|switch|p2b: Koraidon|Koraidon, L50|100/100
|-weather|SunnyDay|[from] ability: Orichalcum Pulse|[of] p2b: Koraidon
|-activate|p2a: Flutter Mane|ability: Protosynthesis
|-start|p2a: Flutter Mane|protosynthesisspe
|-activate|p2b: Koraidon|Orichalcum Pulse|[source]
|turn|1
|c|☆Ddree|glhf
|inactive|little haemorrhoid has 30 seconds left.
|inactive|little haemorrhoid has 20 seconds left.
|inactive|little haemorrhoid has 15 seconds left.
|inactive|little haemorrhoid has 10 seconds left.
|inactive|little haemorrhoid has 5 seconds left.
|
|t:|1750834964
|-terastallize|p1a: Lunala|Fairy
|move|p1b: Luxray|Protect|p1b: Luxray
|-singleturn|p1b: Luxray|Protect
|move|p2a: Flutter Mane|Shadow Ball|p1b: Luxray
|-activate|p1b: Luxray|move: Protect
|move|p2b: Koraidon|Flare Blitz|p1b: Luxray
|-activate|p1b: Luxray|move: Protect
|move|p1a: Lunala|Trick Room|p1a: Lunala
|-fieldstart|move: Trick Room|[of] p1a: Lunala
|
|-weather|SunnyDay|[upkeep]
|-status|p1b: Luxray|brn|[from] item: Flame Orb
|upkeep
|turn|2
|-message|little haemorrhoid forfeited.
|
|win|Ddree
|raw|Ddree's rating: 1403 &rarr; <strong>1418</strong><br />(+15 for winning)
|raw|little haemorrhoid's rating: 1318 &rarr; <strong>1303</strong><br />(-15 for losing)
|l|☆little haemorrhoid
|player|p2|
|l|☆Ddree
|player|p1|
