|j|☆Kaazuma
|j|☆Wearth117
|t:|1750850132
|gametype|doubles
|player|p1|Kaazuma|red|1531
|player|p2|Wearth117|266|1455
|teamsize|p1|6
|teamsize|p2|6
|gen|9
|tier|[Gen 9] VGC 2025 Reg I
|rated|
|rule|Species Clause: Limit one of each Pokémon
|rule|Item Clause: Limit 1 of each item
|clearpoke
|poke|p1|Calyrex-Shadow, L50|
|poke|p1|Incineroar, L50, M|
|poke|p1|Zamazenta-*, L50|
|poke|p1|Clefairy, L50, F|
|poke|p1|Raging Bolt, L50|
|poke|p1|Rillaboom, L50, M|
|poke|p2|Calyrex-Ice, L50|
|poke|p2|Kyogre, L50|
|poke|p2|Indeedee-F, L50, F|
|poke|p2|Rampardos, L50, M|
|poke|p2|Torkoal, L50, F|
|poke|p2|Hatterene, L50, F|
|teampreview|4
|inactive|Battle timer is ON: inactive players will automatically lose when time's up. (requested by Kaazuma)
|inactive|Kaazuma has 60 seconds left.
Wearth117 has agreed to open team sheets.
|
|t:|1750850185
|start
|switch|p1a: Calyrex|Calyrex-Shadow, L50|100/100
|switch|p1b: Incineroar|Incineroar, L50, M|100/100
|switch|p2a: Calyrex|Calyrex-Ice, L50|100/100
|switch|p2b: Indeedee|Indeedee-F, L50, F|100/100
|-ability|p1a: Calyrex|As One
|-ability|p1a: Calyrex|Unnerve
|-ability|p2a: Calyrex|As One
|-ability|p2a: Calyrex|Unnerve
|-fieldstart|move: Psychic Terrain|[from] ability: Psychic Surge|[of] p2b: Indeedee
|-ability|p1b: Incineroar|Intimidate|boost
|-fail|p2a: Calyrex|unboost|[from] item: Clear Amulet|[of] p2a: Calyrex
|-unboost|p2b: Indeedee|atk|1
|turn|1
|
|t:|1750850204
|move|p2b: Indeedee|Follow Me|p2b: Indeedee
|-singleturn|p2b: Indeedee|move: Follow Me
|move|p1a: Calyrex|Astral Barrage|p2a: Calyrex|[spread] p2a
|-immune|p2b: Indeedee
|-supereffective|p2a: Calyrex
|-damage|p2a: Calyrex|1/100
|-damage|p1a: Calyrex|91/100|[from] item: Life Orb
|move|p1b: Incineroar|Knock Off|p2b: Indeedee
|-supereffective|p2b: Indeedee
|-enditem|p2b: Indeedee|Focus Sash
|-damage|p2b: Indeedee|1/100
|move|p2a: Calyrex|Trick Room|p2a: Calyrex
|-fieldstart|move: Trick Room|[of] p2a: Calyrex
|
|upkeep
|turn|2
|
|t:|1750850228
|move|p2b: Indeedee|Follow Me|p2b: Indeedee
|-singleturn|p2b: Indeedee|move: Follow Me
|move|p2a: Calyrex|Glacial Lance|p1b: Incineroar|[spread] p1a,p1b
|-resisted|p1b: Incineroar
|-damage|p1a: Calyrex|10/100
|-damage|p1b: Incineroar|80/100
|move|p1b: Incineroar|Knock Off|p2b: Indeedee
|-supereffective|p2b: Indeedee
|-damage|p2b: Indeedee|0 fnt
|faint|p2b: Indeedee
|move|p1a: Calyrex|Astral Barrage|p2a: Calyrex
|-supereffective|p2a: Calyrex
|-damage|p2a: Calyrex|0 fnt
|faint|p2a: Calyrex
|-ability|p1a: Calyrex|Grim Neigh|boost
|-boost|p1a: Calyrex|spa|1
|-damage|p1a: Calyrex|0 fnt|[from] item: Life Orb
|faint|p1a: Calyrex
|
|upkeep
|
|t:|1750850240
|switch|p2a: Kyogre|Kyogre, L50|100/100
|switch|p2b: Rampardos|Rampardos, L50, M|100/100
|switch|p1a: Clefairy|Clefairy, L50, F|100/100
|-weather|RainDance|[from] ability: Drizzle|[of] p2a: Kyogre
|turn|3
|
|t:|1750850247
|-terastallize|p1b: Incineroar|Bug
|-terastallize|p2a: Kyogre|Water
|move|p1a: Clefairy|After You|p1b: Incineroar
|-activate|p1b: Incineroar|move: After You
|move|p1b: Incineroar|Knock Off|p2a: Kyogre
|-damage|p2a: Kyogre|67/100
|-enditem|p2a: Kyogre|Choice Specs|[from] move: Knock Off|[of] p1b: Incineroar
|move|p2b: Rampardos|Rock Slide|p1a: Clefairy|[spread] p1a,p1b
|-supereffective|p1b: Incineroar
|-damage|p1a: Clefairy|38/100
|-damage|p1b: Incineroar|1/100
|move|p2a: Kyogre|Water Spout|p1b: Incineroar|[spread] p1a,p1b
|-damage|p1a: Clefairy|0 fnt
|-damage|p1b: Incineroar|0 fnt
|faint|p1a: Clefairy
|faint|p1b: Incineroar
|
|-weather|RainDance|[upkeep]
|upkeep
|
|t:|1750850260
|switch|p1b: Rillaboom|Rillaboom, L50, M|100/100
|-fieldstart|move: Grassy Terrain|[from] ability: Grassy Surge|[of] p1b: Rillaboom
|turn|4
|
|t:|1750850268
|move|p2b: Rampardos|Rock Slide|p1b: Rillaboom
|-damage|p1b: Rillaboom|10/100
|move|p2a: Kyogre|Ice Beam|p1b: Rillaboom
|-supereffective|p1b: Rillaboom
|-damage|p1b: Rillaboom|0 fnt
|faint|p1b: Rillaboom
|
|win|Wearth117
|raw|Kaazuma's rating: 1531 &rarr; <strong>1507</strong><br />(-24 for losing)
|raw|Wearth117's rating: 1455 &rarr; <strong>1479</strong><br />(+24 for winning)
|l|☆Kaazuma
|player|p1|
|l|☆Wearth117
|player|p2|
