|j|☆HardFreaQ
|j|☆little_pichu1
|t:|1750807100
|gametype|doubles
|player|p1|HardFreaQ|lucas|
|player|p2|little_pichu1|backersf|
|teamsize|p1|6
|teamsize|p2|6
|gen|9
|tier|[Gen 9] VGC 2025 Reg I
|rated|Tournament battle
|rule|Species Clause: Limit one of each Pokémon
|rule|Item Clause: Limit 1 of each item
|raw|<div class="infobox"><details class="readmore" open><summary><strong>2 custom rules:</strong></summary> Force Open Team Sheets, !Open Team Sheets</details></div>
|clearpoke
|poke|p1|Calyrex-Ice, L50|
|poke|p1|Miraidon, L50|
|poke|p1|Farigiraf, L50, F|
|poke|p1|Volcarona, L50, F|
|poke|p1|Iron Hands, L50|
|poke|p1|Annihilape, L50, M|
|poke|p2|Miraidon, L50|
|poke|p2|Lunala, L50|
|poke|p2|Incineroar, L50, F|
|poke|p2|Ursaluna, L50, F|
|poke|p2|Whimsicott, L50, F|
|poke|p2|Urshifu-*, L50, M|
|teampreview|4
|showteam|p1|Calyrex-Ice||ClearAmulet|AsOneGlastrier|GlacialLance,HighHorsepower,TrickRoom,Protect||||||50|,,,,,Fire]Miraidon||ChoiceSpecs|HadronEngine|ElectroDrift,VoltSwitch,DracoMeteor,DazzlingGleam||||||50|,,,,,Fairy]Farigiraf||ElectricSeed|ArmorTail|Psychic,FoulPlay,TrickRoom,HelpingHand|||F|||50|,,,,,Water]Volcarona||RockyHelmet|FlameBody|FieryDance,StruggleBug,RagePowder,Protect|||F|||50|,,,,,Water]Iron Hands||AssaultVest|QuarkDrive|LowKick,DrainPunch,WildCharge,FakeOut||||||50|,,,,,Bug]Annihilape||ChoiceScarf|Defiant|FinalGambit,ShadowClaw,Uturn,Coaching|||M|||50|,,,,,Grass
|showteam|p2|Miraidon||ChoiceSpecs|HadronEngine|ElectroDrift,DracoMeteor,VoltSwitch,DazzlingGleam||||||50|,,,,,Fairy]Lunala||ElectricSeed|ShadowShield|MoongeistBeam,Moonblast,WideGuard,TrickRoom||||||50|,,,,,Fairy]Incineroar||AssaultVest|Intimidate|KnockOff,FakeOut,Uturn,FlareBlitz|||F|||50|,,,,,Flying]Ursaluna||FlameOrb|Guts|Facade,HeadlongRush,Earthquake,Protect|||F|||50|,,,,,Ghost]Whimsicott||CovertCloak|Prankster|Tailwind,Moonblast,Encore,LightScreen|||F|||50|,,,,,Water]Urshifu-Rapid-Strike||ChoiceBand|UnseenFist|SurgingStrikes,CloseCombat,AquaJet,Uturn|||M|||50|,,,,,Ghost
|inactive|Battle timer is ON: inactive players will automatically lose when time's up. (requested by HardFreaQ)
|j| Roshavola
|j| imgoldshark07
|inactive|little_pichu1 has 60 seconds left.
|inactive|HardFreaQ has 60 seconds left.
|inactive|little_pichu1 has 30 seconds left.
|
|t:|1750807171
|start
|switch|p1a: Miraidon|Miraidon, L50|100/100
|switch|p1b: Annihilape|Annihilape, L50, M|100/100
|switch|p2a: Lunala|Lunala, L50|100/100
|switch|p2b: Urshifu|Urshifu-Rapid-Strike, L50, M|100/100
|-fieldstart|move: Electric Terrain|[from] ability: Hadron Engine|[of] p1a: Miraidon
|-enditem|p2a: Lunala|Electric Seed
|-boost|p2a: Lunala|def|1|[from] item: Electric Seed
|turn|1
|
|t:|1750807191
|move|p2b: Urshifu|Aqua Jet|p1b: Annihilape
|-damage|p1b: Annihilape|67/100
|move|p1b: Annihilape|U-turn|p2a: Lunala
|-damage|p2a: Lunala|95/100
|
|t:|1750807196
|switch|p1b: Calyrex|Calyrex-Ice, L50|100/100|[from] U-turn
|-ability|p1b: Calyrex|As One
|-ability|p1b: Calyrex|Unnerve
|move|p1a: Miraidon|Electro Drift|p2a: Lunala
|-damage|p2a: Lunala|0 fnt
|faint|p2a: Lunala
|
|upkeep
|
|t:|1750807209
|switch|p2a: Miraidon|Miraidon, L50|100/100
|-activate|p2a: Miraidon|ability: Hadron Engine
|turn|2
|l| imgoldshark07
|inactive|HardFreaQ has 30 seconds left.
|
|t:|1750807239
|switch|p1a: Annihilape|Annihilape, L50, M|67/100
|move|p1b: Calyrex|Protect|p1b: Calyrex
|-singleturn|p1b: Calyrex|Protect
|move|p2b: Urshifu|Aqua Jet|p1b: Calyrex
|-damage|p1b: Calyrex|79/100
|move|p2a: Miraidon|Electro Drift|p1b: Calyrex
|-activate|p1b: Calyrex|move: Protect
|
|upkeep
|turn|3
|
|t:|1750807257
|switch|p2b: Ursaluna|Ursaluna, L50, F|100/100
|move|p1a: Annihilape|Final Gambit|p2a: Miraidon
|-damage|p2a: Miraidon|21/100
|faint|p1a: Annihilape
|move|p2a: Miraidon|Electro Drift|p1b: Calyrex
|-damage|p1b: Calyrex|0 fnt
|faint|p1b: Calyrex
|
|-status|p2b: Ursaluna|brn|[from] item: Flame Orb
|upkeep
|
|t:|1750807263
|switch|p1a: Farigiraf|Farigiraf, L50, F|100/100
|switch|p1b: Miraidon|Miraidon, L50|100/100
|-activate|p1b: Miraidon|ability: Hadron Engine
|-enditem|p1a: Farigiraf|Electric Seed
|-boost|p1a: Farigiraf|def|1|[from] item: Electric Seed
|turn|4
|inactive|HardFreaQ has 30 seconds left.
|inactive|HardFreaQ has 20 seconds left.
|inactive|little_pichu1 has 30 seconds left.
|inactive|HardFreaQ has 15 seconds left.
|j| A Regu1ar Guy
|l| A Regu1ar Guy
|inactive|HardFreaQ has 10 seconds left.
|
|t:|1750807311
|move|p2a: Miraidon|Electro Drift|p1a: Farigiraf
|-damage|p1a: Farigiraf|0 fnt
|faint|p1a: Farigiraf
|move|p1b: Miraidon|Draco Meteor|p2b: Ursaluna
|-damage|p2b: Ursaluna|0 fnt
|-unboost|p1b: Miraidon|spa|2
|faint|p2b: Ursaluna
|
|upkeep
|
|t:|1750807319
|switch|p2b: Urshifu|Urshifu-Rapid-Strike, L50, M|100/100
|turn|5
|
|t:|1750807329
|move|p2a: Miraidon|Electro Drift|p1b: Miraidon
|-resisted|p1b: Miraidon
|-damage|p1b: Miraidon|70/100
|move|p1b: Miraidon|Draco Meteor|p2b: Urshifu
|-damage|p2b: Urshifu|5/100
|-unboost|p1b: Miraidon|spa|2
|move|p2b: Urshifu|Close Combat|p1b: Miraidon
|-damage|p1b: Miraidon|0 fnt
|-unboost|p2b: Urshifu|def|1
|-unboost|p2b: Urshifu|spd|1
|faint|p1b: Miraidon
|
|win|little_pichu1
|n|☆HardFreaQ|hardfreaq
|n|☆little_pichu1|littlepichu1
|n| Roshavola|roshavola
