|j|☆Xeno101
|j|☆Markiito18
|t:|1750870006
|gametype|doubles
|player|p1|Xeno101|swimmer-gen4|1202
|player|p2|Markiito18|1|1131
|teamsize|p1|6
|teamsize|p2|6
|gen|9
|tier|[Gen 9] VGC 2025 Reg I
|rated|
|rule|Species Clause: Limit one of each Pokémon
|rule|Item Clause: Limit 1 of each item
|clearpoke
|poke|p1|Flutter Mane, L50|
|poke|p1|Brute Bonnet, L50|
|poke|p1|Groudon, L50|
|poke|p1|Thundurus, L50, M|
|poke|p1|Enamorus, L50, F|
|poke|p1|Landorus-Therian, L50, M|
|poke|p2|Lunala, L50|
|poke|p2|Indeedee-F, L50, F|
|poke|p2|Zamazenta-*, L50|
|poke|p2|Garganacl, L50, F|
|poke|p2|Ursaluna-Bloodmoon, L50, M|
|poke|p2|Ting-Lu, L50|
|teampreview|4
|inactive|Battle timer is ON: inactive players will automatically lose when time's up. (requested by Markiito18)
Xeno101 has agreed to open team sheets.
|
|t:|1750870040
|start
|switch|p1a: Enamorus|Enamorus, L50, F|100/100
|switch|p1b: Landorus|Landorus-Therian, L50, M|100/100
|switch|p2a: Indeedee|Indeedee-F, L50, F, shiny|100/100
|switch|p2b: Lunala|Lunala, L50, shiny|100/100
|-ability|p1b: Landorus|Intimidate|boost
|-unboost|p2a: Indeedee|atk|1
|-unboost|p2b: Lunala|atk|1
|-fieldstart|move: Psychic Terrain|[from] ability: Psychic Surge|[of] p2a: Indeedee
|turn|1
|
|t:|1750870064
|move|p2a: Indeedee|Follow Me|p2a: Indeedee
|-singleturn|p2a: Indeedee|move: Follow Me
|move|p1a: Enamorus|Tailwind|p1a: Enamorus
|-sidestart|p1: Xeno101|move: Tailwind
|move|p1b: Landorus|Crunch|p2a: Indeedee
|-supereffective|p2a: Indeedee
|-damage|p2a: Indeedee|42/100
|-damage|p1b: Landorus|84/100|[from] item: Rocky Helmet|[of] p2a: Indeedee
|move|p2b: Lunala|Trick Room|p2b: Lunala
|-fieldstart|move: Trick Room|[of] p2b: Lunala
|
|upkeep
|turn|2
|inactive|Xeno101 has 30 seconds left.
|inactive|Markiito18 has 30 seconds left.
|
|t:|1750870099
|switch|p1a: Groudon|Groudon, L50|100/100
|-weather|SunnyDay|[from] ability: Drought|[of] p1a: Groudon
|move|p2a: Indeedee|Helping Hand|p2b: Lunala
|-singleturn|p2b: Lunala|Helping Hand|[of] p2a: Indeedee
|move|p2b: Lunala|Expanding Force|p1a: Groudon|[spread] p1a,p1b
|-damage|p1a: Groudon|40/100
|-damage|p1b: Landorus|0 fnt
|faint|p1b: Landorus
|
|-weather|SunnyDay|[upkeep]
|upkeep
|
|t:|1750870114
|switch|p1b: Enamorus|Enamorus, L50, F|100/100
|turn|3
|-message|Xeno101 forfeited.
|
|win|Markiito18
|raw|Xeno101's rating: 1202 &rarr; <strong>1172</strong><br />(-30 for losing)
|raw|Markiito18's rating: 1131 &rarr; <strong>1161</strong><br />(+30 for winning)
|l|☆Xeno101
|player|p1|
