|j|☆ChickenZX
|j|☆Murkrow17
|t:|1750807137
|gametype|doubles
|player|p1|ChickenZX|fisherman-gen4|1478
|player|p2|Murkrow17|grimsley|1509
|teamsize|p1|6
|teamsize|p2|6
|gen|9
|tier|[Gen 9] VGC 2025 Reg I
|rated|
|rule|Species Clause: Limit one of each Pokémon
|rule|Item Clause: Limit 1 of each item
|clearpoke
|poke|p1|Lilligant-Hisui, L50, F|
|poke|p1|Groudon, L50|
|poke|p1|Lunala, L50|
|poke|p1|Raging Bolt, L50|
|poke|p1|Ogerpon-Hearthflame, L50, F|
|poke|p1|Incineroar, L50, F|
|poke|p2|Koraidon, L50|
|poke|p2|Scovillain, L50, M|
|poke|p2|Calyrex-Shadow, L50|
|poke|p2|Rillaboom, L50, M|
|poke|p2|Incineroar, L50, F|
|poke|p2|Grimmsnarl, L50, M|
|teampreview|4
|inactive|Battle timer is ON: inactive players will automatically lose when time's up. (requested by ChickenZX)
|inactive|ChickenZX has 60 seconds left.
|
|t:|1750807198
|start
|switch|p1a: Groudon|Groudon, L50|100/100
|switch|p1b: Lilligant|Lilligant-Hisui, L50, F, shiny|100/100
|switch|p2a: Koraidon|Koraidon, L50|100/100
|switch|p2b: Scovillain|Scovillain, L50, M|100/100
|-weather|SunnyDay|[from] ability: Orichalcum Pulse|[of] p2a: Koraidon
|-activate|p2a: Koraidon|Orichalcum Pulse|[source]
|turn|1
|inactive|Murkrow17 has 30 seconds left.
|
|t:|1750807226
|-terastallize|p1a: Groudon|Fire
|move|p2b: Scovillain|Protect|p2b: Scovillain
|-singleturn|p2b: Scovillain|Protect
|move|p1b: Lilligant|Close Combat|p2a: Koraidon
|-damage|p2a: Koraidon|46/100
|-unboost|p1b: Lilligant|def|1
|-unboost|p1b: Lilligant|spd|1
|move|p2a: Koraidon|Flame Charge|p1b: Lilligant
|-supereffective|p1b: Lilligant
|-enditem|p1b: Lilligant|Focus Sash
|-damage|p1b: Lilligant|1/100
|-boost|p2a: Koraidon|spe|1
|move|p1a: Groudon|Precipice Blades|p2a: Koraidon|[spread] p2a
|-activate|p2b: Scovillain|move: Protect
|-damage|p2a: Koraidon|0 fnt
|faint|p2a: Koraidon
|
|-weather|SunnyDay|[upkeep]
|upkeep
|
|t:|1750807246
|switch|p2a: Calyrex|Calyrex-Shadow, L50|100/100
|-ability|p2a: Calyrex|As One
|-ability|p2a: Calyrex|Unnerve
|turn|2
|
|t:|1750807256
|move|p2b: Scovillain|Rage Powder|p2b: Scovillain
|-singleturn|p2b: Scovillain|move: Rage Powder
|move|p1b: Lilligant|Solar Blade||[still]
|-prepare|p1b: Lilligant|Solar Blade
|-anim|p1b: Lilligant|Solar Blade|p2a: Calyrex
|-damage|p2a: Calyrex|40/100
|move|p2a: Calyrex|Nasty Plot|p2a: Calyrex
|-boost|p2a: Calyrex|spa|2
|move|p1a: Groudon|Precipice Blades|p2a: Calyrex|[spread] p2a,p2b
|-damage|p2a: Calyrex|0 fnt
|-enditem|p2b: Scovillain|Focus Sash
|-damage|p2b: Scovillain|1/100
|faint|p2a: Calyrex
|
|-weather|SunnyDay|[upkeep]
|upkeep
|-message|Murkrow17 forfeited.
|
|win|ChickenZX
|raw|ChickenZX's rating: 1478 &rarr; <strong>1500</strong><br />(+22 for winning)
|raw|Murkrow17's rating: 1509 &rarr; <strong>1487</strong><br />(-22 for losing)
|l|☆Murkrow17
|player|p2|
