|j|☆fer2906
|j|☆eevee887
|t:|1750868498
|gametype|doubles
|player|p1|fer2906|170|1107
|player|p2|eevee887|red|1079
|teamsize|p1|6
|teamsize|p2|6
|gen|9
|tier|[Gen 9] VGC 2025 Reg I
|rated|
|rule|Species Clause: Limit one of each Pokémon
|rule|Item Clause: Limit 1 of each item
|clearpoke
|poke|p1|Kyurem-White, L50|
|poke|p1|Zacian-*, L50|
|poke|p1|Ninetales-Alola, L50, F|
|poke|p1|Tornadus, L50, M|
|poke|p1|Incineroar, L50, F|
|poke|p1|Amoonguss, L50, F|
|poke|p2|Vileplume, L50, M|
|poke|p2|Blaziken, L50, M|
|poke|p2|Groudon, L50|
|poke|p2|Lunala, L50|
|poke|p2|Virizion, L50|
|poke|p2|Inteleon, L50, M|
|teampreview|4
|
|t:|1750868527
|start
|switch|p1a: Kyurem|Kyurem-White, L50|100/100
|switch|p1b: Ninetales|Ninetales-Alola, L50, F|100/100
|switch|p2a: Inteleon|Inteleon, L50, M|100/100
|switch|p2b: Blaziken|Blaziken, L50, M, shiny|100/100
|-weather|Snowscape|[from] ability: Snow Warning|[of] p1b: Ninetales
|-ability|p1a: Kyurem|Turboblaze
|turn|1
|inactive|Battle timer is ON: inactive players will automatically lose when time's up. (requested by eevee887)
|inactive|eevee887 has 60 seconds left.
|
|t:|1750868572
|move|p2a: Inteleon|Vacuum Wave|p1a: Kyurem
|-supereffective|p1a: Kyurem
|-damage|p1a: Kyurem|78/100
|move|p1b: Ninetales|Aurora Veil|p1b: Ninetales
|-sidestart|p1: fer2906|move: Aurora Veil
|move|p1a: Kyurem|Freeze-Dry|p2a: Inteleon
|-supereffective|p2a: Inteleon
|-damage|p2a: Inteleon|0 fnt
|faint|p2a: Inteleon
|-damage|p1a: Kyurem|68/100|[from] item: Life Orb
|move|p2b: Blaziken|Flare Blitz|p1b: Ninetales
|-supereffective|p1b: Ninetales
|-damage|p1b: Ninetales|28/100
|-damage|p2b: Blaziken|73/100|[from] Recoil
|
|-weather|Snowscape|[upkeep]
|-ability|p2b: Blaziken|Speed Boost|boost
|-boost|p2b: Blaziken|spe|1
|upkeep
|
|t:|1750868594
|switch|p2a: Groudon|Groudon, L50|100/100
|-weather|SunnyDay|[from] ability: Drought|[of] p2a: Groudon
|turn|2
|
|t:|1750868606
|switch|p1b: Incineroar|Incineroar, L50, F|100/100
|-ability|p1b: Incineroar|Intimidate|boost
|-unboost|p2a: Groudon|atk|1
|-unboost|p2b: Blaziken|atk|1
|move|p1a: Kyurem|Earth Power|p2b: Blaziken
|-supereffective|p2b: Blaziken
|-damage|p2b: Blaziken|0 fnt
|faint|p2b: Blaziken
|-damage|p1a: Kyurem|58/100|[from] item: Life Orb
|move|p2a: Groudon|Heat Crash|p1b: Incineroar
|-resisted|p1b: Incineroar
|-damage|p1b: Incineroar|85/100
|
|-weather|SunnyDay|[upkeep]
|upkeep
|
|t:|1750868616
|switch|p2b: Vileplume|Vileplume, L50, M, shiny|100/100
|turn|3
|
|t:|1750868635
|switch|p1b: Ninetales|Ninetales-Alola, L50, F|28/100
|-weather|Snowscape|[from] ability: Snow Warning|[of] p1b: Ninetales
|move|p1a: Kyurem|Blizzard|p2a: Groudon|[spread] p2a,p2b
|-supereffective|p2a: Groudon
|-supereffective|p2b: Vileplume
|-damage|p2a: Groudon|0 fnt
|-damage|p2b: Vileplume|0 fnt
|faint|p2a: Groudon
|faint|p2b: Vileplume
|-damage|p1a: Kyurem|48/100|[from] item: Life Orb
|
|win|fer2906
|raw|fer2906's rating: 1107 &rarr; <strong>1130</strong><br />(+23 for winning)
|raw|eevee887's rating: 1079 &rarr; <strong>1059</strong><br />(-20 for losing)
|l|☆eevee887
|player|p2|
