|j|☆Echoes630
|j|☆413XPlayz
|html|<table width="100%"><tr><td align="left">Echoes630</td><td align="right">413XPlayz</tr><tr><td align="left"><i class="fa fa-circle-o"></i> <i class="fa fa-circle-o"></i> </td><td align="right"><i class="fa fa-circle-o"></i> <i class="fa fa-circle"></i> </tr></table>
|uhtml|bestof|<h2><strong>Game 2</strong> of <a href="/game-bestof3-gen9vgc2025regi-2390570972">a best-of-3</a></h2>
|t:|1750730673
|gametype|doubles
|player|p1|Echoes630|benga|
|player|p2|413XPlayz|psychic|
|teamsize|p1|6
|teamsize|p2|6
|gen|9
|tier|[Gen 9] VGC 2025 Reg I
|rated|Tournament battle
|rule|Species Clause: Limit one of each Pokémon
|rule|Item Clause: Limit 1 of each item
|raw|<div class="infobox"><details class="readmore" open><summary><strong>3 custom rules:</strong></summary> Force Open Team Sheets, !Open Team Sheets, Best of = 3</details></div>
|clearpoke
|poke|p1|Lunala, L50|
|poke|p1|Flutter Mane, L50|
|poke|p1|Ursaluna, L50, M|
|poke|p1|Brute Bonnet, L50|
|poke|p1|Indeedee-F, L50, F|
|poke|p1|Koraidon, L50|
|poke|p2|Koraidon, L50|
|poke|p2|Calyrex-Shadow, L50|
|poke|p2|Incineroar, L50, M|
|poke|p2|Jumpluff, L50, M|
|poke|p2|Iron Treads, L50|
|poke|p2|Urshifu-*, L50, F|
|teampreview|4
|showteam|p1|Lunala||PsychicSeed|ShadowShield|WideGuard,TrickRoom,ExpandingForce,MoongeistBeam||||||50|,,,,,Water]Flutter Mane||FocusSash|Protosynthesis|Moonblast,IcyWind,Taunt,Protect||||||50|,,,,,Normal]Ursaluna||FlameOrb|Guts|Facade,Protect,HeadlongRush,Earthquake|||M|||50|,,,,,Fairy]Brute Bonnet||RockyHelmet|Protosynthesis|Spore,RagePowder,SuckerPunch,SeedBomb||||||50|,,,,,Fire]Indeedee-F||SafetyGoggles|PsychicSurge|HealPulse,TeraBlast,TrickRoom,FollowMe|||F|||50|,,,,,Fairy]Koraidon||ClearAmulet|OrichalcumPulse|CollisionCourse,FlareBlitz,FlameCharge,Protect||||||50|,,,,,Fire
|showteam|p2|Koraidon||ClearAmulet|OrichalcumPulse|CollisionCourse,FlareBlitz,FlameCharge,Protect||||||50|,,,,,Fire]Calyrex-Shadow||FocusSash|AsOneSpectrier|AstralBarrage,Psychic,Encore,Protect||||||50|,,,,,Ghost]Incineroar||AssaultVest|Intimidate|KnockOff,FlareBlitz,Uturn,FakeOut|||M|||50|,,,,,Bug]Jumpluff||CovertCloak|Chlorophyll|Tailwind,SleepPowder,RagePowder,Protect|||M|||50|,,,,,Dark]Iron Treads||LifeOrb|QuarkDrive|SteelRoller,HighHorsepower,KnockOff,Protect||||||50|,,,,,Ghost]Urshifu||BlackGlasses|UnseenFist|WickedBlow,CloseCombat,SuckerPunch,Detect|||F|||50|,,,,,Dark
|
|t:|1750730724
|start
|switch|p1a: Indeedee|Indeedee-F, L50, F|100/100
|switch|p1b: Lunala|Lunala, L50|100/100
|switch|p2a: Koraidon|Koraidon, L50|100/100
|switch|p2b: Jumpluff|Jumpluff, L50, M|100/100
|-weather|SunnyDay|[from] ability: Orichalcum Pulse|[of] p2a: Koraidon
|-activate|p2a: Koraidon|Orichalcum Pulse|[source]
|-fieldstart|move: Psychic Terrain|[from] ability: Psychic Surge|[of] p1a: Indeedee
|-enditem|p1b: Lunala|Psychic Seed
|-boost|p1b: Lunala|spd|1|[from] item: Psychic Seed
|turn|1
|
|t:|1750730765
|switch|p2b: Incineroar|Incineroar, L50, M|100/100
|-ability|p2b: Incineroar|Intimidate|boost
|-unboost|p1a: Indeedee|atk|1
|-unboost|p1b: Lunala|atk|1
|-terastallize|p2a: Koraidon|Fire
|move|p1a: Indeedee|Follow Me|p1a: Indeedee
|-singleturn|p1a: Indeedee|move: Follow Me
|move|p2a: Koraidon|Flare Blitz|p1a: Indeedee
|-damage|p1a: Indeedee|0 fnt
|faint|p1a: Indeedee
|-damage|p2a: Koraidon|71/100|[from] Recoil
|move|p1b: Lunala|Trick Room|p1b: Lunala
|-fieldstart|move: Trick Room|[of] p1b: Lunala
|
|-weather|SunnyDay|[upkeep]
|upkeep
|
|t:|1750730768
|switch|p1a: Ursaluna|Ursaluna, L50, M|100/100
|turn|2
|
|t:|1750730777
|switch|p2b: Jumpluff|Jumpluff, L50, M|100/100
|move|p2a: Koraidon|Protect|p2a: Koraidon
|-singleturn|p2a: Koraidon|Protect
|move|p1a: Ursaluna|Headlong Rush|p2b: Jumpluff
|-immune|p2b: Jumpluff
|move|p1b: Lunala|Expanding Force|p2b: Jumpluff|[spread] p2b
|-activate|p2a: Koraidon|move: Protect
|-damage|p2b: Jumpluff|45/100
|
|-weather|SunnyDay|[upkeep]
|-status|p1a: Ursaluna|brn|[from] item: Flame Orb
|upkeep
|turn|3
|
|t:|1750730789
|switch|p2a: Incineroar|Incineroar, L50, M|100/100
|-ability|p2a: Incineroar|Intimidate|boost
|-unboost|p1a: Ursaluna|atk|1
|-unboost|p1b: Lunala|atk|1
|move|p2b: Jumpluff|Rage Powder|p2b: Jumpluff
|-singleturn|p2b: Jumpluff|move: Rage Powder
|move|p1a: Ursaluna|Headlong Rush|p2b: Jumpluff
|-immune|p2b: Jumpluff
|move|p1b: Lunala|Expanding Force|p2a: Incineroar|[spread] p2b
|-immune|p2a: Incineroar
|-damage|p2b: Jumpluff|0 fnt
|faint|p2b: Jumpluff
|
|-weather|SunnyDay|[upkeep]
|-damage|p1a: Ursaluna|95/100 brn|[from] brn
|upkeep
|
|t:|1750730794
|switch|p2b: Koraidon|Koraidon, L50, tera:Fire|71/100
|-activate|p2b: Koraidon|ability: Orichalcum Pulse
|turn|4
|
|t:|1750730799
|move|p1a: Ursaluna|Headlong Rush|p2a: Incineroar
|-supereffective|p2a: Incineroar
|-damage|p2a: Incineroar|0 fnt
|-unboost|p1a: Ursaluna|def|1
|-unboost|p1a: Ursaluna|spd|1
|faint|p2a: Incineroar
|move|p1b: Lunala|Expanding Force|p2b: Koraidon
|-damage|p2b: Koraidon|0 fnt
|faint|p2b: Koraidon
|
|-weather|SunnyDay|[upkeep]
|-damage|p1a: Ursaluna|89/100 brn|[from] brn
|upkeep
|-message|413XPlayz forfeited.
|
|win|Echoes630
||Echoes630 is ready for game 3.
||413XPlayz is ready for game 3.
|uhtml|next|Next: <a href="/battle-gen9vgc2025regi-2390573914"><strong>Game 3 of 3</strong></a>
|l|☆Echoes630
|player|p1|
|l|☆413XPlayz
|player|p2|
|j|☆413XPlayz
|player|p2|413XPlayz|psychic|
